{
  "stats": {
    "suites": 55,
    "tests": 186,
    "passes": 182,
    "pending": 4,
    "failures": 0,
    "start": "2022-07-15T16:08:35.053Z",
    "end": "2022-07-15T16:08:44.649Z",
    "duration": 9596,
    "testsRegistered": 188,
    "passPercent": 98.91304347826086,
    "pendingPercent": 2.127659574468085,
    "other": 0,
    "hasOther": false,
    "skipped": 2,
    "hasSkipped": true
  },
  "results": [
    {
      "uuid": "6dfdc1d1-fe6c-424c-baf5-26a5fc51f9bf",
      "title": "",
      "fullFile": "",
      "file": "",
      "beforeHooks": [],
      "afterHooks": [],
      "tests": [
        {
          "title": "Get top level VHDL",
          "fullTitle": "Get top level VHDL",
          "timedOut": false,
          "duration": 0,
          "state": null,
          "speed": null,
          "pass": false,
          "fail": false,
          "pending": false,
          "context": null,
          "code": "const code_dummy = `\nlibrary ieee;\nuse ieee.std_logic_1164.all;\nuse ieee.numeric_std.all;\nentity test_entity_name is\ngeneric (\n    a : integer;\n    b : unsigned;\n    c : signed;\n    d : std_logic;\n    e : std_logic_vector;\n    f : std_logic_vector(5 downto 0)\n  );\nport(\n  g : in std_logic;\n  h : out std_logic;\n  i : inout std_logic\n);\nend test_entity_name;  \narchitecture e_arch of test_entity_name is\nbegin \nend e_arch;\n`;\nconst expected = 'test_entity_name';\nconst current = await hdl_utils.get_toplevel(code_dummy, general_1.HDL_LANG.VHDL);\n(0, assert_1.equal)(current, expected);",
          "err": {},
          "uuid": "de480f0d-174e-4bff-affc-dcb2d7343577",
          "parentUUID": "6dfdc1d1-fe6c-424c-baf5-26a5fc51f9bf",
          "isHook": false,
          "skipped": true
        },
        {
          "title": "Get top level Verilog",
          "fullTitle": "Get top level Verilog",
          "timedOut": false,
          "duration": 0,
          "state": null,
          "speed": null,
          "pass": false,
          "fail": false,
          "pending": false,
          "context": null,
          "code": "const code_dummy = `\nmodule test_entity_name2 \n    #(\n        parameter a=8,\n        parameter b=9,\n        parameter c=10, d=11\n    )\n    (\n        input e,\n        output f,\n        input reg g,\n        input wire h,\n        input reg [7:0] i, j,\n        input wire [9:0] k,\n        output wire [9:0] l\n    );  \n\n    function [7:0] sum;  \n        input [7:0] a, b;  \n        begin  \n            sum = a + b;  \n        end  \n    endfunction\n\n    wire m;\n    wire n, p;\n    reg [1:0] q;\n\n    localparam r = 2;\n\n    always @(posedge a) begin : label_0\n    end\n\n    always_comb begin\n    end\n\n    always_ff begin : label_1\n    end\n\n    always_latch begin\n    end\n\n    test_entity_name \n    #(\n      .a(a ),\n      .b(b ),\n      .c(c ),\n      .d (d )\n    )\n    test_entity_name_dut (\n      .e (e ),\n      .f (f ),\n      .g (g ),\n      .h (h ),\n      .i (i ),\n      .j (j ),\n      .k (k ),\n      .l  ( l)\n    );\n  \nendmodule\n`;\nconst expected = 'test_entity_name2';\nconst current = await hdl_utils.get_toplevel(code_dummy, general_1.HDL_LANG.VERILOG);\n(0, assert_1.equal)(current, expected);",
          "err": {},
          "uuid": "cb3a34a8-efb1-41d0-b3a5-3736db47062b",
          "parentUUID": "6dfdc1d1-fe6c-424c-baf5-26a5fc51f9bf",
          "isHook": false,
          "skipped": true
        }
      ],
      "suites": [
        {
          "uuid": "5b0def08-db0b-4057-a036-8727aab92c49",
          "title": "Check diagram generator",
          "fullFile": "/home/runner/work/colibri2/colibri2/tests/documenter/diagram.spec.ts",
          "file": "/tests/documenter/diagram.spec.ts",
          "beforeHooks": [],
          "afterHooks": [],
          "tests": [
            {
              "title": "With ports and generics and color",
              "fullTitle": "Check diagram generator With ports and generics and color",
              "timedOut": false,
              "duration": 261,
              "state": "passed",
              "speed": "slow",
              "pass": true,
              "fail": false,
              "pending": false,
              "context": null,
              "code": "const test_index = 0;\nconst OPT = {\n    blackandwhite: false\n};\nconst hdl_element = new common_hdl.Hdl_element(general_1.HDL_LANG.VHDL, common_hdl.TYPE_HDL_ELEMENT.ENTITY);\n// Ports\nhdl_element.add_port(port_input);\nhdl_element.add_port(port_output);\n// Generics\nhdl_element.add_generic(generic_0);\nhdl_element.add_generic(generic_1);\nconst svg_diagram = diagram.diagram_generator(hdl_element, OPT);\nconst file_o = paht_lib.join(C_OUTPUT_BASE_PATH, `output_${test_index}.svg`);\nfs.writeFileSync(file_o, svg_diagram);\ncheck_test(test_index);",
              "err": {},
              "uuid": "6e000b25-7de6-48a7-acf2-9c269382a1d4",
              "parentUUID": "5b0def08-db0b-4057-a036-8727aab92c49",
              "isHook": false,
              "skipped": false
            },
            {
              "title": "Only ports and color",
              "fullTitle": "Check diagram generator Only ports and color",
              "timedOut": false,
              "duration": 14,
              "state": "passed",
              "speed": "fast",
              "pass": true,
              "fail": false,
              "pending": false,
              "context": null,
              "code": "const test_index = 1;\nconst OPT = {\n    blackandwhite: false\n};\nconst hdl_element = new common_hdl.Hdl_element(general_1.HDL_LANG.VHDL, common_hdl.TYPE_HDL_ELEMENT.ENTITY);\n// Ports\nhdl_element.add_port(port_input);\nhdl_element.add_port(port_output);\nconst svg_diagram = diagram.diagram_generator(hdl_element, OPT);\nconst file_o = paht_lib.join(C_OUTPUT_BASE_PATH, `output_${test_index}.svg`);\nfs.writeFileSync(file_o, svg_diagram);\ncheck_test(test_index);",
              "err": {},
              "uuid": "25929702-daa2-46f5-bd04-b0574416f1a2",
              "parentUUID": "5b0def08-db0b-4057-a036-8727aab92c49",
              "isHook": false,
              "skipped": false
            },
            {
              "title": "Only generics and color",
              "fullTitle": "Check diagram generator Only generics and color",
              "timedOut": false,
              "duration": 19,
              "state": "passed",
              "speed": "fast",
              "pass": true,
              "fail": false,
              "pending": false,
              "context": null,
              "code": "const test_index = 2;\nconst OPT = {\n    blackandwhite: false\n};\nconst hdl_element = new common_hdl.Hdl_element(general_1.HDL_LANG.VHDL, common_hdl.TYPE_HDL_ELEMENT.ENTITY);\n// Generics\nhdl_element.add_generic(generic_0);\nhdl_element.add_generic(generic_1);\nconst svg_diagram = diagram.diagram_generator(hdl_element, OPT);\nconst file_o = paht_lib.join(C_OUTPUT_BASE_PATH, `output_${test_index}.svg`);\nfs.writeFileSync(file_o, svg_diagram);\ncheck_test(test_index);",
              "err": {},
              "uuid": "7b574c3c-aa3f-463a-9f0b-eda095d89fb1",
              "parentUUID": "5b0def08-db0b-4057-a036-8727aab92c49",
              "isHook": false,
              "skipped": false
            },
            {
              "title": "Empty and color",
              "fullTitle": "Check diagram generator Empty and color",
              "timedOut": false,
              "duration": 7,
              "state": "passed",
              "speed": "fast",
              "pass": true,
              "fail": false,
              "pending": false,
              "context": null,
              "code": "const test_index = 3;\nconst OPT = {\n    blackandwhite: false\n};\nconst hdl_element = new common_hdl.Hdl_element(general_1.HDL_LANG.VHDL, common_hdl.TYPE_HDL_ELEMENT.ENTITY);\nconst svg_diagram = diagram.diagram_generator(hdl_element, OPT);\nconst file_o = paht_lib.join(C_OUTPUT_BASE_PATH, `output_${test_index}.svg`);\nfs.writeFileSync(file_o, svg_diagram);\ncheck_test(test_index);",
              "err": {},
              "uuid": "1e945538-a433-430f-a5ad-8feb6c10c856",
              "parentUUID": "5b0def08-db0b-4057-a036-8727aab92c49",
              "isHook": false,
              "skipped": false
            },
            {
              "title": "With ports and generics and black and white",
              "fullTitle": "Check diagram generator With ports and generics and black and white",
              "timedOut": false,
              "duration": 18,
              "state": "passed",
              "speed": "fast",
              "pass": true,
              "fail": false,
              "pending": false,
              "context": null,
              "code": "const test_index = 4;\nconst OPT = {\n    blackandwhite: true\n};\nconst hdl_element = new common_hdl.Hdl_element(general_1.HDL_LANG.VHDL, common_hdl.TYPE_HDL_ELEMENT.ENTITY);\n// Ports\nhdl_element.add_port(port_input);\nhdl_element.add_port(port_output);\n// Generics\nhdl_element.add_generic(generic_0);\nhdl_element.add_generic(generic_1);\nconst svg_diagram = diagram.diagram_generator(hdl_element, OPT);\nconst file_o = paht_lib.join(C_OUTPUT_BASE_PATH, `output_${test_index}.svg`);\nfs.writeFileSync(file_o, svg_diagram);\ncheck_test(test_index);",
              "err": {},
              "uuid": "04c7fe99-1898-4c71-9afa-6f9d4f6c7eb2",
              "parentUUID": "5b0def08-db0b-4057-a036-8727aab92c49",
              "isHook": false,
              "skipped": false
            }
          ],
          "suites": [],
          "passes": [
            "6e000b25-7de6-48a7-acf2-9c269382a1d4",
            "25929702-daa2-46f5-bd04-b0574416f1a2",
            "7b574c3c-aa3f-463a-9f0b-eda095d89fb1",
            "1e945538-a433-430f-a5ad-8feb6c10c856",
            "04c7fe99-1898-4c71-9afa-6f9d4f6c7eb2"
          ],
          "failures": [],
          "pending": [],
          "skipped": [],
          "duration": 319,
          "root": false,
          "rootEmpty": false,
          "_timeout": 2000
        },
        {
          "uuid": "e603eb71-6585-4b0a-b888-2ee68bc38a2d",
          "title": "Check documenter creator with html",
          "fullFile": "/home/runner/work/colibri2/colibri2/tests/documenter/documenter.spec.ts",
          "file": "/tests/documenter/documenter.spec.ts",
          "beforeHooks": [],
          "afterHooks": [],
          "tests": [
            {
              "title": "Entity VHDL",
              "fullTitle": "Check documenter creator with html Entity VHDL",
              "timedOut": false,
              "duration": 675,
              "state": "passed",
              "speed": "slow",
              "pass": true,
              "fail": false,
              "pending": false,
              "context": null,
              "code": "const hdl_lang = general_1.HDL_LANG.VHDL;\nconst hdl_type = 'entity';\nawait run(hdl_type, hdl_lang, output_type_inst);",
              "err": {},
              "uuid": "17a8b9c6-dadd-4a1d-b37b-d86ea33c9710",
              "parentUUID": "e603eb71-6585-4b0a-b888-2ee68bc38a2d",
              "isHook": false,
              "skipped": false
            },
            {
              "title": "Package VHDL",
              "fullTitle": "Check documenter creator with html Package VHDL",
              "timedOut": false,
              "duration": 229,
              "state": "passed",
              "speed": "slow",
              "pass": true,
              "fail": false,
              "pending": false,
              "context": null,
              "code": "const hdl_lang = general_1.HDL_LANG.VHDL;\nconst hdl_type = 'package';\nawait run(hdl_type, hdl_lang, output_type_inst);",
              "err": {},
              "uuid": "43de2e67-4cd3-49c7-9efb-8f0982d48285",
              "parentUUID": "e603eb71-6585-4b0a-b888-2ee68bc38a2d",
              "isHook": false,
              "skipped": false
            },
            {
              "title": "Module Verilog",
              "fullTitle": "Check documenter creator with html Module Verilog",
              "timedOut": false,
              "duration": 929,
              "state": "passed",
              "speed": "slow",
              "pass": true,
              "fail": false,
              "pending": false,
              "context": null,
              "code": "const hdl_lang = general_1.HDL_LANG.VERILOG;\nconst hdl_type = 'entity';\nawait run(hdl_type, hdl_lang, output_type_inst);",
              "err": {},
              "uuid": "af5b1794-03c8-4c57-9566-9fabcb050883",
              "parentUUID": "e603eb71-6585-4b0a-b888-2ee68bc38a2d",
              "isHook": false,
              "skipped": false
            },
            {
              "title": "Package SystemVerilog",
              "fullTitle": "Check documenter creator with html Package SystemVerilog",
              "timedOut": false,
              "duration": 230,
              "state": "passed",
              "speed": "slow",
              "pass": true,
              "fail": false,
              "pending": false,
              "context": null,
              "code": "const hdl_lang = general_1.HDL_LANG.SYSTEMVERILOG;\nconst hdl_type = 'package';\nawait run(hdl_type, hdl_lang, output_type_inst);",
              "err": {},
              "uuid": "07c1d129-4946-4518-a577-18d1791d315c",
              "parentUUID": "e603eb71-6585-4b0a-b888-2ee68bc38a2d",
              "isHook": false,
              "skipped": false
            },
            {
              "title": "Interface SystemVerilog",
              "fullTitle": "Check documenter creator with html Interface SystemVerilog",
              "timedOut": false,
              "duration": 215,
              "state": "passed",
              "speed": "slow",
              "pass": true,
              "fail": false,
              "pending": false,
              "context": null,
              "code": "const hdl_lang = general_1.HDL_LANG.SYSTEMVERILOG;\nconst hdl_type = 'interface';\nawait run(hdl_type, hdl_lang, output_type_inst);",
              "err": {},
              "uuid": "5f1133d9-80f7-4878-9591-2d0265964bb9",
              "parentUUID": "e603eb71-6585-4b0a-b888-2ee68bc38a2d",
              "isHook": false,
              "skipped": false
            }
          ],
          "suites": [],
          "passes": [
            "17a8b9c6-dadd-4a1d-b37b-d86ea33c9710",
            "43de2e67-4cd3-49c7-9efb-8f0982d48285",
            "af5b1794-03c8-4c57-9566-9fabcb050883",
            "07c1d129-4946-4518-a577-18d1791d315c",
            "5f1133d9-80f7-4878-9591-2d0265964bb9"
          ],
          "failures": [],
          "pending": [],
          "skipped": [],
          "duration": 2278,
          "root": false,
          "rootEmpty": false,
          "_timeout": 2000
        },
        {
          "uuid": "2ee0f9fe-e05b-4ea2-91df-d145c5ac2bc9",
          "title": "Check documenter creator with markdown",
          "fullFile": "/home/runner/work/colibri2/colibri2/tests/documenter/documenter.spec.ts",
          "file": "/tests/documenter/documenter.spec.ts",
          "beforeHooks": [],
          "afterHooks": [],
          "tests": [
            {
              "title": "Entity VHDL",
              "fullTitle": "Check documenter creator with markdown Entity VHDL",
              "timedOut": false,
              "duration": 270,
              "state": "passed",
              "speed": "slow",
              "pass": true,
              "fail": false,
              "pending": false,
              "context": null,
              "code": "const hdl_lang = general_1.HDL_LANG.VHDL;\nconst hdl_type = 'entity';\nawait run(hdl_type, hdl_lang, output_type_inst);",
              "err": {},
              "uuid": "8e68e7e2-c7e6-4468-afb2-00d694b2c3fa",
              "parentUUID": "2ee0f9fe-e05b-4ea2-91df-d145c5ac2bc9",
              "isHook": false,
              "skipped": false
            },
            {
              "title": "Package VHDL",
              "fullTitle": "Check documenter creator with markdown Package VHDL",
              "timedOut": false,
              "duration": 205,
              "state": "passed",
              "speed": "slow",
              "pass": true,
              "fail": false,
              "pending": false,
              "context": null,
              "code": "const hdl_lang = general_1.HDL_LANG.VHDL;\nconst hdl_type = 'package';\nawait run(hdl_type, hdl_lang, output_type_inst);",
              "err": {},
              "uuid": "4e4fb538-8197-4f43-b531-5f4df687cbfa",
              "parentUUID": "2ee0f9fe-e05b-4ea2-91df-d145c5ac2bc9",
              "isHook": false,
              "skipped": false
            },
            {
              "title": "Module Verilog",
              "fullTitle": "Check documenter creator with markdown Module Verilog",
              "timedOut": false,
              "duration": 474,
              "state": "passed",
              "speed": "slow",
              "pass": true,
              "fail": false,
              "pending": false,
              "context": null,
              "code": "const hdl_lang = general_1.HDL_LANG.VERILOG;\nconst hdl_type = 'entity';\nawait run(hdl_type, hdl_lang, output_type_inst);",
              "err": {},
              "uuid": "b91173b0-a170-41db-a7f9-9f8c2c9cd6ec",
              "parentUUID": "2ee0f9fe-e05b-4ea2-91df-d145c5ac2bc9",
              "isHook": false,
              "skipped": false
            },
            {
              "title": "Package SystemVerilog",
              "fullTitle": "Check documenter creator with markdown Package SystemVerilog",
              "timedOut": false,
              "duration": 230,
              "state": "passed",
              "speed": "slow",
              "pass": true,
              "fail": false,
              "pending": false,
              "context": null,
              "code": "const hdl_lang = general_1.HDL_LANG.SYSTEMVERILOG;\nconst hdl_type = 'package';\nawait run(hdl_type, hdl_lang, output_type_inst);",
              "err": {},
              "uuid": "1579665f-6f75-481d-a0c5-640a14fa7702",
              "parentUUID": "2ee0f9fe-e05b-4ea2-91df-d145c5ac2bc9",
              "isHook": false,
              "skipped": false
            },
            {
              "title": "Interface SystemVerilog",
              "fullTitle": "Check documenter creator with markdown Interface SystemVerilog",
              "timedOut": false,
              "duration": 177,
              "state": "passed",
              "speed": "slow",
              "pass": true,
              "fail": false,
              "pending": false,
              "context": null,
              "code": "const hdl_lang = general_1.HDL_LANG.SYSTEMVERILOG;\nconst hdl_type = 'interface';\nawait run(hdl_type, hdl_lang, output_type_inst);",
              "err": {},
              "uuid": "5be105a8-d7bf-422e-b2ec-7bd195d52d17",
              "parentUUID": "2ee0f9fe-e05b-4ea2-91df-d145c5ac2bc9",
              "isHook": false,
              "skipped": false
            }
          ],
          "suites": [],
          "passes": [
            "8e68e7e2-c7e6-4468-afb2-00d694b2c3fa",
            "4e4fb538-8197-4f43-b531-5f4df687cbfa",
            "b91173b0-a170-41db-a7f9-9f8c2c9cd6ec",
            "1579665f-6f75-481d-a0c5-640a14fa7702",
            "5be105a8-d7bf-422e-b2ec-7bd195d52d17"
          ],
          "failures": [],
          "pending": [],
          "skipped": [],
          "duration": 1356,
          "root": false,
          "rootEmpty": false,
          "_timeout": 2000
        },
        {
          "uuid": "33823e4c-d998-4784-b6b0-b01ce6f42526",
          "title": "Test Doxygen elements single line and only 1 element in the description.",
          "fullFile": "/home/runner/work/colibri2/colibri2/tests/documenter/doxygen.spec.ts",
          "file": "/tests/documenter/doxygen.spec.ts",
          "beforeHooks": [],
          "afterHooks": [],
          "tests": [
            {
              "title": "Testing author",
              "fullTitle": "Test Doxygen elements single line and only 1 element in the description. Testing author",
              "timedOut": false,
              "duration": 0,
              "state": "passed",
              "speed": "fast",
              "pass": true,
              "fail": false,
              "pending": false,
              "context": null,
              "code": "const result = (0, doxygen_parser_1.parse_doxygen)(element.input);\n(0, assert_1.equal)(result.element_list[0].description, element.output);",
              "err": {},
              "uuid": "fa402cc3-0fd0-4d75-9df7-8a32cd0f0a58",
              "parentUUID": "33823e4c-d998-4784-b6b0-b01ce6f42526",
              "isHook": false,
              "skipped": false
            },
            {
              "title": "Testing version",
              "fullTitle": "Test Doxygen elements single line and only 1 element in the description. Testing version",
              "timedOut": false,
              "duration": 0,
              "state": "passed",
              "speed": "fast",
              "pass": true,
              "fail": false,
              "pending": false,
              "context": null,
              "code": "const result = (0, doxygen_parser_1.parse_doxygen)(element.input);\n(0, assert_1.equal)(result.element_list[0].description, element.output);",
              "err": {},
              "uuid": "478be453-79eb-4c30-ac21-7d11c006377b",
              "parentUUID": "33823e4c-d998-4784-b6b0-b01ce6f42526",
              "isHook": false,
              "skipped": false
            },
            {
              "title": "Testing project",
              "fullTitle": "Test Doxygen elements single line and only 1 element in the description. Testing project",
              "timedOut": false,
              "duration": 0,
              "state": "passed",
              "speed": "fast",
              "pass": true,
              "fail": false,
              "pending": false,
              "context": null,
              "code": "const result = (0, doxygen_parser_1.parse_doxygen)(element.input);\n(0, assert_1.equal)(result.element_list[0].description, element.output);",
              "err": {},
              "uuid": "065f5c93-ebf1-48ce-9574-17363fc2cf32",
              "parentUUID": "33823e4c-d998-4784-b6b0-b01ce6f42526",
              "isHook": false,
              "skipped": false
            },
            {
              "title": "Testing copyright",
              "fullTitle": "Test Doxygen elements single line and only 1 element in the description. Testing copyright",
              "timedOut": false,
              "duration": 0,
              "state": "passed",
              "speed": "fast",
              "pass": true,
              "fail": false,
              "pending": false,
              "context": null,
              "code": "const result = (0, doxygen_parser_1.parse_doxygen)(element.input);\n(0, assert_1.equal)(result.element_list[0].description, element.output);",
              "err": {},
              "uuid": "d6b6ee58-550e-4696-ac4a-b66635b7d64d",
              "parentUUID": "33823e4c-d998-4784-b6b0-b01ce6f42526",
              "isHook": false,
              "skipped": false
            },
            {
              "title": "Testing brief",
              "fullTitle": "Test Doxygen elements single line and only 1 element in the description. Testing brief",
              "timedOut": false,
              "duration": 0,
              "state": "passed",
              "speed": "fast",
              "pass": true,
              "fail": false,
              "pending": false,
              "context": null,
              "code": "const result = (0, doxygen_parser_1.parse_doxygen)(element.input);\n(0, assert_1.equal)(result.element_list[0].description, element.output);",
              "err": {},
              "uuid": "b29dc753-a7da-4844-b8a8-acb53547867f",
              "parentUUID": "33823e4c-d998-4784-b6b0-b01ce6f42526",
              "isHook": false,
              "skipped": false
            },
            {
              "title": "Testing details",
              "fullTitle": "Test Doxygen elements single line and only 1 element in the description. Testing details",
              "timedOut": false,
              "duration": 0,
              "state": "passed",
              "speed": "fast",
              "pass": true,
              "fail": false,
              "pending": false,
              "context": null,
              "code": "const result = (0, doxygen_parser_1.parse_doxygen)(element.input);\n(0, assert_1.equal)(result.element_list[0].description, element.output);",
              "err": {},
              "uuid": "3ebc98d8-4161-4408-8feb-7a315010b116",
              "parentUUID": "33823e4c-d998-4784-b6b0-b01ce6f42526",
              "isHook": false,
              "skipped": false
            },
            {
              "title": "Testing custom_section_begin",
              "fullTitle": "Test Doxygen elements single line and only 1 element in the description. Testing custom_section_begin",
              "timedOut": false,
              "duration": 0,
              "state": "passed",
              "speed": "fast",
              "pass": true,
              "fail": false,
              "pending": false,
              "context": null,
              "code": "const result = (0, doxygen_parser_1.parse_doxygen)(element.input);\n(0, assert_1.equal)(result.element_list[0].description, element.output);",
              "err": {},
              "uuid": "20600cf7-a94c-4b66-8fbf-39fd9325c2d5",
              "parentUUID": "33823e4c-d998-4784-b6b0-b01ce6f42526",
              "isHook": false,
              "skipped": false
            },
            {
              "title": "Testing custom_section_end",
              "fullTitle": "Test Doxygen elements single line and only 1 element in the description. Testing custom_section_end",
              "timedOut": false,
              "duration": 0,
              "state": "passed",
              "speed": "fast",
              "pass": true,
              "fail": false,
              "pending": false,
              "context": null,
              "code": "const result = (0, doxygen_parser_1.parse_doxygen)(element.input);\n(0, assert_1.equal)(result.element_list[0].description, element.output);",
              "err": {},
              "uuid": "6524dbe8-a99f-46a1-94e5-37977fc1651f",
              "parentUUID": "33823e4c-d998-4784-b6b0-b01ce6f42526",
              "isHook": false,
              "skipped": false
            }
          ],
          "suites": [],
          "passes": [
            "fa402cc3-0fd0-4d75-9df7-8a32cd0f0a58",
            "478be453-79eb-4c30-ac21-7d11c006377b",
            "065f5c93-ebf1-48ce-9574-17363fc2cf32",
            "d6b6ee58-550e-4696-ac4a-b66635b7d64d",
            "b29dc753-a7da-4844-b8a8-acb53547867f",
            "3ebc98d8-4161-4408-8feb-7a315010b116",
            "20600cf7-a94c-4b66-8fbf-39fd9325c2d5",
            "6524dbe8-a99f-46a1-94e5-37977fc1651f"
          ],
          "failures": [],
          "pending": [],
          "skipped": [],
          "duration": 0,
          "root": false,
          "rootEmpty": false,
          "_timeout": 2000
        },
        {
          "uuid": "ea4047e3-fe8a-473f-9a06-a6ccefb729ce",
          "title": "Test Doxygen elements multi line and only 1 element in the description.",
          "fullFile": "/home/runner/work/colibri2/colibri2/tests/documenter/doxygen.spec.ts",
          "file": "/tests/documenter/doxygen.spec.ts",
          "beforeHooks": [],
          "afterHooks": [],
          "tests": [
            {
              "title": "Testing author",
              "fullTitle": "Test Doxygen elements multi line and only 1 element in the description. Testing author",
              "timedOut": false,
              "duration": 0,
              "state": "passed",
              "speed": "fast",
              "pass": true,
              "fail": false,
              "pending": false,
              "context": null,
              "code": "const result = (0, doxygen_parser_1.parse_doxygen)(element.input);\n(0, assert_1.equal)(result.element_list[0].description, element.output);",
              "err": {},
              "uuid": "93d01f85-d9c8-4469-9194-e1b20513195b",
              "parentUUID": "ea4047e3-fe8a-473f-9a06-a6ccefb729ce",
              "isHook": false,
              "skipped": false
            },
            {
              "title": "Testing version",
              "fullTitle": "Test Doxygen elements multi line and only 1 element in the description. Testing version",
              "timedOut": false,
              "duration": 0,
              "state": "passed",
              "speed": "fast",
              "pass": true,
              "fail": false,
              "pending": false,
              "context": null,
              "code": "const result = (0, doxygen_parser_1.parse_doxygen)(element.input);\n(0, assert_1.equal)(result.element_list[0].description, element.output);",
              "err": {},
              "uuid": "ad8fe05d-0168-4335-b0da-2209f76b7e0d",
              "parentUUID": "ea4047e3-fe8a-473f-9a06-a6ccefb729ce",
              "isHook": false,
              "skipped": false
            },
            {
              "title": "Testing project",
              "fullTitle": "Test Doxygen elements multi line and only 1 element in the description. Testing project",
              "timedOut": false,
              "duration": 0,
              "state": "passed",
              "speed": "fast",
              "pass": true,
              "fail": false,
              "pending": false,
              "context": null,
              "code": "const result = (0, doxygen_parser_1.parse_doxygen)(element.input);\n(0, assert_1.equal)(result.element_list[0].description, element.output);",
              "err": {},
              "uuid": "919689e0-a82d-41d3-85d7-32760b2b49ca",
              "parentUUID": "ea4047e3-fe8a-473f-9a06-a6ccefb729ce",
              "isHook": false,
              "skipped": false
            },
            {
              "title": "Testing copyright",
              "fullTitle": "Test Doxygen elements multi line and only 1 element in the description. Testing copyright",
              "timedOut": false,
              "duration": 0,
              "state": "passed",
              "speed": "fast",
              "pass": true,
              "fail": false,
              "pending": false,
              "context": null,
              "code": "const result = (0, doxygen_parser_1.parse_doxygen)(element.input);\n(0, assert_1.equal)(result.element_list[0].description, element.output);",
              "err": {},
              "uuid": "f050aa26-dcf0-49bb-b1ea-d53c6c122c6a",
              "parentUUID": "ea4047e3-fe8a-473f-9a06-a6ccefb729ce",
              "isHook": false,
              "skipped": false
            },
            {
              "title": "Testing brief",
              "fullTitle": "Test Doxygen elements multi line and only 1 element in the description. Testing brief",
              "timedOut": false,
              "duration": 0,
              "state": "passed",
              "speed": "fast",
              "pass": true,
              "fail": false,
              "pending": false,
              "context": null,
              "code": "const result = (0, doxygen_parser_1.parse_doxygen)(element.input);\n(0, assert_1.equal)(result.element_list[0].description, element.output);",
              "err": {},
              "uuid": "2d4b5f34-09f4-469d-a078-167ba35541f9",
              "parentUUID": "ea4047e3-fe8a-473f-9a06-a6ccefb729ce",
              "isHook": false,
              "skipped": false
            },
            {
              "title": "Testing details",
              "fullTitle": "Test Doxygen elements multi line and only 1 element in the description. Testing details",
              "timedOut": false,
              "duration": 0,
              "state": "passed",
              "speed": "fast",
              "pass": true,
              "fail": false,
              "pending": false,
              "context": null,
              "code": "const result = (0, doxygen_parser_1.parse_doxygen)(element.input);\n(0, assert_1.equal)(result.element_list[0].description, element.output);",
              "err": {},
              "uuid": "c692f54d-5eb9-43eb-8f27-92155ce07543",
              "parentUUID": "ea4047e3-fe8a-473f-9a06-a6ccefb729ce",
              "isHook": false,
              "skipped": false
            },
            {
              "title": "Testing custom_section_begin",
              "fullTitle": "Test Doxygen elements multi line and only 1 element in the description. Testing custom_section_begin",
              "timedOut": false,
              "duration": 0,
              "state": "passed",
              "speed": "fast",
              "pass": true,
              "fail": false,
              "pending": false,
              "context": null,
              "code": "const result = (0, doxygen_parser_1.parse_doxygen)(element.input);\n(0, assert_1.equal)(result.element_list[0].description, element.output);",
              "err": {},
              "uuid": "729478dc-b449-442f-9d92-245d32bfc562",
              "parentUUID": "ea4047e3-fe8a-473f-9a06-a6ccefb729ce",
              "isHook": false,
              "skipped": false
            },
            {
              "title": "Testing custom_section_end",
              "fullTitle": "Test Doxygen elements multi line and only 1 element in the description. Testing custom_section_end",
              "timedOut": false,
              "duration": 0,
              "state": "passed",
              "speed": "fast",
              "pass": true,
              "fail": false,
              "pending": false,
              "context": null,
              "code": "const result = (0, doxygen_parser_1.parse_doxygen)(element.input);\n(0, assert_1.equal)(result.element_list[0].description, element.output);",
              "err": {},
              "uuid": "977e9adb-8746-4133-9894-89e9acf009a7",
              "parentUUID": "ea4047e3-fe8a-473f-9a06-a6ccefb729ce",
              "isHook": false,
              "skipped": false
            }
          ],
          "suites": [],
          "passes": [
            "93d01f85-d9c8-4469-9194-e1b20513195b",
            "ad8fe05d-0168-4335-b0da-2209f76b7e0d",
            "919689e0-a82d-41d3-85d7-32760b2b49ca",
            "f050aa26-dcf0-49bb-b1ea-d53c6c122c6a",
            "2d4b5f34-09f4-469d-a078-167ba35541f9",
            "c692f54d-5eb9-43eb-8f27-92155ce07543",
            "729478dc-b449-442f-9d92-245d32bfc562",
            "977e9adb-8746-4133-9894-89e9acf009a7"
          ],
          "failures": [],
          "pending": [],
          "skipped": [],
          "duration": 0,
          "root": false,
          "rootEmpty": false,
          "_timeout": 2000
        },
        {
          "uuid": "a5d2a322-f30f-40fa-ac08-811ed6fef315",
          "title": "Check sections creator with html",
          "fullFile": "/home/runner/work/colibri2/colibri2/tests/documenter/section_creator.spec.ts",
          "file": "/tests/documenter/section_creator.spec.ts",
          "beforeHooks": [],
          "afterHooks": [],
          "tests": [
            {
              "title": "Title section",
              "fullTitle": "Check sections creator with html Title section",
              "timedOut": false,
              "duration": 1,
              "state": "passed",
              "speed": "fast",
              "pass": true,
              "fail": false,
              "pending": false,
              "context": null,
              "code": "const section_name = \"title\";\nconst section = creator.get_title_section(hdl_element, configuration);\nsave_output(section, section_name, configuration.output_type);\ncheck(section_name, configuration.output_type, false);",
              "err": {},
              "uuid": "337130c5-1488-4d01-a8d2-c1b3aec52965",
              "parentUUID": "a5d2a322-f30f-40fa-ac08-811ed6fef315",
              "isHook": false,
              "skipped": false
            },
            {
              "title": "Input section",
              "fullTitle": "Check sections creator with html Input section",
              "timedOut": false,
              "duration": 0,
              "state": "passed",
              "speed": "fast",
              "pass": true,
              "fail": false,
              "pending": false,
              "context": null,
              "code": "const section_name = \"input\";\nconst file_path = \"/example/of/sample.vhd\";\nconst section = creator.get_input_section(file_path, configuration);\nsave_output(section, section_name, configuration.output_type);\ncheck(section_name, configuration.output_type, false);",
              "err": {},
              "uuid": "abaae72b-9475-4431-ab33-b2f3dc2ac8df",
              "parentUUID": "a5d2a322-f30f-40fa-ac08-811ed6fef315",
              "isHook": false,
              "skipped": false
            },
            {
              "title": "Info section",
              "fullTitle": "Check sections creator with html Info section",
              "timedOut": false,
              "duration": 0,
              "state": "passed",
              "speed": "fast",
              "pass": true,
              "fail": false,
              "pending": false,
              "context": null,
              "code": "const section_name = \"info\";\nconst section = creator.get_info_section(hdl_element, configuration);\nsave_output(section, section_name, configuration.output_type);\ncheck(section_name, configuration.output_type, false);",
              "err": {},
              "uuid": "de10e1c7-63ae-4835-bcd8-63c4eb0197dd",
              "parentUUID": "a5d2a322-f30f-40fa-ac08-811ed6fef315",
              "isHook": false,
              "skipped": false
            },
            {
              "title": "Diagram section",
              "fullTitle": "Check sections creator with html Diagram section",
              "timedOut": false,
              "duration": 0,
              "state": "pending",
              "speed": null,
              "pass": false,
              "fail": false,
              "pending": true,
              "context": null,
              "code": "this.skip();\nconst section_name = \"diagram\";\nconst svg_path = paht_lib.join(C_OUTPUT_BASE_PATH, 'input_path.svg');\nconst section = creator.get_diagram_section(hdl_element, configuration, svg_path);\nsave_output(section, section_name, configuration.output_type);\ncheck(section_name, configuration.output_type, true);",
              "err": {},
              "uuid": "1fdd59c1-4b73-4545-9e3a-149a1cd163fb",
              "parentUUID": "a5d2a322-f30f-40fa-ac08-811ed6fef315",
              "isHook": false,
              "skipped": false
            },
            {
              "title": "Custom begin section",
              "fullTitle": "Check sections creator with html Custom begin section",
              "timedOut": false,
              "duration": 97,
              "state": "passed",
              "speed": "slow",
              "pass": true,
              "fail": false,
              "pending": false,
              "context": null,
              "code": "const section_name = \"custom_section_begin\";\nconst input_path = paht_lib.join(__dirname, 'section_creator', 'helpers', 'input_path.vhd');\nconst section = creator.get_custom_section('custom_section_begin', hdl_element, configuration, input_path);\nsave_output(section, section_name, configuration.output_type);\ncheck(section_name, configuration.output_type, false);",
              "err": {},
              "uuid": "d467806a-78d8-43a9-96fb-9c340e0e9c91",
              "parentUUID": "a5d2a322-f30f-40fa-ac08-811ed6fef315",
              "isHook": false,
              "skipped": false
            },
            {
              "title": "Custom end section",
              "fullTitle": "Check sections creator with html Custom end section",
              "timedOut": false,
              "duration": 0,
              "state": "passed",
              "speed": "fast",
              "pass": true,
              "fail": false,
              "pending": false,
              "context": null,
              "code": "const section_name = \"custom_section_end\";\nconst input_path = paht_lib.join(__dirname, 'section_creator', 'helpers', 'input_path.vhd');\nconst section = creator.get_custom_section('custom_section_end', hdl_element, configuration, input_path);\nsave_output(section, section_name, configuration.output_type);\ncheck(section_name, configuration.output_type, false);",
              "err": {},
              "uuid": "3fa8c731-e0c4-433d-895f-8a5f723e0ecb",
              "parentUUID": "a5d2a322-f30f-40fa-ac08-811ed6fef315",
              "isHook": false,
              "skipped": false
            },
            {
              "title": "Description section",
              "fullTitle": "Check sections creator with html Description section",
              "timedOut": false,
              "duration": 8,
              "state": "passed",
              "speed": "fast",
              "pass": true,
              "fail": false,
              "pending": false,
              "context": null,
              "code": "if (configuration.output_type === common_documenter.doc_output_type.MARKDOWN) {\n    this.skip();\n}\nconst section_name = \"description\";\nconst section = creator.get_description_section(hdl_element, configuration, C_OUTPUT_BASE_PATH);\nsave_output(section, section_name, configuration.output_type);\ncheck(section_name, configuration.output_type, false);",
              "err": {},
              "uuid": "811a47f6-0ef2-4a93-a9e6-161f348caf15",
              "parentUUID": "a5d2a322-f30f-40fa-ac08-811ed6fef315",
              "isHook": false,
              "skipped": false
            },
            {
              "title": "Port section",
              "fullTitle": "Check sections creator with html Port section",
              "timedOut": false,
              "duration": 2,
              "state": "passed",
              "speed": "fast",
              "pass": true,
              "fail": false,
              "pending": false,
              "context": null,
              "code": "const section_name = \"port\";\nconst section = creator.get_in_out_section(hdl_element, configuration);\nsave_output(section, section_name, configuration.output_type);\ncheck(section_name, configuration.output_type, false);",
              "err": {},
              "uuid": "461755b9-fbe6-4fcf-a896-2b7d8aa98599",
              "parentUUID": "a5d2a322-f30f-40fa-ac08-811ed6fef315",
              "isHook": false,
              "skipped": false
            },
            {
              "title": "Signal-constant section",
              "fullTitle": "Check sections creator with html Signal-constant section",
              "timedOut": false,
              "duration": 1,
              "state": "passed",
              "speed": "fast",
              "pass": true,
              "fail": false,
              "pending": false,
              "context": null,
              "code": "const section_name = \"signal_constant\";\nconst section = creator.get_signal_constant_section(hdl_element, configuration);\nsave_output(section, section_name, configuration.output_type);\ncheck(section_name, configuration.output_type, false);",
              "err": {},
              "uuid": "31db2ca1-7c60-4a44-92f9-889b9be8d612",
              "parentUUID": "a5d2a322-f30f-40fa-ac08-811ed6fef315",
              "isHook": false,
              "skipped": false
            },
            {
              "title": "Process section",
              "fullTitle": "Check sections creator with html Process section",
              "timedOut": false,
              "duration": 1,
              "state": "passed",
              "speed": "fast",
              "pass": true,
              "fail": false,
              "pending": false,
              "context": null,
              "code": "const section_name = \"process\";\nconst section = creator.get_process_section(hdl_element, configuration);\nsave_output(section, section_name, configuration.output_type);\ncheck(section_name, configuration.output_type, false);",
              "err": {},
              "uuid": "7a36c7fd-525d-448e-99cd-180729d8b0aa",
              "parentUUID": "a5d2a322-f30f-40fa-ac08-811ed6fef315",
              "isHook": false,
              "skipped": false
            },
            {
              "title": "Function section",
              "fullTitle": "Check sections creator with html Function section",
              "timedOut": false,
              "duration": 3,
              "state": "passed",
              "speed": "fast",
              "pass": true,
              "fail": false,
              "pending": false,
              "context": null,
              "code": "const section_name = \"function\";\nconst section = creator.get_function_section(hdl_element, configuration);\nsave_output(section, section_name, configuration.output_type);\ncheck(section_name, configuration.output_type, false);",
              "err": {},
              "uuid": "9f50cc41-30ad-4f64-a014-82a3ce7f2b29",
              "parentUUID": "a5d2a322-f30f-40fa-ac08-811ed6fef315",
              "isHook": false,
              "skipped": false
            },
            {
              "title": "Instantiation section",
              "fullTitle": "Check sections creator with html Instantiation section",
              "timedOut": false,
              "duration": 7,
              "state": "passed",
              "speed": "fast",
              "pass": true,
              "fail": false,
              "pending": false,
              "context": null,
              "code": "const section_name = \"instantiation\";\nconst section = creator.get_instantiation_section(hdl_element, configuration);\nsave_output(section, section_name, configuration.output_type);\ncheck(section_name, configuration.output_type, false);",
              "err": {},
              "uuid": "92e0c35c-1b98-4824-be19-a9ba6b45335f",
              "parentUUID": "a5d2a322-f30f-40fa-ac08-811ed6fef315",
              "isHook": false,
              "skipped": false
            }
          ],
          "suites": [],
          "passes": [
            "337130c5-1488-4d01-a8d2-c1b3aec52965",
            "abaae72b-9475-4431-ab33-b2f3dc2ac8df",
            "de10e1c7-63ae-4835-bcd8-63c4eb0197dd",
            "d467806a-78d8-43a9-96fb-9c340e0e9c91",
            "3fa8c731-e0c4-433d-895f-8a5f723e0ecb",
            "811a47f6-0ef2-4a93-a9e6-161f348caf15",
            "461755b9-fbe6-4fcf-a896-2b7d8aa98599",
            "31db2ca1-7c60-4a44-92f9-889b9be8d612",
            "7a36c7fd-525d-448e-99cd-180729d8b0aa",
            "9f50cc41-30ad-4f64-a014-82a3ce7f2b29",
            "92e0c35c-1b98-4824-be19-a9ba6b45335f"
          ],
          "failures": [],
          "pending": [
            "1fdd59c1-4b73-4545-9e3a-149a1cd163fb"
          ],
          "skipped": [],
          "duration": 120,
          "root": false,
          "rootEmpty": false,
          "_timeout": 2000
        },
        {
          "uuid": "82c04cc7-6d78-4c34-8424-f9001bd1b188",
          "title": "Check sections creator with markdown",
          "fullFile": "/home/runner/work/colibri2/colibri2/tests/documenter/section_creator.spec.ts",
          "file": "/tests/documenter/section_creator.spec.ts",
          "beforeHooks": [],
          "afterHooks": [],
          "tests": [
            {
              "title": "Title section",
              "fullTitle": "Check sections creator with markdown Title section",
              "timedOut": false,
              "duration": 1,
              "state": "passed",
              "speed": "fast",
              "pass": true,
              "fail": false,
              "pending": false,
              "context": null,
              "code": "const section_name = \"title\";\nconst section = creator.get_title_section(hdl_element, configuration);\nsave_output(section, section_name, configuration.output_type);\ncheck(section_name, configuration.output_type, false);",
              "err": {},
              "uuid": "18206200-f049-4de1-a83b-b2d92ee54d83",
              "parentUUID": "82c04cc7-6d78-4c34-8424-f9001bd1b188",
              "isHook": false,
              "skipped": false
            },
            {
              "title": "Input section",
              "fullTitle": "Check sections creator with markdown Input section",
              "timedOut": false,
              "duration": 1,
              "state": "passed",
              "speed": "fast",
              "pass": true,
              "fail": false,
              "pending": false,
              "context": null,
              "code": "const section_name = \"input\";\nconst file_path = \"/example/of/sample.vhd\";\nconst section = creator.get_input_section(file_path, configuration);\nsave_output(section, section_name, configuration.output_type);\ncheck(section_name, configuration.output_type, false);",
              "err": {},
              "uuid": "aa050d5d-fa62-405f-8b0c-e8b7c5a8edc7",
              "parentUUID": "82c04cc7-6d78-4c34-8424-f9001bd1b188",
              "isHook": false,
              "skipped": false
            },
            {
              "title": "Info section",
              "fullTitle": "Check sections creator with markdown Info section",
              "timedOut": false,
              "duration": 1,
              "state": "passed",
              "speed": "fast",
              "pass": true,
              "fail": false,
              "pending": false,
              "context": null,
              "code": "const section_name = \"info\";\nconst section = creator.get_info_section(hdl_element, configuration);\nsave_output(section, section_name, configuration.output_type);\ncheck(section_name, configuration.output_type, false);",
              "err": {},
              "uuid": "fa64070a-c773-4f36-8f05-e1c6e940e3dd",
              "parentUUID": "82c04cc7-6d78-4c34-8424-f9001bd1b188",
              "isHook": false,
              "skipped": false
            },
            {
              "title": "Diagram section",
              "fullTitle": "Check sections creator with markdown Diagram section",
              "timedOut": false,
              "duration": 0,
              "state": "pending",
              "speed": null,
              "pass": false,
              "fail": false,
              "pending": true,
              "context": null,
              "code": "this.skip();\nconst section_name = \"diagram\";\nconst svg_path = paht_lib.join(C_OUTPUT_BASE_PATH, 'input_path.svg');\nconst section = creator.get_diagram_section(hdl_element, configuration, svg_path);\nsave_output(section, section_name, configuration.output_type);\ncheck(section_name, configuration.output_type, true);",
              "err": {},
              "uuid": "96e407ff-e0cd-4ed8-861c-74a90df446cd",
              "parentUUID": "82c04cc7-6d78-4c34-8424-f9001bd1b188",
              "isHook": false,
              "skipped": false
            },
            {
              "title": "Custom begin section",
              "fullTitle": "Check sections creator with markdown Custom begin section",
              "timedOut": false,
              "duration": 1,
              "state": "passed",
              "speed": "fast",
              "pass": true,
              "fail": false,
              "pending": false,
              "context": null,
              "code": "const section_name = \"custom_section_begin\";\nconst input_path = paht_lib.join(__dirname, 'section_creator', 'helpers', 'input_path.vhd');\nconst section = creator.get_custom_section('custom_section_begin', hdl_element, configuration, input_path);\nsave_output(section, section_name, configuration.output_type);\ncheck(section_name, configuration.output_type, false);",
              "err": {},
              "uuid": "b9363c44-f3d5-4eff-a16c-c47b05496276",
              "parentUUID": "82c04cc7-6d78-4c34-8424-f9001bd1b188",
              "isHook": false,
              "skipped": false
            },
            {
              "title": "Custom end section",
              "fullTitle": "Check sections creator with markdown Custom end section",
              "timedOut": false,
              "duration": 0,
              "state": "passed",
              "speed": "fast",
              "pass": true,
              "fail": false,
              "pending": false,
              "context": null,
              "code": "const section_name = \"custom_section_end\";\nconst input_path = paht_lib.join(__dirname, 'section_creator', 'helpers', 'input_path.vhd');\nconst section = creator.get_custom_section('custom_section_end', hdl_element, configuration, input_path);\nsave_output(section, section_name, configuration.output_type);\ncheck(section_name, configuration.output_type, false);",
              "err": {},
              "uuid": "dd8a7d1b-d110-4127-8971-be1ed48a3588",
              "parentUUID": "82c04cc7-6d78-4c34-8424-f9001bd1b188",
              "isHook": false,
              "skipped": false
            },
            {
              "title": "Description section",
              "fullTitle": "Check sections creator with markdown Description section",
              "timedOut": false,
              "duration": 0,
              "state": "pending",
              "speed": null,
              "pass": false,
              "fail": false,
              "pending": true,
              "context": null,
              "code": "if (configuration.output_type === common_documenter.doc_output_type.MARKDOWN) {\n    this.skip();\n}\nconst section_name = \"description\";\nconst section = creator.get_description_section(hdl_element, configuration, C_OUTPUT_BASE_PATH);\nsave_output(section, section_name, configuration.output_type);\ncheck(section_name, configuration.output_type, false);",
              "err": {},
              "uuid": "3db5133f-8091-4698-8a08-2c6698f04c92",
              "parentUUID": "82c04cc7-6d78-4c34-8424-f9001bd1b188",
              "isHook": false,
              "skipped": false
            },
            {
              "title": "Port section",
              "fullTitle": "Check sections creator with markdown Port section",
              "timedOut": false,
              "duration": 0,
              "state": "passed",
              "speed": "fast",
              "pass": true,
              "fail": false,
              "pending": false,
              "context": null,
              "code": "const section_name = \"port\";\nconst section = creator.get_in_out_section(hdl_element, configuration);\nsave_output(section, section_name, configuration.output_type);\ncheck(section_name, configuration.output_type, false);",
              "err": {},
              "uuid": "12f75e11-9dc5-4854-83a3-f6a98146503b",
              "parentUUID": "82c04cc7-6d78-4c34-8424-f9001bd1b188",
              "isHook": false,
              "skipped": false
            },
            {
              "title": "Signal-constant section",
              "fullTitle": "Check sections creator with markdown Signal-constant section",
              "timedOut": false,
              "duration": 1,
              "state": "passed",
              "speed": "fast",
              "pass": true,
              "fail": false,
              "pending": false,
              "context": null,
              "code": "const section_name = \"signal_constant\";\nconst section = creator.get_signal_constant_section(hdl_element, configuration);\nsave_output(section, section_name, configuration.output_type);\ncheck(section_name, configuration.output_type, false);",
              "err": {},
              "uuid": "7a214f51-c1a1-4c2e-83d2-7550df4b59c8",
              "parentUUID": "82c04cc7-6d78-4c34-8424-f9001bd1b188",
              "isHook": false,
              "skipped": false
            },
            {
              "title": "Process section",
              "fullTitle": "Check sections creator with markdown Process section",
              "timedOut": false,
              "duration": 1,
              "state": "passed",
              "speed": "fast",
              "pass": true,
              "fail": false,
              "pending": false,
              "context": null,
              "code": "const section_name = \"process\";\nconst section = creator.get_process_section(hdl_element, configuration);\nsave_output(section, section_name, configuration.output_type);\ncheck(section_name, configuration.output_type, false);",
              "err": {},
              "uuid": "0f2494d2-6dc8-4538-a99c-11eda5459ab9",
              "parentUUID": "82c04cc7-6d78-4c34-8424-f9001bd1b188",
              "isHook": false,
              "skipped": false
            },
            {
              "title": "Function section",
              "fullTitle": "Check sections creator with markdown Function section",
              "timedOut": false,
              "duration": 0,
              "state": "passed",
              "speed": "fast",
              "pass": true,
              "fail": false,
              "pending": false,
              "context": null,
              "code": "const section_name = \"function\";\nconst section = creator.get_function_section(hdl_element, configuration);\nsave_output(section, section_name, configuration.output_type);\ncheck(section_name, configuration.output_type, false);",
              "err": {},
              "uuid": "92afbab2-fa21-4ac8-9b31-1f9e0b1fe69b",
              "parentUUID": "82c04cc7-6d78-4c34-8424-f9001bd1b188",
              "isHook": false,
              "skipped": false
            },
            {
              "title": "Instantiation section",
              "fullTitle": "Check sections creator with markdown Instantiation section",
              "timedOut": false,
              "duration": 1,
              "state": "passed",
              "speed": "fast",
              "pass": true,
              "fail": false,
              "pending": false,
              "context": null,
              "code": "const section_name = \"instantiation\";\nconst section = creator.get_instantiation_section(hdl_element, configuration);\nsave_output(section, section_name, configuration.output_type);\ncheck(section_name, configuration.output_type, false);",
              "err": {},
              "uuid": "0353613f-104d-4d8d-a984-96c2f63ae683",
              "parentUUID": "82c04cc7-6d78-4c34-8424-f9001bd1b188",
              "isHook": false,
              "skipped": false
            }
          ],
          "suites": [],
          "passes": [
            "18206200-f049-4de1-a83b-b2d92ee54d83",
            "aa050d5d-fa62-405f-8b0c-e8b7c5a8edc7",
            "fa64070a-c773-4f36-8f05-e1c6e940e3dd",
            "b9363c44-f3d5-4eff-a16c-c47b05496276",
            "dd8a7d1b-d110-4127-8971-be1ed48a3588",
            "12f75e11-9dc5-4854-83a3-f6a98146503b",
            "7a214f51-c1a1-4c2e-83d2-7550df4b59c8",
            "0f2494d2-6dc8-4538-a99c-11eda5459ab9",
            "92afbab2-fa21-4ac8-9b31-1f9e0b1fe69b",
            "0353613f-104d-4d8d-a984-96c2f63ae683"
          ],
          "failures": [],
          "pending": [
            "96e407ff-e0cd-4ed8-861c-74a90df446cd",
            "3db5133f-8091-4698-8a08-2c6698f04c92"
          ],
          "skipped": [],
          "duration": 7,
          "root": false,
          "rootEmpty": false,
          "_timeout": 2000
        },
        {
          "uuid": "c46d1fcc-cd5f-4f23-9f71-929ed2b0acc5",
          "title": "Check standalone VHDL formatter",
          "fullFile": "/home/runner/work/colibri2/colibri2/tests/formatter/formatter.spec.ts",
          "file": "/tests/formatter/formatter.spec.ts",
          "beforeHooks": [],
          "afterHooks": [],
          "tests": [
            {
              "title": "Check align comments true, indentation and keyworks lowercase",
              "fullTitle": "Check standalone VHDL formatter Check align comments true, indentation and keyworks lowercase",
              "timedOut": false,
              "duration": 25,
              "state": "passed",
              "speed": "fast",
              "pass": true,
              "fail": false,
              "pending": false,
              "context": null,
              "code": "const test_index = 0;\nconst options = {\n    remove_comments: false,\n    remove_asserts: false,\n    remove_report: false,\n    check_alias: false,\n    align_comments: true,\n    sign_align_settings: {\n        is_regional: true,\n        is_all: true,\n        mode: common.ALIGN_MODE.LOCAL,\n        keyWords: [\"FUNCTION\", \"IMPURE FUNCTION\", \"GENERIC\", \"PORT\", \"PROCEDURE\"]\n    },\n    keyword_case: common.LETTER_CASE.LOWERCASE,\n    type_name_case: common.LETTER_CASE.LOWERCASE,\n    indentation: \"    \",\n    new_line_settings: {\n        new_line_after: [\";\", \"then\"],\n        no_new_line_after: []\n    },\n    end_of_line: \"\\n\"\n};\nawait format_and_check(formatter_name, language, test_index, options);",
              "err": {},
              "uuid": "e4a23d1a-20d0-4456-bf17-1f76e359d07e",
              "parentUUID": "c46d1fcc-cd5f-4f23-9f71-929ed2b0acc5",
              "isHook": false,
              "skipped": false
            },
            {
              "title": "Check align comments false, indentation and keyworks uppercase",
              "fullTitle": "Check standalone VHDL formatter Check align comments false, indentation and keyworks uppercase",
              "timedOut": false,
              "duration": 4,
              "state": "passed",
              "speed": "fast",
              "pass": true,
              "fail": false,
              "pending": false,
              "context": null,
              "code": "const test_index = 1;\nconst options = {\n    remove_comments: false,\n    remove_asserts: false,\n    remove_report: false,\n    check_alias: false,\n    align_comments: false,\n    sign_align_settings: {\n        is_regional: true,\n        is_all: true,\n        mode: common.ALIGN_MODE.LOCAL,\n        keyWords: [\"FUNCTION\", \"IMPURE FUNCTION\", \"GENERIC\", \"PORT\", \"PROCEDURE\"]\n    },\n    keyword_case: common.LETTER_CASE.UPPERCASE,\n    type_name_case: common.LETTER_CASE.UPPERCASE,\n    indentation: \"      \",\n    new_line_settings: {\n        new_line_after: [\";\", \"then\"],\n        no_new_line_after: []\n    },\n    end_of_line: \"\\n\"\n};\nawait format_and_check(formatter_name, language, test_index, options);",
              "err": {},
              "uuid": "f9a0f0c9-739d-47d9-982e-baac71c70886",
              "parentUUID": "c46d1fcc-cd5f-4f23-9f71-929ed2b0acc5",
              "isHook": false,
              "skipped": false
            }
          ],
          "suites": [],
          "passes": [
            "e4a23d1a-20d0-4456-bf17-1f76e359d07e",
            "f9a0f0c9-739d-47d9-982e-baac71c70886"
          ],
          "failures": [],
          "pending": [],
          "skipped": [],
          "duration": 29,
          "root": false,
          "rootEmpty": false,
          "_timeout": 2000
        },
        {
          "uuid": "aad497e5-e966-4b14-b576-6e7938adba78",
          "title": "Check istyle formatter",
          "fullFile": "/home/runner/work/colibri2/colibri2/tests/formatter/formatter.spec.ts",
          "file": "/tests/formatter/formatter.spec.ts",
          "beforeHooks": [],
          "afterHooks": [],
          "tests": [
            {
              "title": "Check ansi with indent = 2",
              "fullTitle": "Check istyle formatter Check ansi with indent = 2",
              "timedOut": false,
              "duration": 17,
              "state": "passed",
              "speed": "fast",
              "pass": true,
              "fail": false,
              "pending": false,
              "context": null,
              "code": "const test_index = index;\nconst options = { style: style_inst, indent_size: 2 };\nawait format_and_check(formatter_name, language, test_index, options);",
              "err": {},
              "uuid": "b7214b1d-eaae-4828-8ed3-4a472359e0ee",
              "parentUUID": "aad497e5-e966-4b14-b576-6e7938adba78",
              "isHook": false,
              "skipped": false
            },
            {
              "title": "Check kr with indent = 2",
              "fullTitle": "Check istyle formatter Check kr with indent = 2",
              "timedOut": false,
              "duration": 12,
              "state": "passed",
              "speed": "fast",
              "pass": true,
              "fail": false,
              "pending": false,
              "context": null,
              "code": "const test_index = index;\nconst options = { style: style_inst, indent_size: 2 };\nawait format_and_check(formatter_name, language, test_index, options);",
              "err": {},
              "uuid": "470b78cc-449e-47a0-b7cd-370826ef0c16",
              "parentUUID": "aad497e5-e966-4b14-b576-6e7938adba78",
              "isHook": false,
              "skipped": false
            },
            {
              "title": "Check gnu with indent = 2",
              "fullTitle": "Check istyle formatter Check gnu with indent = 2",
              "timedOut": false,
              "duration": 11,
              "state": "passed",
              "speed": "fast",
              "pass": true,
              "fail": false,
              "pending": false,
              "context": null,
              "code": "const test_index = index;\nconst options = { style: style_inst, indent_size: 2 };\nawait format_and_check(formatter_name, language, test_index, options);",
              "err": {},
              "uuid": "dd0eec8b-ef96-4b28-8984-ba81f6e58967",
              "parentUUID": "aad497e5-e966-4b14-b576-6e7938adba78",
              "isHook": false,
              "skipped": false
            },
            {
              "title": "Check onlyindent with indent = 2",
              "fullTitle": "Check istyle formatter Check onlyindent with indent = 2",
              "timedOut": false,
              "duration": 10,
              "state": "passed",
              "speed": "fast",
              "pass": true,
              "fail": false,
              "pending": false,
              "context": null,
              "code": "const test_index = index;\nconst options = { style: style_inst, indent_size: 2 };\nawait format_and_check(formatter_name, language, test_index, options);",
              "err": {},
              "uuid": "8b7ba2cb-495a-4bcf-b4aa-daef48fc0985",
              "parentUUID": "aad497e5-e966-4b14-b576-6e7938adba78",
              "isHook": false,
              "skipped": false
            },
            {
              "title": "Check ansi with indent = 6",
              "fullTitle": "Check istyle formatter Check ansi with indent = 6",
              "timedOut": false,
              "duration": 11,
              "state": "passed",
              "speed": "fast",
              "pass": true,
              "fail": false,
              "pending": false,
              "context": null,
              "code": "const test_index = index + style_list.length;\nconst options = { style: style_inst, indent_size: 6 };\nawait format_and_check(formatter_name, language, test_index, options);",
              "err": {},
              "uuid": "94c44a98-0040-4c64-9ad2-75766d85a33c",
              "parentUUID": "aad497e5-e966-4b14-b576-6e7938adba78",
              "isHook": false,
              "skipped": false
            },
            {
              "title": "Check kr with indent = 6",
              "fullTitle": "Check istyle formatter Check kr with indent = 6",
              "timedOut": false,
              "duration": 11,
              "state": "passed",
              "speed": "fast",
              "pass": true,
              "fail": false,
              "pending": false,
              "context": null,
              "code": "const test_index = index + style_list.length;\nconst options = { style: style_inst, indent_size: 6 };\nawait format_and_check(formatter_name, language, test_index, options);",
              "err": {},
              "uuid": "82d255ed-9f93-449b-a9fc-848b1f91acfc",
              "parentUUID": "aad497e5-e966-4b14-b576-6e7938adba78",
              "isHook": false,
              "skipped": false
            },
            {
              "title": "Check gnu with indent = 6",
              "fullTitle": "Check istyle formatter Check gnu with indent = 6",
              "timedOut": false,
              "duration": 10,
              "state": "passed",
              "speed": "fast",
              "pass": true,
              "fail": false,
              "pending": false,
              "context": null,
              "code": "const test_index = index + style_list.length;\nconst options = { style: style_inst, indent_size: 6 };\nawait format_and_check(formatter_name, language, test_index, options);",
              "err": {},
              "uuid": "9f829476-9d8e-4368-abbb-ea387185ee2d",
              "parentUUID": "aad497e5-e966-4b14-b576-6e7938adba78",
              "isHook": false,
              "skipped": false
            },
            {
              "title": "Check onlyindent with indent = 6",
              "fullTitle": "Check istyle formatter Check onlyindent with indent = 6",
              "timedOut": false,
              "duration": 11,
              "state": "passed",
              "speed": "fast",
              "pass": true,
              "fail": false,
              "pending": false,
              "context": null,
              "code": "const test_index = index + style_list.length;\nconst options = { style: style_inst, indent_size: 6 };\nawait format_and_check(formatter_name, language, test_index, options);",
              "err": {},
              "uuid": "305c8b11-1a26-4d0c-bef1-4457a002f0a9",
              "parentUUID": "aad497e5-e966-4b14-b576-6e7938adba78",
              "isHook": false,
              "skipped": false
            }
          ],
          "suites": [],
          "passes": [
            "b7214b1d-eaae-4828-8ed3-4a472359e0ee",
            "470b78cc-449e-47a0-b7cd-370826ef0c16",
            "dd0eec8b-ef96-4b28-8984-ba81f6e58967",
            "8b7ba2cb-495a-4bcf-b4aa-daef48fc0985",
            "94c44a98-0040-4c64-9ad2-75766d85a33c",
            "82d255ed-9f93-449b-a9fc-848b1f91acfc",
            "9f829476-9d8e-4368-abbb-ea387185ee2d",
            "305c8b11-1a26-4d0c-bef1-4457a002f0a9"
          ],
          "failures": [],
          "pending": [],
          "skipped": [],
          "duration": 93,
          "root": false,
          "rootEmpty": false,
          "_timeout": 2000
        },
        {
          "uuid": "b4e3b183-e819-4306-b086-867c031ebf86",
          "title": "Check s3sv formatter",
          "fullFile": "/home/runner/work/colibri2/colibri2/tests/formatter/formatter.spec.ts",
          "file": "/tests/formatter/formatter.spec.ts",
          "beforeHooks": [],
          "afterHooks": [],
          "tests": [
            {
              "title": "Check config 0",
              "fullTitle": "Check s3sv formatter Check config 0",
              "timedOut": false,
              "duration": 133,
              "state": "passed",
              "speed": "slow",
              "pass": true,
              "fail": false,
              "pending": false,
              "context": null,
              "code": "const test_index = 0;\nconst options = {\n    python3_path: \"\",\n    use_tabs: false,\n    indent_size: 2,\n    one_bind_per_line: true,\n    one_decl_per_line: true\n};\nawait format_and_check(formatter_name, language, test_index, options);",
              "err": {},
              "uuid": "aeb0f1d3-2232-4c53-8d61-5965953d7a05",
              "parentUUID": "b4e3b183-e819-4306-b086-867c031ebf86",
              "isHook": false,
              "skipped": false
            },
            {
              "title": "Check config 1",
              "fullTitle": "Check s3sv formatter Check config 1",
              "timedOut": false,
              "duration": 127,
              "state": "passed",
              "speed": "slow",
              "pass": true,
              "fail": false,
              "pending": false,
              "context": null,
              "code": "const test_index = 1;\nconst options = {\n    python3_path: \"\",\n    use_tabs: true,\n    indent_size: 4,\n    one_bind_per_line: true,\n    one_decl_per_line: true\n};\nawait format_and_check(formatter_name, language, test_index, options);",
              "err": {},
              "uuid": "dbf14dd3-4d89-4253-abdb-ca6b88a33760",
              "parentUUID": "b4e3b183-e819-4306-b086-867c031ebf86",
              "isHook": false,
              "skipped": false
            },
            {
              "title": "Check config 2 and bad python3 path",
              "fullTitle": "Check s3sv formatter Check config 2 and bad python3 path",
              "timedOut": false,
              "duration": 142,
              "state": "passed",
              "speed": "slow",
              "pass": true,
              "fail": false,
              "pending": false,
              "context": null,
              "code": "const test_index = 2;\nconst options = {\n    python3_path: \"asdf\",\n    use_tabs: true,\n    indent_size: 2,\n    one_bind_per_line: false,\n    one_decl_per_line: true\n};\nawait format_and_check(formatter_name, language, test_index, options);",
              "err": {},
              "uuid": "120cec85-5553-4c71-8b11-bc1544cf7654",
              "parentUUID": "b4e3b183-e819-4306-b086-867c031ebf86",
              "isHook": false,
              "skipped": false
            }
          ],
          "suites": [],
          "passes": [
            "aeb0f1d3-2232-4c53-8d61-5965953d7a05",
            "dbf14dd3-4d89-4253-abdb-ca6b88a33760",
            "120cec85-5553-4c71-8b11-bc1544cf7654"
          ],
          "failures": [],
          "pending": [],
          "skipped": [],
          "duration": 402,
          "root": false,
          "rootEmpty": false,
          "_timeout": 2000
        },
        {
          "uuid": "de254fe5-f19c-4deb-9062-d77295ae0766",
          "title": "Check FSM for vhdl",
          "fullFile": "/home/runner/work/colibri2/colibri2/tests/parser/fsm.spec.ts",
          "file": "/tests/parser/fsm.spec.ts",
          "beforeHooks": [],
          "afterHooks": [],
          "tests": [
            {
              "title": "Normal",
              "fullTitle": "Check FSM for vhdl Normal",
              "timedOut": false,
              "duration": 145,
              "state": "passed",
              "speed": "slow",
              "pass": true,
              "fail": false,
              "pending": false,
              "context": null,
              "code": "const test_index = 0;\nawait parse_fsm(lang_inst, test_index);\ncheck_test(test_index, lang_inst);",
              "err": {},
              "uuid": "7b49559f-a379-42b3-8b61-06e0ba71bd98",
              "parentUUID": "de254fe5-f19c-4deb-9062-d77295ae0766",
              "isHook": false,
              "skipped": false
            }
          ],
          "suites": [],
          "passes": [
            "7b49559f-a379-42b3-8b61-06e0ba71bd98"
          ],
          "failures": [],
          "pending": [],
          "skipped": [],
          "duration": 145,
          "root": false,
          "rootEmpty": false,
          "_timeout": 2000
        },
        {
          "uuid": "1b0f885e-c9ba-43b0-9f6a-5c5e38978184",
          "title": "Check FSM for verilog",
          "fullFile": "/home/runner/work/colibri2/colibri2/tests/parser/fsm.spec.ts",
          "file": "/tests/parser/fsm.spec.ts",
          "beforeHooks": [],
          "afterHooks": [],
          "tests": [
            {
              "title": "Normal",
              "fullTitle": "Check FSM for verilog Normal",
              "timedOut": false,
              "duration": 294,
              "state": "passed",
              "speed": "slow",
              "pass": true,
              "fail": false,
              "pending": false,
              "context": null,
              "code": "const test_index = 0;\nawait parse_fsm(lang_inst, test_index);\ncheck_test(test_index, lang_inst);",
              "err": {},
              "uuid": "c17bcfe9-f1cf-4201-965a-4a36562f69c1",
              "parentUUID": "1b0f885e-c9ba-43b0-9f6a-5c5e38978184",
              "isHook": false,
              "skipped": false
            }
          ],
          "suites": [],
          "passes": [
            "c17bcfe9-f1cf-4201-965a-4a36562f69c1"
          ],
          "failures": [],
          "pending": [],
          "skipped": [],
          "duration": 294,
          "root": false,
          "rootEmpty": false,
          "_timeout": 2000
        },
        {
          "uuid": "213b1e83-7b61-41ab-aa64-776bf51870a2",
          "title": "Check entity Verilog",
          "fullFile": "/home/runner/work/colibri2/colibri2/tests/parser/parser_verilog_entity.spec.ts",
          "file": "/tests/parser/parser_verilog_entity.spec.ts",
          "beforeHooks": [],
          "afterHooks": [],
          "tests": [],
          "suites": [
            {
              "uuid": "ffad3cb9-c450-45f8-9b18-3c1ea4f9a009",
              "title": "Check entity.",
              "fullFile": "/home/runner/work/colibri2/colibri2/tests/parser/parser_verilog_entity.spec.ts",
              "file": "/tests/parser/parser_verilog_entity.spec.ts",
              "beforeHooks": [
                {
                  "title": "\"before all\" hook in \"Check entity.\"",
                  "fullTitle": "Check entity Verilog Check entity. \"before all\" hook in \"Check entity.\"",
                  "timedOut": false,
                  "duration": 198,
                  "state": null,
                  "speed": null,
                  "pass": false,
                  "fail": false,
                  "pending": false,
                  "context": null,
                  "code": "result = await parse();",
                  "err": {},
                  "uuid": "d77323a2-a7d7-4d68-a96e-8bf040f5b1f1",
                  "parentUUID": "ffad3cb9-c450-45f8-9b18-3c1ea4f9a009",
                  "isHook": true,
                  "skipped": false
                }
              ],
              "afterHooks": [],
              "tests": [
                {
                  "title": "Check name",
                  "fullTitle": "Check entity Verilog Check entity. Check name",
                  "timedOut": false,
                  "duration": 0,
                  "state": "passed",
                  "speed": "fast",
                  "pass": true,
                  "fail": false,
                  "pending": false,
                  "context": null,
                  "code": "(0, assert_1.equal)(result.name, 'test_entity_name');",
                  "err": {},
                  "uuid": "ce447bd1-e822-4502-9a17-e58fc5f38404",
                  "parentUUID": "ffad3cb9-c450-45f8-9b18-3c1ea4f9a009",
                  "isHook": false,
                  "skipped": false
                },
                {
                  "title": "Check type is entity",
                  "fullTitle": "Check entity Verilog Check entity. Check type is entity",
                  "timedOut": false,
                  "duration": 0,
                  "state": "passed",
                  "speed": "fast",
                  "pass": true,
                  "fail": false,
                  "pending": false,
                  "context": null,
                  "code": "(0, assert_1.equal)(result.get_hdl_type(), common.TYPE_HDL_ELEMENT.ENTITY);",
                  "err": {},
                  "uuid": "c4fbd4e7-7863-438b-9370-24c06df632f2",
                  "parentUUID": "ffad3cb9-c450-45f8-9b18-3c1ea4f9a009",
                  "isHook": false,
                  "skipped": false
                }
              ],
              "suites": [],
              "passes": [
                "ce447bd1-e822-4502-9a17-e58fc5f38404",
[...]
              "err": {},
              "uuid": "cb662765-953b-4a09-8205-063348cd73fd",
              "parentUUID": "5220c01d-02d1-45e5-8aac-057100b8a7c1",
              "isHook": false,
              "skipped": false
            }
          ],
          "suites": [],
          "passes": [
            "cb662765-953b-4a09-8205-063348cd73fd"
          ],
          "failures": [],
          "pending": [],
          "skipped": [],
          "duration": 0,
          "root": false,
          "rootEmpty": false,
          "_timeout": 2000
        },
        {
          "uuid": "39dd4880-cc6b-41c1-8168-202f99fdbf3a",
          "title": "Check hover VHDL",
          "fullFile": "/home/runner/work/colibri2/colibri2/tests/utils/number.spec.ts",
          "file": "/tests/utils/number.spec.ts",
          "beforeHooks": [],
          "afterHooks": [],
          "tests": [
            {
              "title": "Binary unsigned",
              "fullTitle": "Check hover VHDL Binary unsigned",
              "timedOut": false,
              "duration": 0,
              "state": "passed",
              "speed": "fast",
              "pass": true,
              "fail": false,
              "pending": false,
              "context": null,
              "code": "const code_dummy = '\"0011\"';\nconst expected_number = {\n    signed_n: 0,\n    unsigned_n: 3,\n    is_multi: false,\n    is_ok: true\n};\nconst current_number = (0, numbers_1.hdl_hover)(code_dummy, lang);\n(0, assert_1.deepEqual)(current_number, expected_number);",
              "err": {},
              "uuid": "817f3ac2-a98e-469e-925c-57c0cda98344",
              "parentUUID": "39dd4880-cc6b-41c1-8168-202f99fdbf3a",
              "isHook": false,
              "skipped": false
            },
            {
              "title": "Binary unsigned or signed",
              "fullTitle": "Check hover VHDL Binary unsigned or signed",
              "timedOut": false,
              "duration": 1,
              "state": "passed",
              "speed": "fast",
              "pass": true,
              "fail": false,
              "pending": false,
              "context": null,
              "code": "const code_dummy = '\"1101\"';\nconst expected_number = {\n    signed_n: -3,\n    unsigned_n: 13,\n    is_multi: true,\n    is_ok: true\n};\nconst current_number = (0, numbers_1.hdl_hover)(code_dummy, lang);\n(0, assert_1.deepEqual)(current_number, expected_number);",
              "err": {},
              "uuid": "03c917ac-d1c1-471f-97c8-3a1e33887208",
              "parentUUID": "39dd4880-cc6b-41c1-8168-202f99fdbf3a",
              "isHook": false,
              "skipped": false
            },
            {
              "title": "Binary unsigned or signed with separator",
              "fullTitle": "Check hover VHDL Binary unsigned or signed with separator",
              "timedOut": false,
              "duration": 0,
              "state": "passed",
              "speed": "fast",
              "pass": true,
              "fail": false,
              "pending": false,
              "context": null,
              "code": "const code_dummy = '\"1_10_0\"';\nconst expected_number = {\n    signed_n: -4,\n    unsigned_n: 12,\n    is_multi: true,\n    is_ok: true\n};\nconst current_number = (0, numbers_1.hdl_hover)(code_dummy, lang);\n(0, assert_1.deepEqual)(current_number, expected_number);",
              "err": {},
              "uuid": "290e0508-5e36-40cf-ba93-4929691c4967",
              "parentUUID": "39dd4880-cc6b-41c1-8168-202f99fdbf3a",
              "isHook": false,
              "skipped": false
            },
            {
              "title": "Hexadeximal unsigned",
              "fullTitle": "Check hover VHDL Hexadeximal unsigned",
              "timedOut": false,
              "duration": 0,
              "state": "passed",
              "speed": "fast",
              "pass": true,
              "fail": false,
              "pending": false,
              "context": null,
              "code": "const code_dummy = 'x\"0aB0\"';\nconst expected_number = {\n    signed_n: 0,\n    unsigned_n: 2736,\n    is_multi: false,\n    is_ok: true\n};\nconst current_number = (0, numbers_1.hdl_hover)(code_dummy, lang);\n(0, assert_1.deepEqual)(current_number, expected_number);",
              "err": {},
              "uuid": "c0b8141a-240f-488f-be73-fb7ea9cbb3ed",
              "parentUUID": "39dd4880-cc6b-41c1-8168-202f99fdbf3a",
              "isHook": false,
              "skipped": false
            },
            {
              "title": "Hexadeximal unsigned or signed",
              "fullTitle": "Check hover VHDL Hexadeximal unsigned or signed",
              "timedOut": false,
              "duration": 0,
              "state": "passed",
              "speed": "fast",
              "pass": true,
              "fail": false,
              "pending": false,
              "context": null,
              "code": "const code_dummy = 'x\"aaB0\"';\nconst expected_number = {\n    signed_n: -21840,\n    unsigned_n: 43696,\n    is_multi: true,\n    is_ok: true\n};\nconst current_number = (0, numbers_1.hdl_hover)(code_dummy, lang);\n(0, assert_1.deepEqual)(current_number, expected_number);",
              "err": {},
              "uuid": "e764e46d-8933-457c-a7ef-d0612ba2e895",
              "parentUUID": "39dd4880-cc6b-41c1-8168-202f99fdbf3a",
              "isHook": false,
              "skipped": false
            },
            {
              "title": "Hexadeximal unsigned or signed with separator",
              "fullTitle": "Check hover VHDL Hexadeximal unsigned or signed with separator",
              "timedOut": false,
              "duration": 0,
              "state": "passed",
              "speed": "fast",
              "pass": true,
              "fail": false,
              "pending": false,
              "context": null,
              "code": "const code_dummy = 'x\"a_a_b0\"';\nconst expected_number = {\n    signed_n: -21840,\n    unsigned_n: 43696,\n    is_multi: true,\n    is_ok: true\n};\nconst current_number = (0, numbers_1.hdl_hover)(code_dummy, lang);\n(0, assert_1.deepEqual)(current_number, expected_number);",
              "err": {},
              "uuid": "39ac6abc-224c-4cad-9805-9d686126f421",
              "parentUUID": "39dd4880-cc6b-41c1-8168-202f99fdbf3a",
              "isHook": false,
              "skipped": false
            },
            {
              "title": "Octal unsigned",
              "fullTitle": "Check hover VHDL Octal unsigned",
              "timedOut": false,
              "duration": 0,
              "state": "passed",
              "speed": "fast",
              "pass": true,
              "fail": false,
              "pending": false,
              "context": null,
              "code": "const code_dummy = 'o\"0175\"';\nconst expected_number = {\n    signed_n: 0,\n    unsigned_n: 125,\n    is_multi: false,\n    is_ok: true\n};\nconst current_number = (0, numbers_1.hdl_hover)(code_dummy, lang);\n(0, assert_1.deepEqual)(current_number, expected_number);",
              "err": {},
              "uuid": "e7c49b99-d79c-4ddf-a6a8-3f4f40c48ba7",
              "parentUUID": "39dd4880-cc6b-41c1-8168-202f99fdbf3a",
              "isHook": false,
              "skipped": false
            },
            {
              "title": "Octal unsigned or signed",
              "fullTitle": "Check hover VHDL Octal unsigned or signed",
              "timedOut": false,
              "duration": 0,
              "state": "passed",
              "speed": "fast",
              "pass": true,
              "fail": false,
              "pending": false,
              "context": null,
              "code": "const code_dummy = 'O\"232\"';\nconst expected_number = {\n    signed_n: -102,\n    unsigned_n: 154,\n    is_multi: true,\n    is_ok: true\n};\nconst current_number = (0, numbers_1.hdl_hover)(code_dummy, lang);\n(0, assert_1.deepEqual)(current_number, expected_number);",
              "err": {},
              "uuid": "e873bc51-eced-4222-9517-4ea0476c767c",
              "parentUUID": "39dd4880-cc6b-41c1-8168-202f99fdbf3a",
              "isHook": false,
              "skipped": false
            },
            {
              "title": "Octal unsigned or signed with separator",
              "fullTitle": "Check hover VHDL Octal unsigned or signed with separator",
              "timedOut": false,
              "duration": 0,
              "state": "passed",
              "speed": "fast",
              "pass": true,
              "fail": false,
              "pending": false,
              "context": null,
              "code": "const code_dummy = 'o\"2_3_2\"';\nconst expected_number = {\n    signed_n: -102,\n    unsigned_n: 154,\n    is_multi: true,\n    is_ok: true\n};\nconst current_number = (0, numbers_1.hdl_hover)(code_dummy, lang);\n(0, assert_1.deepEqual)(current_number, expected_number);",
              "err": {},
              "uuid": "7880442b-7ca7-4d63-b89b-af02740eff88",
              "parentUUID": "39dd4880-cc6b-41c1-8168-202f99fdbf3a",
              "isHook": false,
              "skipped": false
            }
          ],
          "suites": [],
          "passes": [
            "817f3ac2-a98e-469e-925c-57c0cda98344",
            "03c917ac-d1c1-471f-97c8-3a1e33887208",
            "290e0508-5e36-40cf-ba93-4929691c4967",
            "c0b8141a-240f-488f-be73-fb7ea9cbb3ed",
            "e764e46d-8933-457c-a7ef-d0612ba2e895",
            "39ac6abc-224c-4cad-9805-9d686126f421",
            "e7c49b99-d79c-4ddf-a6a8-3f4f40c48ba7",
            "e873bc51-eced-4222-9517-4ea0476c767c",
            "7880442b-7ca7-4d63-b89b-af02740eff88"
          ],
          "failures": [],
          "pending": [],
          "skipped": [],
          "duration": 1,
          "root": false,
          "rootEmpty": false,
          "_timeout": 2000
        },
        {
          "uuid": "882263d0-5862-4120-8b4f-24110b2076a3",
          "title": "Check hover Verilog",
          "fullFile": "/home/runner/work/colibri2/colibri2/tests/utils/number.spec.ts",
          "file": "/tests/utils/number.spec.ts",
          "beforeHooks": [],
          "afterHooks": [],
          "tests": [
            {
              "title": "Binary unsigned",
              "fullTitle": "Check hover Verilog Binary unsigned",
              "timedOut": false,
              "duration": 1,
              "state": "passed",
              "speed": "fast",
              "pass": true,
              "fail": false,
              "pending": false,
              "context": null,
              "code": "const code_dummy = \"4'b0011'\";\nconst expected_number = {\n    signed_n: 0,\n    unsigned_n: 3,\n    is_multi: false,\n    is_ok: true\n};\nconst current_number = (0, numbers_1.hdl_hover)(code_dummy, lang);\n(0, assert_1.deepEqual)(current_number, expected_number);",
              "err": {},
              "uuid": "9c836710-e06b-4398-b09b-67d0c60f4cbc",
              "parentUUID": "882263d0-5862-4120-8b4f-24110b2076a3",
              "isHook": false,
              "skipped": false
            },
            {
              "title": "Binary unsigned or signed",
              "fullTitle": "Check hover Verilog Binary unsigned or signed",
              "timedOut": false,
              "duration": 0,
              "state": "passed",
              "speed": "fast",
              "pass": true,
              "fail": false,
              "pending": false,
              "context": null,
              "code": "const code_dummy = \"4'b1101'\";\nconst expected_number = {\n    signed_n: -3,\n    unsigned_n: 13,\n    is_multi: true,\n    is_ok: true\n};\nconst current_number = (0, numbers_1.hdl_hover)(code_dummy, lang);\n(0, assert_1.deepEqual)(current_number, expected_number);",
              "err": {},
              "uuid": "3aff30ad-dd82-45aa-b7e9-49bee462f928",
              "parentUUID": "882263d0-5862-4120-8b4f-24110b2076a3",
              "isHook": false,
              "skipped": false
            },
            {
              "title": "Binary unsigned or signed with separator",
              "fullTitle": "Check hover Verilog Binary unsigned or signed with separator",
              "timedOut": false,
              "duration": 0,
              "state": "passed",
              "speed": "fast",
              "pass": true,
              "fail": false,
              "pending": false,
              "context": null,
              "code": "const code_dummy = \"4'b1_10_0'\";\nconst expected_number = {\n    signed_n: -4,\n    unsigned_n: 12,\n    is_multi: true,\n    is_ok: true\n};\nconst current_number = (0, numbers_1.hdl_hover)(code_dummy, lang);\n(0, assert_1.deepEqual)(current_number, expected_number);",
              "err": {},
              "uuid": "aaa1e2e7-03c9-4d97-a85e-8ee8395f90d0",
              "parentUUID": "882263d0-5862-4120-8b4f-24110b2076a3",
              "isHook": false,
              "skipped": false
            },
            {
              "title": "Hexadeximal unsigned",
              "fullTitle": "Check hover Verilog Hexadeximal unsigned",
              "timedOut": false,
              "duration": 0,
              "state": "passed",
              "speed": "fast",
              "pass": true,
              "fail": false,
              "pending": false,
              "context": null,
              "code": "const code_dummy = \"4'h0aB0'\";\nconst expected_number = {\n    signed_n: 0,\n    unsigned_n: 2736,\n    is_multi: false,\n    is_ok: true\n};\nconst current_number = (0, numbers_1.hdl_hover)(code_dummy, lang);\n(0, assert_1.deepEqual)(current_number, expected_number);",
              "err": {},
              "uuid": "9b80e43b-8e23-4fe7-88d5-b7233af0cd2c",
              "parentUUID": "882263d0-5862-4120-8b4f-24110b2076a3",
              "isHook": false,
              "skipped": false
            },
            {
              "title": "Hexadeximal unsigned or signed",
              "fullTitle": "Check hover Verilog Hexadeximal unsigned or signed",
              "timedOut": false,
              "duration": 0,
              "state": "passed",
              "speed": "fast",
              "pass": true,
              "fail": false,
              "pending": false,
              "context": null,
              "code": "const code_dummy = \"4'haaB0'\";\nconst expected_number = {\n    signed_n: -21840,\n    unsigned_n: 43696,\n    is_multi: true,\n    is_ok: true\n};\nconst current_number = (0, numbers_1.hdl_hover)(code_dummy, lang);\n(0, assert_1.deepEqual)(current_number, expected_number);",
              "err": {},
              "uuid": "c5c31a5f-b0ef-4021-8230-89888253bb2e",
              "parentUUID": "882263d0-5862-4120-8b4f-24110b2076a3",
              "isHook": false,
              "skipped": false
            },
            {
              "title": "Hexadeximal unsigned or signed with separator",
              "fullTitle": "Check hover Verilog Hexadeximal unsigned or signed with separator",
              "timedOut": false,
              "duration": 0,
              "state": "passed",
              "speed": "fast",
              "pass": true,
              "fail": false,
              "pending": false,
              "context": null,
              "code": "const code_dummy = \"4'ha_a_b0'\";\nconst expected_number = {\n    signed_n: -21840,\n    unsigned_n: 43696,\n    is_multi: true,\n    is_ok: true\n};\nconst current_number = (0, numbers_1.hdl_hover)(code_dummy, lang);\n(0, assert_1.deepEqual)(current_number, expected_number);",
              "err": {},
              "uuid": "75673c20-b413-46f7-8427-042b41aa4376",
              "parentUUID": "882263d0-5862-4120-8b4f-24110b2076a3",
              "isHook": false,
              "skipped": false
            },
            {
              "title": "Octal unsigned",
              "fullTitle": "Check hover Verilog Octal unsigned",
              "timedOut": false,
              "duration": 0,
              "state": "passed",
              "speed": "fast",
              "pass": true,
              "fail": false,
              "pending": false,
              "context": null,
              "code": "const code_dummy = \"4'o0175'\";\nconst expected_number = {\n    signed_n: 0,\n    unsigned_n: 125,\n    is_multi: false,\n    is_ok: true\n};\nconst current_number = (0, numbers_1.hdl_hover)(code_dummy, lang);\n(0, assert_1.deepEqual)(current_number, expected_number);",
              "err": {},
              "uuid": "e9496f46-c5f5-48d4-b72e-555f863908fe",
              "parentUUID": "882263d0-5862-4120-8b4f-24110b2076a3",
              "isHook": false,
              "skipped": false
            },
            {
              "title": "Octal unsigned or signed",
              "fullTitle": "Check hover Verilog Octal unsigned or signed",
              "timedOut": false,
              "duration": 0,
              "state": "passed",
              "speed": "fast",
              "pass": true,
              "fail": false,
              "pending": false,
              "context": null,
              "code": "const code_dummy = \"4'o232'\";\nconst expected_number = {\n    signed_n: -102,\n    unsigned_n: 154,\n    is_multi: true,\n    is_ok: true\n};\nconst current_number = (0, numbers_1.hdl_hover)(code_dummy, lang);\n(0, assert_1.deepEqual)(current_number, expected_number);",
              "err": {},
              "uuid": "f02fbe55-394e-4a6a-9671-1d9209721543",
              "parentUUID": "882263d0-5862-4120-8b4f-24110b2076a3",
              "isHook": false,
              "skipped": false
            },
            {
              "title": "Octal unsigned or signed with separator",
              "fullTitle": "Check hover Verilog Octal unsigned or signed with separator",
              "timedOut": false,
              "duration": 0,
              "state": "passed",
              "speed": "fast",
              "pass": true,
              "fail": false,
              "pending": false,
              "context": null,
              "code": "const code_dummy = \"4'o2_3_2'\";\nconst expected_number = {\n    signed_n: -102,\n    unsigned_n: 154,\n    is_multi: true,\n    is_ok: true\n};\nconst current_number = (0, numbers_1.hdl_hover)(code_dummy, lang);\n(0, assert_1.deepEqual)(current_number, expected_number);",
              "err": {},
              "uuid": "63f33acd-7ffa-4bcc-be25-d63e305ca78c",
              "parentUUID": "882263d0-5862-4120-8b4f-24110b2076a3",
              "isHook": false,
              "skipped": false
            }
          ],
          "suites": [],
          "passes": [
            "9c836710-e06b-4398-b09b-67d0c60f4cbc",
            "3aff30ad-dd82-45aa-b7e9-49bee462f928",
            "aaa1e2e7-03c9-4d97-a85e-8ee8395f90d0",
            "9b80e43b-8e23-4fe7-88d5-b7233af0cd2c",
            "c5c31a5f-b0ef-4021-8230-89888253bb2e",
            "75673c20-b413-46f7-8427-042b41aa4376",
            "e9496f46-c5f5-48d4-b72e-555f863908fe",
            "f02fbe55-394e-4a6a-9671-1d9209721543",
            "63f33acd-7ffa-4bcc-be25-d63e305ca78c"
          ],
          "failures": [],
          "pending": [],
          "skipped": [],
          "duration": 1,
          "root": false,
          "rootEmpty": false,
          "_timeout": 2000
        }
      ],
      "passes": [],
      "failures": [],
      "pending": [],
      "skipped": [
        "de480f0d-174e-4bff-affc-dcb2d7343577",
        "cb3a34a8-efb1-41d0-b3a5-3736db47062b"
      ],
      "duration": 0,
      "root": true,
      "rootEmpty": false,
      "_timeout": 2000
    }
  ],
  "meta": {
    "mocha": {
      "version": "9.2.2"
    },
    "mochawesome": {
      "options": {
        "quiet": false,
        "reportFilename": "mochawesome",
        "saveHtml": true,
        "saveJson": true,
        "consoleReporter": "spec",
        "useInlineDiffs": false,
        "code": true
      },
      "version": "7.1.3"
    },
    "marge": {
      "options": {
        "id": "default"
      },
      "version": "6.2.0"
    }
  }
}