{
  "stats": {
    "suites": 55,
    "tests": 186,
    "passes": 182,
    "pending": 4,
    "failures": 0,
    "start": "2022-07-25T16:35:55.456Z",
    "end": "2022-07-25T16:36:08.331Z",
    "duration": 12875,
    "testsRegistered": 188,
    "passPercent": 98.91304347826086,
    "pendingPercent": 2.127659574468085,
    "other": 0,
    "hasOther": false,
    "skipped": 2,
    "hasSkipped": true
  },
  "results": [
    {
      "uuid": "c3cbf592-b1db-41d5-b771-16ce7759977e",
      "title": "",
      "fullFile": "",
      "file": "",
      "beforeHooks": [],
      "afterHooks": [],
      "tests": [
        {
          "title": "Get top level VHDL",
          "fullTitle": "Get top level VHDL",
          "timedOut": false,
          "duration": 0,
          "state": null,
          "speed": null,
          "pass": false,
          "fail": false,
          "pending": false,
          "context": null,
          "code": "const code_dummy = `\nlibrary ieee;\nuse ieee.std_logic_1164.all;\nuse ieee.numeric_std.all;\nentity test_entity_name is\ngeneric (\n    a : integer;\n    b : unsigned;\n    c : signed;\n    d : std_logic;\n    e : std_logic_vector;\n    f : std_logic_vector(5 downto 0)\n  );\nport(\n  g : in std_logic;\n  h : out std_logic;\n  i : inout std_logic\n);\nend test_entity_name;  \narchitecture e_arch of test_entity_name is\nbegin \nend e_arch;\n`;\nconst expected = 'test_entity_name';\nconst current = await hdl_utils.get_toplevel(code_dummy, general_1.HDL_LANG.VHDL);\n(0, assert_1.equal)(current, expected);",
          "err": {},
          "uuid": "5e2692f9-63f5-421f-842b-215b85b3f8ce",
          "parentUUID": "c3cbf592-b1db-41d5-b771-16ce7759977e",
          "isHook": false,
          "skipped": true
        },
        {
          "title": "Get top level Verilog",
          "fullTitle": "Get top level Verilog",
          "timedOut": false,
          "duration": 0,
          "state": null,
          "speed": null,
          "pass": false,
          "fail": false,
          "pending": false,
          "context": null,
          "code": "const code_dummy = `\nmodule test_entity_name2 \n    #(\n        parameter a=8,\n        parameter b=9,\n        parameter c=10, d=11\n    )\n    (\n        input e,\n        output f,\n        input reg g,\n        input wire h,\n        input reg [7:0] i, j,\n        input wire [9:0] k,\n        output wire [9:0] l\n    );  \n\n    function [7:0] sum;  \n        input [7:0] a, b;  \n        begin  \n            sum = a + b;  \n        end  \n    endfunction\n\n    wire m;\n    wire n, p;\n    reg [1:0] q;\n\n    localparam r = 2;\n\n    always @(posedge a) begin : label_0\n    end\n\n    always_comb begin\n    end\n\n    always_ff begin : label_1\n    end\n\n    always_latch begin\n    end\n\n    test_entity_name \n    #(\n      .a(a ),\n      .b(b ),\n      .c(c ),\n      .d (d )\n    )\n    test_entity_name_dut (\n      .e (e ),\n      .f (f ),\n      .g (g ),\n      .h (h ),\n      .i (i ),\n      .j (j ),\n      .k (k ),\n      .l  ( l)\n    );\n  \nendmodule\n`;\nconst expected = 'test_entity_name2';\nconst current = await hdl_utils.get_toplevel(code_dummy, general_1.HDL_LANG.VERILOG);\n(0, assert_1.equal)(current, expected);",
          "err": {},
          "uuid": "17c28cc0-805d-40da-9071-f4aebabcbef0",
          "parentUUID": "c3cbf592-b1db-41d5-b771-16ce7759977e",
          "isHook": false,
          "skipped": true
        }
      ],
      "suites": [
        {
          "uuid": "da2e3b4d-b144-42be-8fc9-bfe04b5f9fb1",
          "title": "Check diagram generator",
          "fullFile": "/home/runner/work/colibri2/colibri2/tests/documenter/diagram.spec.ts",
          "file": "/tests/documenter/diagram.spec.ts",
          "beforeHooks": [],
          "afterHooks": [],
          "tests": [
            {
              "title": "With ports and generics and color",
              "fullTitle": "Check diagram generator With ports and generics and color",
              "timedOut": false,
              "duration": 357,
              "state": "passed",
              "speed": "slow",
              "pass": true,
              "fail": false,
              "pending": false,
              "context": null,
              "code": "const test_index = 0;\nconst OPT = {\n    blackandwhite: false\n};\nconst hdl_element = new common_hdl.Hdl_element(general_1.HDL_LANG.VHDL, common_hdl.TYPE_HDL_ELEMENT.ENTITY);\n// Ports\nhdl_element.add_port(port_input);\nhdl_element.add_port(port_output);\n// Generics\nhdl_element.add_generic(generic_0);\nhdl_element.add_generic(generic_1);\nconst svg_diagram = diagram.diagram_generator(hdl_element, OPT);\nconst file_o = paht_lib.join(C_OUTPUT_BASE_PATH, `output_${test_index}.svg`);\nfs.writeFileSync(file_o, svg_diagram);\ncheck_test(test_index);",
              "err": {},
              "uuid": "6e9960df-5c03-401d-9e50-f0e4da0d45e4",
              "parentUUID": "da2e3b4d-b144-42be-8fc9-bfe04b5f9fb1",
              "isHook": false,
              "skipped": false
            },
            {
              "title": "Only ports and color",
              "fullTitle": "Check diagram generator Only ports and color",
              "timedOut": false,
              "duration": 10,
              "state": "passed",
              "speed": "fast",
              "pass": true,
              "fail": false,
              "pending": false,
              "context": null,
              "code": "const test_index = 1;\nconst OPT = {\n    blackandwhite: false\n};\nconst hdl_element = new common_hdl.Hdl_element(general_1.HDL_LANG.VHDL, common_hdl.TYPE_HDL_ELEMENT.ENTITY);\n// Ports\nhdl_element.add_port(port_input);\nhdl_element.add_port(port_output);\nconst svg_diagram = diagram.diagram_generator(hdl_element, OPT);\nconst file_o = paht_lib.join(C_OUTPUT_BASE_PATH, `output_${test_index}.svg`);\nfs.writeFileSync(file_o, svg_diagram);\ncheck_test(test_index);",
              "err": {},
              "uuid": "c0e0fd28-49ca-41a6-a60a-3d643cde5039",
              "parentUUID": "da2e3b4d-b144-42be-8fc9-bfe04b5f9fb1",
              "isHook": false,
              "skipped": false
            },
            {
              "title": "Only generics and color",
              "fullTitle": "Check diagram generator Only generics and color",
              "timedOut": false,
              "duration": 17,
              "state": "passed",
              "speed": "fast",
              "pass": true,
              "fail": false,
              "pending": false,
              "context": null,
              "code": "const test_index = 2;\nconst OPT = {\n    blackandwhite: false\n};\nconst hdl_element = new common_hdl.Hdl_element(general_1.HDL_LANG.VHDL, common_hdl.TYPE_HDL_ELEMENT.ENTITY);\n// Generics\nhdl_element.add_generic(generic_0);\nhdl_element.add_generic(generic_1);\nconst svg_diagram = diagram.diagram_generator(hdl_element, OPT);\nconst file_o = paht_lib.join(C_OUTPUT_BASE_PATH, `output_${test_index}.svg`);\nfs.writeFileSync(file_o, svg_diagram);\ncheck_test(test_index);",
              "err": {},
              "uuid": "01be8e2f-4e06-4aa0-831a-31d440664ff4",
              "parentUUID": "da2e3b4d-b144-42be-8fc9-bfe04b5f9fb1",
              "isHook": false,
              "skipped": false
            },
            {
              "title": "Empty and color",
              "fullTitle": "Check diagram generator Empty and color",
              "timedOut": false,
              "duration": 10,
              "state": "passed",
              "speed": "fast",
              "pass": true,
              "fail": false,
              "pending": false,
              "context": null,
              "code": "const test_index = 3;\nconst OPT = {\n    blackandwhite: false\n};\nconst hdl_element = new common_hdl.Hdl_element(general_1.HDL_LANG.VHDL, common_hdl.TYPE_HDL_ELEMENT.ENTITY);\nconst svg_diagram = diagram.diagram_generator(hdl_element, OPT);\nconst file_o = paht_lib.join(C_OUTPUT_BASE_PATH, `output_${test_index}.svg`);\nfs.writeFileSync(file_o, svg_diagram);\ncheck_test(test_index);",
              "err": {},
              "uuid": "c8515f03-c8b2-49a7-b189-60bbe71bdb1a",
              "parentUUID": "da2e3b4d-b144-42be-8fc9-bfe04b5f9fb1",
              "isHook": false,
              "skipped": false
            },
            {
              "title": "With ports and generics and black and white",
              "fullTitle": "Check diagram generator With ports and generics and black and white",
              "timedOut": false,
              "duration": 39,
              "state": "passed",
              "speed": "medium",
              "pass": true,
              "fail": false,
              "pending": false,
              "context": null,
              "code": "const test_index = 4;\nconst OPT = {\n    blackandwhite: true\n};\nconst hdl_element = new common_hdl.Hdl_element(general_1.HDL_LANG.VHDL, common_hdl.TYPE_HDL_ELEMENT.ENTITY);\n// Ports\nhdl_element.add_port(port_input);\nhdl_element.add_port(port_output);\n// Generics\nhdl_element.add_generic(generic_0);\nhdl_element.add_generic(generic_1);\nconst svg_diagram = diagram.diagram_generator(hdl_element, OPT);\nconst file_o = paht_lib.join(C_OUTPUT_BASE_PATH, `output_${test_index}.svg`);\nfs.writeFileSync(file_o, svg_diagram);\ncheck_test(test_index);",
              "err": {},
              "uuid": "72350641-9622-4367-8534-9465e3bbc88f",
              "parentUUID": "da2e3b4d-b144-42be-8fc9-bfe04b5f9fb1",
              "isHook": false,
              "skipped": false
            }
          ],
          "suites": [],
          "passes": [
            "6e9960df-5c03-401d-9e50-f0e4da0d45e4",
            "c0e0fd28-49ca-41a6-a60a-3d643cde5039",
            "01be8e2f-4e06-4aa0-831a-31d440664ff4",
            "c8515f03-c8b2-49a7-b189-60bbe71bdb1a",
            "72350641-9622-4367-8534-9465e3bbc88f"
          ],
          "failures": [],
          "pending": [],
          "skipped": [],
          "duration": 433,
          "root": false,
          "rootEmpty": false,
          "_timeout": 2000
        },
        {
          "uuid": "6227914b-cf91-4571-993e-e8f58168732c",
          "title": "Check documenter creator with html",
          "fullFile": "/home/runner/work/colibri2/colibri2/tests/documenter/documenter.spec.ts",
          "file": "/tests/documenter/documenter.spec.ts",
          "beforeHooks": [],
          "afterHooks": [],
          "tests": [
            {
              "title": "Entity VHDL",
              "fullTitle": "Check documenter creator with html Entity VHDL",
              "timedOut": false,
              "duration": 909,
              "state": "passed",
              "speed": "slow",
              "pass": true,
              "fail": false,
              "pending": false,
              "context": null,
              "code": "const hdl_lang = general_1.HDL_LANG.VHDL;\nconst hdl_type = 'entity';\nawait run(hdl_type, hdl_lang, output_type_inst);",
              "err": {},
              "uuid": "9b23792a-88d3-4501-ae10-35fe7874ea56",
              "parentUUID": "6227914b-cf91-4571-993e-e8f58168732c",
              "isHook": false,
              "skipped": false
            },
            {
              "title": "Package VHDL",
              "fullTitle": "Check documenter creator with html Package VHDL",
              "timedOut": false,
              "duration": 433,
              "state": "passed",
              "speed": "slow",
              "pass": true,
              "fail": false,
              "pending": false,
              "context": null,
              "code": "const hdl_lang = general_1.HDL_LANG.VHDL;\nconst hdl_type = 'package';\nawait run(hdl_type, hdl_lang, output_type_inst);",
              "err": {},
              "uuid": "80253a67-cd5b-4fb3-afca-a1f035328ef1",
              "parentUUID": "6227914b-cf91-4571-993e-e8f58168732c",
              "isHook": false,
              "skipped": false
            },
            {
              "title": "Module Verilog",
              "fullTitle": "Check documenter creator with html Module Verilog",
              "timedOut": false,
              "duration": 1331,
              "state": "passed",
              "speed": "slow",
              "pass": true,
              "fail": false,
              "pending": false,
              "context": null,
              "code": "const hdl_lang = general_1.HDL_LANG.VERILOG;\nconst hdl_type = 'entity';\nawait run(hdl_type, hdl_lang, output_type_inst);",
              "err": {},
              "uuid": "6eb0bdaf-ffb9-477d-9f13-773181458b46",
              "parentUUID": "6227914b-cf91-4571-993e-e8f58168732c",
              "isHook": false,
              "skipped": false
            },
            {
              "title": "Package SystemVerilog",
              "fullTitle": "Check documenter creator with html Package SystemVerilog",
              "timedOut": false,
              "duration": 319,
              "state": "passed",
              "speed": "slow",
              "pass": true,
              "fail": false,
              "pending": false,
              "context": null,
              "code": "const hdl_lang = general_1.HDL_LANG.SYSTEMVERILOG;\nconst hdl_type = 'package';\nawait run(hdl_type, hdl_lang, output_type_inst);",
              "err": {},
              "uuid": "e90b5bdf-cd1b-4890-a368-61ec2c9e4a11",
              "parentUUID": "6227914b-cf91-4571-993e-e8f58168732c",
              "isHook": false,
              "skipped": false
            },
            {
              "title": "Interface SystemVerilog",
              "fullTitle": "Check documenter creator with html Interface SystemVerilog",
              "timedOut": false,
              "duration": 304,
              "state": "passed",
              "speed": "slow",
              "pass": true,
              "fail": false,
              "pending": false,
              "context": null,
              "code": "const hdl_lang = general_1.HDL_LANG.SYSTEMVERILOG;\nconst hdl_type = 'interface';\nawait run(hdl_type, hdl_lang, output_type_inst);",
              "err": {},
              "uuid": "6ae4c961-f8f8-4fe3-80af-995226fb96b5",
              "parentUUID": "6227914b-cf91-4571-993e-e8f58168732c",
              "isHook": false,
              "skipped": false
            }
          ],
          "suites": [],
          "passes": [
            "9b23792a-88d3-4501-ae10-35fe7874ea56",
            "80253a67-cd5b-4fb3-afca-a1f035328ef1",
            "6eb0bdaf-ffb9-477d-9f13-773181458b46",
            "e90b5bdf-cd1b-4890-a368-61ec2c9e4a11",
            "6ae4c961-f8f8-4fe3-80af-995226fb96b5"
          ],
          "failures": [],
          "pending": [],
          "skipped": [],
          "duration": 3296,
          "root": false,
          "rootEmpty": false,
          "_timeout": 2000
        },
        {
          "uuid": "693bd9eb-22ab-4a61-aa83-dd82b12d84fe",
          "title": "Check documenter creator with markdown",
          "fullFile": "/home/runner/work/colibri2/colibri2/tests/documenter/documenter.spec.ts",
          "file": "/tests/documenter/documenter.spec.ts",
          "beforeHooks": [],
          "afterHooks": [],
          "tests": [
            {
              "title": "Entity VHDL",
              "fullTitle": "Check documenter creator with markdown Entity VHDL",
              "timedOut": false,
              "duration": 313,
              "state": "passed",
              "speed": "slow",
              "pass": true,
              "fail": false,
              "pending": false,
              "context": null,
              "code": "const hdl_lang = general_1.HDL_LANG.VHDL;\nconst hdl_type = 'entity';\nawait run(hdl_type, hdl_lang, output_type_inst);",
              "err": {},
              "uuid": "fee48ea2-8b26-45be-a08f-e0a35d65d814",
              "parentUUID": "693bd9eb-22ab-4a61-aa83-dd82b12d84fe",
              "isHook": false,
              "skipped": false
            },
            {
              "title": "Package VHDL",
              "fullTitle": "Check documenter creator with markdown Package VHDL",
              "timedOut": false,
              "duration": 274,
              "state": "passed",
              "speed": "slow",
              "pass": true,
              "fail": false,
              "pending": false,
              "context": null,
              "code": "const hdl_lang = general_1.HDL_LANG.VHDL;\nconst hdl_type = 'package';\nawait run(hdl_type, hdl_lang, output_type_inst);",
              "err": {},
              "uuid": "3e21ad56-a39a-4f88-bbb1-f4c6cacc01d9",
              "parentUUID": "693bd9eb-22ab-4a61-aa83-dd82b12d84fe",
              "isHook": false,
              "skipped": false
            },
            {
              "title": "Module Verilog",
              "fullTitle": "Check documenter creator with markdown Module Verilog",
              "timedOut": false,
              "duration": 610,
              "state": "passed",
              "speed": "slow",
              "pass": true,
              "fail": false,
              "pending": false,
              "context": null,
              "code": "const hdl_lang = general_1.HDL_LANG.VERILOG;\nconst hdl_type = 'entity';\nawait run(hdl_type, hdl_lang, output_type_inst);",
              "err": {},
              "uuid": "0c8371c8-127a-48b0-94a3-d06292a63f85",
              "parentUUID": "693bd9eb-22ab-4a61-aa83-dd82b12d84fe",
              "isHook": false,
              "skipped": false
            },
            {
              "title": "Package SystemVerilog",
              "fullTitle": "Check documenter creator with markdown Package SystemVerilog",
              "timedOut": false,
              "duration": 306,
              "state": "passed",
              "speed": "slow",
              "pass": true,
              "fail": false,
              "pending": false,
              "context": null,
              "code": "const hdl_lang = general_1.HDL_LANG.SYSTEMVERILOG;\nconst hdl_type = 'package';\nawait run(hdl_type, hdl_lang, output_type_inst);",
              "err": {},
              "uuid": "3cb8a971-e355-44cc-8490-11d2b7cc3199",
              "parentUUID": "693bd9eb-22ab-4a61-aa83-dd82b12d84fe",
              "isHook": false,
              "skipped": false
            },
            {
              "title": "Interface SystemVerilog",
              "fullTitle": "Check documenter creator with markdown Interface SystemVerilog",
              "timedOut": false,
              "duration": 284,
              "state": "passed",
              "speed": "slow",
              "pass": true,
              "fail": false,
              "pending": false,
              "context": null,
              "code": "const hdl_lang = general_1.HDL_LANG.SYSTEMVERILOG;\nconst hdl_type = 'interface';\nawait run(hdl_type, hdl_lang, output_type_inst);",
              "err": {},
              "uuid": "60802cad-7040-4038-ba73-8f3ba063e376",
              "parentUUID": "693bd9eb-22ab-4a61-aa83-dd82b12d84fe",
              "isHook": false,
              "skipped": false
            }
          ],
          "suites": [],
          "passes": [
            "fee48ea2-8b26-45be-a08f-e0a35d65d814",
            "3e21ad56-a39a-4f88-bbb1-f4c6cacc01d9",
            "0c8371c8-127a-48b0-94a3-d06292a63f85",
            "3cb8a971-e355-44cc-8490-11d2b7cc3199",
            "60802cad-7040-4038-ba73-8f3ba063e376"
          ],
          "failures": [],
          "pending": [],
          "skipped": [],
          "duration": 1787,
          "root": false,
          "rootEmpty": false,
          "_timeout": 2000
        },
        {
          "uuid": "97f10873-9e6c-4a38-92dd-6039fdeecc1f",
          "title": "Test Doxygen elements single line and only 1 element in the description.",
          "fullFile": "/home/runner/work/colibri2/colibri2/tests/documenter/doxygen.spec.ts",
          "file": "/tests/documenter/doxygen.spec.ts",
          "beforeHooks": [],
          "afterHooks": [],
          "tests": [
            {
              "title": "Testing author",
              "fullTitle": "Test Doxygen elements single line and only 1 element in the description. Testing author",
              "timedOut": false,
              "duration": 0,
              "state": "passed",
              "speed": "fast",
              "pass": true,
              "fail": false,
              "pending": false,
              "context": null,
              "code": "const result = (0, doxygen_parser_1.parse_doxygen)(element.input);\n(0, assert_1.equal)(result.element_list[0].description, element.output);",
              "err": {},
              "uuid": "98086f38-a02f-4303-be46-004e5f02d06c",
              "parentUUID": "97f10873-9e6c-4a38-92dd-6039fdeecc1f",
              "isHook": false,
              "skipped": false
            },
            {
              "title": "Testing version",
              "fullTitle": "Test Doxygen elements single line and only 1 element in the description. Testing version",
              "timedOut": false,
              "duration": 0,
              "state": "passed",
              "speed": "fast",
              "pass": true,
              "fail": false,
              "pending": false,
              "context": null,
              "code": "const result = (0, doxygen_parser_1.parse_doxygen)(element.input);\n(0, assert_1.equal)(result.element_list[0].description, element.output);",
              "err": {},
              "uuid": "dad252a5-4324-43d3-9e61-91616f582af4",
              "parentUUID": "97f10873-9e6c-4a38-92dd-6039fdeecc1f",
              "isHook": false,
              "skipped": false
            },
            {
              "title": "Testing project",
              "fullTitle": "Test Doxygen elements single line and only 1 element in the description. Testing project",
              "timedOut": false,
              "duration": 0,
              "state": "passed",
              "speed": "fast",
              "pass": true,
              "fail": false,
              "pending": false,
              "context": null,
              "code": "const result = (0, doxygen_parser_1.parse_doxygen)(element.input);\n(0, assert_1.equal)(result.element_list[0].description, element.output);",
              "err": {},
              "uuid": "335800f5-fd95-4cc7-bda7-f75ae23eb791",
              "parentUUID": "97f10873-9e6c-4a38-92dd-6039fdeecc1f",
              "isHook": false,
              "skipped": false
            },
            {
              "title": "Testing copyright",
              "fullTitle": "Test Doxygen elements single line and only 1 element in the description. Testing copyright",
              "timedOut": false,
              "duration": 0,
              "state": "passed",
              "speed": "fast",
              "pass": true,
              "fail": false,
              "pending": false,
              "context": null,
              "code": "const result = (0, doxygen_parser_1.parse_doxygen)(element.input);\n(0, assert_1.equal)(result.element_list[0].description, element.output);",
              "err": {},
              "uuid": "71af7251-511c-4d70-9384-7413a474dd87",
              "parentUUID": "97f10873-9e6c-4a38-92dd-6039fdeecc1f",
              "isHook": false,
              "skipped": false
            },
            {
              "title": "Testing brief",
              "fullTitle": "Test Doxygen elements single line and only 1 element in the description. Testing brief",
              "timedOut": false,
              "duration": 0,
              "state": "passed",
              "speed": "fast",
              "pass": true,
              "fail": false,
              "pending": false,
              "context": null,
              "code": "const result = (0, doxygen_parser_1.parse_doxygen)(element.input);\n(0, assert_1.equal)(result.element_list[0].description, element.output);",
              "err": {},
              "uuid": "51b2840e-d6f4-42f0-93d8-afab78e764d0",
              "parentUUID": "97f10873-9e6c-4a38-92dd-6039fdeecc1f",
              "isHook": false,
              "skipped": false
            },
            {
              "title": "Testing details",
              "fullTitle": "Test Doxygen elements single line and only 1 element in the description. Testing details",
              "timedOut": false,
              "duration": 0,
              "state": "passed",
              "speed": "fast",
              "pass": true,
              "fail": false,
              "pending": false,
              "context": null,
              "code": "const result = (0, doxygen_parser_1.parse_doxygen)(element.input);\n(0, assert_1.equal)(result.element_list[0].description, element.output);",
              "err": {},
              "uuid": "8e7a83da-1fbb-47b1-8418-0dc112b57da5",
              "parentUUID": "97f10873-9e6c-4a38-92dd-6039fdeecc1f",
              "isHook": false,
              "skipped": false
            },
            {
              "title": "Testing custom_section_begin",
              "fullTitle": "Test Doxygen elements single line and only 1 element in the description. Testing custom_section_begin",
              "timedOut": false,
              "duration": 1,
              "state": "passed",
              "speed": "fast",
              "pass": true,
              "fail": false,
              "pending": false,
              "context": null,
              "code": "const result = (0, doxygen_parser_1.parse_doxygen)(element.input);\n(0, assert_1.equal)(result.element_list[0].description, element.output);",
              "err": {},
              "uuid": "53873d5b-81eb-471d-bc66-2f9ca38cd171",
              "parentUUID": "97f10873-9e6c-4a38-92dd-6039fdeecc1f",
              "isHook": false,
              "skipped": false
            },
            {
              "title": "Testing custom_section_end",
              "fullTitle": "Test Doxygen elements single line and only 1 element in the description. Testing custom_section_end",
              "timedOut": false,
              "duration": 0,
              "state": "passed",
              "speed": "fast",
              "pass": true,
              "fail": false,
              "pending": false,
              "context": null,
              "code": "const result = (0, doxygen_parser_1.parse_doxygen)(element.input);\n(0, assert_1.equal)(result.element_list[0].description, element.output);",
              "err": {},
              "uuid": "a2c1ac57-71ec-46e6-9dac-064d683affe1",
              "parentUUID": "97f10873-9e6c-4a38-92dd-6039fdeecc1f",
              "isHook": false,
              "skipped": false
            }
          ],
          "suites": [],
          "passes": [
            "98086f38-a02f-4303-be46-004e5f02d06c",
            "dad252a5-4324-43d3-9e61-91616f582af4",
            "335800f5-fd95-4cc7-bda7-f75ae23eb791",
            "71af7251-511c-4d70-9384-7413a474dd87",
            "51b2840e-d6f4-42f0-93d8-afab78e764d0",
            "8e7a83da-1fbb-47b1-8418-0dc112b57da5",
            "53873d5b-81eb-471d-bc66-2f9ca38cd171",
            "a2c1ac57-71ec-46e6-9dac-064d683affe1"
          ],
          "failures": [],
          "pending": [],
          "skipped": [],
          "duration": 1,
          "root": false,
          "rootEmpty": false,
          "_timeout": 2000
        },
        {
          "uuid": "edaa318d-0aed-452a-acd3-81109e846694",
          "title": "Test Doxygen elements multi line and only 1 element in the description.",
          "fullFile": "/home/runner/work/colibri2/colibri2/tests/documenter/doxygen.spec.ts",
          "file": "/tests/documenter/doxygen.spec.ts",
          "beforeHooks": [],
          "afterHooks": [],
          "tests": [
            {
              "title": "Testing author",
              "fullTitle": "Test Doxygen elements multi line and only 1 element in the description. Testing author",
              "timedOut": false,
              "duration": 0,
              "state": "passed",
              "speed": "fast",
              "pass": true,
              "fail": false,
              "pending": false,
              "context": null,
              "code": "const result = (0, doxygen_parser_1.parse_doxygen)(element.input);\n(0, assert_1.equal)(result.element_list[0].description, element.output);",
              "err": {},
              "uuid": "3ccc6f4a-79bd-49b6-8e84-af5b5c87ece1",
              "parentUUID": "edaa318d-0aed-452a-acd3-81109e846694",
              "isHook": false,
              "skipped": false
            },
            {
              "title": "Testing version",
              "fullTitle": "Test Doxygen elements multi line and only 1 element in the description. Testing version",
              "timedOut": false,
              "duration": 0,
              "state": "passed",
              "speed": "fast",
              "pass": true,
              "fail": false,
              "pending": false,
              "context": null,
              "code": "const result = (0, doxygen_parser_1.parse_doxygen)(element.input);\n(0, assert_1.equal)(result.element_list[0].description, element.output);",
              "err": {},
              "uuid": "00899c48-3e28-47db-91e0-440e71a02663",
              "parentUUID": "edaa318d-0aed-452a-acd3-81109e846694",
              "isHook": false,
              "skipped": false
            },
            {
              "title": "Testing project",
              "fullTitle": "Test Doxygen elements multi line and only 1 element in the description. Testing project",
              "timedOut": false,
              "duration": 0,
              "state": "passed",
              "speed": "fast",
              "pass": true,
              "fail": false,
              "pending": false,
              "context": null,
              "code": "const result = (0, doxygen_parser_1.parse_doxygen)(element.input);\n(0, assert_1.equal)(result.element_list[0].description, element.output);",
              "err": {},
              "uuid": "ee34768e-84fb-4224-9b17-a3b6057fe4b4",
              "parentUUID": "edaa318d-0aed-452a-acd3-81109e846694",
              "isHook": false,
              "skipped": false
            },
            {
              "title": "Testing copyright",
              "fullTitle": "Test Doxygen elements multi line and only 1 element in the description. Testing copyright",
              "timedOut": false,
              "duration": 1,
              "state": "passed",
              "speed": "fast",
              "pass": true,
              "fail": false,
              "pending": false,
              "context": null,
              "code": "const result = (0, doxygen_parser_1.parse_doxygen)(element.input);\n(0, assert_1.equal)(result.element_list[0].description, element.output);",
              "err": {},
              "uuid": "8a17f1d6-fced-49ab-bc0a-dffeed14cf6f",
              "parentUUID": "edaa318d-0aed-452a-acd3-81109e846694",
              "isHook": false,
              "skipped": false
            },
            {
              "title": "Testing brief",
              "fullTitle": "Test Doxygen elements multi line and only 1 element in the description. Testing brief",
              "timedOut": false,
              "duration": 0,
              "state": "passed",
              "speed": "fast",
              "pass": true,
              "fail": false,
              "pending": false,
              "context": null,
              "code": "const result = (0, doxygen_parser_1.parse_doxygen)(element.input);\n(0, assert_1.equal)(result.element_list[0].description, element.output);",
              "err": {},
              "uuid": "757f01be-4838-4687-a4c5-e5a55016bdc0",
              "parentUUID": "edaa318d-0aed-452a-acd3-81109e846694",
              "isHook": false,
              "skipped": false
            },
            {
              "title": "Testing details",
              "fullTitle": "Test Doxygen elements multi line and only 1 element in the description. Testing details",
              "timedOut": false,
              "duration": 0,
              "state": "passed",
              "speed": "fast",
              "pass": true,
              "fail": false,
              "pending": false,
              "context": null,
              "code": "const result = (0, doxygen_parser_1.parse_doxygen)(element.input);\n(0, assert_1.equal)(result.element_list[0].description, element.output);",
              "err": {},
              "uuid": "405906ae-94c6-4e12-8d42-206408da3cc9",
              "parentUUID": "edaa318d-0aed-452a-acd3-81109e846694",
              "isHook": false,
              "skipped": false
            },
            {
              "title": "Testing custom_section_begin",
              "fullTitle": "Test Doxygen elements multi line and only 1 element in the description. Testing custom_section_begin",
              "timedOut": false,
              "duration": 0,
              "state": "passed",
              "speed": "fast",
              "pass": true,
              "fail": false,
              "pending": false,
              "context": null,
              "code": "const result = (0, doxygen_parser_1.parse_doxygen)(element.input);\n(0, assert_1.equal)(result.element_list[0].description, element.output);",
              "err": {},
              "uuid": "b7c081a8-f2dc-4c6f-8114-35402385da3a",
              "parentUUID": "edaa318d-0aed-452a-acd3-81109e846694",
              "isHook": false,
              "skipped": false
            },
            {
              "title": "Testing custom_section_end",
              "fullTitle": "Test Doxygen elements multi line and only 1 element in the description. Testing custom_section_end",
              "timedOut": false,
              "duration": 0,
              "state": "passed",
              "speed": "fast",
              "pass": true,
              "fail": false,
              "pending": false,
              "context": null,
              "code": "const result = (0, doxygen_parser_1.parse_doxygen)(element.input);\n(0, assert_1.equal)(result.element_list[0].description, element.output);",
              "err": {},
              "uuid": "eeb85d11-a431-4afb-b125-53f2719df3ba",
              "parentUUID": "edaa318d-0aed-452a-acd3-81109e846694",
              "isHook": false,
              "skipped": false
            }
          ],
          "suites": [],
          "passes": [
            "3ccc6f4a-79bd-49b6-8e84-af5b5c87ece1",
            "00899c48-3e28-47db-91e0-440e71a02663",
            "ee34768e-84fb-4224-9b17-a3b6057fe4b4",
            "8a17f1d6-fced-49ab-bc0a-dffeed14cf6f",
            "757f01be-4838-4687-a4c5-e5a55016bdc0",
            "405906ae-94c6-4e12-8d42-206408da3cc9",
            "b7c081a8-f2dc-4c6f-8114-35402385da3a",
            "eeb85d11-a431-4afb-b125-53f2719df3ba"
          ],
          "failures": [],
          "pending": [],
          "skipped": [],
          "duration": 1,
          "root": false,
          "rootEmpty": false,
          "_timeout": 2000
        },
        {
          "uuid": "2ce06252-129f-4e32-af63-41956eec0e51",
          "title": "Check sections creator with html",
          "fullFile": "/home/runner/work/colibri2/colibri2/tests/documenter/section_creator.spec.ts",
          "file": "/tests/documenter/section_creator.spec.ts",
          "beforeHooks": [],
          "afterHooks": [],
          "tests": [
            {
              "title": "Title section",
              "fullTitle": "Check sections creator with html Title section",
              "timedOut": false,
              "duration": 1,
              "state": "passed",
              "speed": "fast",
              "pass": true,
              "fail": false,
              "pending": false,
              "context": null,
              "code": "const section_name = \"title\";\nconst section = creator.get_title_section(hdl_element, configuration);\nsave_output(section, section_name, configuration.output_type);\ncheck(section_name, configuration.output_type, false);",
              "err": {},
              "uuid": "0ddaafc0-c6df-47c3-b89b-51ab800c7c78",
              "parentUUID": "2ce06252-129f-4e32-af63-41956eec0e51",
              "isHook": false,
              "skipped": false
            },
            {
              "title": "Input section",
              "fullTitle": "Check sections creator with html Input section",
              "timedOut": false,
              "duration": 1,
              "state": "passed",
              "speed": "fast",
              "pass": true,
              "fail": false,
              "pending": false,
              "context": null,
              "code": "const section_name = \"input\";\nconst file_path = \"/example/of/sample.vhd\";\nconst section = creator.get_input_section(file_path, configuration);\nsave_output(section, section_name, configuration.output_type);\ncheck(section_name, configuration.output_type, false);",
              "err": {},
              "uuid": "a43f22c2-9531-45a2-9bb4-5eaeabd6d9a6",
              "parentUUID": "2ce06252-129f-4e32-af63-41956eec0e51",
              "isHook": false,
              "skipped": false
            },
            {
              "title": "Info section",
              "fullTitle": "Check sections creator with html Info section",
              "timedOut": false,
              "duration": 1,
              "state": "passed",
              "speed": "fast",
              "pass": true,
              "fail": false,
              "pending": false,
              "context": null,
              "code": "const section_name = \"info\";\nconst section = creator.get_info_section(hdl_element, configuration);\nsave_output(section, section_name, configuration.output_type);\ncheck(section_name, configuration.output_type, false);",
              "err": {},
              "uuid": "2d4a267b-8430-48d9-a0d9-78c48f3ed919",
              "parentUUID": "2ce06252-129f-4e32-af63-41956eec0e51",
              "isHook": false,
              "skipped": false
            },
            {
              "title": "Diagram section",
              "fullTitle": "Check sections creator with html Diagram section",
              "timedOut": false,
              "duration": 1,
              "state": "pending",
              "speed": null,
              "pass": false,
              "fail": false,
              "pending": true,
              "context": null,
              "code": "this.skip();\nconst section_name = \"diagram\";\nconst svg_path = paht_lib.join(C_OUTPUT_BASE_PATH, 'input_path.svg');\nconst section = creator.get_diagram_section(hdl_element, configuration, svg_path);\nsave_output(section, section_name, configuration.output_type);\ncheck(section_name, configuration.output_type, true);",
              "err": {},
              "uuid": "b8b9d81c-61c0-4108-97b1-0a5cc8180da6",
              "parentUUID": "2ce06252-129f-4e32-af63-41956eec0e51",
              "isHook": false,
              "skipped": false
            },
            {
              "title": "Custom begin section",
              "fullTitle": "Check sections creator with html Custom begin section",
              "timedOut": false,
              "duration": 144,
              "state": "passed",
              "speed": "slow",
              "pass": true,
              "fail": false,
              "pending": false,
              "context": null,
              "code": "const section_name = \"custom_section_begin\";\nconst input_path = paht_lib.join(__dirname, 'section_creator', 'helpers', 'input_path.vhd');\nconst section = creator.get_custom_section('custom_section_begin', hdl_element, configuration, input_path);\nsave_output(section, section_name, configuration.output_type);\ncheck(section_name, configuration.output_type, false);",
              "err": {},
              "uuid": "4de193c8-bc75-4160-a50c-d38bd23c1c73",
              "parentUUID": "2ce06252-129f-4e32-af63-41956eec0e51",
              "isHook": false,
              "skipped": false
            },
            {
              "title": "Custom end section",
              "fullTitle": "Check sections creator with html Custom end section",
              "timedOut": false,
              "duration": 1,
              "state": "passed",
              "speed": "fast",
              "pass": true,
              "fail": false,
              "pending": false,
              "context": null,
              "code": "const section_name = \"custom_section_end\";\nconst input_path = paht_lib.join(__dirname, 'section_creator', 'helpers', 'input_path.vhd');\nconst section = creator.get_custom_section('custom_section_end', hdl_element, configuration, input_path);\nsave_output(section, section_name, configuration.output_type);\ncheck(section_name, configuration.output_type, false);",
              "err": {},
              "uuid": "90ec4bce-b405-4a65-bde1-3737d4157bd9",
              "parentUUID": "2ce06252-129f-4e32-af63-41956eec0e51",
              "isHook": false,
              "skipped": false
            },
            {
              "title": "Description section",
              "fullTitle": "Check sections creator with html Description section",
              "timedOut": false,
              "duration": 6,
              "state": "passed",
              "speed": "fast",
              "pass": true,
              "fail": false,
              "pending": false,
              "context": null,
              "code": "if (configuration.output_type === common_documenter.doc_output_type.MARKDOWN) {\n    this.skip();\n}\nconst section_name = \"description\";\nconst section = creator.get_description_section(hdl_element, configuration, C_OUTPUT_BASE_PATH);\nsave_output(section, section_name, configuration.output_type);\ncheck(section_name, configuration.output_type, false);",
              "err": {},
              "uuid": "71c4b838-39bd-4ec5-8437-fc2581fbb1f0",
              "parentUUID": "2ce06252-129f-4e32-af63-41956eec0e51",
              "isHook": false,
              "skipped": false
            },
            {
              "title": "Port section",
              "fullTitle": "Check sections creator with html Port section",
              "timedOut": false,
              "duration": 1,
              "state": "passed",
              "speed": "fast",
              "pass": true,
              "fail": false,
              "pending": false,
              "context": null,
              "code": "const section_name = \"port\";\nconst section = creator.get_in_out_section(hdl_element, configuration);\nsave_output(section, section_name, configuration.output_type);\ncheck(section_name, configuration.output_type, false);",
              "err": {},
              "uuid": "af46f943-cc09-49da-8d30-bb864eb96941",
              "parentUUID": "2ce06252-129f-4e32-af63-41956eec0e51",
              "isHook": false,
              "skipped": false
            },
            {
              "title": "Signal-constant section",
              "fullTitle": "Check sections creator with html Signal-constant section",
              "timedOut": false,
              "duration": 3,
              "state": "passed",
              "speed": "fast",
              "pass": true,
              "fail": false,
              "pending": false,
              "context": null,
              "code": "const section_name = \"signal_constant\";\nconst section = creator.get_signal_constant_section(hdl_element, configuration);\nsave_output(section, section_name, configuration.output_type);\ncheck(section_name, configuration.output_type, false);",
              "err": {},
              "uuid": "ed2fc726-ea0f-4151-abd6-bdbf275e32c7",
              "parentUUID": "2ce06252-129f-4e32-af63-41956eec0e51",
              "isHook": false,
              "skipped": false
            },
            {
              "title": "Process section",
              "fullTitle": "Check sections creator with html Process section",
              "timedOut": false,
              "duration": 1,
              "state": "passed",
              "speed": "fast",
              "pass": true,
              "fail": false,
              "pending": false,
              "context": null,
              "code": "const section_name = \"process\";\nconst section = creator.get_process_section(hdl_element, configuration);\nsave_output(section, section_name, configuration.output_type);\ncheck(section_name, configuration.output_type, false);",
              "err": {},
              "uuid": "cda12b52-303e-4a75-ae92-145787d71505",
              "parentUUID": "2ce06252-129f-4e32-af63-41956eec0e51",
              "isHook": false,
              "skipped": false
            },
            {
              "title": "Function section",
              "fullTitle": "Check sections creator with html Function section",
              "timedOut": false,
              "duration": 7,
              "state": "passed",
              "speed": "fast",
              "pass": true,
              "fail": false,
              "pending": false,
              "context": null,
              "code": "const section_name = \"function\";\nconst section = creator.get_function_section(hdl_element, configuration);\nsave_output(section, section_name, configuration.output_type);\ncheck(section_name, configuration.output_type, false);",
              "err": {},
              "uuid": "7b115bd2-748d-4c27-9065-eb9142205e04",
              "parentUUID": "2ce06252-129f-4e32-af63-41956eec0e51",
              "isHook": false,
              "skipped": false
            },
            {
              "title": "Instantiation section",
              "fullTitle": "Check sections creator with html Instantiation section",
              "timedOut": false,
              "duration": 1,
              "state": "passed",
              "speed": "fast",
              "pass": true,
              "fail": false,
              "pending": false,
              "context": null,
              "code": "const section_name = \"instantiation\";\nconst section = creator.get_instantiation_section(hdl_element, configuration);\nsave_output(section, section_name, configuration.output_type);\ncheck(section_name, configuration.output_type, false);",
              "err": {},
              "uuid": "b954f1e4-61e1-45b6-929a-532366ece249",
              "parentUUID": "2ce06252-129f-4e32-af63-41956eec0e51",
              "isHook": false,
              "skipped": false
            }
          ],
          "suites": [],
          "passes": [
            "0ddaafc0-c6df-47c3-b89b-51ab800c7c78",
            "a43f22c2-9531-45a2-9bb4-5eaeabd6d9a6",
            "2d4a267b-8430-48d9-a0d9-78c48f3ed919",
            "4de193c8-bc75-4160-a50c-d38bd23c1c73",
            "90ec4bce-b405-4a65-bde1-3737d4157bd9",
            "71c4b838-39bd-4ec5-8437-fc2581fbb1f0",
            "af46f943-cc09-49da-8d30-bb864eb96941",
            "ed2fc726-ea0f-4151-abd6-bdbf275e32c7",
            "cda12b52-303e-4a75-ae92-145787d71505",
            "7b115bd2-748d-4c27-9065-eb9142205e04",
            "b954f1e4-61e1-45b6-929a-532366ece249"
          ],
          "failures": [],
          "pending": [
            "b8b9d81c-61c0-4108-97b1-0a5cc8180da6"
          ],
          "skipped": [],
          "duration": 168,
          "root": false,
          "rootEmpty": false,
          "_timeout": 2000
        },
        {
          "uuid": "b170b2d8-2be3-4e2a-a0f3-de357df820b6",
          "title": "Check sections creator with markdown",
          "fullFile": "/home/runner/work/colibri2/colibri2/tests/documenter/section_creator.spec.ts",
          "file": "/tests/documenter/section_creator.spec.ts",
          "beforeHooks": [],
          "afterHooks": [],
          "tests": [
            {
              "title": "Title section",
              "fullTitle": "Check sections creator with markdown Title section",
              "timedOut": false,
              "duration": 1,
              "state": "passed",
              "speed": "fast",
              "pass": true,
              "fail": false,
              "pending": false,
              "context": null,
              "code": "const section_name = \"title\";\nconst section = creator.get_title_section(hdl_element, configuration);\nsave_output(section, section_name, configuration.output_type);\ncheck(section_name, configuration.output_type, false);",
              "err": {},
              "uuid": "5c3953e2-9c83-4c9f-ab11-8ba9535eefce",
              "parentUUID": "b170b2d8-2be3-4e2a-a0f3-de357df820b6",
              "isHook": false,
              "skipped": false
            },
            {
              "title": "Input section",
              "fullTitle": "Check sections creator with markdown Input section",
              "timedOut": false,
              "duration": 0,
              "state": "passed",
              "speed": "fast",
              "pass": true,
              "fail": false,
              "pending": false,
              "context": null,
              "code": "const section_name = \"input\";\nconst file_path = \"/example/of/sample.vhd\";\nconst section = creator.get_input_section(file_path, configuration);\nsave_output(section, section_name, configuration.output_type);\ncheck(section_name, configuration.output_type, false);",
              "err": {},
              "uuid": "103ea2d2-f605-40ff-b3ea-f90fed974806",
              "parentUUID": "b170b2d8-2be3-4e2a-a0f3-de357df820b6",
              "isHook": false,
              "skipped": false
            },
            {
              "title": "Info section",
              "fullTitle": "Check sections creator with markdown Info section",
              "timedOut": false,
              "duration": 1,
              "state": "passed",
              "speed": "fast",
              "pass": true,
              "fail": false,
              "pending": false,
              "context": null,
              "code": "const section_name = \"info\";\nconst section = creator.get_info_section(hdl_element, configuration);\nsave_output(section, section_name, configuration.output_type);\ncheck(section_name, configuration.output_type, false);",
              "err": {},
              "uuid": "ec75f80d-7897-4b4e-bb1a-1c245afce191",
              "parentUUID": "b170b2d8-2be3-4e2a-a0f3-de357df820b6",
              "isHook": false,
              "skipped": false
            },
            {
              "title": "Diagram section",
              "fullTitle": "Check sections creator with markdown Diagram section",
              "timedOut": false,
              "duration": 0,
              "state": "pending",
              "speed": null,
              "pass": false,
              "fail": false,
              "pending": true,
              "context": null,
              "code": "this.skip();\nconst section_name = \"diagram\";\nconst svg_path = paht_lib.join(C_OUTPUT_BASE_PATH, 'input_path.svg');\nconst section = creator.get_diagram_section(hdl_element, configuration, svg_path);\nsave_output(section, section_name, configuration.output_type);\ncheck(section_name, configuration.output_type, true);",
              "err": {},
              "uuid": "39f897a5-3ef1-41b1-8518-e7598b832e34",
              "parentUUID": "b170b2d8-2be3-4e2a-a0f3-de357df820b6",
              "isHook": false,
              "skipped": false
            },
            {
              "title": "Custom begin section",
              "fullTitle": "Check sections creator with markdown Custom begin section",
              "timedOut": false,
              "duration": 1,
              "state": "passed",
              "speed": "fast",
              "pass": true,
              "fail": false,
              "pending": false,
              "context": null,
              "code": "const section_name = \"custom_section_begin\";\nconst input_path = paht_lib.join(__dirname, 'section_creator', 'helpers', 'input_path.vhd');\nconst section = creator.get_custom_section('custom_section_begin', hdl_element, configuration, input_path);\nsave_output(section, section_name, configuration.output_type);\ncheck(section_name, configuration.output_type, false);",
              "err": {},
              "uuid": "37ed8df2-4398-4b36-9c25-1701fd6156c7",
              "parentUUID": "b170b2d8-2be3-4e2a-a0f3-de357df820b6",
              "isHook": false,
              "skipped": false
            },
            {
              "title": "Custom end section",
              "fullTitle": "Check sections creator with markdown Custom end section",
              "timedOut": false,
              "duration": 1,
              "state": "passed",
              "speed": "fast",
              "pass": true,
              "fail": false,
              "pending": false,
              "context": null,
              "code": "const section_name = \"custom_section_end\";\nconst input_path = paht_lib.join(__dirname, 'section_creator', 'helpers', 'input_path.vhd');\nconst section = creator.get_custom_section('custom_section_end', hdl_element, configuration, input_path);\nsave_output(section, section_name, configuration.output_type);\ncheck(section_name, configuration.output_type, false);",
              "err": {},
              "uuid": "4b7fe766-8109-42d4-a22c-ce4977df767e",
              "parentUUID": "b170b2d8-2be3-4e2a-a0f3-de357df820b6",
              "isHook": false,
              "skipped": false
            },
            {
              "title": "Description section",
              "fullTitle": "Check sections creator with markdown Description section",
              "timedOut": false,
              "duration": 0,
              "state": "pending",
              "speed": null,
              "pass": false,
              "fail": false,
              "pending": true,
              "context": null,
              "code": "if (configuration.output_type === common_documenter.doc_output_type.MARKDOWN) {\n    this.skip();\n}\nconst section_name = \"description\";\nconst section = creator.get_description_section(hdl_element, configuration, C_OUTPUT_BASE_PATH);\nsave_output(section, section_name, configuration.output_type);\ncheck(section_name, configuration.output_type, false);",
              "err": {},
              "uuid": "80f2b3f2-1591-4bb7-8456-674e09785a0c",
              "parentUUID": "b170b2d8-2be3-4e2a-a0f3-de357df820b6",
              "isHook": false,
              "skipped": false
            },
            {
              "title": "Port section",
              "fullTitle": "Check sections creator with markdown Port section",
              "timedOut": false,
              "duration": 0,
              "state": "passed",
              "speed": "fast",
              "pass": true,
              "fail": false,
              "pending": false,
              "context": null,
              "code": "const section_name = \"port\";\nconst section = creator.get_in_out_section(hdl_element, configuration);\nsave_output(section, section_name, configuration.output_type);\ncheck(section_name, configuration.output_type, false);",
              "err": {},
              "uuid": "faa963a0-b8a5-427c-9137-353ffdf76ec6",
              "parentUUID": "b170b2d8-2be3-4e2a-a0f3-de357df820b6",
              "isHook": false,
              "skipped": false
            },
            {
              "title": "Signal-constant section",
              "fullTitle": "Check sections creator with markdown Signal-constant section",
              "timedOut": false,
              "duration": 0,
              "state": "passed",
              "speed": "fast",
              "pass": true,
              "fail": false,
              "pending": false,
              "context": null,
              "code": "const section_name = \"signal_constant\";\nconst section = creator.get_signal_constant_section(hdl_element, configuration);\nsave_output(section, section_name, configuration.output_type);\ncheck(section_name, configuration.output_type, false);",
              "err": {},
              "uuid": "f58ab475-5f7e-468e-a863-05120c106350",
              "parentUUID": "b170b2d8-2be3-4e2a-a0f3-de357df820b6",
              "isHook": false,
              "skipped": false
            },
            {
              "title": "Process section",
              "fullTitle": "Check sections creator with markdown Process section",
              "timedOut": false,
              "duration": 1,
              "state": "passed",
              "speed": "fast",
              "pass": true,
              "fail": false,
              "pending": false,
              "context": null,
              "code": "const section_name = \"process\";\nconst section = creator.get_process_section(hdl_element, configuration);\nsave_output(section, section_name, configuration.output_type);\ncheck(section_name, configuration.output_type, false);",
              "err": {},
              "uuid": "305a0e25-78cc-4e82-9233-745c1142b37e",
              "parentUUID": "b170b2d8-2be3-4e2a-a0f3-de357df820b6",
              "isHook": false,
              "skipped": false
            },
            {
              "title": "Function section",
              "fullTitle": "Check sections creator with markdown Function section",
              "timedOut": false,
              "duration": 1,
              "state": "passed",
              "speed": "fast",
              "pass": true,
              "fail": false,
              "pending": false,
              "context": null,
              "code": "const section_name = \"function\";\nconst section = creator.get_function_section(hdl_element, configuration);\nsave_output(section, section_name, configuration.output_type);\ncheck(section_name, configuration.output_type, false);",
              "err": {},
              "uuid": "c0f81c87-b60a-4775-a2c2-db5a3484135a",
              "parentUUID": "b170b2d8-2be3-4e2a-a0f3-de357df820b6",
              "isHook": false,
              "skipped": false
            },
            {
              "title": "Instantiation section",
              "fullTitle": "Check sections creator with markdown Instantiation section",
              "timedOut": false,
              "duration": 1,
              "state": "passed",
              "speed": "fast",
              "pass": true,
              "fail": false,
              "pending": false,
              "context": null,
              "code": "const section_name = \"instantiation\";\nconst section = creator.get_instantiation_section(hdl_element, configuration);\nsave_output(section, section_name, configuration.output_type);\ncheck(section_name, configuration.output_type, false);",
              "err": {},
              "uuid": "0d8b2cf5-dc7f-4ffa-86ea-8d3649b0c8d7",
              "parentUUID": "b170b2d8-2be3-4e2a-a0f3-de357df820b6",
              "isHook": false,
              "skipped": false
            }
          ],
          "suites": [],
          "passes": [
            "5c3953e2-9c83-4c9f-ab11-8ba9535eefce",
            "103ea2d2-f605-40ff-b3ea-f90fed974806",
            "ec75f80d-7897-4b4e-bb1a-1c245afce191",
            "37ed8df2-4398-4b36-9c25-1701fd6156c7",
            "4b7fe766-8109-42d4-a22c-ce4977df767e",
            "faa963a0-b8a5-427c-9137-353ffdf76ec6",
            "f58ab475-5f7e-468e-a863-05120c106350",
            "305a0e25-78cc-4e82-9233-745c1142b37e",
            "c0f81c87-b60a-4775-a2c2-db5a3484135a",
            "0d8b2cf5-dc7f-4ffa-86ea-8d3649b0c8d7"
          ],
          "failures": [],
          "pending": [
            "39f897a5-3ef1-41b1-8518-e7598b832e34",
            "80f2b3f2-1591-4bb7-8456-674e09785a0c"
          ],
          "skipped": [],
          "duration": 7,
          "root": false,
          "rootEmpty": false,
          "_timeout": 2000
        },
        {
          "uuid": "413f52fc-e831-4d21-9d91-e1380dd789d8",
          "title": "Check standalone VHDL formatter",
          "fullFile": "/home/runner/work/colibri2/colibri2/tests/formatter/formatter.spec.ts",
          "file": "/tests/formatter/formatter.spec.ts",
          "beforeHooks": [],
          "afterHooks": [],
          "tests": [
            {
              "title": "Check align comments true, indentation and keyworks lowercase",
              "fullTitle": "Check standalone VHDL formatter Check align comments true, indentation and keyworks lowercase",
              "timedOut": false,
              "duration": 33,
              "state": "passed",
              "speed": "fast",
              "pass": true,
              "fail": false,
              "pending": false,
              "context": null,
              "code": "const test_index = 0;\nconst options = {\n    remove_comments: false,\n    remove_asserts: false,\n    remove_report: false,\n    check_alias: false,\n    align_comments: true,\n    sign_align_settings: {\n        is_regional: true,\n        is_all: true,\n        mode: common.ALIGN_MODE.LOCAL,\n        keyWords: [\"FUNCTION\", \"IMPURE FUNCTION\", \"GENERIC\", \"PORT\", \"PROCEDURE\"]\n    },\n    keyword_case: common.LETTER_CASE.LOWERCASE,\n    type_name_case: common.LETTER_CASE.LOWERCASE,\n    indentation: \"    \",\n    new_line_settings: {\n        new_line_after: [\";\", \"then\"],\n        no_new_line_after: []\n    },\n    end_of_line: \"\\n\"\n};\nawait format_and_check(formatter_name, language, test_index, options);",
              "err": {},
              "uuid": "5f67e633-9fe6-4003-9c14-2d2a347fd964",
              "parentUUID": "413f52fc-e831-4d21-9d91-e1380dd789d8",
              "isHook": false,
              "skipped": false
            },
            {
              "title": "Check align comments false, indentation and keyworks uppercase",
              "fullTitle": "Check standalone VHDL formatter Check align comments false, indentation and keyworks uppercase",
              "timedOut": false,
              "duration": 5,
              "state": "passed",
              "speed": "fast",
              "pass": true,
              "fail": false,
              "pending": false,
              "context": null,
              "code": "const test_index = 1;\nconst options = {\n    remove_comments: false,\n    remove_asserts: false,\n    remove_report: false,\n    check_alias: false,\n    align_comments: false,\n    sign_align_settings: {\n        is_regional: true,\n        is_all: true,\n        mode: common.ALIGN_MODE.LOCAL,\n        keyWords: [\"FUNCTION\", \"IMPURE FUNCTION\", \"GENERIC\", \"PORT\", \"PROCEDURE\"]\n    },\n    keyword_case: common.LETTER_CASE.UPPERCASE,\n    type_name_case: common.LETTER_CASE.UPPERCASE,\n    indentation: \"      \",\n    new_line_settings: {\n        new_line_after: [\";\", \"then\"],\n        no_new_line_after: []\n    },\n    end_of_line: \"\\n\"\n};\nawait format_and_check(formatter_name, language, test_index, options);",
              "err": {},
              "uuid": "9c64f366-c101-4200-830f-564e870c35e9",
              "parentUUID": "413f52fc-e831-4d21-9d91-e1380dd789d8",
              "isHook": false,
              "skipped": false
            }
          ],
          "suites": [],
          "passes": [
            "5f67e633-9fe6-4003-9c14-2d2a347fd964",
            "9c64f366-c101-4200-830f-564e870c35e9"
          ],
          "failures": [],
          "pending": [],
          "skipped": [],
          "duration": 38,
          "root": false,
          "rootEmpty": false,
          "_timeout": 2000
        },
        {
          "uuid": "48736906-5aa2-4482-b11a-b26742df0634",
          "title": "Check istyle formatter",
          "fullFile": "/home/runner/work/colibri2/colibri2/tests/formatter/formatter.spec.ts",
          "file": "/tests/formatter/formatter.spec.ts",
          "beforeHooks": [],
          "afterHooks": [],
          "tests": [
            {
              "title": "Check ansi with indent = 2",
              "fullTitle": "Check istyle formatter Check ansi with indent = 2",
              "timedOut": false,
              "duration": 21,
              "state": "passed",
              "speed": "fast",
              "pass": true,
              "fail": false,
              "pending": false,
              "context": null,
              "code": "const test_index = index;\nconst options = { style: style_inst, indent_size: 2 };\nawait format_and_check(formatter_name, language, test_index, options);",
              "err": {},
              "uuid": "8adf0bf7-6913-4e7e-9429-7afc256cfa54",
              "parentUUID": "48736906-5aa2-4482-b11a-b26742df0634",
              "isHook": false,
              "skipped": false
            },
            {
              "title": "Check kr with indent = 2",
              "fullTitle": "Check istyle formatter Check kr with indent = 2",
              "timedOut": false,
              "duration": 15,
              "state": "passed",
              "speed": "fast",
              "pass": true,
              "fail": false,
              "pending": false,
              "context": null,
              "code": "const test_index = index;\nconst options = { style: style_inst, indent_size: 2 };\nawait format_and_check(formatter_name, language, test_index, options);",
              "err": {},
              "uuid": "721edf7d-ccd2-4f97-bf54-11bc0040924e",
              "parentUUID": "48736906-5aa2-4482-b11a-b26742df0634",
              "isHook": false,
              "skipped": false
            },
            {
              "title": "Check gnu with indent = 2",
              "fullTitle": "Check istyle formatter Check gnu with indent = 2",
              "timedOut": false,
              "duration": 13,
              "state": "passed",
              "speed": "fast",
              "pass": true,
              "fail": false,
              "pending": false,
              "context": null,
              "code": "const test_index = index;\nconst options = { style: style_inst, indent_size: 2 };\nawait format_and_check(formatter_name, language, test_index, options);",
              "err": {},
              "uuid": "6dfbe2a0-7a1a-4463-8155-0daf8eb87192",
              "parentUUID": "48736906-5aa2-4482-b11a-b26742df0634",
              "isHook": false,
              "skipped": false
            },
            {
              "title": "Check onlyindent with indent = 2",
              "fullTitle": "Check istyle formatter Check onlyindent with indent = 2",
              "timedOut": false,
              "duration": 14,
              "state": "passed",
              "speed": "fast",
              "pass": true,
              "fail": false,
              "pending": false,
              "context": null,
              "code": "const test_index = index;\nconst options = { style: style_inst, indent_size: 2 };\nawait format_and_check(formatter_name, language, test_index, options);",
              "err": {},
              "uuid": "4c5013dd-66d3-4132-904d-ea60b52f2761",
              "parentUUID": "48736906-5aa2-4482-b11a-b26742df0634",
              "isHook": false,
              "skipped": false
            },
            {
              "title": "Check ansi with indent = 6",
              "fullTitle": "Check istyle formatter Check ansi with indent = 6",
              "timedOut": false,
              "duration": 14,
              "state": "passed",
              "speed": "fast",
              "pass": true,
              "fail": false,
              "pending": false,
              "context": null,
              "code": "const test_index = index + style_list.length;\nconst options = { style: style_inst, indent_size: 6 };\nawait format_and_check(formatter_name, language, test_index, options);",
              "err": {},
              "uuid": "d910b243-f5e4-484d-ab50-fe653de6bf8b",
              "parentUUID": "48736906-5aa2-4482-b11a-b26742df0634",
              "isHook": false,
              "skipped": false
            },
            {
              "title": "Check kr with indent = 6",
              "fullTitle": "Check istyle formatter Check kr with indent = 6",
              "timedOut": false,
              "duration": 14,
              "state": "passed",
              "speed": "fast",
              "pass": true,
              "fail": false,
              "pending": false,
              "context": null,
              "code": "const test_index = index + style_list.length;\nconst options = { style: style_inst, indent_size: 6 };\nawait format_and_check(formatter_name, language, test_index, options);",
              "err": {},
              "uuid": "52208534-8ab7-4dc0-939b-f3a010653a99",
              "parentUUID": "48736906-5aa2-4482-b11a-b26742df0634",
              "isHook": false,
              "skipped": false
            },
            {
              "title": "Check gnu with indent = 6",
              "fullTitle": "Check istyle formatter Check gnu with indent = 6",
              "timedOut": false,
              "duration": 15,
              "state": "passed",
              "speed": "fast",
              "pass": true,
              "fail": false,
              "pending": false,
              "context": null,
              "code": "const test_index = index + style_list.length;\nconst options = { style: style_inst, indent_size: 6 };\nawait format_and_check(formatter_name, language, test_index, options);",
              "err": {},
              "uuid": "4daed223-d056-4a07-a21b-af2c13283dc6",
              "parentUUID": "48736906-5aa2-4482-b11a-b26742df0634",
              "isHook": false,
              "skipped": false
            },
            {
              "title": "Check onlyindent with indent = 6",
              "fullTitle": "Check istyle formatter Check onlyindent with indent = 6",
              "timedOut": false,
              "duration": 13,
              "state": "passed",
              "speed": "fast",
              "pass": true,
              "fail": false,
              "pending": false,
              "context": null,
              "code": "const test_index = index + style_list.length;\nconst options = { style: style_inst, indent_size: 6 };\nawait format_and_check(formatter_name, language, test_index, options);",
              "err": {},
              "uuid": "0c768cde-d055-4174-97cd-63b1ea0c6ac8",
              "parentUUID": "48736906-5aa2-4482-b11a-b26742df0634",
              "isHook": false,
              "skipped": false
            }
          ],
          "suites": [],
          "passes": [
            "8adf0bf7-6913-4e7e-9429-7afc256cfa54",
            "721edf7d-ccd2-4f97-bf54-11bc0040924e",
            "6dfbe2a0-7a1a-4463-8155-0daf8eb87192",
            "4c5013dd-66d3-4132-904d-ea60b52f2761",
            "d910b243-f5e4-484d-ab50-fe653de6bf8b",
            "52208534-8ab7-4dc0-939b-f3a010653a99",
            "4daed223-d056-4a07-a21b-af2c13283dc6",
            "0c768cde-d055-4174-97cd-63b1ea0c6ac8"
          ],
          "failures": [],
          "pending": [],
          "skipped": [],
          "duration": 119,
          "root": false,
          "rootEmpty": false,
          "_timeout": 2000
        },
        {
          "uuid": "d64c3720-65c0-4901-a4af-74faeef52b47",
          "title": "Check s3sv formatter",
          "fullFile": "/home/runner/work/colibri2/colibri2/tests/formatter/formatter.spec.ts",
          "file": "/tests/formatter/formatter.spec.ts",
          "beforeHooks": [],
          "afterHooks": [],
          "tests": [
            {
              "title": "Check config 0",
              "fullTitle": "Check s3sv formatter Check config 0",
              "timedOut": false,
              "duration": 161,
              "state": "passed",
              "speed": "slow",
              "pass": true,
              "fail": false,
              "pending": false,
              "context": null,
              "code": "const test_index = 0;\nconst options = {\n    python3_path: \"\",\n    use_tabs: false,\n    indent_size: 2,\n    one_bind_per_line: true,\n    one_decl_per_line: true\n};\nawait format_and_check(formatter_name, language, test_index, options);",
              "err": {},
              "uuid": "06a75429-566f-4661-b17c-11e739776007",
              "parentUUID": "d64c3720-65c0-4901-a4af-74faeef52b47",
              "isHook": false,
              "skipped": false
            },
            {
              "title": "Check config 1",
              "fullTitle": "Check s3sv formatter Check config 1",
              "timedOut": false,
              "duration": 154,
              "state": "passed",
              "speed": "slow",
              "pass": true,
              "fail": false,
              "pending": false,
              "context": null,
              "code": "const test_index = 1;\nconst options = {\n    python3_path: \"\",\n    use_tabs: true,\n    indent_size: 4,\n    one_bind_per_line: true,\n    one_decl_per_line: true\n};\nawait format_and_check(formatter_name, language, test_index, options);",
              "err": {},
              "uuid": "388873db-a9ad-46b0-aced-db4f979282a9",
              "parentUUID": "d64c3720-65c0-4901-a4af-74faeef52b47",
              "isHook": false,
              "skipped": false
            },
            {
              "title": "Check config 2 and bad python3 path",
              "fullTitle": "Check s3sv formatter Check config 2 and bad python3 path",
              "timedOut": false,
              "duration": 182,
              "state": "passed",
              "speed": "slow",
              "pass": true,
              "fail": false,
              "pending": false,
              "context": null,
              "code": "const test_index = 2;\nconst options = {\n    python3_path: \"asdf\",\n    use_tabs: true,\n    indent_size: 2,\n    one_bind_per_line: false,\n    one_decl_per_line: true\n};\nawait format_and_check(formatter_name, language, test_index, options);",
              "err": {},
              "uuid": "aef23f93-9b50-49c6-ae40-48e4e1c2ac26",
              "parentUUID": "d64c3720-65c0-4901-a4af-74faeef52b47",
              "isHook": false,
              "skipped": false
            }
          ],
          "suites": [],
          "passes": [
            "06a75429-566f-4661-b17c-11e739776007",
            "388873db-a9ad-46b0-aced-db4f979282a9",
            "aef23f93-9b50-49c6-ae40-48e4e1c2ac26"
          ],
          "failures": [],
          "pending": [],
          "skipped": [],
          "duration": 497,
          "root": false,
          "rootEmpty": false,
          "_timeout": 2000
        },
        {
          "uuid": "fb766c62-7d74-4006-ab63-7f8e1f19630c",
          "title": "Check FSM for vhdl",
          "fullFile": "/home/runner/work/colibri2/colibri2/tests/parser/fsm.spec.ts",
          "file": "/tests/parser/fsm.spec.ts",
          "beforeHooks": [],
          "afterHooks": [],
          "tests": [
            {
              "title": "Normal",
              "fullTitle": "Check FSM for vhdl Normal",
              "timedOut": false,
              "duration": 185,
              "state": "passed",
              "speed": "slow",
              "pass": true,
              "fail": false,
              "pending": false,
              "context": null,
              "code": "const test_index = 0;\nawait parse_fsm(lang_inst, test_index);\ncheck_test(test_index, lang_inst);",
              "err": {},
              "uuid": "a1b4c64b-50b4-4af2-8512-5665bddc536b",
              "parentUUID": "fb766c62-7d74-4006-ab63-7f8e1f19630c",
              "isHook": false,
              "skipped": false
            }
          ],
          "suites": [],
          "passes": [
            "a1b4c64b-50b4-4af2-8512-5665bddc536b"
          ],
          "failures": [],
          "pending": [],
          "skipped": [],
          "duration": 185,
          "root": false,
          "rootEmpty": false,
          "_timeout": 2000
        },
        {
          "uuid": "54d9bc36-29f1-444f-9cd0-76d8b451d6b9",
          "title": "Check FSM for verilog",
          "fullFile": "/home/runner/work/colibri2/colibri2/tests/parser/fsm.spec.ts",
          "file": "/tests/parser/fsm.spec.ts",
          "beforeHooks": [],
          "afterHooks": [],
          "tests": [
            {
              "title": "Normal",
              "fullTitle": "Check FSM for verilog Normal",
              "timedOut": false,
              "duration": 370,
              "state": "passed",
              "speed": "slow",
              "pass": true,
              "fail": false,
              "pending": false,
              "context": null,
              "code": "const test_index = 0;\nawait parse_fsm(lang_inst, test_index);\ncheck_test(test_index, lang_inst);",
              "err": {},
              "uuid": "568e3d70-f065-460b-8551-8c1472f0cfcd",
              "parentUUID": "54d9bc36-29f1-444f-9cd0-76d8b451d6b9",
              "isHook": false,
              "skipped": false
            }
          ],
          "suites": [],
          "passes": [
            "568e3d70-f065-460b-8551-8c1472f0cfcd"
          ],
          "failures": [],
          "pending": [],
          "skipped": [],
          "duration": 370,
          "root": false,
          "rootEmpty": false,
          "_timeout": 2000
        },
        {
          "uuid": "35e036bf-8366-4b9a-89b9-9ce153d58609",
          "title": "Check entity Verilog",
          "fullFile": "/home/runner/work/colibri2/colibri2/tests/parser/parser_verilog_entity.spec.ts",
          "file": "/tests/parser/parser_verilog_entity.spec.ts",
          "beforeHooks": [],
          "afterHooks": [],
          "tests": [],
          "suites": [
            {
              "uuid": "a3a330ec-8fca-4d2a-ad47-f22080f044fc",
              "title": "Check entity.",
              "fullFile": "/home/runner/work/colibri2/colibri2/tests/parser/parser_verilog_entity.spec.ts",
              "file": "/tests/parser/parser_verilog_entity.spec.ts",
              "beforeHooks": [
                {
                  "title": "\"before all\" hook in \"Check entity.\"",
                  "fullTitle": "Check entity Verilog Check entity. \"before all\" hook in \"Check entity.\"",
                  "timedOut": false,
                  "duration": 267,
                  "state": null,
                  "speed": null,
                  "pass": false,
                  "fail": false,
                  "pending": false,
                  "context": null,
                  "code": "result = await parse();",
                  "err": {},
                  "uuid": "311ffe8c-4d17-4452-9758-8cfbdefbda4e",
                  "parentUUID": "a3a330ec-8fca-4d2a-ad47-f22080f044fc",
                  "isHook": true,
                  "skipped": false
                }
              ],
              "afterHooks": [],
              "tests": [
                {
                  "title": "Check name",
                  "fullTitle": "Check entity Verilog Check entity. Check name",
                  "timedOut": false,
                  "duration": 0,
                  "state": "passed",
                  "speed": "fast",
                  "pass": true,
                  "fail": false,
                  "pending": false,
                  "context": null,
                  "code": "(0, assert_1.equal)(result.name, 'test_entity_name');",
                  "err": {},
                  "uuid": "b1e0fc41-e585-4694-837b-94131d99e093",
                  "parentUUID": "a3a330ec-8fca-4d2a-ad47-f22080f044fc",
                  "isHook": false,
                  "skipped": false
                },
                {
                  "title": "Check type is entity",
                  "fullTitle": "Check entity Verilog Check entity. Check type is entity",
                  "timedOut": false,
                  "duration": 0,
                  "state": "passed",
                  "speed": "fast",
                  "pass": true,
                  "fail": false,
                  "pending": false,
                  "context": null,
                  "code": "(0, assert_1.equal)(result.get_hdl_type(), common.TYPE_HDL_ELEMENT.ENTITY);",
                  "err": {},
                  "uuid": "6b8327c0-d6e2-4091-9496-a20cb9f8e870",
                  "parentUUID": "a3a330ec-8fca-4d2a-ad47-f22080f044fc",
                  "isHook": false,
                  "skipped": false
                }
              ],
              "suites": [],
              "passes": [
                "b1e0fc41-e585-4694-837b-94131d99e093",
[...]
              "err": {},
              "uuid": "e3d4624f-f997-40f8-9bf1-55a6cfd176b4",
              "parentUUID": "0b80ba6e-aaeb-4ce2-85de-88d39bbdf43e",
              "isHook": false,
              "skipped": false
            }
          ],
          "suites": [],
          "passes": [
            "e3d4624f-f997-40f8-9bf1-55a6cfd176b4"
          ],
          "failures": [],
          "pending": [],
          "skipped": [],
          "duration": 0,
          "root": false,
          "rootEmpty": false,
          "_timeout": 2000
        },
        {
          "uuid": "ce024c8b-f4cc-4433-bf1f-27653cad6d56",
          "title": "Check hover VHDL",
          "fullFile": "/home/runner/work/colibri2/colibri2/tests/utils/number.spec.ts",
          "file": "/tests/utils/number.spec.ts",
          "beforeHooks": [],
          "afterHooks": [],
          "tests": [
            {
              "title": "Binary unsigned",
              "fullTitle": "Check hover VHDL Binary unsigned",
              "timedOut": false,
              "duration": 0,
              "state": "passed",
              "speed": "fast",
              "pass": true,
              "fail": false,
              "pending": false,
              "context": null,
              "code": "const code_dummy = '\"0011\"';\nconst expected_number = {\n    signed_n: 0,\n    unsigned_n: 3,\n    is_multi: false,\n    is_ok: true\n};\nconst current_number = (0, numbers_1.hdl_hover)(code_dummy, lang);\n(0, assert_1.deepEqual)(current_number, expected_number);",
              "err": {},
              "uuid": "f9dffd77-bff3-44ae-ae7b-66fbef8911af",
              "parentUUID": "ce024c8b-f4cc-4433-bf1f-27653cad6d56",
              "isHook": false,
              "skipped": false
            },
            {
              "title": "Binary unsigned or signed",
              "fullTitle": "Check hover VHDL Binary unsigned or signed",
              "timedOut": false,
              "duration": 1,
              "state": "passed",
              "speed": "fast",
              "pass": true,
              "fail": false,
              "pending": false,
              "context": null,
              "code": "const code_dummy = '\"1101\"';\nconst expected_number = {\n    signed_n: -3,\n    unsigned_n: 13,\n    is_multi: true,\n    is_ok: true\n};\nconst current_number = (0, numbers_1.hdl_hover)(code_dummy, lang);\n(0, assert_1.deepEqual)(current_number, expected_number);",
              "err": {},
              "uuid": "67cf3450-233d-4628-8192-bcf30e856854",
              "parentUUID": "ce024c8b-f4cc-4433-bf1f-27653cad6d56",
              "isHook": false,
              "skipped": false
            },
            {
              "title": "Binary unsigned or signed with separator",
              "fullTitle": "Check hover VHDL Binary unsigned or signed with separator",
              "timedOut": false,
              "duration": 0,
              "state": "passed",
              "speed": "fast",
              "pass": true,
              "fail": false,
              "pending": false,
              "context": null,
              "code": "const code_dummy = '\"1_10_0\"';\nconst expected_number = {\n    signed_n: -4,\n    unsigned_n: 12,\n    is_multi: true,\n    is_ok: true\n};\nconst current_number = (0, numbers_1.hdl_hover)(code_dummy, lang);\n(0, assert_1.deepEqual)(current_number, expected_number);",
              "err": {},
              "uuid": "0f855501-cdf6-4383-8be2-53974ef9a2ea",
              "parentUUID": "ce024c8b-f4cc-4433-bf1f-27653cad6d56",
              "isHook": false,
              "skipped": false
            },
            {
              "title": "Hexadeximal unsigned",
              "fullTitle": "Check hover VHDL Hexadeximal unsigned",
              "timedOut": false,
              "duration": 0,
              "state": "passed",
              "speed": "fast",
              "pass": true,
              "fail": false,
              "pending": false,
              "context": null,
              "code": "const code_dummy = 'x\"0aB0\"';\nconst expected_number = {\n    signed_n: 0,\n    unsigned_n: 2736,\n    is_multi: false,\n    is_ok: true\n};\nconst current_number = (0, numbers_1.hdl_hover)(code_dummy, lang);\n(0, assert_1.deepEqual)(current_number, expected_number);",
              "err": {},
              "uuid": "50807e71-62d6-4199-9799-2b48987e91db",
              "parentUUID": "ce024c8b-f4cc-4433-bf1f-27653cad6d56",
              "isHook": false,
              "skipped": false
            },
            {
              "title": "Hexadeximal unsigned or signed",
              "fullTitle": "Check hover VHDL Hexadeximal unsigned or signed",
              "timedOut": false,
              "duration": 1,
              "state": "passed",
              "speed": "fast",
              "pass": true,
              "fail": false,
              "pending": false,
              "context": null,
              "code": "const code_dummy = 'x\"aaB0\"';\nconst expected_number = {\n    signed_n: -21840,\n    unsigned_n: 43696,\n    is_multi: true,\n    is_ok: true\n};\nconst current_number = (0, numbers_1.hdl_hover)(code_dummy, lang);\n(0, assert_1.deepEqual)(current_number, expected_number);",
              "err": {},
              "uuid": "d1ba4fd2-292f-47da-b688-66d791ea462c",
              "parentUUID": "ce024c8b-f4cc-4433-bf1f-27653cad6d56",
              "isHook": false,
              "skipped": false
            },
            {
              "title": "Hexadeximal unsigned or signed with separator",
              "fullTitle": "Check hover VHDL Hexadeximal unsigned or signed with separator",
              "timedOut": false,
              "duration": 0,
              "state": "passed",
              "speed": "fast",
              "pass": true,
              "fail": false,
              "pending": false,
              "context": null,
              "code": "const code_dummy = 'x\"a_a_b0\"';\nconst expected_number = {\n    signed_n: -21840,\n    unsigned_n: 43696,\n    is_multi: true,\n    is_ok: true\n};\nconst current_number = (0, numbers_1.hdl_hover)(code_dummy, lang);\n(0, assert_1.deepEqual)(current_number, expected_number);",
              "err": {},
              "uuid": "9a799b6b-552e-43d2-85da-536377c5c616",
              "parentUUID": "ce024c8b-f4cc-4433-bf1f-27653cad6d56",
              "isHook": false,
              "skipped": false
            },
            {
              "title": "Octal unsigned",
              "fullTitle": "Check hover VHDL Octal unsigned",
              "timedOut": false,
              "duration": 0,
              "state": "passed",
              "speed": "fast",
              "pass": true,
              "fail": false,
              "pending": false,
              "context": null,
              "code": "const code_dummy = 'o\"0175\"';\nconst expected_number = {\n    signed_n: 0,\n    unsigned_n: 125,\n    is_multi: false,\n    is_ok: true\n};\nconst current_number = (0, numbers_1.hdl_hover)(code_dummy, lang);\n(0, assert_1.deepEqual)(current_number, expected_number);",
              "err": {},
              "uuid": "e5c55a1d-9d19-48f8-909f-0ee87bababd6",
              "parentUUID": "ce024c8b-f4cc-4433-bf1f-27653cad6d56",
              "isHook": false,
              "skipped": false
            },
            {
              "title": "Octal unsigned or signed",
              "fullTitle": "Check hover VHDL Octal unsigned or signed",
              "timedOut": false,
              "duration": 0,
              "state": "passed",
              "speed": "fast",
              "pass": true,
              "fail": false,
              "pending": false,
              "context": null,
              "code": "const code_dummy = 'O\"232\"';\nconst expected_number = {\n    signed_n: -102,\n    unsigned_n: 154,\n    is_multi: true,\n    is_ok: true\n};\nconst current_number = (0, numbers_1.hdl_hover)(code_dummy, lang);\n(0, assert_1.deepEqual)(current_number, expected_number);",
              "err": {},
              "uuid": "7692879b-5380-4132-8ed9-d990a534b64e",
              "parentUUID": "ce024c8b-f4cc-4433-bf1f-27653cad6d56",
              "isHook": false,
              "skipped": false
            },
            {
              "title": "Octal unsigned or signed with separator",
              "fullTitle": "Check hover VHDL Octal unsigned or signed with separator",
              "timedOut": false,
              "duration": 0,
              "state": "passed",
              "speed": "fast",
              "pass": true,
              "fail": false,
              "pending": false,
              "context": null,
              "code": "const code_dummy = 'o\"2_3_2\"';\nconst expected_number = {\n    signed_n: -102,\n    unsigned_n: 154,\n    is_multi: true,\n    is_ok: true\n};\nconst current_number = (0, numbers_1.hdl_hover)(code_dummy, lang);\n(0, assert_1.deepEqual)(current_number, expected_number);",
              "err": {},
              "uuid": "a9953661-0f34-4b4b-b817-778d792a21b4",
              "parentUUID": "ce024c8b-f4cc-4433-bf1f-27653cad6d56",
              "isHook": false,
              "skipped": false
            }
          ],
          "suites": [],
          "passes": [
            "f9dffd77-bff3-44ae-ae7b-66fbef8911af",
            "67cf3450-233d-4628-8192-bcf30e856854",
            "0f855501-cdf6-4383-8be2-53974ef9a2ea",
            "50807e71-62d6-4199-9799-2b48987e91db",
            "d1ba4fd2-292f-47da-b688-66d791ea462c",
            "9a799b6b-552e-43d2-85da-536377c5c616",
            "e5c55a1d-9d19-48f8-909f-0ee87bababd6",
            "7692879b-5380-4132-8ed9-d990a534b64e",
            "a9953661-0f34-4b4b-b817-778d792a21b4"
          ],
          "failures": [],
          "pending": [],
          "skipped": [],
          "duration": 2,
          "root": false,
          "rootEmpty": false,
          "_timeout": 2000
        },
        {
          "uuid": "bd06d76d-6235-4036-aea2-26c443ed6132",
          "title": "Check hover Verilog",
          "fullFile": "/home/runner/work/colibri2/colibri2/tests/utils/number.spec.ts",
          "file": "/tests/utils/number.spec.ts",
          "beforeHooks": [],
          "afterHooks": [],
          "tests": [
            {
              "title": "Binary unsigned",
              "fullTitle": "Check hover Verilog Binary unsigned",
              "timedOut": false,
              "duration": 1,
              "state": "passed",
              "speed": "fast",
              "pass": true,
              "fail": false,
              "pending": false,
              "context": null,
              "code": "const code_dummy = \"4'b0011'\";\nconst expected_number = {\n    signed_n: 0,\n    unsigned_n: 3,\n    is_multi: false,\n    is_ok: true\n};\nconst current_number = (0, numbers_1.hdl_hover)(code_dummy, lang);\n(0, assert_1.deepEqual)(current_number, expected_number);",
              "err": {},
              "uuid": "4329de09-f336-49e9-b9e2-79a6fd72e675",
              "parentUUID": "bd06d76d-6235-4036-aea2-26c443ed6132",
              "isHook": false,
              "skipped": false
            },
            {
              "title": "Binary unsigned or signed",
              "fullTitle": "Check hover Verilog Binary unsigned or signed",
              "timedOut": false,
              "duration": 3,
              "state": "passed",
              "speed": "fast",
              "pass": true,
              "fail": false,
              "pending": false,
              "context": null,
              "code": "const code_dummy = \"4'b1101'\";\nconst expected_number = {\n    signed_n: -3,\n    unsigned_n: 13,\n    is_multi: true,\n    is_ok: true\n};\nconst current_number = (0, numbers_1.hdl_hover)(code_dummy, lang);\n(0, assert_1.deepEqual)(current_number, expected_number);",
              "err": {},
              "uuid": "438b42b5-d16a-4907-8a4f-7245f25e443e",
              "parentUUID": "bd06d76d-6235-4036-aea2-26c443ed6132",
              "isHook": false,
              "skipped": false
            },
            {
              "title": "Binary unsigned or signed with separator",
              "fullTitle": "Check hover Verilog Binary unsigned or signed with separator",
              "timedOut": false,
              "duration": 0,
              "state": "passed",
              "speed": "fast",
              "pass": true,
              "fail": false,
              "pending": false,
              "context": null,
              "code": "const code_dummy = \"4'b1_10_0'\";\nconst expected_number = {\n    signed_n: -4,\n    unsigned_n: 12,\n    is_multi: true,\n    is_ok: true\n};\nconst current_number = (0, numbers_1.hdl_hover)(code_dummy, lang);\n(0, assert_1.deepEqual)(current_number, expected_number);",
              "err": {},
              "uuid": "1be9983f-6116-4cf3-9db5-2e1eb4cfd7e6",
              "parentUUID": "bd06d76d-6235-4036-aea2-26c443ed6132",
              "isHook": false,
              "skipped": false
            },
            {
              "title": "Hexadeximal unsigned",
              "fullTitle": "Check hover Verilog Hexadeximal unsigned",
              "timedOut": false,
              "duration": 1,
              "state": "passed",
              "speed": "fast",
              "pass": true,
              "fail": false,
              "pending": false,
              "context": null,
              "code": "const code_dummy = \"4'h0aB0'\";\nconst expected_number = {\n    signed_n: 0,\n    unsigned_n: 2736,\n    is_multi: false,\n    is_ok: true\n};\nconst current_number = (0, numbers_1.hdl_hover)(code_dummy, lang);\n(0, assert_1.deepEqual)(current_number, expected_number);",
              "err": {},
              "uuid": "4bc8c68e-da95-408f-8876-25add2455c7b",
              "parentUUID": "bd06d76d-6235-4036-aea2-26c443ed6132",
              "isHook": false,
              "skipped": false
            },
            {
              "title": "Hexadeximal unsigned or signed",
              "fullTitle": "Check hover Verilog Hexadeximal unsigned or signed",
              "timedOut": false,
              "duration": 1,
              "state": "passed",
              "speed": "fast",
              "pass": true,
              "fail": false,
              "pending": false,
              "context": null,
              "code": "const code_dummy = \"4'haaB0'\";\nconst expected_number = {\n    signed_n: -21840,\n    unsigned_n: 43696,\n    is_multi: true,\n    is_ok: true\n};\nconst current_number = (0, numbers_1.hdl_hover)(code_dummy, lang);\n(0, assert_1.deepEqual)(current_number, expected_number);",
              "err": {},
              "uuid": "15981ec9-2917-4e63-99d8-82001c3fcc47",
              "parentUUID": "bd06d76d-6235-4036-aea2-26c443ed6132",
              "isHook": false,
              "skipped": false
            },
            {
              "title": "Hexadeximal unsigned or signed with separator",
              "fullTitle": "Check hover Verilog Hexadeximal unsigned or signed with separator",
              "timedOut": false,
              "duration": 0,
              "state": "passed",
              "speed": "fast",
              "pass": true,
              "fail": false,
              "pending": false,
              "context": null,
              "code": "const code_dummy = \"4'ha_a_b0'\";\nconst expected_number = {\n    signed_n: -21840,\n    unsigned_n: 43696,\n    is_multi: true,\n    is_ok: true\n};\nconst current_number = (0, numbers_1.hdl_hover)(code_dummy, lang);\n(0, assert_1.deepEqual)(current_number, expected_number);",
              "err": {},
              "uuid": "f913718b-e80f-475b-a098-66259b3e01ff",
              "parentUUID": "bd06d76d-6235-4036-aea2-26c443ed6132",
              "isHook": false,
              "skipped": false
            },
            {
              "title": "Octal unsigned",
              "fullTitle": "Check hover Verilog Octal unsigned",
              "timedOut": false,
              "duration": 1,
              "state": "passed",
              "speed": "fast",
              "pass": true,
              "fail": false,
              "pending": false,
              "context": null,
              "code": "const code_dummy = \"4'o0175'\";\nconst expected_number = {\n    signed_n: 0,\n    unsigned_n: 125,\n    is_multi: false,\n    is_ok: true\n};\nconst current_number = (0, numbers_1.hdl_hover)(code_dummy, lang);\n(0, assert_1.deepEqual)(current_number, expected_number);",
              "err": {},
              "uuid": "b3a7f6af-828d-47ba-ab27-074acaf63bf4",
              "parentUUID": "bd06d76d-6235-4036-aea2-26c443ed6132",
              "isHook": false,
              "skipped": false
            },
            {
              "title": "Octal unsigned or signed",
              "fullTitle": "Check hover Verilog Octal unsigned or signed",
              "timedOut": false,
              "duration": 2,
              "state": "passed",
              "speed": "fast",
              "pass": true,
              "fail": false,
              "pending": false,
              "context": null,
              "code": "const code_dummy = \"4'o232'\";\nconst expected_number = {\n    signed_n: -102,\n    unsigned_n: 154,\n    is_multi: true,\n    is_ok: true\n};\nconst current_number = (0, numbers_1.hdl_hover)(code_dummy, lang);\n(0, assert_1.deepEqual)(current_number, expected_number);",
              "err": {},
              "uuid": "26b316b7-aaef-4ceb-ad66-8fe6fee54e71",
              "parentUUID": "bd06d76d-6235-4036-aea2-26c443ed6132",
              "isHook": false,
              "skipped": false
            },
            {
              "title": "Octal unsigned or signed with separator",
              "fullTitle": "Check hover Verilog Octal unsigned or signed with separator",
              "timedOut": false,
              "duration": 1,
              "state": "passed",
              "speed": "fast",
              "pass": true,
              "fail": false,
              "pending": false,
              "context": null,
              "code": "const code_dummy = \"4'o2_3_2'\";\nconst expected_number = {\n    signed_n: -102,\n    unsigned_n: 154,\n    is_multi: true,\n    is_ok: true\n};\nconst current_number = (0, numbers_1.hdl_hover)(code_dummy, lang);\n(0, assert_1.deepEqual)(current_number, expected_number);",
              "err": {},
              "uuid": "8d7e77fe-73ac-4eb7-9cb5-dc2b50dc546b",
              "parentUUID": "bd06d76d-6235-4036-aea2-26c443ed6132",
              "isHook": false,
              "skipped": false
            }
          ],
          "suites": [],
          "passes": [
            "4329de09-f336-49e9-b9e2-79a6fd72e675",
            "438b42b5-d16a-4907-8a4f-7245f25e443e",
            "1be9983f-6116-4cf3-9db5-2e1eb4cfd7e6",
            "4bc8c68e-da95-408f-8876-25add2455c7b",
            "15981ec9-2917-4e63-99d8-82001c3fcc47",
            "f913718b-e80f-475b-a098-66259b3e01ff",
            "b3a7f6af-828d-47ba-ab27-074acaf63bf4",
            "26b316b7-aaef-4ceb-ad66-8fe6fee54e71",
            "8d7e77fe-73ac-4eb7-9cb5-dc2b50dc546b"
          ],
          "failures": [],
          "pending": [],
          "skipped": [],
          "duration": 10,
          "root": false,
          "rootEmpty": false,
          "_timeout": 2000
        }
      ],
      "passes": [],
      "failures": [],
      "pending": [],
      "skipped": [
        "5e2692f9-63f5-421f-842b-215b85b3f8ce",
        "17c28cc0-805d-40da-9071-f4aebabcbef0"
      ],
      "duration": 0,
      "root": true,
      "rootEmpty": false,
      "_timeout": 2000
    }
  ],
  "meta": {
    "mocha": {
      "version": "9.2.2"
    },
    "mochawesome": {
      "options": {
        "quiet": false,
        "reportFilename": "mochawesome",
        "saveHtml": true,
        "saveJson": true,
        "consoleReporter": "spec",
        "useInlineDiffs": false,
        "code": true
      },
      "version": "7.1.3"
    },
    "marge": {
      "options": {
        "id": "default"
      },
      "version": "6.2.0"
    }
  }
}