{
  "stats": {
    "suites": 58,
    "tests": 197,
    "passes": 192,
    "pending": 5,
    "failures": 0,
    "start": "2022-09-05T16:44:58.413Z",
    "end": "2022-09-05T16:45:14.446Z",
    "duration": 16033,
    "testsRegistered": 199,
    "passPercent": 98.96907216494846,
    "pendingPercent": 2.512562814070352,
    "other": 0,
    "hasOther": false,
    "skipped": 2,
    "hasSkipped": true
  },
  "results": [
    {
      "uuid": "baa29925-c1cc-4f13-857d-74979ad2b317",
      "title": "",
      "fullFile": "",
      "file": "",
      "beforeHooks": [],
      "afterHooks": [],
      "tests": [
        {
          "title": "Get top level VHDL",
          "fullTitle": "Get top level VHDL",
          "timedOut": false,
          "duration": 0,
          "state": null,
          "speed": null,
          "pass": false,
          "fail": false,
          "pending": false,
          "context": null,
          "code": "const code_dummy = `\nlibrary ieee;\nuse ieee.std_logic_1164.all;\nuse ieee.numeric_std.all;\nentity test_entity_name is\ngeneric (\n    a : integer;\n    b : unsigned;\n    c : signed;\n    d : std_logic;\n    e : std_logic_vector;\n    f : std_logic_vector(5 downto 0)\n  );\nport(\n  g : in std_logic;\n  h : out std_logic;\n  i : inout std_logic\n);\nend test_entity_name;  \narchitecture e_arch of test_entity_name is\nbegin \nend e_arch;\n`;\nconst expected = 'test_entity_name';\nconst current = await hdl_utils.get_toplevel(code_dummy, general_1.HDL_LANG.VHDL);\n(0, assert_1.equal)(current, expected);",
          "err": {},
          "uuid": "ad7d2172-da18-4aeb-8436-cf63537c2393",
          "parentUUID": "baa29925-c1cc-4f13-857d-74979ad2b317",
          "isHook": false,
          "skipped": true
        },
        {
          "title": "Get top level Verilog",
          "fullTitle": "Get top level Verilog",
          "timedOut": false,
          "duration": 0,
          "state": null,
          "speed": null,
          "pass": false,
          "fail": false,
          "pending": false,
          "context": null,
          "code": "const code_dummy = `\nmodule test_entity_name2 \n    #(\n        parameter a=8,\n        parameter b=9,\n        parameter c=10, d=11\n    )\n    (\n        input e,\n        output f,\n        input reg g,\n        input wire h,\n        input reg [7:0] i, j,\n        input wire [9:0] k,\n        output wire [9:0] l\n    );  \n\n    function [7:0] sum;  \n        input [7:0] a, b;  \n        begin  \n            sum = a + b;  \n        end  \n    endfunction\n\n    wire m;\n    wire n, p;\n    reg [1:0] q;\n\n    localparam r = 2;\n\n    always @(posedge a) begin : label_0\n    end\n\n    always_comb begin\n    end\n\n    always_ff begin : label_1\n    end\n\n    always_latch begin\n    end\n\n    test_entity_name \n    #(\n      .a(a ),\n      .b(b ),\n      .c(c ),\n      .d (d )\n    )\n    test_entity_name_dut (\n      .e (e ),\n      .f (f ),\n      .g (g ),\n      .h (h ),\n      .i (i ),\n      .j (j ),\n      .k (k ),\n      .l  ( l)\n    );\n  \nendmodule\n`;\nconst expected = 'test_entity_name2';\nconst current = await hdl_utils.get_toplevel(code_dummy, general_1.HDL_LANG.VERILOG);\n(0, assert_1.equal)(current, expected);",
          "err": {},
          "uuid": "5fe9b700-3956-47cb-8f10-bd3d7d4b0d2f",
          "parentUUID": "baa29925-c1cc-4f13-857d-74979ad2b317",
          "isHook": false,
          "skipped": true
        }
      ],
      "suites": [
        {
          "uuid": "b796d531-44bc-4a03-bfd5-f9e9fe172475",
          "title": "teroshdl:linter",
          "fullFile": "/home/runner/work/colibri2/colibri2/tests/command/linter/linter.spec.ts",
          "file": "/tests/command/linter/linter.spec.ts",
          "beforeHooks": [],
          "afterHooks": [],
          "tests": [
            {
              "title": "Check linter",
              "fullTitle": "teroshdl:linter Check linter",
              "timedOut": false,
              "duration": 0,
              "state": "pending",
              "speed": null,
              "pass": false,
              "fail": false,
              "pending": true,
              "context": null,
              "code": "",
              "err": {},
              "uuid": "ac70bf11-ef12-482d-9721-a3aa781122e7",
              "parentUUID": "b796d531-44bc-4a03-bfd5-f9e9fe172475",
              "isHook": false,
              "skipped": false
            }
          ],
          "suites": [],
          "passes": [],
          "failures": [],
          "pending": [
            "ac70bf11-ef12-482d-9721-a3aa781122e7"
          ],
          "skipped": [],
          "duration": 0,
          "root": false,
          "rootEmpty": false,
          "_timeout": 2000
        },
        {
          "uuid": "9fbcea87-5c49-44e4-b3ec-68cad7005566",
          "title": "teroshdl:template",
          "fullFile": "/home/runner/work/colibri2/colibri2/tests/command/template/template.spec.ts",
          "file": "/tests/command/template/template.spec.ts",
          "beforeHooks": [],
          "afterHooks": [],
          "tests": [
            {
              "title": "Check template",
              "fullTitle": "teroshdl:template Check template",
              "timedOut": false,
              "duration": 1466,
              "state": "passed",
              "speed": "slow",
              "pass": true,
              "fail": false,
              "pending": false,
              "context": null,
              "code": "if (context.timeout)\n    this.timeout(context.timeout);\nreturn run.call(this);",
              "err": {},
              "uuid": "aa8c5aac-d785-4cae-b9dc-22f92347922c",
              "parentUUID": "9fbcea87-5c49-44e4-b3ec-68cad7005566",
              "isHook": false,
              "skipped": false
            }
          ],
          "suites": [],
          "passes": [
            "aa8c5aac-d785-4cae-b9dc-22f92347922c"
          ],
          "failures": [],
          "pending": [],
          "skipped": [],
          "duration": 1466,
          "root": false,
          "rootEmpty": false,
          "_timeout": 2000
        },
        {
          "uuid": "05eefa3b-e460-4bbc-a686-3feb9441774f",
          "title": "Check diagram generator",
          "fullFile": "/home/runner/work/colibri2/colibri2/tests/documenter/diagram.spec.ts",
          "file": "/tests/documenter/diagram.spec.ts",
          "beforeHooks": [],
          "afterHooks": [],
          "tests": [
            {
              "title": "With ports and generics and color",
              "fullTitle": "Check diagram generator With ports and generics and color",
              "timedOut": false,
              "duration": 277,
              "state": "passed",
              "speed": "slow",
              "pass": true,
              "fail": false,
              "pending": false,
              "context": null,
              "code": "const test_index = 0;\nconst OPT = {\n    blackandwhite: false\n};\nconst hdl_element = new common_hdl.Hdl_element(general_1.HDL_LANG.VHDL, common_hdl.TYPE_HDL_ELEMENT.ENTITY);\n// Ports\nhdl_element.add_port(port_input);\nhdl_element.add_port(port_output);\n// Generics\nhdl_element.add_generic(generic_0);\nhdl_element.add_generic(generic_1);\nconst svg_diagram = diagram.diagram_generator(hdl_element, OPT);\nconst file_o = paht_lib.join(C_OUTPUT_BASE_PATH, `output_${test_index}.svg`);\nfs.writeFileSync(file_o, svg_diagram);\ncheck_test(test_index);",
              "err": {},
              "uuid": "ec0b7b0b-86ec-4dd8-adc3-41091036cc26",
              "parentUUID": "05eefa3b-e460-4bbc-a686-3feb9441774f",
              "isHook": false,
              "skipped": false
            },
            {
              "title": "Only ports and color",
              "fullTitle": "Check diagram generator Only ports and color",
              "timedOut": false,
              "duration": 17,
              "state": "passed",
              "speed": "fast",
              "pass": true,
              "fail": false,
              "pending": false,
              "context": null,
              "code": "const test_index = 1;\nconst OPT = {\n    blackandwhite: false\n};\nconst hdl_element = new common_hdl.Hdl_element(general_1.HDL_LANG.VHDL, common_hdl.TYPE_HDL_ELEMENT.ENTITY);\n// Ports\nhdl_element.add_port(port_input);\nhdl_element.add_port(port_output);\nconst svg_diagram = diagram.diagram_generator(hdl_element, OPT);\nconst file_o = paht_lib.join(C_OUTPUT_BASE_PATH, `output_${test_index}.svg`);\nfs.writeFileSync(file_o, svg_diagram);\ncheck_test(test_index);",
              "err": {},
              "uuid": "924aff50-2343-4e37-868e-c88e51a55c28",
              "parentUUID": "05eefa3b-e460-4bbc-a686-3feb9441774f",
              "isHook": false,
              "skipped": false
            },
            {
              "title": "Only generics and color",
              "fullTitle": "Check diagram generator Only generics and color",
              "timedOut": false,
              "duration": 8,
              "state": "passed",
              "speed": "fast",
              "pass": true,
              "fail": false,
              "pending": false,
              "context": null,
              "code": "const test_index = 2;\nconst OPT = {\n    blackandwhite: false\n};\nconst hdl_element = new common_hdl.Hdl_element(general_1.HDL_LANG.VHDL, common_hdl.TYPE_HDL_ELEMENT.ENTITY);\n// Generics\nhdl_element.add_generic(generic_0);\nhdl_element.add_generic(generic_1);\nconst svg_diagram = diagram.diagram_generator(hdl_element, OPT);\nconst file_o = paht_lib.join(C_OUTPUT_BASE_PATH, `output_${test_index}.svg`);\nfs.writeFileSync(file_o, svg_diagram);\ncheck_test(test_index);",
              "err": {},
              "uuid": "6f39e916-7104-42ae-b37c-6bb9bf784b1b",
              "parentUUID": "05eefa3b-e460-4bbc-a686-3feb9441774f",
              "isHook": false,
              "skipped": false
            },
            {
              "title": "Empty and color",
              "fullTitle": "Check diagram generator Empty and color",
              "timedOut": false,
              "duration": 4,
              "state": "passed",
              "speed": "fast",
              "pass": true,
              "fail": false,
              "pending": false,
              "context": null,
              "code": "const test_index = 3;\nconst OPT = {\n    blackandwhite: false\n};\nconst hdl_element = new common_hdl.Hdl_element(general_1.HDL_LANG.VHDL, common_hdl.TYPE_HDL_ELEMENT.ENTITY);\nconst svg_diagram = diagram.diagram_generator(hdl_element, OPT);\nconst file_o = paht_lib.join(C_OUTPUT_BASE_PATH, `output_${test_index}.svg`);\nfs.writeFileSync(file_o, svg_diagram);\ncheck_test(test_index);",
              "err": {},
              "uuid": "727eaec7-d11d-48a8-9ce7-1569e51e6b47",
              "parentUUID": "05eefa3b-e460-4bbc-a686-3feb9441774f",
              "isHook": false,
              "skipped": false
            },
            {
              "title": "With ports and generics and black and white",
              "fullTitle": "Check diagram generator With ports and generics and black and white",
              "timedOut": false,
              "duration": 23,
              "state": "passed",
              "speed": "fast",
              "pass": true,
              "fail": false,
              "pending": false,
              "context": null,
              "code": "const test_index = 4;\nconst OPT = {\n    blackandwhite: true\n};\nconst hdl_element = new common_hdl.Hdl_element(general_1.HDL_LANG.VHDL, common_hdl.TYPE_HDL_ELEMENT.ENTITY);\n// Ports\nhdl_element.add_port(port_input);\nhdl_element.add_port(port_output);\n// Generics\nhdl_element.add_generic(generic_0);\nhdl_element.add_generic(generic_1);\nconst svg_diagram = diagram.diagram_generator(hdl_element, OPT);\nconst file_o = paht_lib.join(C_OUTPUT_BASE_PATH, `output_${test_index}.svg`);\nfs.writeFileSync(file_o, svg_diagram);\ncheck_test(test_index);",
              "err": {},
              "uuid": "0a1cca20-2b49-42ee-b86f-b29f010eb674",
              "parentUUID": "05eefa3b-e460-4bbc-a686-3feb9441774f",
              "isHook": false,
              "skipped": false
            }
          ],
          "suites": [],
          "passes": [
            "ec0b7b0b-86ec-4dd8-adc3-41091036cc26",
            "924aff50-2343-4e37-868e-c88e51a55c28",
            "6f39e916-7104-42ae-b37c-6bb9bf784b1b",
            "727eaec7-d11d-48a8-9ce7-1569e51e6b47",
            "0a1cca20-2b49-42ee-b86f-b29f010eb674"
          ],
          "failures": [],
          "pending": [],
          "skipped": [],
          "duration": 329,
          "root": false,
          "rootEmpty": false,
          "_timeout": 2000
        },
        {
          "uuid": "7a26b0d9-b38f-4b98-ae3b-630f936022aa",
          "title": "Check documenter creator with html",
          "fullFile": "/home/runner/work/colibri2/colibri2/tests/documenter/documenter.spec.ts",
          "file": "/tests/documenter/documenter.spec.ts",
          "beforeHooks": [],
          "afterHooks": [],
          "tests": [
            {
              "title": "Entity VHDL",
              "fullTitle": "Check documenter creator with html Entity VHDL",
              "timedOut": false,
              "duration": 594,
              "state": "passed",
              "speed": "slow",
              "pass": true,
              "fail": false,
              "pending": false,
              "context": null,
              "code": "const hdl_lang = general_1.HDL_LANG.VHDL;\nconst hdl_type = 'entity';\nawait run(hdl_type, hdl_lang, output_type_inst);",
              "err": {},
              "uuid": "1f3835a5-b56e-4042-839c-e76b512ac7b1",
              "parentUUID": "7a26b0d9-b38f-4b98-ae3b-630f936022aa",
              "isHook": false,
              "skipped": false
            },
            {
              "title": "Package VHDL",
              "fullTitle": "Check documenter creator with html Package VHDL",
              "timedOut": false,
              "duration": 419,
              "state": "passed",
              "speed": "slow",
              "pass": true,
              "fail": false,
              "pending": false,
              "context": null,
              "code": "const hdl_lang = general_1.HDL_LANG.VHDL;\nconst hdl_type = 'package';\nawait run(hdl_type, hdl_lang, output_type_inst);",
              "err": {},
              "uuid": "eb431905-d07f-491d-9912-214fd3942776",
              "parentUUID": "7a26b0d9-b38f-4b98-ae3b-630f936022aa",
              "isHook": false,
              "skipped": false
            },
            {
              "title": "Module Verilog",
              "fullTitle": "Check documenter creator with html Module Verilog",
              "timedOut": false,
              "duration": 1141,
              "state": "passed",
              "speed": "slow",
              "pass": true,
              "fail": false,
              "pending": false,
              "context": null,
              "code": "const hdl_lang = general_1.HDL_LANG.VERILOG;\nconst hdl_type = 'entity';\nawait run(hdl_type, hdl_lang, output_type_inst);",
              "err": {},
              "uuid": "2a31dcbf-d202-43cc-833c-a439d8b7b863",
              "parentUUID": "7a26b0d9-b38f-4b98-ae3b-630f936022aa",
              "isHook": false,
              "skipped": false
            },
            {
              "title": "Package SystemVerilog",
              "fullTitle": "Check documenter creator with html Package SystemVerilog",
              "timedOut": false,
              "duration": 242,
              "state": "passed",
              "speed": "slow",
              "pass": true,
              "fail": false,
              "pending": false,
              "context": null,
              "code": "const hdl_lang = general_1.HDL_LANG.SYSTEMVERILOG;\nconst hdl_type = 'package';\nawait run(hdl_type, hdl_lang, output_type_inst);",
              "err": {},
              "uuid": "23584804-0efe-4001-9418-7fff5c6b26d2",
              "parentUUID": "7a26b0d9-b38f-4b98-ae3b-630f936022aa",
              "isHook": false,
              "skipped": false
            },
            {
              "title": "Interface SystemVerilog",
              "fullTitle": "Check documenter creator with html Interface SystemVerilog",
              "timedOut": false,
              "duration": 287,
              "state": "passed",
              "speed": "slow",
              "pass": true,
              "fail": false,
              "pending": false,
              "context": null,
              "code": "const hdl_lang = general_1.HDL_LANG.SYSTEMVERILOG;\nconst hdl_type = 'interface';\nawait run(hdl_type, hdl_lang, output_type_inst);",
              "err": {},
              "uuid": "11c2f382-0400-42ab-8d5d-9c09f3a3aa53",
              "parentUUID": "7a26b0d9-b38f-4b98-ae3b-630f936022aa",
              "isHook": false,
              "skipped": false
            }
          ],
          "suites": [],
          "passes": [
            "1f3835a5-b56e-4042-839c-e76b512ac7b1",
            "eb431905-d07f-491d-9912-214fd3942776",
            "2a31dcbf-d202-43cc-833c-a439d8b7b863",
            "23584804-0efe-4001-9418-7fff5c6b26d2",
            "11c2f382-0400-42ab-8d5d-9c09f3a3aa53"
          ],
          "failures": [],
          "pending": [],
          "skipped": [],
          "duration": 2683,
          "root": false,
          "rootEmpty": false,
          "_timeout": 2000
        },
        {
          "uuid": "a0279973-1aef-49dc-b2a9-ff5495525305",
          "title": "Check documenter creator with markdown",
          "fullFile": "/home/runner/work/colibri2/colibri2/tests/documenter/documenter.spec.ts",
          "file": "/tests/documenter/documenter.spec.ts",
          "beforeHooks": [],
          "afterHooks": [],
          "tests": [
            {
              "title": "Entity VHDL",
              "fullTitle": "Check documenter creator with markdown Entity VHDL",
              "timedOut": false,
              "duration": 331,
              "state": "passed",
              "speed": "slow",
              "pass": true,
              "fail": false,
              "pending": false,
              "context": null,
              "code": "const hdl_lang = general_1.HDL_LANG.VHDL;\nconst hdl_type = 'entity';\nawait run(hdl_type, hdl_lang, output_type_inst);",
              "err": {},
              "uuid": "c7abe2d6-17ec-4cae-9e67-80654ec038d6",
              "parentUUID": "a0279973-1aef-49dc-b2a9-ff5495525305",
              "isHook": false,
              "skipped": false
            },
            {
              "title": "Package VHDL",
              "fullTitle": "Check documenter creator with markdown Package VHDL",
              "timedOut": false,
              "duration": 299,
              "state": "passed",
              "speed": "slow",
              "pass": true,
              "fail": false,
              "pending": false,
              "context": null,
              "code": "const hdl_lang = general_1.HDL_LANG.VHDL;\nconst hdl_type = 'package';\nawait run(hdl_type, hdl_lang, output_type_inst);",
              "err": {},
              "uuid": "ffb3e94f-e96f-4c59-84f0-e8810165450c",
              "parentUUID": "a0279973-1aef-49dc-b2a9-ff5495525305",
              "isHook": false,
              "skipped": false
            },
            {
              "title": "Module Verilog",
              "fullTitle": "Check documenter creator with markdown Module Verilog",
              "timedOut": false,
              "duration": 563,
              "state": "passed",
              "speed": "slow",
              "pass": true,
              "fail": false,
              "pending": false,
              "context": null,
              "code": "const hdl_lang = general_1.HDL_LANG.VERILOG;\nconst hdl_type = 'entity';\nawait run(hdl_type, hdl_lang, output_type_inst);",
              "err": {},
              "uuid": "bedca2d9-0322-40a4-805b-ff0a74edbacd",
              "parentUUID": "a0279973-1aef-49dc-b2a9-ff5495525305",
              "isHook": false,
              "skipped": false
            },
            {
              "title": "Package SystemVerilog",
              "fullTitle": "Check documenter creator with markdown Package SystemVerilog",
              "timedOut": false,
              "duration": 345,
              "state": "passed",
              "speed": "slow",
              "pass": true,
              "fail": false,
              "pending": false,
              "context": null,
              "code": "const hdl_lang = general_1.HDL_LANG.SYSTEMVERILOG;\nconst hdl_type = 'package';\nawait run(hdl_type, hdl_lang, output_type_inst);",
              "err": {},
              "uuid": "8566ab3c-473c-41a2-946e-da3756e9dd70",
              "parentUUID": "a0279973-1aef-49dc-b2a9-ff5495525305",
              "isHook": false,
              "skipped": false
            },
            {
              "title": "Interface SystemVerilog",
              "fullTitle": "Check documenter creator with markdown Interface SystemVerilog",
              "timedOut": false,
              "duration": 311,
              "state": "passed",
              "speed": "slow",
              "pass": true,
              "fail": false,
              "pending": false,
              "context": null,
              "code": "const hdl_lang = general_1.HDL_LANG.SYSTEMVERILOG;\nconst hdl_type = 'interface';\nawait run(hdl_type, hdl_lang, output_type_inst);",
              "err": {},
              "uuid": "2116a632-da26-4b5b-adf7-6cfce0ec62f3",
              "parentUUID": "a0279973-1aef-49dc-b2a9-ff5495525305",
              "isHook": false,
              "skipped": false
            }
          ],
          "suites": [],
          "passes": [
            "c7abe2d6-17ec-4cae-9e67-80654ec038d6",
            "ffb3e94f-e96f-4c59-84f0-e8810165450c",
            "bedca2d9-0322-40a4-805b-ff0a74edbacd",
            "8566ab3c-473c-41a2-946e-da3756e9dd70",
            "2116a632-da26-4b5b-adf7-6cfce0ec62f3"
          ],
          "failures": [],
          "pending": [],
          "skipped": [],
          "duration": 1849,
          "root": false,
          "rootEmpty": false,
          "_timeout": 2000
        },
        {
          "uuid": "cda6df92-ffe1-4177-bfd3-93f7153fd4e3",
          "title": "Test Doxygen elements single line and only 1 element in the description.",
          "fullFile": "/home/runner/work/colibri2/colibri2/tests/documenter/doxygen.spec.ts",
          "file": "/tests/documenter/doxygen.spec.ts",
          "beforeHooks": [],
          "afterHooks": [],
          "tests": [
            {
              "title": "Testing author",
              "fullTitle": "Test Doxygen elements single line and only 1 element in the description. Testing author",
              "timedOut": false,
              "duration": 0,
              "state": "passed",
              "speed": "fast",
              "pass": true,
              "fail": false,
              "pending": false,
              "context": null,
              "code": "const result = (0, doxygen_parser_1.parse_doxygen)(element.input);\n(0, assert_1.equal)(result.element_list[0].description, element.output);",
              "err": {},
              "uuid": "ffd5bfe5-e603-4a4d-b749-db0d4fd8e69c",
              "parentUUID": "cda6df92-ffe1-4177-bfd3-93f7153fd4e3",
              "isHook": false,
              "skipped": false
            },
            {
              "title": "Testing version",
              "fullTitle": "Test Doxygen elements single line and only 1 element in the description. Testing version",
              "timedOut": false,
              "duration": 0,
              "state": "passed",
              "speed": "fast",
              "pass": true,
              "fail": false,
              "pending": false,
              "context": null,
              "code": "const result = (0, doxygen_parser_1.parse_doxygen)(element.input);\n(0, assert_1.equal)(result.element_list[0].description, element.output);",
              "err": {},
              "uuid": "74b83ed5-7810-425a-a55f-7a9db1f6a21a",
              "parentUUID": "cda6df92-ffe1-4177-bfd3-93f7153fd4e3",
              "isHook": false,
              "skipped": false
            },
            {
              "title": "Testing project",
              "fullTitle": "Test Doxygen elements single line and only 1 element in the description. Testing project",
              "timedOut": false,
              "duration": 0,
              "state": "passed",
              "speed": "fast",
              "pass": true,
              "fail": false,
              "pending": false,
              "context": null,
              "code": "const result = (0, doxygen_parser_1.parse_doxygen)(element.input);\n(0, assert_1.equal)(result.element_list[0].description, element.output);",
              "err": {},
              "uuid": "818c162e-c154-423b-9875-a057c25adee9",
              "parentUUID": "cda6df92-ffe1-4177-bfd3-93f7153fd4e3",
              "isHook": false,
              "skipped": false
            },
            {
              "title": "Testing copyright",
              "fullTitle": "Test Doxygen elements single line and only 1 element in the description. Testing copyright",
              "timedOut": false,
              "duration": 0,
              "state": "passed",
              "speed": "fast",
              "pass": true,
              "fail": false,
              "pending": false,
              "context": null,
              "code": "const result = (0, doxygen_parser_1.parse_doxygen)(element.input);\n(0, assert_1.equal)(result.element_list[0].description, element.output);",
              "err": {},
              "uuid": "a8e5c217-764d-4a32-9443-836c287c9929",
              "parentUUID": "cda6df92-ffe1-4177-bfd3-93f7153fd4e3",
              "isHook": false,
              "skipped": false
            },
            {
              "title": "Testing brief",
              "fullTitle": "Test Doxygen elements single line and only 1 element in the description. Testing brief",
              "timedOut": false,
              "duration": 1,
              "state": "passed",
              "speed": "fast",
              "pass": true,
              "fail": false,
              "pending": false,
              "context": null,
              "code": "const result = (0, doxygen_parser_1.parse_doxygen)(element.input);\n(0, assert_1.equal)(result.element_list[0].description, element.output);",
              "err": {},
              "uuid": "3520fd9a-e645-48ad-853c-1af27aa8b6c0",
              "parentUUID": "cda6df92-ffe1-4177-bfd3-93f7153fd4e3",
              "isHook": false,
              "skipped": false
            },
            {
              "title": "Testing details",
              "fullTitle": "Test Doxygen elements single line and only 1 element in the description. Testing details",
              "timedOut": false,
              "duration": 0,
              "state": "passed",
              "speed": "fast",
              "pass": true,
              "fail": false,
              "pending": false,
              "context": null,
              "code": "const result = (0, doxygen_parser_1.parse_doxygen)(element.input);\n(0, assert_1.equal)(result.element_list[0].description, element.output);",
              "err": {},
              "uuid": "48f4246b-d625-4247-bb69-099264a638ee",
              "parentUUID": "cda6df92-ffe1-4177-bfd3-93f7153fd4e3",
              "isHook": false,
              "skipped": false
            },
            {
              "title": "Testing custom_section_begin",
              "fullTitle": "Test Doxygen elements single line and only 1 element in the description. Testing custom_section_begin",
              "timedOut": false,
              "duration": 0,
              "state": "passed",
              "speed": "fast",
              "pass": true,
              "fail": false,
              "pending": false,
              "context": null,
              "code": "const result = (0, doxygen_parser_1.parse_doxygen)(element.input);\n(0, assert_1.equal)(result.element_list[0].description, element.output);",
              "err": {},
              "uuid": "e4deac48-5f20-45a8-aa33-c9fed6b40a46",
              "parentUUID": "cda6df92-ffe1-4177-bfd3-93f7153fd4e3",
              "isHook": false,
              "skipped": false
            },
            {
              "title": "Testing custom_section_end",
              "fullTitle": "Test Doxygen elements single line and only 1 element in the description. Testing custom_section_end",
              "timedOut": false,
              "duration": 0,
              "state": "passed",
              "speed": "fast",
              "pass": true,
              "fail": false,
              "pending": false,
              "context": null,
              "code": "const result = (0, doxygen_parser_1.parse_doxygen)(element.input);\n(0, assert_1.equal)(result.element_list[0].description, element.output);",
              "err": {},
              "uuid": "b2afa278-598d-49d3-a404-296582de9f9f",
              "parentUUID": "cda6df92-ffe1-4177-bfd3-93f7153fd4e3",
              "isHook": false,
              "skipped": false
            }
          ],
          "suites": [],
          "passes": [
            "ffd5bfe5-e603-4a4d-b749-db0d4fd8e69c",
            "74b83ed5-7810-425a-a55f-7a9db1f6a21a",
            "818c162e-c154-423b-9875-a057c25adee9",
            "a8e5c217-764d-4a32-9443-836c287c9929",
            "3520fd9a-e645-48ad-853c-1af27aa8b6c0",
            "48f4246b-d625-4247-bb69-099264a638ee",
            "e4deac48-5f20-45a8-aa33-c9fed6b40a46",
            "b2afa278-598d-49d3-a404-296582de9f9f"
          ],
          "failures": [],
          "pending": [],
          "skipped": [],
          "duration": 1,
          "root": false,
          "rootEmpty": false,
          "_timeout": 2000
        },
        {
          "uuid": "4b4a9f93-34ee-42a8-9f82-7c8d513faf19",
          "title": "Test Doxygen elements multi line and only 1 element in the description.",
          "fullFile": "/home/runner/work/colibri2/colibri2/tests/documenter/doxygen.spec.ts",
          "file": "/tests/documenter/doxygen.spec.ts",
          "beforeHooks": [],
          "afterHooks": [],
          "tests": [
            {
              "title": "Testing author",
              "fullTitle": "Test Doxygen elements multi line and only 1 element in the description. Testing author",
              "timedOut": false,
              "duration": 0,
              "state": "passed",
              "speed": "fast",
              "pass": true,
              "fail": false,
              "pending": false,
              "context": null,
              "code": "const result = (0, doxygen_parser_1.parse_doxygen)(element.input);\n(0, assert_1.equal)(result.element_list[0].description, element.output);",
              "err": {},
              "uuid": "f332fdba-dba3-4654-af12-16d9aba01d9f",
              "parentUUID": "4b4a9f93-34ee-42a8-9f82-7c8d513faf19",
              "isHook": false,
              "skipped": false
            },
            {
              "title": "Testing version",
              "fullTitle": "Test Doxygen elements multi line and only 1 element in the description. Testing version",
              "timedOut": false,
              "duration": 0,
              "state": "passed",
              "speed": "fast",
              "pass": true,
              "fail": false,
              "pending": false,
              "context": null,
              "code": "const result = (0, doxygen_parser_1.parse_doxygen)(element.input);\n(0, assert_1.equal)(result.element_list[0].description, element.output);",
              "err": {},
              "uuid": "01fdaedd-b56e-451d-88d8-b7fb9b7c99d5",
              "parentUUID": "4b4a9f93-34ee-42a8-9f82-7c8d513faf19",
              "isHook": false,
              "skipped": false
            },
            {
              "title": "Testing project",
              "fullTitle": "Test Doxygen elements multi line and only 1 element in the description. Testing project",
              "timedOut": false,
              "duration": 0,
              "state": "passed",
              "speed": "fast",
              "pass": true,
              "fail": false,
              "pending": false,
              "context": null,
              "code": "const result = (0, doxygen_parser_1.parse_doxygen)(element.input);\n(0, assert_1.equal)(result.element_list[0].description, element.output);",
              "err": {},
              "uuid": "d726fd92-5600-4f4c-9ce2-5ae4d835dce5",
              "parentUUID": "4b4a9f93-34ee-42a8-9f82-7c8d513faf19",
              "isHook": false,
              "skipped": false
            },
            {
              "title": "Testing copyright",
              "fullTitle": "Test Doxygen elements multi line and only 1 element in the description. Testing copyright",
              "timedOut": false,
              "duration": 0,
              "state": "passed",
              "speed": "fast",
              "pass": true,
              "fail": false,
              "pending": false,
              "context": null,
              "code": "const result = (0, doxygen_parser_1.parse_doxygen)(element.input);\n(0, assert_1.equal)(result.element_list[0].description, element.output);",
              "err": {},
              "uuid": "ea28330a-a4c7-4b09-b88f-e3be6b3c88d4",
              "parentUUID": "4b4a9f93-34ee-42a8-9f82-7c8d513faf19",
              "isHook": false,
              "skipped": false
            },
            {
              "title": "Testing brief",
              "fullTitle": "Test Doxygen elements multi line and only 1 element in the description. Testing brief",
              "timedOut": false,
              "duration": 0,
              "state": "passed",
              "speed": "fast",
              "pass": true,
              "fail": false,
              "pending": false,
              "context": null,
              "code": "const result = (0, doxygen_parser_1.parse_doxygen)(element.input);\n(0, assert_1.equal)(result.element_list[0].description, element.output);",
              "err": {},
              "uuid": "94a5652d-a468-4d35-ba25-6e58162076e0",
              "parentUUID": "4b4a9f93-34ee-42a8-9f82-7c8d513faf19",
              "isHook": false,
              "skipped": false
            },
            {
              "title": "Testing details",
              "fullTitle": "Test Doxygen elements multi line and only 1 element in the description. Testing details",
              "timedOut": false,
              "duration": 0,
              "state": "passed",
              "speed": "fast",
              "pass": true,
              "fail": false,
              "pending": false,
              "context": null,
              "code": "const result = (0, doxygen_parser_1.parse_doxygen)(element.input);\n(0, assert_1.equal)(result.element_list[0].description, element.output);",
              "err": {},
              "uuid": "ee077592-b4a8-4d64-a21d-14884cf5f82d",
              "parentUUID": "4b4a9f93-34ee-42a8-9f82-7c8d513faf19",
              "isHook": false,
              "skipped": false
            },
            {
              "title": "Testing custom_section_begin",
              "fullTitle": "Test Doxygen elements multi line and only 1 element in the description. Testing custom_section_begin",
              "timedOut": false,
              "duration": 0,
              "state": "passed",
              "speed": "fast",
              "pass": true,
              "fail": false,
              "pending": false,
              "context": null,
              "code": "const result = (0, doxygen_parser_1.parse_doxygen)(element.input);\n(0, assert_1.equal)(result.element_list[0].description, element.output);",
              "err": {},
              "uuid": "b32fc603-455a-48bb-877a-ad00fc3e3ff9",
              "parentUUID": "4b4a9f93-34ee-42a8-9f82-7c8d513faf19",
              "isHook": false,
              "skipped": false
            },
            {
              "title": "Testing custom_section_end",
              "fullTitle": "Test Doxygen elements multi line and only 1 element in the description. Testing custom_section_end",
              "timedOut": false,
              "duration": 0,
              "state": "passed",
              "speed": "fast",
              "pass": true,
              "fail": false,
              "pending": false,
              "context": null,
              "code": "const result = (0, doxygen_parser_1.parse_doxygen)(element.input);\n(0, assert_1.equal)(result.element_list[0].description, element.output);",
              "err": {},
              "uuid": "ae16c310-f8c0-481f-ae5e-d131d06bef6f",
              "parentUUID": "4b4a9f93-34ee-42a8-9f82-7c8d513faf19",
              "isHook": false,
              "skipped": false
            }
          ],
          "suites": [],
          "passes": [
            "f332fdba-dba3-4654-af12-16d9aba01d9f",
            "01fdaedd-b56e-451d-88d8-b7fb9b7c99d5",
            "d726fd92-5600-4f4c-9ce2-5ae4d835dce5",
            "ea28330a-a4c7-4b09-b88f-e3be6b3c88d4",
            "94a5652d-a468-4d35-ba25-6e58162076e0",
            "ee077592-b4a8-4d64-a21d-14884cf5f82d",
            "b32fc603-455a-48bb-877a-ad00fc3e3ff9",
            "ae16c310-f8c0-481f-ae5e-d131d06bef6f"
          ],
          "failures": [],
          "pending": [],
          "skipped": [],
          "duration": 0,
          "root": false,
          "rootEmpty": false,
          "_timeout": 2000
        },
        {
          "uuid": "c3a77f94-31eb-4223-b5b9-36f7cb8b1eb3",
          "title": "Check sections creator with html",
          "fullFile": "/home/runner/work/colibri2/colibri2/tests/documenter/section_creator.spec.ts",
          "file": "/tests/documenter/section_creator.spec.ts",
          "beforeHooks": [],
          "afterHooks": [],
          "tests": [
            {
              "title": "Title section",
              "fullTitle": "Check sections creator with html Title section",
              "timedOut": false,
              "duration": 1,
              "state": "passed",
              "speed": "fast",
              "pass": true,
              "fail": false,
              "pending": false,
              "context": null,
              "code": "const section_name = \"title\";\nconst section = creator.get_title_section(hdl_element, configuration);\nsave_output(section, section_name, configuration.output_type);\ncheck(section_name, configuration.output_type, false);",
              "err": {},
              "uuid": "cb331ac8-960f-4a65-8d73-268596f05ceb",
              "parentUUID": "c3a77f94-31eb-4223-b5b9-36f7cb8b1eb3",
              "isHook": false,
              "skipped": false
            },
            {
              "title": "Input section",
              "fullTitle": "Check sections creator with html Input section",
              "timedOut": false,
              "duration": 1,
              "state": "passed",
              "speed": "fast",
              "pass": true,
              "fail": false,
              "pending": false,
              "context": null,
              "code": "const section_name = \"input\";\nconst file_path = \"/example/of/sample.vhd\";\nconst section = creator.get_input_section(file_path, configuration);\nsave_output(section, section_name, configuration.output_type);\ncheck(section_name, configuration.output_type, false);",
              "err": {},
              "uuid": "584fe41e-4883-4543-ab7d-6f05d7160f92",
              "parentUUID": "c3a77f94-31eb-4223-b5b9-36f7cb8b1eb3",
              "isHook": false,
              "skipped": false
            },
            {
              "title": "Info section",
              "fullTitle": "Check sections creator with html Info section",
              "timedOut": false,
              "duration": 0,
              "state": "passed",
              "speed": "fast",
              "pass": true,
              "fail": false,
              "pending": false,
              "context": null,
              "code": "const section_name = \"info\";\nconst section = creator.get_info_section(hdl_element, configuration);\nsave_output(section, section_name, configuration.output_type);\ncheck(section_name, configuration.output_type, false);",
              "err": {},
              "uuid": "fc774111-2962-4f28-9b0e-e0524f0b9d0b",
              "parentUUID": "c3a77f94-31eb-4223-b5b9-36f7cb8b1eb3",
              "isHook": false,
              "skipped": false
            },
            {
              "title": "Diagram section",
              "fullTitle": "Check sections creator with html Diagram section",
              "timedOut": false,
              "duration": 0,
              "state": "pending",
              "speed": null,
              "pass": false,
              "fail": false,
              "pending": true,
              "context": null,
              "code": "this.skip();\nconst section_name = \"diagram\";\nconst svg_path = paht_lib.join(C_OUTPUT_BASE_PATH, 'input_path.svg');\nconst section = creator.get_diagram_section(hdl_element, configuration, svg_path);\nsave_output(section, section_name, configuration.output_type);\ncheck(section_name, configuration.output_type, true);",
              "err": {},
              "uuid": "3ae81485-fa0a-47da-9214-a9c2572764c9",
              "parentUUID": "c3a77f94-31eb-4223-b5b9-36f7cb8b1eb3",
              "isHook": false,
              "skipped": false
            },
            {
              "title": "Custom begin section",
              "fullTitle": "Check sections creator with html Custom begin section",
              "timedOut": false,
              "duration": 106,
              "state": "passed",
              "speed": "slow",
              "pass": true,
              "fail": false,
              "pending": false,
              "context": null,
              "code": "const section_name = \"custom_section_begin\";\nconst input_path = paht_lib.join(__dirname, 'section_creator', 'helpers', 'input_path.vhd');\nconst section = creator.get_custom_section('custom_section_begin', hdl_element, configuration, input_path);\nsave_output(section, section_name, configuration.output_type);\ncheck(section_name, configuration.output_type, false);",
              "err": {},
              "uuid": "a6b27b0d-cb1e-4018-8ef1-b7e739d012f4",
              "parentUUID": "c3a77f94-31eb-4223-b5b9-36f7cb8b1eb3",
              "isHook": false,
              "skipped": false
            },
            {
              "title": "Custom end section",
              "fullTitle": "Check sections creator with html Custom end section",
              "timedOut": false,
              "duration": 1,
              "state": "passed",
              "speed": "fast",
              "pass": true,
              "fail": false,
              "pending": false,
              "context": null,
              "code": "const section_name = \"custom_section_end\";\nconst input_path = paht_lib.join(__dirname, 'section_creator', 'helpers', 'input_path.vhd');\nconst section = creator.get_custom_section('custom_section_end', hdl_element, configuration, input_path);\nsave_output(section, section_name, configuration.output_type);\ncheck(section_name, configuration.output_type, false);",
              "err": {},
              "uuid": "f20192e9-4d8d-4f51-bf6c-859d651ec688",
              "parentUUID": "c3a77f94-31eb-4223-b5b9-36f7cb8b1eb3",
              "isHook": false,
              "skipped": false
            },
            {
              "title": "Description section",
              "fullTitle": "Check sections creator with html Description section",
              "timedOut": false,
              "duration": 5,
              "state": "passed",
              "speed": "fast",
              "pass": true,
              "fail": false,
              "pending": false,
              "context": null,
              "code": "if (configuration.output_type === common_documenter.doc_output_type.MARKDOWN) {\n    this.skip();\n}\nconst section_name = \"description\";\nconst section = creator.get_description_section(hdl_element, configuration, C_OUTPUT_BASE_PATH);\nsave_output(section, section_name, configuration.output_type);\ncheck(section_name, configuration.output_type, false);",
              "err": {},
              "uuid": "d2301819-0198-4c60-8d7d-605d22dd6d15",
              "parentUUID": "c3a77f94-31eb-4223-b5b9-36f7cb8b1eb3",
              "isHook": false,
              "skipped": false
            },
            {
              "title": "Port section",
              "fullTitle": "Check sections creator with html Port section",
              "timedOut": false,
              "duration": 2,
              "state": "passed",
              "speed": "fast",
              "pass": true,
              "fail": false,
              "pending": false,
              "context": null,
              "code": "const section_name = \"port\";\nconst section = creator.get_in_out_section(hdl_element, configuration);\nsave_output(section, section_name, configuration.output_type);\ncheck(section_name, configuration.output_type, false);",
              "err": {},
              "uuid": "f67a6930-e1d3-420c-8f86-1258c21d84cc",
              "parentUUID": "c3a77f94-31eb-4223-b5b9-36f7cb8b1eb3",
              "isHook": false,
              "skipped": false
            },
            {
              "title": "Signal-constant section",
              "fullTitle": "Check sections creator with html Signal-constant section",
              "timedOut": false,
              "duration": 1,
              "state": "passed",
              "speed": "fast",
              "pass": true,
              "fail": false,
              "pending": false,
              "context": null,
              "code": "const section_name = \"signal_constant\";\nconst section = creator.get_signal_constant_section(hdl_element, configuration);\nsave_output(section, section_name, configuration.output_type);\ncheck(section_name, configuration.output_type, false);",
              "err": {},
              "uuid": "10103352-f8e6-442f-84eb-e34dd771bb3c",
              "parentUUID": "c3a77f94-31eb-4223-b5b9-36f7cb8b1eb3",
              "isHook": false,
              "skipped": false
            },
            {
              "title": "Process section",
              "fullTitle": "Check sections creator with html Process section",
              "timedOut": false,
              "duration": 1,
              "state": "passed",
              "speed": "fast",
              "pass": true,
              "fail": false,
              "pending": false,
              "context": null,
              "code": "const section_name = \"process\";\nconst section = creator.get_process_section(hdl_element, configuration);\nsave_output(section, section_name, configuration.output_type);\ncheck(section_name, configuration.output_type, false);",
              "err": {},
              "uuid": "013091b2-6388-4f56-826f-8fcb67ab275e",
              "parentUUID": "c3a77f94-31eb-4223-b5b9-36f7cb8b1eb3",
              "isHook": false,
              "skipped": false
            },
            {
              "title": "Function section",
              "fullTitle": "Check sections creator with html Function section",
              "timedOut": false,
              "duration": 2,
              "state": "passed",
              "speed": "fast",
              "pass": true,
              "fail": false,
              "pending": false,
              "context": null,
              "code": "const section_name = \"function\";\nconst section = creator.get_function_section(hdl_element, configuration);\nsave_output(section, section_name, configuration.output_type);\ncheck(section_name, configuration.output_type, false);",
              "err": {},
              "uuid": "31c4484c-fba2-4381-b86c-ee89a3659993",
              "parentUUID": "c3a77f94-31eb-4223-b5b9-36f7cb8b1eb3",
              "isHook": false,
              "skipped": false
            },
            {
              "title": "Instantiation section",
              "fullTitle": "Check sections creator with html Instantiation section",
              "timedOut": false,
              "duration": 2,
              "state": "passed",
              "speed": "fast",
              "pass": true,
              "fail": false,
              "pending": false,
              "context": null,
              "code": "const section_name = \"instantiation\";\nconst section = creator.get_instantiation_section(hdl_element, configuration);\nsave_output(section, section_name, configuration.output_type);\ncheck(section_name, configuration.output_type, false);",
              "err": {},
              "uuid": "e0e44029-71ee-4805-9246-d8c76efc567a",
              "parentUUID": "c3a77f94-31eb-4223-b5b9-36f7cb8b1eb3",
              "isHook": false,
              "skipped": false
            }
          ],
          "suites": [],
          "passes": [
            "cb331ac8-960f-4a65-8d73-268596f05ceb",
            "584fe41e-4883-4543-ab7d-6f05d7160f92",
            "fc774111-2962-4f28-9b0e-e0524f0b9d0b",
            "a6b27b0d-cb1e-4018-8ef1-b7e739d012f4",
            "f20192e9-4d8d-4f51-bf6c-859d651ec688",
            "d2301819-0198-4c60-8d7d-605d22dd6d15",
            "f67a6930-e1d3-420c-8f86-1258c21d84cc",
            "10103352-f8e6-442f-84eb-e34dd771bb3c",
            "013091b2-6388-4f56-826f-8fcb67ab275e",
            "31c4484c-fba2-4381-b86c-ee89a3659993",
            "e0e44029-71ee-4805-9246-d8c76efc567a"
          ],
          "failures": [],
          "pending": [
            "3ae81485-fa0a-47da-9214-a9c2572764c9"
          ],
          "skipped": [],
          "duration": 122,
          "root": false,
          "rootEmpty": false,
          "_timeout": 2000
        },
        {
          "uuid": "cb53ca61-441d-4e50-8611-333137ebddb3",
          "title": "Check sections creator with markdown",
          "fullFile": "/home/runner/work/colibri2/colibri2/tests/documenter/section_creator.spec.ts",
          "file": "/tests/documenter/section_creator.spec.ts",
          "beforeHooks": [],
          "afterHooks": [],
          "tests": [
            {
              "title": "Title section",
              "fullTitle": "Check sections creator with markdown Title section",
              "timedOut": false,
              "duration": 0,
              "state": "passed",
              "speed": "fast",
              "pass": true,
              "fail": false,
              "pending": false,
              "context": null,
              "code": "const section_name = \"title\";\nconst section = creator.get_title_section(hdl_element, configuration);\nsave_output(section, section_name, configuration.output_type);\ncheck(section_name, configuration.output_type, false);",
              "err": {},
              "uuid": "4999c371-36d5-441d-88f0-a097a7ed8e40",
              "parentUUID": "cb53ca61-441d-4e50-8611-333137ebddb3",
              "isHook": false,
              "skipped": false
            },
            {
              "title": "Input section",
              "fullTitle": "Check sections creator with markdown Input section",
              "timedOut": false,
              "duration": 0,
              "state": "passed",
              "speed": "fast",
              "pass": true,
              "fail": false,
              "pending": false,
              "context": null,
              "code": "const section_name = \"input\";\nconst file_path = \"/example/of/sample.vhd\";\nconst section = creator.get_input_section(file_path, configuration);\nsave_output(section, section_name, configuration.output_type);\ncheck(section_name, configuration.output_type, false);",
              "err": {},
              "uuid": "e1675edf-3069-47eb-9cd3-eb75f7261507",
              "parentUUID": "cb53ca61-441d-4e50-8611-333137ebddb3",
              "isHook": false,
              "skipped": false
            },
            {
              "title": "Info section",
              "fullTitle": "Check sections creator with markdown Info section",
              "timedOut": false,
              "duration": 0,
              "state": "passed",
              "speed": "fast",
              "pass": true,
              "fail": false,
              "pending": false,
              "context": null,
              "code": "const section_name = \"info\";\nconst section = creator.get_info_section(hdl_element, configuration);\nsave_output(section, section_name, configuration.output_type);\ncheck(section_name, configuration.output_type, false);",
              "err": {},
              "uuid": "cde10d9f-45ea-487e-94ec-85768b54661d",
              "parentUUID": "cb53ca61-441d-4e50-8611-333137ebddb3",
              "isHook": false,
              "skipped": false
            },
            {
              "title": "Diagram section",
              "fullTitle": "Check sections creator with markdown Diagram section",
              "timedOut": false,
              "duration": 0,
              "state": "pending",
              "speed": null,
              "pass": false,
              "fail": false,
              "pending": true,
              "context": null,
              "code": "this.skip();\nconst section_name = \"diagram\";\nconst svg_path = paht_lib.join(C_OUTPUT_BASE_PATH, 'input_path.svg');\nconst section = creator.get_diagram_section(hdl_element, configuration, svg_path);\nsave_output(section, section_name, configuration.output_type);\ncheck(section_name, configuration.output_type, true);",
              "err": {},
              "uuid": "6d73116c-d0b0-4c89-a8b0-35614b1da71c",
              "parentUUID": "cb53ca61-441d-4e50-8611-333137ebddb3",
              "isHook": false,
              "skipped": false
            },
            {
              "title": "Custom begin section",
              "fullTitle": "Check sections creator with markdown Custom begin section",
              "timedOut": false,
              "duration": 1,
              "state": "passed",
              "speed": "fast",
              "pass": true,
              "fail": false,
              "pending": false,
              "context": null,
              "code": "const section_name = \"custom_section_begin\";\nconst input_path = paht_lib.join(__dirname, 'section_creator', 'helpers', 'input_path.vhd');\nconst section = creator.get_custom_section('custom_section_begin', hdl_element, configuration, input_path);\nsave_output(section, section_name, configuration.output_type);\ncheck(section_name, configuration.output_type, false);",
              "err": {},
              "uuid": "48d27293-b6c1-41a4-ab1c-e860d887f63e",
              "parentUUID": "cb53ca61-441d-4e50-8611-333137ebddb3",
              "isHook": false,
              "skipped": false
            },
            {
              "title": "Custom end section",
              "fullTitle": "Check sections creator with markdown Custom end section",
              "timedOut": false,
              "duration": 0,
              "state": "passed",
              "speed": "fast",
              "pass": true,
              "fail": false,
              "pending": false,
              "context": null,
              "code": "const section_name = \"custom_section_end\";\nconst input_path = paht_lib.join(__dirname, 'section_creator', 'helpers', 'input_path.vhd');\nconst section = creator.get_custom_section('custom_section_end', hdl_element, configuration, input_path);\nsave_output(section, section_name, configuration.output_type);\ncheck(section_name, configuration.output_type, false);",
              "err": {},
              "uuid": "42701e95-4a47-4acf-925c-e47eaa6b3cd9",
              "parentUUID": "cb53ca61-441d-4e50-8611-333137ebddb3",
              "isHook": false,
              "skipped": false
            },
            {
              "title": "Description section",
              "fullTitle": "Check sections creator with markdown Description section",
              "timedOut": false,
              "duration": 0,
              "state": "pending",
              "speed": null,
              "pass": false,
              "fail": false,
              "pending": true,
              "context": null,
              "code": "if (configuration.output_type === common_documenter.doc_output_type.MARKDOWN) {\n    this.skip();\n}\nconst section_name = \"description\";\nconst section = creator.get_description_section(hdl_element, configuration, C_OUTPUT_BASE_PATH);\nsave_output(section, section_name, configuration.output_type);\ncheck(section_name, configuration.output_type, false);",
              "err": {},
              "uuid": "1db39fe9-42bc-47d2-b7ad-31aeb1595dc4",
              "parentUUID": "cb53ca61-441d-4e50-8611-333137ebddb3",
              "isHook": false,
              "skipped": false
            },
            {
              "title": "Port section",
              "fullTitle": "Check sections creator with markdown Port section",
              "timedOut": false,
              "duration": 0,
              "state": "passed",
              "speed": "fast",
              "pass": true,
              "fail": false,
              "pending": false,
              "context": null,
              "code": "const section_name = \"port\";\nconst section = creator.get_in_out_section(hdl_element, configuration);\nsave_output(section, section_name, configuration.output_type);\ncheck(section_name, configuration.output_type, false);",
              "err": {},
              "uuid": "9d44c56d-9c20-4db0-ab18-2fffefa7b5c5",
              "parentUUID": "cb53ca61-441d-4e50-8611-333137ebddb3",
              "isHook": false,
              "skipped": false
            },
            {
              "title": "Signal-constant section",
              "fullTitle": "Check sections creator with markdown Signal-constant section",
              "timedOut": false,
              "duration": 0,
              "state": "passed",
              "speed": "fast",
              "pass": true,
              "fail": false,
              "pending": false,
              "context": null,
              "code": "const section_name = \"signal_constant\";\nconst section = creator.get_signal_constant_section(hdl_element, configuration);\nsave_output(section, section_name, configuration.output_type);\ncheck(section_name, configuration.output_type, false);",
              "err": {},
              "uuid": "363c6183-1cd3-4514-97b8-3a0c4df759cd",
              "parentUUID": "cb53ca61-441d-4e50-8611-333137ebddb3",
              "isHook": false,
              "skipped": false
            },
            {
              "title": "Process section",
              "fullTitle": "Check sections creator with markdown Process section",
              "timedOut": false,
              "duration": 1,
              "state": "passed",
              "speed": "fast",
              "pass": true,
              "fail": false,
              "pending": false,
              "context": null,
              "code": "const section_name = \"process\";\nconst section = creator.get_process_section(hdl_element, configuration);\nsave_output(section, section_name, configuration.output_type);\ncheck(section_name, configuration.output_type, false);",
              "err": {},
              "uuid": "5a9cf880-32b3-4f3e-87ff-3cfd46e938c7",
              "parentUUID": "cb53ca61-441d-4e50-8611-333137ebddb3",
              "isHook": false,
              "skipped": false
            },
            {
              "title": "Function section",
              "fullTitle": "Check sections creator with markdown Function section",
              "timedOut": false,
              "duration": 1,
              "state": "passed",
              "speed": "fast",
              "pass": true,
              "fail": false,
              "pending": false,
              "context": null,
              "code": "const section_name = \"function\";\nconst section = creator.get_function_section(hdl_element, configuration);\nsave_output(section, section_name, configuration.output_type);\ncheck(section_name, configuration.output_type, false);",
              "err": {},
              "uuid": "0de8e8f7-84d7-4a17-a9c8-9f8f5029ad3e",
              "parentUUID": "cb53ca61-441d-4e50-8611-333137ebddb3",
              "isHook": false,
              "skipped": false
            },
            {
              "title": "Instantiation section",
              "fullTitle": "Check sections creator with markdown Instantiation section",
              "timedOut": false,
              "duration": 1,
              "state": "passed",
              "speed": "fast",
              "pass": true,
              "fail": false,
              "pending": false,
              "context": null,
              "code": "const section_name = \"instantiation\";\nconst section = creator.get_instantiation_section(hdl_element, configuration);\nsave_output(section, section_name, configuration.output_type);\ncheck(section_name, configuration.output_type, false);",
              "err": {},
              "uuid": "eae96060-8862-4ffa-a5b7-475465d04388",
              "parentUUID": "cb53ca61-441d-4e50-8611-333137ebddb3",
              "isHook": false,
              "skipped": false
            }
          ],
          "suites": [],
          "passes": [
            "4999c371-36d5-441d-88f0-a097a7ed8e40",
            "e1675edf-3069-47eb-9cd3-eb75f7261507",
            "cde10d9f-45ea-487e-94ec-85768b54661d",
            "48d27293-b6c1-41a4-ab1c-e860d887f63e",
            "42701e95-4a47-4acf-925c-e47eaa6b3cd9",
            "9d44c56d-9c20-4db0-ab18-2fffefa7b5c5",
            "363c6183-1cd3-4514-97b8-3a0c4df759cd",
            "5a9cf880-32b3-4f3e-87ff-3cfd46e938c7",
            "0de8e8f7-84d7-4a17-a9c8-9f8f5029ad3e",
            "eae96060-8862-4ffa-a5b7-475465d04388"
          ],
          "failures": [],
          "pending": [
            "6d73116c-d0b0-4c89-a8b0-35614b1da71c",
            "1db39fe9-42bc-47d2-b7ad-31aeb1595dc4"
          ],
          "skipped": [],
          "duration": 4,
          "root": false,
          "rootEmpty": false,
          "_timeout": 2000
        },
        {
          "uuid": "af39bc24-3708-43a7-a7b3-07b935f8f284",
          "title": "Check standalone VHDL formatter",
          "fullFile": "/home/runner/work/colibri2/colibri2/tests/formatter/formatter.spec.ts",
          "file": "/tests/formatter/formatter.spec.ts",
          "beforeHooks": [],
          "afterHooks": [],
          "tests": [
            {
              "title": "Check align comments true, indentation and keyworks lowercase",
              "fullTitle": "Check standalone VHDL formatter Check align comments true, indentation and keyworks lowercase",
              "timedOut": false,
              "duration": 26,
              "state": "passed",
              "speed": "fast",
              "pass": true,
              "fail": false,
              "pending": false,
              "context": null,
              "code": "const test_index = 0;\nconst options = {\n    remove_comments: false,\n    remove_asserts: false,\n    remove_report: false,\n    check_alias: false,\n    align_comments: true,\n    sign_align_settings: {\n        is_regional: true,\n        is_all: true,\n        mode: common.ALIGN_MODE.LOCAL,\n        keyWords: [\"FUNCTION\", \"IMPURE FUNCTION\", \"GENERIC\", \"PORT\", \"PROCEDURE\"]\n    },\n    keyword_case: common.LETTER_CASE.LOWERCASE,\n    type_name_case: common.LETTER_CASE.LOWERCASE,\n    indentation: \"    \",\n    new_line_settings: {\n        new_line_after: [\";\", \"then\"],\n        no_new_line_after: []\n    },\n    end_of_line: \"\\n\"\n};\nawait format_and_check(formatter_name, language, test_index, options);",
              "err": {},
              "uuid": "7316a23f-8518-482e-9dd4-ade3869aa0d5",
              "parentUUID": "af39bc24-3708-43a7-a7b3-07b935f8f284",
              "isHook": false,
              "skipped": false
            },
            {
              "title": "Check align comments false, indentation and keyworks uppercase",
              "fullTitle": "Check standalone VHDL formatter Check align comments false, indentation and keyworks uppercase",
              "timedOut": false,
              "duration": 4,
              "state": "passed",
              "speed": "fast",
              "pass": true,
              "fail": false,
              "pending": false,
              "context": null,
              "code": "const test_index = 1;\nconst options = {\n    remove_comments: false,\n    remove_asserts: false,\n    remove_report: false,\n    check_alias: false,\n    align_comments: false,\n    sign_align_settings: {\n        is_regional: true,\n        is_all: true,\n        mode: common.ALIGN_MODE.LOCAL,\n        keyWords: [\"FUNCTION\", \"IMPURE FUNCTION\", \"GENERIC\", \"PORT\", \"PROCEDURE\"]\n    },\n    keyword_case: common.LETTER_CASE.UPPERCASE,\n    type_name_case: common.LETTER_CASE.UPPERCASE,\n    indentation: \"      \",\n    new_line_settings: {\n        new_line_after: [\";\", \"then\"],\n        no_new_line_after: []\n    },\n    end_of_line: \"\\n\"\n};\nawait format_and_check(formatter_name, language, test_index, options);",
              "err": {},
              "uuid": "88db1c4d-fb89-4ca4-9f64-27e424a14dde",
              "parentUUID": "af39bc24-3708-43a7-a7b3-07b935f8f284",
              "isHook": false,
              "skipped": false
            }
          ],
          "suites": [],
          "passes": [
            "7316a23f-8518-482e-9dd4-ade3869aa0d5",
            "88db1c4d-fb89-4ca4-9f64-27e424a14dde"
          ],
          "failures": [],
          "pending": [],
          "skipped": [],
          "duration": 30,
          "root": false,
          "rootEmpty": false,
          "_timeout": 2000
        },
        {
          "uuid": "1053c502-6934-4216-9401-28b51b712e72",
          "title": "Check istyle formatter",
          "fullFile": "/home/runner/work/colibri2/colibri2/tests/formatter/formatter.spec.ts",
          "file": "/tests/formatter/formatter.spec.ts",
          "beforeHooks": [],
          "afterHooks": [],
          "tests": [
            {
              "title": "Check ansi with indent = 2",
              "fullTitle": "Check istyle formatter Check ansi with indent = 2",
              "timedOut": false,
              "duration": 26,
              "state": "passed",
              "speed": "fast",
              "pass": true,
              "fail": false,
              "pending": false,
              "context": null,
              "code": "const test_index = index;\nconst options = { style: style_inst, indent_size: 2 };\nawait format_and_check(formatter_name, language, test_index, options);",
              "err": {},
              "uuid": "71203037-82c3-4417-bbe3-21f108ab292b",
              "parentUUID": "1053c502-6934-4216-9401-28b51b712e72",
              "isHook": false,
              "skipped": false
            },
            {
              "title": "Check kr with indent = 2",
              "fullTitle": "Check istyle formatter Check kr with indent = 2",
              "timedOut": false,
              "duration": 17,
              "state": "passed",
              "speed": "fast",
              "pass": true,
              "fail": false,
              "pending": false,
              "context": null,
              "code": "const test_index = index;\nconst options = { style: style_inst, indent_size: 2 };\nawait format_and_check(formatter_name, language, test_index, options);",
              "err": {},
              "uuid": "4577c6cb-91a4-4905-8507-ee30ab44ad1f",
              "parentUUID": "1053c502-6934-4216-9401-28b51b712e72",
              "isHook": false,
              "skipped": false
            },
            {
              "title": "Check gnu with indent = 2",
              "fullTitle": "Check istyle formatter Check gnu with indent = 2",
              "timedOut": false,
              "duration": 17,
              "state": "passed",
              "speed": "fast",
              "pass": true,
              "fail": false,
              "pending": false,
              "context": null,
              "code": "const test_index = index;\nconst options = { style: style_inst, indent_size: 2 };\nawait format_and_check(formatter_name, language, test_index, options);",
              "err": {},
              "uuid": "2d748fea-e5de-48dc-b654-c48a28db708e",
              "parentUUID": "1053c502-6934-4216-9401-28b51b712e72",
              "isHook": false,
              "skipped": false
            },
            {
              "title": "Check onlyindent with indent = 2",
              "fullTitle": "Check istyle formatter Check onlyindent with indent = 2",
              "timedOut": false,
              "duration": 17,
              "state": "passed",
              "speed": "fast",
              "pass": true,
              "fail": false,
              "pending": false,
              "context": null,
              "code": "const test_index = index;\nconst options = { style: style_inst, indent_size: 2 };\nawait format_and_check(formatter_name, language, test_index, options);",
              "err": {},
              "uuid": "fcd46a7d-8493-4920-97de-2c7c0905d8b7",
              "parentUUID": "1053c502-6934-4216-9401-28b51b712e72",
              "isHook": false,
              "skipped": false
            },
            {
              "title": "Check ansi with indent = 6",
              "fullTitle": "Check istyle formatter Check ansi with indent = 6",
              "timedOut": false,
              "duration": 17,
              "state": "passed",
              "speed": "fast",
              "pass": true,
              "fail": false,
              "pending": false,
              "context": null,
              "code": "const test_index = index + style_list.length;\nconst options = { style: style_inst, indent_size: 6 };\nawait format_and_check(formatter_name, language, test_index, options);",
              "err": {},
              "uuid": "8c570acb-081e-4486-9317-6a15fd39071b",
              "parentUUID": "1053c502-6934-4216-9401-28b51b712e72",
              "isHook": false,
              "skipped": false
            },
            {
              "title": "Check kr with indent = 6",
              "fullTitle": "Check istyle formatter Check kr with indent = 6",
              "timedOut": false,
              "duration": 16,
              "state": "passed",
              "speed": "fast",
              "pass": true,
              "fail": false,
              "pending": false,
              "context": null,
              "code": "const test_index = index + style_list.length;\nconst options = { style: style_inst, indent_size: 6 };\nawait format_and_check(formatter_name, language, test_index, options);",
              "err": {},
              "uuid": "b7d355f3-9dc1-4cd1-aeb1-6d2844252788",
              "parentUUID": "1053c502-6934-4216-9401-28b51b712e72",
              "isHook": false,
              "skipped": false
            },
            {
              "title": "Check gnu with indent = 6",
              "fullTitle": "Check istyle formatter Check gnu with indent = 6",
              "timedOut": false,
              "duration": 15,
              "state": "passed",
              "speed": "fast",
              "pass": true,
              "fail": false,
              "pending": false,
              "context": null,
              "code": "const test_index = index + style_list.length;\nconst options = { style: style_inst, indent_size: 6 };\nawait format_and_check(formatter_name, language, test_index, options);",
              "err": {},
              "uuid": "3db5f68e-e6ae-4ac6-828f-6cca3525f3dd",
              "parentUUID": "1053c502-6934-4216-9401-28b51b712e72",
              "isHook": false,
              "skipped": false
            },
            {
              "title": "Check onlyindent with indent = 6",
              "fullTitle": "Check istyle formatter Check onlyindent with indent = 6",
              "timedOut": false,
              "duration": 15,
              "state": "passed",
              "speed": "fast",
              "pass": true,
              "fail": false,
              "pending": false,
              "context": null,
              "code": "const test_index = index + style_list.length;\nconst options = { style: style_inst, indent_size: 6 };\nawait format_and_check(formatter_name, language, test_index, options);",
              "err": {},
              "uuid": "2fe14622-b5de-41d2-a053-81952f07e279",
              "parentUUID": "1053c502-6934-4216-9401-28b51b712e72",
              "isHook": false,
              "skipped": false
            }
          ],
          "suites": [],
          "passes": [
            "71203037-82c3-4417-bbe3-21f108ab292b",
            "4577c6cb-91a4-4905-8507-ee30ab44ad1f",
            "2d748fea-e5de-48dc-b654-c48a28db708e",
            "fcd46a7d-8493-4920-97de-2c7c0905d8b7",
            "8c570acb-081e-4486-9317-6a15fd39071b",
            "b7d355f3-9dc1-4cd1-aeb1-6d2844252788",
            "3db5f68e-e6ae-4ac6-828f-6cca3525f3dd",
            "2fe14622-b5de-41d2-a053-81952f07e279"
          ],
          "failures": [],
          "pending": [],
          "skipped": [],
          "duration": 140,
          "root": false,
          "rootEmpty": false,
          "_timeout": 2000
        },
        {
          "uuid": "5a5bc1cd-ed6a-4114-9b0a-5cf6476a84b9",
          "title": "Check s3sv formatter",
          "fullFile": "/home/runner/work/colibri2/colibri2/tests/formatter/formatter.spec.ts",
          "file": "/tests/formatter/formatter.spec.ts",
          "beforeHooks": [],
          "afterHooks": [],
          "tests": [
            {
              "title": "Check config 0",
              "fullTitle": "Check s3sv formatter Check config 0",
              "timedOut": false,
              "duration": 156,
              "state": "passed",
              "speed": "slow",
              "pass": true,
              "fail": false,
              "pending": false,
              "context": null,
              "code": "const test_index = 0;\nconst options = {\n    python3_path: \"\",\n    use_tabs: false,\n    indent_size: 2,\n    one_bind_per_line: true,\n    one_decl_per_line: true\n};\nawait format_and_check(formatter_name, language, test_index, options);",
              "err": {},
              "uuid": "da0364c7-3e52-4610-a72e-1b01644b55f1",
              "parentUUID": "5a5bc1cd-ed6a-4114-9b0a-5cf6476a84b9",
              "isHook": false,
              "skipped": false
            },
            {
              "title": "Check config 1",
              "fullTitle": "Check s3sv formatter Check config 1",
              "timedOut": false,
              "duration": 151,
              "state": "passed",
              "speed": "slow",
              "pass": true,
              "fail": false,
              "pending": false,
              "context": null,
              "code": "const test_index = 1;\nconst options = {\n    python3_path: \"\",\n    use_tabs: true,\n    indent_size: 4,\n    one_bind_per_line: true,\n    one_decl_per_line: true\n};\nawait format_and_check(formatter_name, language, test_index, options);",
              "err": {},
              "uuid": "ee5c2585-803f-4ea8-8052-515ab452a939",
              "parentUUID": "5a5bc1cd-ed6a-4114-9b0a-5cf6476a84b9",
              "isHook": false,
              "skipped": false
            },
            {
              "title": "Check config 2 and bad python3 path",
              "fullTitle": "Check s3sv formatter Check config 2 and bad python3 path",
              "timedOut": false,
              "duration": 182,
              "state": "passed",
              "speed": "slow",
              "pass": true,
              "fail": false,
              "pending": false,
              "context": null,
              "code": "const test_index = 2;\nconst options = {\n    python3_path: \"asdf\",\n    use_tabs: true,\n    indent_size: 2,\n    one_bind_per_line: false,\n    one_decl_per_line: true\n};\nawait format_and_check(formatter_name, language, test_index, options);",
              "err": {},
              "uuid": "dae3d684-72ba-4fe1-956b-1db795d6a359",
              "parentUUID": "5a5bc1cd-ed6a-4114-9b0a-5cf6476a84b9",
              "isHook": false,
              "skipped": false
            }
          ],
          "suites": [],
          "passes": [
            "da0364c7-3e52-4610-a72e-1b01644b55f1",
            "ee5c2585-803f-4ea8-8052-515ab452a939",
            "dae3d684-72ba-4fe1-956b-1db795d6a359"
          ],
          "failures": [],
          "pending": [],
          "skipped": [],
          "duration": 489,
          "root": false,
          "rootEmpty": false,
          "_timeout": 2000
        },
        {
          "uuid": "59f58f52-851b-46a0-87ff-4414c095774c",
          "title": "Check FSM for vhdl",
          "fullFile": "/home/runner/work/colibri2/colibri2/tests/parser/fsm.spec.ts",
          "file": "/tests/parser/fsm.spec.ts",
          "beforeHooks": [],
          "afterHooks": [],
          "tests": [
            {
              "title": "Normal",
              "fullTitle": "Check FSM for vhdl Normal",
              "timedOut": false,
              "duration": 146,
              "state": "passed",
              "speed": "slow",
              "pass": true,
              "fail": false,
              "pending": false,
              "context": null,
              "code": "const test_index = 0;\nawait parse_fsm(lang_inst, test_index);\ncheck_test(test_index, lang_inst);",
              "err": {},
              "uuid": "9f319ce0-ebb9-4d96-b0a4-51ffe39256a9",
              "parentUUID": "59f58f52-851b-46a0-87ff-4414c095774c",
              "isHook": false,
              "skipped": false
            }
          ],
          "suites": [],
          "passes": [
            "9f319ce0-ebb9-4d96-b0a4-51ffe39256a9"
          ],
          "failures": [],
          "pending": [],
          "skipped": [],
          "duration": 146,
          "root": false,
          "rootEmpty": false,
          "_timeout": 2000
        },
        {
          "uuid": "23114f92-cbe8-4526-a549-29ecbafb23c2",
          "title": "Check FSM for verilog",
          "fullFile": "/home/runner/work/colibri2/colibri2/tests/parser/fsm.spec.ts",
          "file": "/tests/parser/fsm.spec.ts",
          "beforeHooks": [],
          "afterHooks": [],
          "tests": [
            {
              "title": "Normal",
              "fullTitle": "Check FSM for verilog Normal",
              "timedOut": false,
              "duration": 398,
              "state": "passed",
              "speed": "slow",
              "pass": true,
              "fail": false,
              "pending": false,
              "context": null,
              "code": "const test_index = 0;\nawait parse_fsm(lang_inst, test_index);\ncheck_test(test_index, lang_inst);",
              "err": {},
              "uuid": "34c9818e-29fb-4f21-a239-5378d7361e9f",
              "parentUUID": "23114f92-cbe8-4526-a549-29ecbafb23c2",
              "isHook": false,
              "skipped": false
            }
          ],
          "suites": [],
          "passes": [
            "34c9818e-29fb-4f21-a239-5378d7361e9f"
          ],
          "failures": [],
          "pending": [],
          "skipped": [],
          "duration": 398,
          "root": false,
          "rootEmpty": false,
          "_timeout": 2000
        },
        {
          "uuid": "ffcdce73-7db8-4141-ae3d-da3dc69e7c00",
          "title": "Check entity Verilog",
          "fullFile": "/home/runner/work/colibri2/colibri2/tests/parser/parser_verilog_entity.spec.ts",
          "file": "/tests/parser/parser_verilog_entity.spec.ts",
          "beforeHooks": [],
          "afterHooks": [],
          "tests": [],
          "suites": [
            {
              "uuid": "e131e868-a36c-4bd8-b224-197d79d2e3e6",
              "title": "Check entity.",
              "fullFile": "/home/runner/work/colibri2/colibri2/tests/parser/parser_verilog_entity.spec.ts",
[...]
              "err": {},
              "uuid": "1a25c99e-0b09-4a51-9957-2458290bf84d",
              "parentUUID": "84c85e97-adfe-446a-900a-43bb508894bd",
              "isHook": false,
              "skipped": false
            }
          ],
          "suites": [],
          "passes": [
            "1a25c99e-0b09-4a51-9957-2458290bf84d"
          ],
          "failures": [],
          "pending": [],
          "skipped": [],
          "duration": 0,
          "root": false,
          "rootEmpty": false,
          "_timeout": 2000
        },
        {
          "uuid": "c6db419c-140d-45a4-974d-154519b2fb36",
          "title": "Check hover VHDL",
          "fullFile": "/home/runner/work/colibri2/colibri2/tests/utils/number.spec.ts",
          "file": "/tests/utils/number.spec.ts",
          "beforeHooks": [],
          "afterHooks": [],
          "tests": [
            {
              "title": "Binary unsigned",
              "fullTitle": "Check hover VHDL Binary unsigned",
              "timedOut": false,
              "duration": 1,
              "state": "passed",
              "speed": "fast",
              "pass": true,
              "fail": false,
              "pending": false,
              "context": null,
              "code": "const code_dummy = '\"0011\"';\nconst expected_number = {\n    signed_n: 0,\n    unsigned_n: 3,\n    is_multi: false,\n    is_ok: true\n};\nconst current_number = (0, numbers_1.hdl_hover)(code_dummy, lang);\n(0, assert_1.deepEqual)(current_number, expected_number);",
              "err": {},
              "uuid": "337b01c8-8510-4ff3-b735-875e2e1e1127",
              "parentUUID": "c6db419c-140d-45a4-974d-154519b2fb36",
              "isHook": false,
              "skipped": false
            },
            {
              "title": "Binary unsigned or signed",
              "fullTitle": "Check hover VHDL Binary unsigned or signed",
              "timedOut": false,
              "duration": 1,
              "state": "passed",
              "speed": "fast",
              "pass": true,
              "fail": false,
              "pending": false,
              "context": null,
              "code": "const code_dummy = '\"1101\"';\nconst expected_number = {\n    signed_n: -3,\n    unsigned_n: 13,\n    is_multi: true,\n    is_ok: true\n};\nconst current_number = (0, numbers_1.hdl_hover)(code_dummy, lang);\n(0, assert_1.deepEqual)(current_number, expected_number);",
              "err": {},
              "uuid": "116250fe-666f-49fc-bea4-266b3f0506f6",
              "parentUUID": "c6db419c-140d-45a4-974d-154519b2fb36",
              "isHook": false,
              "skipped": false
            },
            {
              "title": "Binary unsigned or signed with separator",
              "fullTitle": "Check hover VHDL Binary unsigned or signed with separator",
              "timedOut": false,
              "duration": 0,
              "state": "passed",
              "speed": "fast",
              "pass": true,
              "fail": false,
              "pending": false,
              "context": null,
              "code": "const code_dummy = '\"1_10_0\"';\nconst expected_number = {\n    signed_n: -4,\n    unsigned_n: 12,\n    is_multi: true,\n    is_ok: true\n};\nconst current_number = (0, numbers_1.hdl_hover)(code_dummy, lang);\n(0, assert_1.deepEqual)(current_number, expected_number);",
              "err": {},
              "uuid": "7e82bc85-cd72-451f-b0da-33f50aced5a0",
              "parentUUID": "c6db419c-140d-45a4-974d-154519b2fb36",
              "isHook": false,
              "skipped": false
            },
            {
              "title": "Hexadeximal unsigned",
              "fullTitle": "Check hover VHDL Hexadeximal unsigned",
              "timedOut": false,
              "duration": 1,
              "state": "passed",
              "speed": "fast",
              "pass": true,
              "fail": false,
              "pending": false,
              "context": null,
              "code": "const code_dummy = 'x\"0aB0\"';\nconst expected_number = {\n    signed_n: 0,\n    unsigned_n: 2736,\n    is_multi: false,\n    is_ok: true\n};\nconst current_number = (0, numbers_1.hdl_hover)(code_dummy, lang);\n(0, assert_1.deepEqual)(current_number, expected_number);",
              "err": {},
              "uuid": "6a4b0c93-8602-4cca-9ee5-35e451296fcb",
              "parentUUID": "c6db419c-140d-45a4-974d-154519b2fb36",
              "isHook": false,
              "skipped": false
            },
            {
              "title": "Hexadeximal unsigned or signed",
              "fullTitle": "Check hover VHDL Hexadeximal unsigned or signed",
              "timedOut": false,
              "duration": 1,
              "state": "passed",
              "speed": "fast",
              "pass": true,
              "fail": false,
              "pending": false,
              "context": null,
              "code": "const code_dummy = 'x\"aaB0\"';\nconst expected_number = {\n    signed_n: -21840,\n    unsigned_n: 43696,\n    is_multi: true,\n    is_ok: true\n};\nconst current_number = (0, numbers_1.hdl_hover)(code_dummy, lang);\n(0, assert_1.deepEqual)(current_number, expected_number);",
              "err": {},
              "uuid": "9ef8a2ae-185f-4a02-8679-9b7f08cc113b",
              "parentUUID": "c6db419c-140d-45a4-974d-154519b2fb36",
              "isHook": false,
              "skipped": false
            },
            {
              "title": "Hexadeximal unsigned or signed with separator",
              "fullTitle": "Check hover VHDL Hexadeximal unsigned or signed with separator",
              "timedOut": false,
              "duration": 0,
              "state": "passed",
              "speed": "fast",
              "pass": true,
              "fail": false,
              "pending": false,
              "context": null,
              "code": "const code_dummy = 'x\"a_a_b0\"';\nconst expected_number = {\n    signed_n: -21840,\n    unsigned_n: 43696,\n    is_multi: true,\n    is_ok: true\n};\nconst current_number = (0, numbers_1.hdl_hover)(code_dummy, lang);\n(0, assert_1.deepEqual)(current_number, expected_number);",
              "err": {},
              "uuid": "0bade216-82ea-4134-9e2d-dcdfbfc7f5db",
              "parentUUID": "c6db419c-140d-45a4-974d-154519b2fb36",
              "isHook": false,
              "skipped": false
            },
            {
              "title": "Octal unsigned",
              "fullTitle": "Check hover VHDL Octal unsigned",
              "timedOut": false,
              "duration": 0,
              "state": "passed",
              "speed": "fast",
              "pass": true,
              "fail": false,
              "pending": false,
              "context": null,
              "code": "const code_dummy = 'o\"0175\"';\nconst expected_number = {\n    signed_n: 0,\n    unsigned_n: 125,\n    is_multi: false,\n    is_ok: true\n};\nconst current_number = (0, numbers_1.hdl_hover)(code_dummy, lang);\n(0, assert_1.deepEqual)(current_number, expected_number);",
              "err": {},
              "uuid": "a5e85291-2eda-4f06-813b-eea8c75232c4",
              "parentUUID": "c6db419c-140d-45a4-974d-154519b2fb36",
              "isHook": false,
              "skipped": false
            },
            {
              "title": "Octal unsigned or signed",
              "fullTitle": "Check hover VHDL Octal unsigned or signed",
              "timedOut": false,
              "duration": 1,
              "state": "passed",
              "speed": "fast",
              "pass": true,
              "fail": false,
              "pending": false,
              "context": null,
              "code": "const code_dummy = 'O\"232\"';\nconst expected_number = {\n    signed_n: -102,\n    unsigned_n: 154,\n    is_multi: true,\n    is_ok: true\n};\nconst current_number = (0, numbers_1.hdl_hover)(code_dummy, lang);\n(0, assert_1.deepEqual)(current_number, expected_number);",
              "err": {},
              "uuid": "35e493b9-9070-40a9-8553-7c99f296e54e",
              "parentUUID": "c6db419c-140d-45a4-974d-154519b2fb36",
              "isHook": false,
              "skipped": false
            },
            {
              "title": "Octal unsigned or signed with separator",
              "fullTitle": "Check hover VHDL Octal unsigned or signed with separator",
              "timedOut": false,
              "duration": 0,
              "state": "passed",
              "speed": "fast",
              "pass": true,
              "fail": false,
              "pending": false,
              "context": null,
              "code": "const code_dummy = 'o\"2_3_2\"';\nconst expected_number = {\n    signed_n: -102,\n    unsigned_n: 154,\n    is_multi: true,\n    is_ok: true\n};\nconst current_number = (0, numbers_1.hdl_hover)(code_dummy, lang);\n(0, assert_1.deepEqual)(current_number, expected_number);",
              "err": {},
              "uuid": "e9c2e53a-79ec-4662-bba4-4bda18d16453",
              "parentUUID": "c6db419c-140d-45a4-974d-154519b2fb36",
              "isHook": false,
              "skipped": false
            }
          ],
          "suites": [],
          "passes": [
            "337b01c8-8510-4ff3-b735-875e2e1e1127",
            "116250fe-666f-49fc-bea4-266b3f0506f6",
            "7e82bc85-cd72-451f-b0da-33f50aced5a0",
            "6a4b0c93-8602-4cca-9ee5-35e451296fcb",
            "9ef8a2ae-185f-4a02-8679-9b7f08cc113b",
            "0bade216-82ea-4134-9e2d-dcdfbfc7f5db",
            "a5e85291-2eda-4f06-813b-eea8c75232c4",
            "35e493b9-9070-40a9-8553-7c99f296e54e",
            "e9c2e53a-79ec-4662-bba4-4bda18d16453"
          ],
          "failures": [],
          "pending": [],
          "skipped": [],
          "duration": 5,
          "root": false,
          "rootEmpty": false,
          "_timeout": 2000
        },
        {
          "uuid": "3f7a79fe-3ebd-4def-bd4a-c3cf359fa91a",
          "title": "Check hover Verilog",
          "fullFile": "/home/runner/work/colibri2/colibri2/tests/utils/number.spec.ts",
          "file": "/tests/utils/number.spec.ts",
          "beforeHooks": [],
          "afterHooks": [],
          "tests": [
            {
              "title": "Binary unsigned",
              "fullTitle": "Check hover Verilog Binary unsigned",
              "timedOut": false,
              "duration": 0,
              "state": "passed",
              "speed": "fast",
              "pass": true,
              "fail": false,
              "pending": false,
              "context": null,
              "code": "const code_dummy = \"4'b0011'\";\nconst expected_number = {\n    signed_n: 0,\n    unsigned_n: 3,\n    is_multi: false,\n    is_ok: true\n};\nconst current_number = (0, numbers_1.hdl_hover)(code_dummy, lang);\n(0, assert_1.deepEqual)(current_number, expected_number);",
              "err": {},
              "uuid": "d7f695e1-c0f0-4aa8-8009-ae5865c5daab",
              "parentUUID": "3f7a79fe-3ebd-4def-bd4a-c3cf359fa91a",
              "isHook": false,
              "skipped": false
            },
            {
              "title": "Binary unsigned or signed",
              "fullTitle": "Check hover Verilog Binary unsigned or signed",
              "timedOut": false,
              "duration": 1,
              "state": "passed",
              "speed": "fast",
              "pass": true,
              "fail": false,
              "pending": false,
              "context": null,
              "code": "const code_dummy = \"4'b1101'\";\nconst expected_number = {\n    signed_n: -3,\n    unsigned_n: 13,\n    is_multi: true,\n    is_ok: true\n};\nconst current_number = (0, numbers_1.hdl_hover)(code_dummy, lang);\n(0, assert_1.deepEqual)(current_number, expected_number);",
              "err": {},
              "uuid": "895e999b-2c97-4e72-9385-7d65e8674e33",
              "parentUUID": "3f7a79fe-3ebd-4def-bd4a-c3cf359fa91a",
              "isHook": false,
              "skipped": false
            },
            {
              "title": "Binary unsigned or signed with separator",
              "fullTitle": "Check hover Verilog Binary unsigned or signed with separator",
              "timedOut": false,
              "duration": 0,
              "state": "passed",
              "speed": "fast",
              "pass": true,
              "fail": false,
              "pending": false,
              "context": null,
              "code": "const code_dummy = \"4'b1_10_0'\";\nconst expected_number = {\n    signed_n: -4,\n    unsigned_n: 12,\n    is_multi: true,\n    is_ok: true\n};\nconst current_number = (0, numbers_1.hdl_hover)(code_dummy, lang);\n(0, assert_1.deepEqual)(current_number, expected_number);",
              "err": {},
              "uuid": "b65dbb63-3d23-4e54-a733-282fce8cb3d1",
              "parentUUID": "3f7a79fe-3ebd-4def-bd4a-c3cf359fa91a",
              "isHook": false,
              "skipped": false
            },
            {
              "title": "Hexadeximal unsigned",
              "fullTitle": "Check hover Verilog Hexadeximal unsigned",
              "timedOut": false,
              "duration": 0,
              "state": "passed",
              "speed": "fast",
              "pass": true,
              "fail": false,
              "pending": false,
              "context": null,
              "code": "const code_dummy = \"4'h0aB0'\";\nconst expected_number = {\n    signed_n: 0,\n    unsigned_n: 2736,\n    is_multi: false,\n    is_ok: true\n};\nconst current_number = (0, numbers_1.hdl_hover)(code_dummy, lang);\n(0, assert_1.deepEqual)(current_number, expected_number);",
              "err": {},
              "uuid": "9696e924-f533-4e99-943d-2ee2e5938843",
              "parentUUID": "3f7a79fe-3ebd-4def-bd4a-c3cf359fa91a",
              "isHook": false,
              "skipped": false
            },
            {
              "title": "Hexadeximal unsigned or signed",
              "fullTitle": "Check hover Verilog Hexadeximal unsigned or signed",
              "timedOut": false,
              "duration": 0,
              "state": "passed",
              "speed": "fast",
              "pass": true,
              "fail": false,
              "pending": false,
              "context": null,
              "code": "const code_dummy = \"4'haaB0'\";\nconst expected_number = {\n    signed_n: -21840,\n    unsigned_n: 43696,\n    is_multi: true,\n    is_ok: true\n};\nconst current_number = (0, numbers_1.hdl_hover)(code_dummy, lang);\n(0, assert_1.deepEqual)(current_number, expected_number);",
              "err": {},
              "uuid": "ed085024-d7d2-4c13-bf7f-29bfbc0ee507",
              "parentUUID": "3f7a79fe-3ebd-4def-bd4a-c3cf359fa91a",
              "isHook": false,
              "skipped": false
            },
            {
              "title": "Hexadeximal unsigned or signed with separator",
              "fullTitle": "Check hover Verilog Hexadeximal unsigned or signed with separator",
              "timedOut": false,
              "duration": 0,
              "state": "passed",
              "speed": "fast",
              "pass": true,
              "fail": false,
              "pending": false,
              "context": null,
              "code": "const code_dummy = \"4'ha_a_b0'\";\nconst expected_number = {\n    signed_n: -21840,\n    unsigned_n: 43696,\n    is_multi: true,\n    is_ok: true\n};\nconst current_number = (0, numbers_1.hdl_hover)(code_dummy, lang);\n(0, assert_1.deepEqual)(current_number, expected_number);",
              "err": {},
              "uuid": "74d4f790-5604-4adf-b2e2-d47b28738d78",
              "parentUUID": "3f7a79fe-3ebd-4def-bd4a-c3cf359fa91a",
              "isHook": false,
              "skipped": false
            },
            {
              "title": "Octal unsigned",
              "fullTitle": "Check hover Verilog Octal unsigned",
              "timedOut": false,
              "duration": 0,
              "state": "passed",
              "speed": "fast",
              "pass": true,
              "fail": false,
              "pending": false,
              "context": null,
              "code": "const code_dummy = \"4'o0175'\";\nconst expected_number = {\n    signed_n: 0,\n    unsigned_n: 125,\n    is_multi: false,\n    is_ok: true\n};\nconst current_number = (0, numbers_1.hdl_hover)(code_dummy, lang);\n(0, assert_1.deepEqual)(current_number, expected_number);",
              "err": {},
              "uuid": "8899091a-0202-4233-9b27-313ac4c6dd77",
              "parentUUID": "3f7a79fe-3ebd-4def-bd4a-c3cf359fa91a",
              "isHook": false,
              "skipped": false
            },
            {
              "title": "Octal unsigned or signed",
              "fullTitle": "Check hover Verilog Octal unsigned or signed",
              "timedOut": false,
              "duration": 1,
              "state": "passed",
              "speed": "fast",
              "pass": true,
              "fail": false,
              "pending": false,
              "context": null,
              "code": "const code_dummy = \"4'o232'\";\nconst expected_number = {\n    signed_n: -102,\n    unsigned_n: 154,\n    is_multi: true,\n    is_ok: true\n};\nconst current_number = (0, numbers_1.hdl_hover)(code_dummy, lang);\n(0, assert_1.deepEqual)(current_number, expected_number);",
              "err": {},
              "uuid": "114530b6-9257-4609-98a5-146dfd488f7c",
              "parentUUID": "3f7a79fe-3ebd-4def-bd4a-c3cf359fa91a",
              "isHook": false,
              "skipped": false
            },
            {
              "title": "Octal unsigned or signed with separator",
              "fullTitle": "Check hover Verilog Octal unsigned or signed with separator",
              "timedOut": false,
              "duration": 0,
              "state": "passed",
              "speed": "fast",
              "pass": true,
              "fail": false,
              "pending": false,
              "context": null,
              "code": "const code_dummy = \"4'o2_3_2'\";\nconst expected_number = {\n    signed_n: -102,\n    unsigned_n: 154,\n    is_multi: true,\n    is_ok: true\n};\nconst current_number = (0, numbers_1.hdl_hover)(code_dummy, lang);\n(0, assert_1.deepEqual)(current_number, expected_number);",
              "err": {},
              "uuid": "d966a46c-0dd9-4475-af7f-9d353d85a4f8",
              "parentUUID": "3f7a79fe-3ebd-4def-bd4a-c3cf359fa91a",
              "isHook": false,
              "skipped": false
            }
          ],
          "suites": [],
          "passes": [
            "d7f695e1-c0f0-4aa8-8009-ae5865c5daab",
            "895e999b-2c97-4e72-9385-7d65e8674e33",
            "b65dbb63-3d23-4e54-a733-282fce8cb3d1",
            "9696e924-f533-4e99-943d-2ee2e5938843",
            "ed085024-d7d2-4c13-bf7f-29bfbc0ee507",
            "74d4f790-5604-4adf-b2e2-d47b28738d78",
            "8899091a-0202-4233-9b27-313ac4c6dd77",
            "114530b6-9257-4609-98a5-146dfd488f7c",
            "d966a46c-0dd9-4475-af7f-9d353d85a4f8"
          ],
          "failures": [],
          "pending": [],
          "skipped": [],
          "duration": 2,
          "root": false,
          "rootEmpty": false,
          "_timeout": 2000
        }
      ],
      "passes": [],
      "failures": [],
      "pending": [],
      "skipped": [
        "ad7d2172-da18-4aeb-8436-cf63537c2393",
        "5fe9b700-3956-47cb-8f10-bd3d7d4b0d2f"
      ],
      "duration": 0,
      "root": true,
      "rootEmpty": false,
      "_timeout": 2000
    }
  ],
  "meta": {
    "mocha": {
      "version": "9.2.2"
    },
    "mochawesome": {
      "options": {
        "quiet": false,
        "reportFilename": "mochawesome",
        "saveHtml": true,
        "saveJson": true,
        "consoleReporter": "spec",
        "useInlineDiffs": false,
        "code": true
      },
      "version": "7.1.3"
    },
    "marge": {
      "options": {
        "id": "default"
      },
      "version": "6.2.0"
    }
  }
}