{
  "stats": {
    "suites": 66,
    "tests": 216,
    "passes": 202,
    "pending": 14,
    "failures": 0,
    "start": "2022-10-23T09:40:42.932Z",
    "end": "2022-10-23T09:41:00.399Z",
    "duration": 17467,
    "testsRegistered": 218,
    "passPercent": 99.01960784313727,
    "pendingPercent": 6.422018348623854,
    "other": 0,
    "hasOther": false,
    "skipped": 2,
    "hasSkipped": true
  },
  "results": [
    {
      "uuid": "b806ee50-5e15-4cad-90b6-33237cd36954",
      "title": "",
      "fullFile": "",
      "file": "",
      "beforeHooks": [],
      "afterHooks": [],
      "tests": [
        {
          "title": "Get top level VHDL",
          "fullTitle": "Get top level VHDL",
          "timedOut": false,
          "duration": 0,
          "state": null,
          "speed": null,
          "pass": false,
          "fail": false,
          "pending": false,
          "context": null,
          "code": "const code_dummy = `\nlibrary ieee;\nuse ieee.std_logic_1164.all;\nuse ieee.numeric_std.all;\nentity test_entity_name is\ngeneric (\n    a : integer;\n    b : unsigned;\n    c : signed;\n    d : std_logic;\n    e : std_logic_vector;\n    f : std_logic_vector(5 downto 0)\n  );\nport(\n  g : in std_logic;\n  h : out std_logic;\n  i : inout std_logic\n);\nend test_entity_name;  \narchitecture e_arch of test_entity_name is\nbegin \nend e_arch;\n`;\nconst expected = 'test_entity_name';\nconst current = await hdl_utils.get_toplevel(code_dummy, general_1.HDL_LANG.VHDL);\n(0, assert_1.equal)(current, expected);",
          "err": {},
          "uuid": "985005c6-e0f2-4138-a132-bd77783e8fc5",
          "parentUUID": "b806ee50-5e15-4cad-90b6-33237cd36954",
          "isHook": false,
          "skipped": true
        },
        {
          "title": "Get top level Verilog",
          "fullTitle": "Get top level Verilog",
          "timedOut": false,
          "duration": 0,
          "state": null,
          "speed": null,
          "pass": false,
          "fail": false,
          "pending": false,
          "context": null,
          "code": "const code_dummy = `\nmodule test_entity_name2 \n    #(\n        parameter a=8,\n        parameter b=9,\n        parameter c=10, d=11\n    )\n    (\n        input e,\n        output f,\n        input reg g,\n        input wire h,\n        input reg [7:0] i, j,\n        input wire [9:0] k,\n        output wire [9:0] l\n    );  \n\n    function [7:0] sum;  \n        input [7:0] a, b;  \n        begin  \n            sum = a + b;  \n        end  \n    endfunction\n\n    wire m;\n    wire n, p;\n    reg [1:0] q;\n\n    localparam r = 2;\n\n    always @(posedge a) begin : label_0\n    end\n\n    always_comb begin\n    end\n\n    always_ff begin : label_1\n    end\n\n    always_latch begin\n    end\n\n    test_entity_name \n    #(\n      .a(a ),\n      .b(b ),\n      .c(c ),\n      .d (d )\n    )\n    test_entity_name_dut (\n      .e (e ),\n      .f (f ),\n      .g (g ),\n      .h (h ),\n      .i (i ),\n      .j (j ),\n      .k (k ),\n      .l  ( l)\n    );\n  \nendmodule\n`;\nconst expected = 'test_entity_name2';\nconst current = await hdl_utils.get_toplevel(code_dummy, general_1.HDL_LANG.VERILOG);\n(0, assert_1.equal)(current, expected);",
          "err": {},
          "uuid": "04ec3b83-be3e-4612-949a-54791a4cf8b2",
          "parentUUID": "b806ee50-5e15-4cad-90b6-33237cd36954",
          "isHook": false,
          "skipped": true
        }
      ],
      "suites": [
        {
          "uuid": "fbaa3fc8-4af9-4086-9722-1e47906e7aa4",
          "title": "teroshdl:linter",
          "fullFile": "/home/runner/work/colibri2/colibri2/tests/command/linter/linter.spec.ts",
          "file": "/tests/command/linter/linter.spec.ts",
          "beforeHooks": [],
          "afterHooks": [],
          "tests": [
            {
              "title": "Check linter",
              "fullTitle": "teroshdl:linter Check linter",
              "timedOut": false,
              "duration": 0,
              "state": "pending",
              "speed": null,
              "pass": false,
              "fail": false,
              "pending": true,
              "context": null,
              "code": "",
              "err": {},
              "uuid": "fb9a06f7-b2a1-4881-8664-ffcaf8909480",
              "parentUUID": "fbaa3fc8-4af9-4086-9722-1e47906e7aa4",
              "isHook": false,
              "skipped": false
            }
          ],
          "suites": [],
          "passes": [],
          "failures": [],
          "pending": [
            "fb9a06f7-b2a1-4881-8664-ffcaf8909480"
          ],
          "skipped": [],
          "duration": 0,
          "root": false,
          "rootEmpty": false,
          "_timeout": 2000
        },
        {
          "uuid": "756614b2-b4c7-4b67-aa6a-bf8e39b4c2fd",
          "title": "teroshdl:template",
          "fullFile": "/home/runner/work/colibri2/colibri2/tests/command/template/template.spec.ts",
          "file": "/tests/command/template/template.spec.ts",
          "beforeHooks": [],
          "afterHooks": [],
          "tests": [
            {
              "title": "Check template",
              "fullTitle": "teroshdl:template Check template",
              "timedOut": false,
              "duration": 1668,
              "state": "passed",
              "speed": "slow",
              "pass": true,
              "fail": false,
              "pending": false,
              "context": null,
              "code": "if (context.timeout)\n    this.timeout(context.timeout);\nreturn run.call(this);",
              "err": {},
              "uuid": "f739d7c2-0f23-4c0c-864b-f031f8626161",
              "parentUUID": "756614b2-b4c7-4b67-aa6a-bf8e39b4c2fd",
              "isHook": false,
              "skipped": false
            }
          ],
          "suites": [],
          "passes": [
            "f739d7c2-0f23-4c0c-864b-f031f8626161"
          ],
          "failures": [],
          "pending": [],
          "skipped": [],
          "duration": 1668,
          "root": false,
          "rootEmpty": false,
          "_timeout": 2000
        },
        {
          "uuid": "a0de98fc-d656-42ec-8583-5104d8a0ef49",
          "title": "Check diagram generator",
          "fullFile": "/home/runner/work/colibri2/colibri2/tests/documenter/diagram.spec.ts",
          "file": "/tests/documenter/diagram.spec.ts",
          "beforeHooks": [],
          "afterHooks": [],
          "tests": [
            {
              "title": "With ports and generics and color",
              "fullTitle": "Check diagram generator With ports and generics and color",
              "timedOut": false,
              "duration": 299,
              "state": "passed",
              "speed": "slow",
              "pass": true,
              "fail": false,
              "pending": false,
              "context": null,
              "code": "const test_index = 0;\nconst OPT = {\n    blackandwhite: false\n};\nconst hdl_element = new common_hdl.Hdl_element(general_1.HDL_LANG.VHDL, common_hdl.TYPE_HDL_ELEMENT.ENTITY);\n// Ports\nhdl_element.add_port(port_input);\nhdl_element.add_port(port_output);\n// Generics\nhdl_element.add_generic(generic_0);\nhdl_element.add_generic(generic_1);\nconst svg_diagram = diagram.diagram_generator(hdl_element, OPT);\nconst file_o = paht_lib.join(C_OUTPUT_BASE_PATH, `output_${test_index}.svg`);\nfs.writeFileSync(file_o, svg_diagram);\ncheck_test(test_index);",
              "err": {},
              "uuid": "4ca90ac9-1491-43f6-ad84-78a9d519b342",
              "parentUUID": "a0de98fc-d656-42ec-8583-5104d8a0ef49",
              "isHook": false,
              "skipped": false
            },
            {
              "title": "Only ports and color",
              "fullTitle": "Check diagram generator Only ports and color",
              "timedOut": false,
              "duration": 10,
              "state": "passed",
              "speed": "fast",
              "pass": true,
              "fail": false,
              "pending": false,
              "context": null,
              "code": "const test_index = 1;\nconst OPT = {\n    blackandwhite: false\n};\nconst hdl_element = new common_hdl.Hdl_element(general_1.HDL_LANG.VHDL, common_hdl.TYPE_HDL_ELEMENT.ENTITY);\n// Ports\nhdl_element.add_port(port_input);\nhdl_element.add_port(port_output);\nconst svg_diagram = diagram.diagram_generator(hdl_element, OPT);\nconst file_o = paht_lib.join(C_OUTPUT_BASE_PATH, `output_${test_index}.svg`);\nfs.writeFileSync(file_o, svg_diagram);\ncheck_test(test_index);",
              "err": {},
              "uuid": "653cd613-077d-4559-82d4-01baa208d884",
              "parentUUID": "a0de98fc-d656-42ec-8583-5104d8a0ef49",
              "isHook": false,
              "skipped": false
            },
            {
              "title": "Only generics and color",
              "fullTitle": "Check diagram generator Only generics and color",
              "timedOut": false,
              "duration": 7,
              "state": "passed",
              "speed": "fast",
              "pass": true,
              "fail": false,
              "pending": false,
              "context": null,
              "code": "const test_index = 2;\nconst OPT = {\n    blackandwhite: false\n};\nconst hdl_element = new common_hdl.Hdl_element(general_1.HDL_LANG.VHDL, common_hdl.TYPE_HDL_ELEMENT.ENTITY);\n// Generics\nhdl_element.add_generic(generic_0);\nhdl_element.add_generic(generic_1);\nconst svg_diagram = diagram.diagram_generator(hdl_element, OPT);\nconst file_o = paht_lib.join(C_OUTPUT_BASE_PATH, `output_${test_index}.svg`);\nfs.writeFileSync(file_o, svg_diagram);\ncheck_test(test_index);",
              "err": {},
              "uuid": "47db5ed2-cd85-486d-b429-f995e38f2bab",
              "parentUUID": "a0de98fc-d656-42ec-8583-5104d8a0ef49",
              "isHook": false,
              "skipped": false
            },
            {
              "title": "Empty and color",
              "fullTitle": "Check diagram generator Empty and color",
              "timedOut": false,
              "duration": 3,
              "state": "passed",
              "speed": "fast",
              "pass": true,
              "fail": false,
              "pending": false,
              "context": null,
              "code": "const test_index = 3;\nconst OPT = {\n    blackandwhite: false\n};\nconst hdl_element = new common_hdl.Hdl_element(general_1.HDL_LANG.VHDL, common_hdl.TYPE_HDL_ELEMENT.ENTITY);\nconst svg_diagram = diagram.diagram_generator(hdl_element, OPT);\nconst file_o = paht_lib.join(C_OUTPUT_BASE_PATH, `output_${test_index}.svg`);\nfs.writeFileSync(file_o, svg_diagram);\ncheck_test(test_index);",
              "err": {},
              "uuid": "49a601a6-2f78-41fa-8140-619b5f72e1b1",
              "parentUUID": "a0de98fc-d656-42ec-8583-5104d8a0ef49",
              "isHook": false,
              "skipped": false
            },
            {
              "title": "With ports and generics and black and white",
              "fullTitle": "Check diagram generator With ports and generics and black and white",
              "timedOut": false,
              "duration": 12,
              "state": "passed",
              "speed": "fast",
              "pass": true,
              "fail": false,
              "pending": false,
              "context": null,
              "code": "const test_index = 4;\nconst OPT = {\n    blackandwhite: true\n};\nconst hdl_element = new common_hdl.Hdl_element(general_1.HDL_LANG.VHDL, common_hdl.TYPE_HDL_ELEMENT.ENTITY);\n// Ports\nhdl_element.add_port(port_input);\nhdl_element.add_port(port_output);\n// Generics\nhdl_element.add_generic(generic_0);\nhdl_element.add_generic(generic_1);\nconst svg_diagram = diagram.diagram_generator(hdl_element, OPT);\nconst file_o = paht_lib.join(C_OUTPUT_BASE_PATH, `output_${test_index}.svg`);\nfs.writeFileSync(file_o, svg_diagram);\ncheck_test(test_index);",
              "err": {},
              "uuid": "7b8714b2-41cc-4a98-bb4c-1be9c8857f4a",
              "parentUUID": "a0de98fc-d656-42ec-8583-5104d8a0ef49",
              "isHook": false,
              "skipped": false
            }
          ],
          "suites": [],
          "passes": [
            "4ca90ac9-1491-43f6-ad84-78a9d519b342",
            "653cd613-077d-4559-82d4-01baa208d884",
            "47db5ed2-cd85-486d-b429-f995e38f2bab",
            "49a601a6-2f78-41fa-8140-619b5f72e1b1",
            "7b8714b2-41cc-4a98-bb4c-1be9c8857f4a"
          ],
          "failures": [],
          "pending": [],
          "skipped": [],
          "duration": 331,
          "root": false,
          "rootEmpty": false,
          "_timeout": 2000
        },
        {
          "uuid": "5a3436ef-3cb7-4d73-a44e-a54ad1a805bc",
          "title": "Check documenter creator with html",
          "fullFile": "/home/runner/work/colibri2/colibri2/tests/documenter/documenter.spec.ts",
          "file": "/tests/documenter/documenter.spec.ts",
          "beforeHooks": [],
          "afterHooks": [],
          "tests": [
            {
              "title": "Entity VHDL",
              "fullTitle": "Check documenter creator with html Entity VHDL",
              "timedOut": false,
              "duration": 670,
              "state": "passed",
              "speed": "slow",
              "pass": true,
              "fail": false,
              "pending": false,
              "context": null,
              "code": "const hdl_lang = general_1.HDL_LANG.VHDL;\nconst hdl_type = 'entity';\nawait run(hdl_type, hdl_lang, output_type_inst);",
              "err": {},
              "uuid": "f99eef1b-41b4-4184-9c4a-e631151abbd4",
              "parentUUID": "5a3436ef-3cb7-4d73-a44e-a54ad1a805bc",
              "isHook": false,
              "skipped": false
            },
            {
              "title": "Package VHDL",
              "fullTitle": "Check documenter creator with html Package VHDL",
              "timedOut": false,
              "duration": 448,
              "state": "passed",
              "speed": "slow",
              "pass": true,
              "fail": false,
              "pending": false,
              "context": null,
              "code": "const hdl_lang = general_1.HDL_LANG.VHDL;\nconst hdl_type = 'package';\nawait run(hdl_type, hdl_lang, output_type_inst);",
              "err": {},
              "uuid": "0fa65ca6-6e87-44f5-a615-c009c5809b05",
              "parentUUID": "5a3436ef-3cb7-4d73-a44e-a54ad1a805bc",
              "isHook": false,
              "skipped": false
            },
            {
              "title": "Module Verilog",
              "fullTitle": "Check documenter creator with html Module Verilog",
              "timedOut": false,
              "duration": 1243,
              "state": "passed",
              "speed": "slow",
              "pass": true,
              "fail": false,
              "pending": false,
              "context": null,
              "code": "const hdl_lang = general_1.HDL_LANG.VERILOG;\nconst hdl_type = 'entity';\nawait run(hdl_type, hdl_lang, output_type_inst);",
              "err": {},
              "uuid": "b4577522-f515-456e-a950-603d28d123f6",
              "parentUUID": "5a3436ef-3cb7-4d73-a44e-a54ad1a805bc",
              "isHook": false,
              "skipped": false
            },
            {
              "title": "Package SystemVerilog",
              "fullTitle": "Check documenter creator with html Package SystemVerilog",
              "timedOut": false,
              "duration": 285,
              "state": "passed",
              "speed": "slow",
              "pass": true,
              "fail": false,
              "pending": false,
              "context": null,
              "code": "const hdl_lang = general_1.HDL_LANG.SYSTEMVERILOG;\nconst hdl_type = 'package';\nawait run(hdl_type, hdl_lang, output_type_inst);",
              "err": {},
              "uuid": "ce66920e-eaf8-40e6-bd5d-f0db6f0d80ab",
              "parentUUID": "5a3436ef-3cb7-4d73-a44e-a54ad1a805bc",
              "isHook": false,
              "skipped": false
            },
            {
              "title": "Interface SystemVerilog",
              "fullTitle": "Check documenter creator with html Interface SystemVerilog",
              "timedOut": false,
              "duration": 326,
              "state": "passed",
              "speed": "slow",
              "pass": true,
              "fail": false,
              "pending": false,
              "context": null,
              "code": "const hdl_lang = general_1.HDL_LANG.SYSTEMVERILOG;\nconst hdl_type = 'interface';\nawait run(hdl_type, hdl_lang, output_type_inst);",
              "err": {},
              "uuid": "6a815583-1231-4b84-862e-70a98629a0a5",
              "parentUUID": "5a3436ef-3cb7-4d73-a44e-a54ad1a805bc",
              "isHook": false,
              "skipped": false
            }
          ],
          "suites": [],
          "passes": [
            "f99eef1b-41b4-4184-9c4a-e631151abbd4",
            "0fa65ca6-6e87-44f5-a615-c009c5809b05",
            "b4577522-f515-456e-a950-603d28d123f6",
            "ce66920e-eaf8-40e6-bd5d-f0db6f0d80ab",
            "6a815583-1231-4b84-862e-70a98629a0a5"
          ],
          "failures": [],
          "pending": [],
          "skipped": [],
          "duration": 2972,
          "root": false,
          "rootEmpty": false,
          "_timeout": 2000
        },
        {
          "uuid": "a5fc3e4f-5af9-4281-a42b-f597debc17f8",
          "title": "Check documenter creator with markdown",
          "fullFile": "/home/runner/work/colibri2/colibri2/tests/documenter/documenter.spec.ts",
          "file": "/tests/documenter/documenter.spec.ts",
          "beforeHooks": [],
          "afterHooks": [],
          "tests": [
            {
              "title": "Entity VHDL",
              "fullTitle": "Check documenter creator with markdown Entity VHDL",
              "timedOut": false,
              "duration": 353,
              "state": "passed",
              "speed": "slow",
              "pass": true,
              "fail": false,
              "pending": false,
              "context": null,
              "code": "const hdl_lang = general_1.HDL_LANG.VHDL;\nconst hdl_type = 'entity';\nawait run(hdl_type, hdl_lang, output_type_inst);",
              "err": {},
              "uuid": "86752dc0-002d-44da-a778-e03667b28391",
              "parentUUID": "a5fc3e4f-5af9-4281-a42b-f597debc17f8",
              "isHook": false,
              "skipped": false
            },
            {
              "title": "Package VHDL",
              "fullTitle": "Check documenter creator with markdown Package VHDL",
              "timedOut": false,
              "duration": 350,
              "state": "passed",
              "speed": "slow",
              "pass": true,
              "fail": false,
              "pending": false,
              "context": null,
              "code": "const hdl_lang = general_1.HDL_LANG.VHDL;\nconst hdl_type = 'package';\nawait run(hdl_type, hdl_lang, output_type_inst);",
              "err": {},
              "uuid": "e2f31042-49e9-40e5-97b8-7f717a0ac1b8",
              "parentUUID": "a5fc3e4f-5af9-4281-a42b-f597debc17f8",
              "isHook": false,
              "skipped": false
            },
            {
              "title": "Module Verilog",
              "fullTitle": "Check documenter creator with markdown Module Verilog",
              "timedOut": false,
              "duration": 623,
              "state": "passed",
              "speed": "slow",
              "pass": true,
              "fail": false,
              "pending": false,
              "context": null,
              "code": "const hdl_lang = general_1.HDL_LANG.VERILOG;\nconst hdl_type = 'entity';\nawait run(hdl_type, hdl_lang, output_type_inst);",
              "err": {},
              "uuid": "87d839c8-0b9b-4ad4-878b-72796fcabe3d",
              "parentUUID": "a5fc3e4f-5af9-4281-a42b-f597debc17f8",
              "isHook": false,
              "skipped": false
            },
            {
              "title": "Package SystemVerilog",
              "fullTitle": "Check documenter creator with markdown Package SystemVerilog",
              "timedOut": false,
              "duration": 350,
              "state": "passed",
              "speed": "slow",
              "pass": true,
              "fail": false,
              "pending": false,
              "context": null,
              "code": "const hdl_lang = general_1.HDL_LANG.SYSTEMVERILOG;\nconst hdl_type = 'package';\nawait run(hdl_type, hdl_lang, output_type_inst);",
              "err": {},
              "uuid": "9af33e6a-2950-4f21-b2d4-24015f4e1679",
              "parentUUID": "a5fc3e4f-5af9-4281-a42b-f597debc17f8",
              "isHook": false,
              "skipped": false
            },
            {
              "title": "Interface SystemVerilog",
              "fullTitle": "Check documenter creator with markdown Interface SystemVerilog",
              "timedOut": false,
              "duration": 328,
              "state": "passed",
              "speed": "slow",
              "pass": true,
              "fail": false,
              "pending": false,
              "context": null,
              "code": "const hdl_lang = general_1.HDL_LANG.SYSTEMVERILOG;\nconst hdl_type = 'interface';\nawait run(hdl_type, hdl_lang, output_type_inst);",
              "err": {},
              "uuid": "62b46106-bfec-473e-a09d-d9c91eb50bad",
              "parentUUID": "a5fc3e4f-5af9-4281-a42b-f597debc17f8",
              "isHook": false,
              "skipped": false
            }
          ],
          "suites": [],
          "passes": [
            "86752dc0-002d-44da-a778-e03667b28391",
            "e2f31042-49e9-40e5-97b8-7f717a0ac1b8",
            "87d839c8-0b9b-4ad4-878b-72796fcabe3d",
            "9af33e6a-2950-4f21-b2d4-24015f4e1679",
            "62b46106-bfec-473e-a09d-d9c91eb50bad"
          ],
          "failures": [],
          "pending": [],
          "skipped": [],
          "duration": 2004,
          "root": false,
          "rootEmpty": false,
          "_timeout": 2000
        },
        {
          "uuid": "87dee176-5025-44e9-b7ea-01d04b2e0fb8",
          "title": "Test Doxygen elements single line and only 1 element in the description.",
          "fullFile": "/home/runner/work/colibri2/colibri2/tests/documenter/doxygen.spec.ts",
          "file": "/tests/documenter/doxygen.spec.ts",
          "beforeHooks": [],
          "afterHooks": [],
          "tests": [
            {
              "title": "Testing author",
              "fullTitle": "Test Doxygen elements single line and only 1 element in the description. Testing author",
              "timedOut": false,
              "duration": 0,
              "state": "passed",
              "speed": "fast",
              "pass": true,
              "fail": false,
              "pending": false,
              "context": null,
              "code": "const result = (0, doxygen_parser_1.parse_doxygen)(element.input);\n(0, assert_1.equal)(result.element_list[0].description, element.output);",
              "err": {},
              "uuid": "e5ed4d83-6e76-488d-9a5a-545d89f1f9ce",
              "parentUUID": "87dee176-5025-44e9-b7ea-01d04b2e0fb8",
              "isHook": false,
              "skipped": false
            },
            {
              "title": "Testing version",
              "fullTitle": "Test Doxygen elements single line and only 1 element in the description. Testing version",
              "timedOut": false,
              "duration": 0,
              "state": "passed",
              "speed": "fast",
              "pass": true,
              "fail": false,
              "pending": false,
              "context": null,
              "code": "const result = (0, doxygen_parser_1.parse_doxygen)(element.input);\n(0, assert_1.equal)(result.element_list[0].description, element.output);",
              "err": {},
              "uuid": "6ecad50e-ae40-4ef8-817e-b90dd71a6ff9",
              "parentUUID": "87dee176-5025-44e9-b7ea-01d04b2e0fb8",
              "isHook": false,
              "skipped": false
            },
            {
              "title": "Testing project",
              "fullTitle": "Test Doxygen elements single line and only 1 element in the description. Testing project",
              "timedOut": false,
              "duration": 0,
              "state": "passed",
              "speed": "fast",
              "pass": true,
              "fail": false,
              "pending": false,
              "context": null,
              "code": "const result = (0, doxygen_parser_1.parse_doxygen)(element.input);\n(0, assert_1.equal)(result.element_list[0].description, element.output);",
              "err": {},
              "uuid": "ea1ea666-a4ef-446c-9f6b-fa7ab7dee46b",
              "parentUUID": "87dee176-5025-44e9-b7ea-01d04b2e0fb8",
              "isHook": false,
              "skipped": false
            },
            {
              "title": "Testing copyright",
              "fullTitle": "Test Doxygen elements single line and only 1 element in the description. Testing copyright",
              "timedOut": false,
              "duration": 0,
              "state": "passed",
              "speed": "fast",
              "pass": true,
              "fail": false,
              "pending": false,
              "context": null,
              "code": "const result = (0, doxygen_parser_1.parse_doxygen)(element.input);\n(0, assert_1.equal)(result.element_list[0].description, element.output);",
              "err": {},
              "uuid": "159c5a97-4855-4cd1-ac3a-9a76c0939142",
              "parentUUID": "87dee176-5025-44e9-b7ea-01d04b2e0fb8",
              "isHook": false,
              "skipped": false
            },
            {
              "title": "Testing brief",
              "fullTitle": "Test Doxygen elements single line and only 1 element in the description. Testing brief",
              "timedOut": false,
              "duration": 0,
              "state": "passed",
              "speed": "fast",
              "pass": true,
              "fail": false,
              "pending": false,
              "context": null,
              "code": "const result = (0, doxygen_parser_1.parse_doxygen)(element.input);\n(0, assert_1.equal)(result.element_list[0].description, element.output);",
              "err": {},
              "uuid": "8495bd79-466f-4580-aef6-5879237c3397",
              "parentUUID": "87dee176-5025-44e9-b7ea-01d04b2e0fb8",
              "isHook": false,
              "skipped": false
            },
            {
              "title": "Testing details",
              "fullTitle": "Test Doxygen elements single line and only 1 element in the description. Testing details",
              "timedOut": false,
              "duration": 0,
              "state": "passed",
              "speed": "fast",
              "pass": true,
              "fail": false,
              "pending": false,
              "context": null,
              "code": "const result = (0, doxygen_parser_1.parse_doxygen)(element.input);\n(0, assert_1.equal)(result.element_list[0].description, element.output);",
              "err": {},
              "uuid": "11815e8f-9751-49cc-ad4a-12ea650692fe",
              "parentUUID": "87dee176-5025-44e9-b7ea-01d04b2e0fb8",
              "isHook": false,
              "skipped": false
            },
            {
              "title": "Testing custom_section_begin",
              "fullTitle": "Test Doxygen elements single line and only 1 element in the description. Testing custom_section_begin",
              "timedOut": false,
              "duration": 0,
              "state": "passed",
              "speed": "fast",
              "pass": true,
              "fail": false,
              "pending": false,
              "context": null,
              "code": "const result = (0, doxygen_parser_1.parse_doxygen)(element.input);\n(0, assert_1.equal)(result.element_list[0].description, element.output);",
              "err": {},
              "uuid": "e4404252-1a7f-4528-915b-1a8a3c1224b8",
              "parentUUID": "87dee176-5025-44e9-b7ea-01d04b2e0fb8",
              "isHook": false,
              "skipped": false
            },
            {
              "title": "Testing custom_section_end",
              "fullTitle": "Test Doxygen elements single line and only 1 element in the description. Testing custom_section_end",
              "timedOut": false,
              "duration": 0,
              "state": "passed",
              "speed": "fast",
              "pass": true,
              "fail": false,
              "pending": false,
              "context": null,
              "code": "const result = (0, doxygen_parser_1.parse_doxygen)(element.input);\n(0, assert_1.equal)(result.element_list[0].description, element.output);",
              "err": {},
              "uuid": "641fbe3c-1d41-4f75-b492-00cdf58745fc",
              "parentUUID": "87dee176-5025-44e9-b7ea-01d04b2e0fb8",
              "isHook": false,
              "skipped": false
            }
          ],
          "suites": [],
          "passes": [
            "e5ed4d83-6e76-488d-9a5a-545d89f1f9ce",
            "6ecad50e-ae40-4ef8-817e-b90dd71a6ff9",
            "ea1ea666-a4ef-446c-9f6b-fa7ab7dee46b",
            "159c5a97-4855-4cd1-ac3a-9a76c0939142",
            "8495bd79-466f-4580-aef6-5879237c3397",
            "11815e8f-9751-49cc-ad4a-12ea650692fe",
            "e4404252-1a7f-4528-915b-1a8a3c1224b8",
            "641fbe3c-1d41-4f75-b492-00cdf58745fc"
          ],
          "failures": [],
          "pending": [],
          "skipped": [],
          "duration": 0,
          "root": false,
          "rootEmpty": false,
          "_timeout": 2000
        },
        {
          "uuid": "d31e8911-7991-4461-85f6-4fff9c76c693",
          "title": "Test Doxygen elements multi line and only 1 element in the description.",
          "fullFile": "/home/runner/work/colibri2/colibri2/tests/documenter/doxygen.spec.ts",
          "file": "/tests/documenter/doxygen.spec.ts",
          "beforeHooks": [],
          "afterHooks": [],
          "tests": [
            {
              "title": "Testing author",
              "fullTitle": "Test Doxygen elements multi line and only 1 element in the description. Testing author",
              "timedOut": false,
              "duration": 0,
              "state": "passed",
              "speed": "fast",
              "pass": true,
              "fail": false,
              "pending": false,
              "context": null,
              "code": "const result = (0, doxygen_parser_1.parse_doxygen)(element.input);\n(0, assert_1.equal)(result.element_list[0].description, element.output);",
              "err": {},
              "uuid": "27915990-4c23-4d5d-82e1-937fef143b16",
              "parentUUID": "d31e8911-7991-4461-85f6-4fff9c76c693",
              "isHook": false,
              "skipped": false
            },
            {
              "title": "Testing version",
              "fullTitle": "Test Doxygen elements multi line and only 1 element in the description. Testing version",
              "timedOut": false,
              "duration": 0,
              "state": "passed",
              "speed": "fast",
              "pass": true,
              "fail": false,
              "pending": false,
              "context": null,
              "code": "const result = (0, doxygen_parser_1.parse_doxygen)(element.input);\n(0, assert_1.equal)(result.element_list[0].description, element.output);",
              "err": {},
              "uuid": "30d9541f-4af8-4d92-83d7-9a9e6b6bcfc7",
              "parentUUID": "d31e8911-7991-4461-85f6-4fff9c76c693",
              "isHook": false,
              "skipped": false
            },
            {
              "title": "Testing project",
              "fullTitle": "Test Doxygen elements multi line and only 1 element in the description. Testing project",
              "timedOut": false,
              "duration": 0,
              "state": "passed",
              "speed": "fast",
              "pass": true,
              "fail": false,
              "pending": false,
              "context": null,
              "code": "const result = (0, doxygen_parser_1.parse_doxygen)(element.input);\n(0, assert_1.equal)(result.element_list[0].description, element.output);",
              "err": {},
              "uuid": "c4890370-0375-4066-8ce5-245980c12a1a",
              "parentUUID": "d31e8911-7991-4461-85f6-4fff9c76c693",
              "isHook": false,
              "skipped": false
            },
            {
              "title": "Testing copyright",
              "fullTitle": "Test Doxygen elements multi line and only 1 element in the description. Testing copyright",
              "timedOut": false,
              "duration": 0,
              "state": "passed",
              "speed": "fast",
              "pass": true,
              "fail": false,
              "pending": false,
              "context": null,
              "code": "const result = (0, doxygen_parser_1.parse_doxygen)(element.input);\n(0, assert_1.equal)(result.element_list[0].description, element.output);",
              "err": {},
              "uuid": "ef836add-f707-48d2-b58e-a2bb21baad1b",
              "parentUUID": "d31e8911-7991-4461-85f6-4fff9c76c693",
              "isHook": false,
              "skipped": false
            },
            {
              "title": "Testing brief",
              "fullTitle": "Test Doxygen elements multi line and only 1 element in the description. Testing brief",
              "timedOut": false,
              "duration": 0,
              "state": "passed",
              "speed": "fast",
              "pass": true,
              "fail": false,
              "pending": false,
              "context": null,
              "code": "const result = (0, doxygen_parser_1.parse_doxygen)(element.input);\n(0, assert_1.equal)(result.element_list[0].description, element.output);",
              "err": {},
              "uuid": "fbeed16a-fbdd-4bd1-bbab-2fed2cf5138b",
              "parentUUID": "d31e8911-7991-4461-85f6-4fff9c76c693",
              "isHook": false,
              "skipped": false
            },
            {
              "title": "Testing details",
              "fullTitle": "Test Doxygen elements multi line and only 1 element in the description. Testing details",
              "timedOut": false,
              "duration": 0,
              "state": "passed",
              "speed": "fast",
              "pass": true,
              "fail": false,
              "pending": false,
              "context": null,
              "code": "const result = (0, doxygen_parser_1.parse_doxygen)(element.input);\n(0, assert_1.equal)(result.element_list[0].description, element.output);",
              "err": {},
              "uuid": "4adaa1c1-8eb1-4cd7-b613-77baf639e494",
              "parentUUID": "d31e8911-7991-4461-85f6-4fff9c76c693",
              "isHook": false,
              "skipped": false
            },
            {
              "title": "Testing custom_section_begin",
              "fullTitle": "Test Doxygen elements multi line and only 1 element in the description. Testing custom_section_begin",
              "timedOut": false,
              "duration": 0,
              "state": "passed",
              "speed": "fast",
              "pass": true,
              "fail": false,
              "pending": false,
              "context": null,
              "code": "const result = (0, doxygen_parser_1.parse_doxygen)(element.input);\n(0, assert_1.equal)(result.element_list[0].description, element.output);",
              "err": {},
              "uuid": "bb03460f-1bfd-45e2-bc27-3713b04a2b60",
              "parentUUID": "d31e8911-7991-4461-85f6-4fff9c76c693",
              "isHook": false,
              "skipped": false
            },
            {
              "title": "Testing custom_section_end",
              "fullTitle": "Test Doxygen elements multi line and only 1 element in the description. Testing custom_section_end",
              "timedOut": false,
              "duration": 0,
              "state": "passed",
              "speed": "fast",
              "pass": true,
              "fail": false,
              "pending": false,
              "context": null,
              "code": "const result = (0, doxygen_parser_1.parse_doxygen)(element.input);\n(0, assert_1.equal)(result.element_list[0].description, element.output);",
              "err": {},
              "uuid": "ad9610bb-a46d-476f-b3d1-f0af911c5bcb",
              "parentUUID": "d31e8911-7991-4461-85f6-4fff9c76c693",
              "isHook": false,
              "skipped": false
            }
          ],
          "suites": [],
          "passes": [
            "27915990-4c23-4d5d-82e1-937fef143b16",
            "30d9541f-4af8-4d92-83d7-9a9e6b6bcfc7",
            "c4890370-0375-4066-8ce5-245980c12a1a",
            "ef836add-f707-48d2-b58e-a2bb21baad1b",
            "fbeed16a-fbdd-4bd1-bbab-2fed2cf5138b",
            "4adaa1c1-8eb1-4cd7-b613-77baf639e494",
            "bb03460f-1bfd-45e2-bc27-3713b04a2b60",
            "ad9610bb-a46d-476f-b3d1-f0af911c5bcb"
          ],
          "failures": [],
          "pending": [],
          "skipped": [],
          "duration": 0,
          "root": false,
          "rootEmpty": false,
          "_timeout": 2000
        },
        {
          "uuid": "1d85d517-c7fe-464d-b8d4-ab8d0d8b8b9d",
          "title": "Check sections creator with html",
          "fullFile": "/home/runner/work/colibri2/colibri2/tests/documenter/section_creator.spec.ts",
          "file": "/tests/documenter/section_creator.spec.ts",
          "beforeHooks": [],
          "afterHooks": [],
          "tests": [
            {
              "title": "Title section",
              "fullTitle": "Check sections creator with html Title section",
              "timedOut": false,
              "duration": 0,
              "state": "passed",
              "speed": "fast",
              "pass": true,
              "fail": false,
              "pending": false,
              "context": null,
              "code": "const section_name = \"title\";\nconst section = creator.get_title_section(hdl_element, configuration, output_type_inst);\nsave_output(section, section_name, output_type_inst);\ncheck(section_name, output_type_inst, false);",
              "err": {},
              "uuid": "b4fa73cc-1507-460c-a4a3-3d567fbba8ae",
              "parentUUID": "1d85d517-c7fe-464d-b8d4-ab8d0d8b8b9d",
              "isHook": false,
              "skipped": false
            },
            {
              "title": "Input section",
              "fullTitle": "Check sections creator with html Input section",
              "timedOut": false,
              "duration": 0,
              "state": "passed",
              "speed": "fast",
              "pass": true,
              "fail": false,
              "pending": false,
              "context": null,
              "code": "const section_name = \"input\";\nconst file_path = \"/example/of/sample.vhd\";\nconst section = creator.get_input_section(file_path, configuration, output_type_inst);\nsave_output(section, section_name, output_type_inst);\ncheck(section_name, output_type_inst, false);",
              "err": {},
              "uuid": "b48f5971-fa2c-49f9-988b-4c2434782161",
              "parentUUID": "1d85d517-c7fe-464d-b8d4-ab8d0d8b8b9d",
              "isHook": false,
              "skipped": false
            },
            {
              "title": "Info section",
              "fullTitle": "Check sections creator with html Info section",
              "timedOut": false,
              "duration": 0,
              "state": "passed",
              "speed": "fast",
              "pass": true,
              "fail": false,
              "pending": false,
              "context": null,
              "code": "const section_name = \"info\";\nconst section = creator.get_info_section(hdl_element, configuration, output_type_inst);\nsave_output(section, section_name, output_type_inst);\ncheck(section_name, output_type_inst, false);",
              "err": {},
              "uuid": "5efda248-074a-4523-956c-c77f919d62ab",
              "parentUUID": "1d85d517-c7fe-464d-b8d4-ab8d0d8b8b9d",
              "isHook": false,
              "skipped": false
            },
            {
              "title": "Diagram section",
              "fullTitle": "Check sections creator with html Diagram section",
              "timedOut": false,
              "duration": 0,
              "state": "pending",
              "speed": null,
              "pass": false,
              "fail": false,
              "pending": true,
              "context": null,
              "code": "this.skip();\nconst section_name = \"diagram\";\nconst svg_path = paht_lib.join(C_OUTPUT_BASE_PATH, 'input_path.svg');\nconst section = creator.get_diagram_section(hdl_element, configuration, svg_path, output_type_inst);\nsave_output(section, section_name, output_type_inst);\ncheck(section_name, output_type_inst, true);",
              "err": {},
              "uuid": "dd8e5db3-2533-4647-bff1-bdc555a44927",
              "parentUUID": "1d85d517-c7fe-464d-b8d4-ab8d0d8b8b9d",
              "isHook": false,
              "skipped": false
            },
            {
              "title": "Custom begin section",
              "fullTitle": "Check sections creator with html Custom begin section",
              "timedOut": false,
              "duration": 123,
              "state": "passed",
              "speed": "slow",
              "pass": true,
              "fail": false,
              "pending": false,
              "context": null,
              "code": "const section_name = \"custom_section_begin\";\nconst input_path = paht_lib.join(__dirname, 'section_creator', 'helpers', 'input_path.vhd');\nconst section = creator.get_custom_section('custom_section_begin', hdl_element, input_path, output_type_inst);\nsave_output(section, section_name, output_type_inst);\ncheck(section_name, output_type_inst, false);",
              "err": {},
              "uuid": "3871f040-1f91-443e-9eb6-92b81468ca19",
              "parentUUID": "1d85d517-c7fe-464d-b8d4-ab8d0d8b8b9d",
              "isHook": false,
              "skipped": false
            },
            {
              "title": "Custom end section",
              "fullTitle": "Check sections creator with html Custom end section",
              "timedOut": false,
              "duration": 1,
              "state": "passed",
              "speed": "fast",
              "pass": true,
              "fail": false,
              "pending": false,
              "context": null,
              "code": "const section_name = \"custom_section_end\";\nconst input_path = paht_lib.join(__dirname, 'section_creator', 'helpers', 'input_path.vhd');\nconst section = creator.get_custom_section('custom_section_end', hdl_element, input_path, output_type_inst);\nsave_output(section, section_name, output_type_inst);\ncheck(section_name, output_type_inst, false);",
              "err": {},
              "uuid": "3b91f862-6d5c-48d9-b9f2-7aaa2cc8709c",
              "parentUUID": "1d85d517-c7fe-464d-b8d4-ab8d0d8b8b9d",
              "isHook": false,
              "skipped": false
            },
            {
              "title": "Description section",
              "fullTitle": "Check sections creator with html Description section",
              "timedOut": false,
              "duration": 5,
              "state": "passed",
              "speed": "fast",
              "pass": true,
              "fail": false,
              "pending": false,
              "context": null,
              "code": "if (output_type_inst === common_documenter.doc_output_type.MARKDOWN) {\n    this.skip();\n}\nconst section_name = \"description\";\nconst section = creator.get_description_section(hdl_element, configuration, C_OUTPUT_BASE_PATH, output_type_inst);\nsave_output(section, section_name, output_type_inst);\ncheck(section_name, output_type_inst, false);",
              "err": {},
              "uuid": "b56d97d8-2607-48d8-b588-76afd17ae6cc",
              "parentUUID": "1d85d517-c7fe-464d-b8d4-ab8d0d8b8b9d",
              "isHook": false,
              "skipped": false
            },
            {
              "title": "Port section",
              "fullTitle": "Check sections creator with html Port section",
              "timedOut": false,
              "duration": 1,
              "state": "passed",
              "speed": "fast",
              "pass": true,
              "fail": false,
              "pending": false,
              "context": null,
              "code": "const section_name = \"port\";\nconst section = creator.get_in_out_section(hdl_element, configuration, output_type_inst);\nsave_output(section, section_name, output_type_inst);\ncheck(section_name, output_type_inst, false);",
              "err": {},
              "uuid": "e062aadf-a4b6-4031-af5c-759e107b2f56",
              "parentUUID": "1d85d517-c7fe-464d-b8d4-ab8d0d8b8b9d",
              "isHook": false,
              "skipped": false
            },
            {
              "title": "Signal-constant section",
              "fullTitle": "Check sections creator with html Signal-constant section",
              "timedOut": false,
              "duration": 2,
              "state": "passed",
              "speed": "fast",
              "pass": true,
              "fail": false,
              "pending": false,
              "context": null,
              "code": "const section_name = \"signal_constant\";\nconst section = creator.get_signal_constant_section(hdl_element, configuration, output_type_inst);\nsave_output(section, section_name, output_type_inst);\ncheck(section_name, output_type_inst, false);",
              "err": {},
              "uuid": "bd66224a-9234-4894-8711-f05a71ed68fa",
              "parentUUID": "1d85d517-c7fe-464d-b8d4-ab8d0d8b8b9d",
              "isHook": false,
              "skipped": false
            },
            {
              "title": "Process section",
              "fullTitle": "Check sections creator with html Process section",
              "timedOut": false,
              "duration": 1,
              "state": "passed",
              "speed": "fast",
              "pass": true,
              "fail": false,
              "pending": false,
              "context": null,
              "code": "const section_name = \"process\";\nconst section = creator.get_process_section(hdl_element, configuration, output_type_inst);\nsave_output(section, section_name, output_type_inst);\ncheck(section_name, output_type_inst, false);",
              "err": {},
              "uuid": "9c562632-e0a2-4a7d-8a91-2fe36b34558f",
              "parentUUID": "1d85d517-c7fe-464d-b8d4-ab8d0d8b8b9d",
              "isHook": false,
              "skipped": false
            },
            {
              "title": "Function section",
              "fullTitle": "Check sections creator with html Function section",
              "timedOut": false,
              "duration": 1,
              "state": "passed",
              "speed": "fast",
              "pass": true,
              "fail": false,
              "pending": false,
              "context": null,
              "code": "const section_name = \"function\";\nconst section = creator.get_function_section(hdl_element, configuration, output_type_inst);\nsave_output(section, section_name, output_type_inst);\ncheck(section_name, output_type_inst, false);",
              "err": {},
              "uuid": "cdb2543d-1f31-431f-9679-6d0d5a410181",
              "parentUUID": "1d85d517-c7fe-464d-b8d4-ab8d0d8b8b9d",
              "isHook": false,
              "skipped": false
            },
            {
              "title": "Instantiation section",
              "fullTitle": "Check sections creator with html Instantiation section",
              "timedOut": false,
              "duration": 1,
              "state": "passed",
              "speed": "fast",
              "pass": true,
              "fail": false,
              "pending": false,
              "context": null,
              "code": "const section_name = \"instantiation\";\nconst section = creator.get_instantiation_section(hdl_element, configuration, output_type_inst);\nsave_output(section, section_name, output_type_inst);\ncheck(section_name, output_type_inst, false);",
              "err": {},
              "uuid": "e07e8c28-edc3-4124-b09a-64901516a0b4",
              "parentUUID": "1d85d517-c7fe-464d-b8d4-ab8d0d8b8b9d",
              "isHook": false,
              "skipped": false
            }
          ],
          "suites": [],
          "passes": [
            "b4fa73cc-1507-460c-a4a3-3d567fbba8ae",
            "b48f5971-fa2c-49f9-988b-4c2434782161",
            "5efda248-074a-4523-956c-c77f919d62ab",
            "3871f040-1f91-443e-9eb6-92b81468ca19",
            "3b91f862-6d5c-48d9-b9f2-7aaa2cc8709c",
            "b56d97d8-2607-48d8-b588-76afd17ae6cc",
            "e062aadf-a4b6-4031-af5c-759e107b2f56",
            "bd66224a-9234-4894-8711-f05a71ed68fa",
            "9c562632-e0a2-4a7d-8a91-2fe36b34558f",
            "cdb2543d-1f31-431f-9679-6d0d5a410181",
            "e07e8c28-edc3-4124-b09a-64901516a0b4"
          ],
          "failures": [],
          "pending": [
            "dd8e5db3-2533-4647-bff1-bdc555a44927"
          ],
          "skipped": [],
          "duration": 135,
          "root": false,
          "rootEmpty": false,
          "_timeout": 2000
        },
        {
          "uuid": "9e2c1c3d-454e-47f0-8070-08ade5939f22",
          "title": "Check sections creator with markdown",
          "fullFile": "/home/runner/work/colibri2/colibri2/tests/documenter/section_creator.spec.ts",
          "file": "/tests/documenter/section_creator.spec.ts",
          "beforeHooks": [],
          "afterHooks": [],
          "tests": [
            {
              "title": "Title section",
              "fullTitle": "Check sections creator with markdown Title section",
              "timedOut": false,
              "duration": 0,
              "state": "passed",
              "speed": "fast",
              "pass": true,
              "fail": false,
              "pending": false,
              "context": null,
              "code": "const section_name = \"title\";\nconst section = creator.get_title_section(hdl_element, configuration, output_type_inst);\nsave_output(section, section_name, output_type_inst);\ncheck(section_name, output_type_inst, false);",
              "err": {},
              "uuid": "d75b5e7f-7184-4e7e-81b8-492e96cc076d",
              "parentUUID": "9e2c1c3d-454e-47f0-8070-08ade5939f22",
              "isHook": false,
              "skipped": false
            },
            {
              "title": "Input section",
              "fullTitle": "Check sections creator with markdown Input section",
              "timedOut": false,
              "duration": 0,
              "state": "passed",
              "speed": "fast",
              "pass": true,
              "fail": false,
              "pending": false,
              "context": null,
              "code": "const section_name = \"input\";\nconst file_path = \"/example/of/sample.vhd\";\nconst section = creator.get_input_section(file_path, configuration, output_type_inst);\nsave_output(section, section_name, output_type_inst);\ncheck(section_name, output_type_inst, false);",
              "err": {},
              "uuid": "ef4caedb-60ba-4a2e-ae2a-6f514bacde99",
              "parentUUID": "9e2c1c3d-454e-47f0-8070-08ade5939f22",
              "isHook": false,
              "skipped": false
            },
            {
              "title": "Info section",
              "fullTitle": "Check sections creator with markdown Info section",
              "timedOut": false,
              "duration": 1,
              "state": "passed",
              "speed": "fast",
              "pass": true,
              "fail": false,
              "pending": false,
              "context": null,
              "code": "const section_name = \"info\";\nconst section = creator.get_info_section(hdl_element, configuration, output_type_inst);\nsave_output(section, section_name, output_type_inst);\ncheck(section_name, output_type_inst, false);",
              "err": {},
              "uuid": "e936e494-c96a-4e7a-b429-d5e0dc7bd463",
              "parentUUID": "9e2c1c3d-454e-47f0-8070-08ade5939f22",
              "isHook": false,
              "skipped": false
            },
            {
              "title": "Diagram section",
              "fullTitle": "Check sections creator with markdown Diagram section",
              "timedOut": false,
              "duration": 0,
              "state": "pending",
              "speed": null,
              "pass": false,
              "fail": false,
              "pending": true,
              "context": null,
              "code": "this.skip();\nconst section_name = \"diagram\";\nconst svg_path = paht_lib.join(C_OUTPUT_BASE_PATH, 'input_path.svg');\nconst section = creator.get_diagram_section(hdl_element, configuration, svg_path, output_type_inst);\nsave_output(section, section_name, output_type_inst);\ncheck(section_name, output_type_inst, true);",
              "err": {},
              "uuid": "6f9dfe6a-cc30-4e60-92a2-e2e6096bd0d9",
              "parentUUID": "9e2c1c3d-454e-47f0-8070-08ade5939f22",
              "isHook": false,
              "skipped": false
            },
            {
              "title": "Custom begin section",
              "fullTitle": "Check sections creator with markdown Custom begin section",
              "timedOut": false,
              "duration": 1,
              "state": "passed",
              "speed": "fast",
              "pass": true,
              "fail": false,
              "pending": false,
              "context": null,
              "code": "const section_name = \"custom_section_begin\";\nconst input_path = paht_lib.join(__dirname, 'section_creator', 'helpers', 'input_path.vhd');\nconst section = creator.get_custom_section('custom_section_begin', hdl_element, input_path, output_type_inst);\nsave_output(section, section_name, output_type_inst);\ncheck(section_name, output_type_inst, false);",
              "err": {},
              "uuid": "324bf723-d2e1-4ad7-a66b-94f5ee89e454",
              "parentUUID": "9e2c1c3d-454e-47f0-8070-08ade5939f22",
              "isHook": false,
              "skipped": false
            },
            {
              "title": "Custom end section",
              "fullTitle": "Check sections creator with markdown Custom end section",
              "timedOut": false,
              "duration": 1,
              "state": "passed",
              "speed": "fast",
              "pass": true,
              "fail": false,
              "pending": false,
              "context": null,
              "code": "const section_name = \"custom_section_end\";\nconst input_path = paht_lib.join(__dirname, 'section_creator', 'helpers', 'input_path.vhd');\nconst section = creator.get_custom_section('custom_section_end', hdl_element, input_path, output_type_inst);\nsave_output(section, section_name, output_type_inst);\ncheck(section_name, output_type_inst, false);",
              "err": {},
              "uuid": "dcf8eda7-5a03-4bd1-93e0-b0f007d5b166",
              "parentUUID": "9e2c1c3d-454e-47f0-8070-08ade5939f22",
              "isHook": false,
              "skipped": false
            },
            {
              "title": "Description section",
              "fullTitle": "Check sections creator with markdown Description section",
              "timedOut": false,
              "duration": 0,
              "state": "pending",
              "speed": null,
              "pass": false,
              "fail": false,
              "pending": true,
              "context": null,
              "code": "if (output_type_inst === common_documenter.doc_output_type.MARKDOWN) {\n    this.skip();\n}\nconst section_name = \"description\";\nconst section = creator.get_description_section(hdl_element, configuration, C_OUTPUT_BASE_PATH, output_type_inst);\nsave_output(section, section_name, output_type_inst);\ncheck(section_name, output_type_inst, false);",
              "err": {},
              "uuid": "3fcf7187-ea52-41a7-83ec-8d9e1bda369b",
              "parentUUID": "9e2c1c3d-454e-47f0-8070-08ade5939f22",
              "isHook": false,
              "skipped": false
            },
            {
              "title": "Port section",
              "fullTitle": "Check sections creator with markdown Port section",
              "timedOut": false,
              "duration": 1,
              "state": "passed",
              "speed": "fast",
              "pass": true,
              "fail": false,
              "pending": false,
              "context": null,
              "code": "const section_name = \"port\";\nconst section = creator.get_in_out_section(hdl_element, configuration, output_type_inst);\nsave_output(section, section_name, output_type_inst);\ncheck(section_name, output_type_inst, false);",
              "err": {},
              "uuid": "ab456b21-a8f2-4a1c-bcde-583c7293bf19",
              "parentUUID": "9e2c1c3d-454e-47f0-8070-08ade5939f22",
              "isHook": false,
              "skipped": false
            },
            {
              "title": "Signal-constant section",
              "fullTitle": "Check sections creator with markdown Signal-constant section",
              "timedOut": false,
              "duration": 1,
              "state": "passed",
              "speed": "fast",
              "pass": true,
              "fail": false,
              "pending": false,
              "context": null,
              "code": "const section_name = \"signal_constant\";\nconst section = creator.get_signal_constant_section(hdl_element, configuration, output_type_inst);\nsave_output(section, section_name, output_type_inst);\ncheck(section_name, output_type_inst, false);",
              "err": {},
              "uuid": "31c5a73d-f3b6-4529-b70a-46a70e750972",
              "parentUUID": "9e2c1c3d-454e-47f0-8070-08ade5939f22",
              "isHook": false,
              "skipped": false
            },
            {
              "title": "Process section",
              "fullTitle": "Check sections creator with markdown Process section",
              "timedOut": false,
              "duration": 1,
              "state": "passed",
              "speed": "fast",
              "pass": true,
              "fail": false,
              "pending": false,
              "context": null,
              "code": "const section_name = \"process\";\nconst section = creator.get_process_section(hdl_element, configuration, output_type_inst);\nsave_output(section, section_name, output_type_inst);\ncheck(section_name, output_type_inst, false);",
              "err": {},
              "uuid": "eaada9e0-01cb-4bb8-8679-296333f5b0e6",
              "parentUUID": "9e2c1c3d-454e-47f0-8070-08ade5939f22",
              "isHook": false,
              "skipped": false
            },
            {
              "title": "Function section",
              "fullTitle": "Check sections creator with markdown Function section",
              "timedOut": false,
              "duration": 1,
              "state": "passed",
              "speed": "fast",
              "pass": true,
              "fail": false,
              "pending": false,
              "context": null,
              "code": "const section_name = \"function\";\nconst section = creator.get_function_section(hdl_element, configuration, output_type_inst);\nsave_output(section, section_name, output_type_inst);\ncheck(section_name, output_type_inst, false);",
              "err": {},
              "uuid": "2245c792-41d9-4107-845b-96c6ba0a4fd1",
              "parentUUID": "9e2c1c3d-454e-47f0-8070-08ade5939f22",
              "isHook": false,
              "skipped": false
            },
            {
              "title": "Instantiation section",
              "fullTitle": "Check sections creator with markdown Instantiation section",
              "timedOut": false,
              "duration": 2,
              "state": "passed",
              "speed": "fast",
              "pass": true,
              "fail": false,
              "pending": false,
              "context": null,
              "code": "const section_name = \"instantiation\";\nconst section = creator.get_instantiation_section(hdl_element, configuration, output_type_inst);\nsave_output(section, section_name, output_type_inst);\ncheck(section_name, output_type_inst, false);",
              "err": {},
              "uuid": "4c0b5ecf-9329-48a3-b495-daf9db52b85b",
              "parentUUID": "9e2c1c3d-454e-47f0-8070-08ade5939f22",
              "isHook": false,
              "skipped": false
            }
          ],
          "suites": [],
          "passes": [
            "d75b5e7f-7184-4e7e-81b8-492e96cc076d",
            "ef4caedb-60ba-4a2e-ae2a-6f514bacde99",
            "e936e494-c96a-4e7a-b429-d5e0dc7bd463",
            "324bf723-d2e1-4ad7-a66b-94f5ee89e454",
            "dcf8eda7-5a03-4bd1-93e0-b0f007d5b166",
            "ab456b21-a8f2-4a1c-bcde-583c7293bf19",
            "31c5a73d-f3b6-4529-b70a-46a70e750972",
            "eaada9e0-01cb-4bb8-8679-296333f5b0e6",
            "2245c792-41d9-4107-845b-96c6ba0a4fd1",
            "4c0b5ecf-9329-48a3-b495-daf9db52b85b"
          ],
          "failures": [],
          "pending": [
            "6f9dfe6a-cc30-4e60-92a2-e2e6096bd0d9",
            "3fcf7187-ea52-41a7-83ec-8d9e1bda369b"
          ],
          "skipped": [],
          "duration": 9,
          "root": false,
          "rootEmpty": false,
          "_timeout": 2000
        },
        {
          "uuid": "a585b6d7-fb7d-4c65-9c50-b50e3e732d83",
          "title": "Check standalone VHDL formatter",
          "fullFile": "/home/runner/work/colibri2/colibri2/tests/formatter/formatter.spec.ts",
          "file": "/tests/formatter/formatter.spec.ts",
          "beforeHooks": [],
          "afterHooks": [],
          "tests": [
            {
              "title": "Check align comments true, indentation and keyworks lowercase",
              "fullTitle": "Check standalone VHDL formatter Check align comments true, indentation and keyworks lowercase",
              "timedOut": false,
              "duration": 28,
              "state": "passed",
              "speed": "fast",
              "pass": true,
              "fail": false,
              "pending": false,
              "context": null,
              "code": "const test_index = 0;\nconst options = {\n    remove_comments: false,\n    remove_asserts: false,\n    remove_report: false,\n    check_alias: false,\n    align_comments: true,\n    sign_align_settings: {\n        is_regional: true,\n        is_all: true,\n        mode: common.ALIGN_MODE.LOCAL,\n        keyWords: [\"FUNCTION\", \"IMPURE FUNCTION\", \"GENERIC\", \"PORT\", \"PROCEDURE\"]\n    },\n    keyword_case: common.LETTER_CASE.LOWERCASE,\n    type_name_case: common.LETTER_CASE.LOWERCASE,\n    indentation: \"    \",\n    new_line_settings: {\n        new_line_after: [\";\", \"then\"],\n        no_new_line_after: []\n    },\n    end_of_line: \"\\n\"\n};\nawait format_and_check(formatter_name, language, test_index, options);",
              "err": {},
              "uuid": "6650e825-fded-4148-8049-7d2bda67683a",
              "parentUUID": "a585b6d7-fb7d-4c65-9c50-b50e3e732d83",
              "isHook": false,
              "skipped": false
            },
            {
              "title": "Check align comments false, indentation and keyworks uppercase",
              "fullTitle": "Check standalone VHDL formatter Check align comments false, indentation and keyworks uppercase",
              "timedOut": false,
              "duration": 5,
              "state": "passed",
              "speed": "fast",
              "pass": true,
              "fail": false,
              "pending": false,
              "context": null,
              "code": "const test_index = 1;\nconst options = {\n    remove_comments: false,\n    remove_asserts: false,\n    remove_report: false,\n    check_alias: false,\n    align_comments: false,\n    sign_align_settings: {\n        is_regional: true,\n        is_all: true,\n        mode: common.ALIGN_MODE.LOCAL,\n        keyWords: [\"FUNCTION\", \"IMPURE FUNCTION\", \"GENERIC\", \"PORT\", \"PROCEDURE\"]\n    },\n    keyword_case: common.LETTER_CASE.UPPERCASE,\n    type_name_case: common.LETTER_CASE.UPPERCASE,\n    indentation: \"      \",\n    new_line_settings: {\n        new_line_after: [\";\", \"then\"],\n        no_new_line_after: []\n    },\n    end_of_line: \"\\n\"\n};\nawait format_and_check(formatter_name, language, test_index, options);",
              "err": {},
              "uuid": "860e8aae-1c27-4c44-b03c-7e5539cfcd3f",
              "parentUUID": "a585b6d7-fb7d-4c65-9c50-b50e3e732d83",
              "isHook": false,
              "skipped": false
            }
          ],
          "suites": [],
          "passes": [
            "6650e825-fded-4148-8049-7d2bda67683a",
            "860e8aae-1c27-4c44-b03c-7e5539cfcd3f"
          ],
          "failures": [],
          "pending": [],
          "skipped": [],
          "duration": 33,
          "root": false,
          "rootEmpty": false,
          "_timeout": 2000
        },
        {
          "uuid": "aece3153-9b8a-4a97-b959-692ba79b8e5b",
          "title": "Check istyle formatter",
          "fullFile": "/home/runner/work/colibri2/colibri2/tests/formatter/formatter.spec.ts",
          "file": "/tests/formatter/formatter.spec.ts",
          "beforeHooks": [],
          "afterHooks": [],
          "tests": [
            {
              "title": "Check ansi with indent = 2",
              "fullTitle": "Check istyle formatter Check ansi with indent = 2",
              "timedOut": false,
              "duration": 28,
              "state": "passed",
              "speed": "fast",
              "pass": true,
              "fail": false,
              "pending": false,
              "context": null,
              "code": "const test_index = index;\nconst options = { style: style_inst, indent_size: 2 };\nawait format_and_check(formatter_name, language, test_index, options);",
              "err": {},
              "uuid": "81bd1ffe-3033-4cc2-91e2-5333c8cdc5ba",
              "parentUUID": "aece3153-9b8a-4a97-b959-692ba79b8e5b",
              "isHook": false,
              "skipped": false
            },
            {
              "title": "Check kr with indent = 2",
              "fullTitle": "Check istyle formatter Check kr with indent = 2",
              "timedOut": false,
              "duration": 17,
              "state": "passed",
              "speed": "fast",
              "pass": true,
              "fail": false,
              "pending": false,
              "context": null,
              "code": "const test_index = index;\nconst options = { style: style_inst, indent_size: 2 };\nawait format_and_check(formatter_name, language, test_index, options);",
              "err": {},
              "uuid": "57c591af-9be5-4825-a0bf-fc5ec6622718",
              "parentUUID": "aece3153-9b8a-4a97-b959-692ba79b8e5b",
              "isHook": false,
              "skipped": false
            },
            {
              "title": "Check gnu with indent = 2",
              "fullTitle": "Check istyle formatter Check gnu with indent = 2",
              "timedOut": false,
              "duration": 16,
              "state": "passed",
              "speed": "fast",
              "pass": true,
              "fail": false,
              "pending": false,
              "context": null,
              "code": "const test_index = index;\nconst options = { style: style_inst, indent_size: 2 };\nawait format_and_check(formatter_name, language, test_index, options);",
              "err": {},
              "uuid": "ab180d60-6165-4cfa-97c5-1ceff690abab",
              "parentUUID": "aece3153-9b8a-4a97-b959-692ba79b8e5b",
              "isHook": false,
              "skipped": false
            },
            {
              "title": "Check onlyindent with indent = 2",
              "fullTitle": "Check istyle formatter Check onlyindent with indent = 2",
              "timedOut": false,
              "duration": 16,
              "state": "passed",
              "speed": "fast",
              "pass": true,
              "fail": false,
              "pending": false,
              "context": null,
              "code": "const test_index = index;\nconst options = { style: style_inst, indent_size: 2 };\nawait format_and_check(formatter_name, language, test_index, options);",
              "err": {},
              "uuid": "35cb5fb2-200f-4580-98f2-4c34f3a59584",
              "parentUUID": "aece3153-9b8a-4a97-b959-692ba79b8e5b",
              "isHook": false,
              "skipped": false
            },
            {
              "title": "Check ansi with indent = 6",
              "fullTitle": "Check istyle formatter Check ansi with indent = 6",
              "timedOut": false,
              "duration": 15,
              "state": "passed",
              "speed": "fast",
              "pass": true,
              "fail": false,
              "pending": false,
              "context": null,
              "code": "const test_index = index + style_list.length;\nconst options = { style: style_inst, indent_size: 6 };\nawait format_and_check(formatter_name, language, test_index, options);",
              "err": {},
              "uuid": "e22e4f1e-2814-4d0d-b535-924ba9c072e7",
              "parentUUID": "aece3153-9b8a-4a97-b959-692ba79b8e5b",
              "isHook": false,
              "skipped": false
            },
            {
              "title": "Check kr with indent = 6",
              "fullTitle": "Check istyle formatter Check kr with indent = 6",
              "timedOut": false,
              "duration": 15,
              "state": "passed",
              "speed": "fast",
              "pass": true,
              "fail": false,
              "pending": false,
              "context": null,
              "code": "const test_index = index + style_list.length;\nconst options = { style: style_inst, indent_size: 6 };\nawait format_and_check(formatter_name, language, test_index, options);",
              "err": {},
              "uuid": "9de5e639-0fa4-4d40-bb58-851896f23958",
              "parentUUID": "aece3153-9b8a-4a97-b959-692ba79b8e5b",
              "isHook": false,
              "skipped": false
            },
            {
              "title": "Check gnu with indent = 6",
              "fullTitle": "Check istyle formatter Check gnu with indent = 6",
              "timedOut": false,
              "duration": 15,
              "state": "passed",
              "speed": "fast",
              "pass": true,
              "fail": false,
              "pending": false,
              "context": null,
              "code": "const test_index = index + style_list.length;\nconst options = { style: style_inst, indent_size: 6 };\nawait format_and_check(formatter_name, language, test_index, options);",
              "err": {},
              "uuid": "7d236103-440c-472f-802d-df88494e5459",
              "parentUUID": "aece3153-9b8a-4a97-b959-692ba79b8e5b",
              "isHook": false,
              "skipped": false
            },
            {
              "title": "Check onlyindent with indent = 6",
              "fullTitle": "Check istyle formatter Check onlyindent with indent = 6",
              "timedOut": false,
              "duration": 14,
              "state": "passed",
              "speed": "fast",
              "pass": true,
              "fail": false,
              "pending": false,
              "context": null,
              "code": "const test_index = index + style_list.length;\nconst options = { style: style_inst, indent_size: 6 };\nawait format_and_check(formatter_name, language, test_index, options);",
              "err": {},
              "uuid": "59c4a0e9-8b01-4a7a-bad4-168ba76c7aea",
              "parentUUID": "aece3153-9b8a-4a97-b959-692ba79b8e5b",
              "isHook": false,
              "skipped": false
            }
          ],
          "suites": [],
          "passes": [
            "81bd1ffe-3033-4cc2-91e2-5333c8cdc5ba",
            "57c591af-9be5-4825-a0bf-fc5ec6622718",
            "ab180d60-6165-4cfa-97c5-1ceff690abab",
            "35cb5fb2-200f-4580-98f2-4c34f3a59584",
            "e22e4f1e-2814-4d0d-b535-924ba9c072e7",
            "9de5e639-0fa4-4d40-bb58-851896f23958",
            "7d236103-440c-472f-802d-df88494e5459",
            "59c4a0e9-8b01-4a7a-bad4-168ba76c7aea"
          ],
          "failures": [],
          "pending": [],
          "skipped": [],
          "duration": 136,
          "root": false,
          "rootEmpty": false,
          "_timeout": 2000
        },
        {
          "uuid": "8a70206e-46e2-46c2-955a-d9230785798f",
          "title": "Check s3sv formatter",
          "fullFile": "/home/runner/work/colibri2/colibri2/tests/formatter/formatter.spec.ts",
          "file": "/tests/formatter/formatter.spec.ts",
          "beforeHooks": [],
          "afterHooks": [],
          "tests": [
            {
              "title": "Check config 0",
              "fullTitle": "Check s3sv formatter Check config 0",
              "timedOut": false,
              "duration": 158,
              "state": "passed",
              "speed": "slow",
              "pass": true,
              "fail": false,
              "pending": false,
              "context": null,
              "code": "const test_index = 0;\nconst options = {\n    python3_path: \"\",\n    use_tabs: false,\n    indent_size: 2,\n    one_bind_per_line: true,\n    one_decl_per_line: true\n};\nawait format_and_check(formatter_name, language, test_index, options);",
              "err": {},
              "uuid": "07294694-a133-45a3-8533-4294f6fe2e0c",
              "parentUUID": "8a70206e-46e2-46c2-955a-d9230785798f",
              "isHook": false,
              "skipped": false
            },
            {
              "title": "Check config 1",
              "fullTitle": "Check s3sv formatter Check config 1",
              "timedOut": false,
              "duration": 160,
              "state": "passed",
              "speed": "slow",
              "pass": true,
              "fail": false,
              "pending": false,
              "context": null,
              "code": "const test_index = 1;\nconst options = {\n    python3_path: \"\",\n    use_tabs: true,\n    indent_size: 4,\n    one_bind_per_line: true,\n    one_decl_per_line: true\n};\nawait format_and_check(formatter_name, language, test_index, options);",
              "err": {},
              "uuid": "33a2c07e-871a-40cc-a837-b09bb430f1f1",
              "parentUUID": "8a70206e-46e2-46c2-955a-d9230785798f",
              "isHook": false,
              "skipped": false
            },
            {
              "title": "Check config 2 and bad python3 path",
              "fullTitle": "Check s3sv formatter Check config 2 and bad python3 path",
              "timedOut": false,
              "duration": 192,
              "state": "passed",
              "speed": "slow",
              "pass": true,
              "fail": false,
              "pending": false,
              "context": null,
              "code": "const test_index = 2;\nconst options = {\n    python3_path: \"asdf\",\n    use_tabs: true,\n    indent_size: 2,\n    one_bind_per_line: false,\n    one_decl_per_line: true\n};\nawait format_and_check(formatter_name, language, test_index, options);",
              "err": {},
              "uuid": "e5fa7297-38b7-479f-b11e-d1d558eb282d",
              "parentUUID": "8a70206e-46e2-46c2-955a-d9230785798f",
              "isHook": false,
              "skipped": false
            }
          ],
          "suites": [],
          "passes": [
            "07294694-a133-45a3-8533-4294f6fe2e0c",
            "33a2c07e-871a-40cc-a837-b09bb430f1f1",
            "e5fa7297-38b7-479f-b11e-d1d558eb282d"
          ],
          "failures": [],
          "pending": [],
          "skipped": [],
          "duration": 510,
          "root": false,
          "rootEmpty": false,
          "_timeout": 2000
        },
        {
          "uuid": "58e978a2-6483-4e6f-bb75-72c369a6f8cf",
          "title": "Check FSM for vhdl",
          "fullFile": "/home/runner/work/colibri2/colibri2/tests/parser/fsm.spec.ts",
          "file": "/tests/parser/fsm.spec.ts",
          "beforeHooks": [],
          "afterHooks": [],
          "tests": [
            {
              "title": "Normal",
              "fullTitle": "Check FSM for vhdl Normal",
              "timedOut": false,
              "duration": 164,
              "state": "passed",
              "speed": "slow",
              "pass": true,
              "fail": false,
              "pending": false,
              "context": null,
              "code": "const test_index = 0;\nawait parse_fsm(lang_inst, test_index);\ncheck_test(test_index, lang_inst);",
              "err": {},
              "uuid": "73500ce0-aeab-4202-8fa6-24d2fc67557a",
              "parentUUID": "58e978a2-6483-4e6f-bb75-72c369a6f8cf",
              "isHook": false,
              "skipped": false
            }
          ],
          "suites": [],
          "passes": [
            "73500ce0-aeab-4202-8fa6-24d2fc67557a"
          ],
          "failures": [],
          "pending": [],
          "skipped": [],
          "duration": 164,
          "root": false,
          "rootEmpty": false,
          "_timeout": 2000
        },
        {
          "uuid": "7b758967-fddd-4cbc-b259-97e7bbcd22db",
          "title": "Check FSM for verilog",
          "fullFile": "/home/runner/work/colibri2/colibri2/tests/parser/fsm.spec.ts",
          "file": "/tests/parser/fsm.spec.ts",
          "beforeHooks": [],
          "afterHooks": [],
          "tests": [
            {
              "title": "Normal",
              "fullTitle": "Check FSM for verilog Normal",
              "timedOut": false,
              "duration": 455,
              "state": "passed",
              "speed": "slow",
              "pass": true,
              "fail": false,
              "pending": false,
              "context": null,
              "code": "const test_index = 0;\nawait parse_fsm(lang_inst, test_index);\ncheck_test(test_index, lang_inst);",
              "err": {},
              "uuid": "fe06008b-d117-49ce-9fd6-33fe450ff3b5",
              "parentUUID": "7b758967-fddd-4cbc-b259-97e7bbcd22db",
              "isHook": false,
              "skipped": false
            }
          ],
          "suites": [],
          "passes": [
            "fe06008b-d117-49ce-9fd6-33fe450ff3b5"
          ],
          "failures": [],
          "pending": [],
          "skipped": [],
          "duration": 455,
          "root": false,
          "rootEmpty": false,
          "_timeout": 2000
        },
        {
          "uuid": "1e8b445b-b806-4d9f-9ba5-7bb760758498",
          "title": "Check entity Verilog",
          "fullFile": "/home/runner/work/colibri2/colibri2/tests/parser/parser_verilog_entity.spec.ts",
          "file": "/tests/parser/parser_verilog_entity.spec.ts",
          "beforeHooks": [],
          "afterHooks": [],
          "tests": [],
          "suites": [
            {
              "uuid": "999e9dbe-627e-4b4f-8a3b-693d8c7dc52b",
              "title": "Check entity.",
              "fullFile": "/home/runner/work/colibri2/colibri2/tests/parser/parser_verilog_entity.spec.ts",
              "file": "/tests/parser/parser_verilog_entity.spec.ts",
[...]
              "err": {},
              "uuid": "4efd5989-13fd-415e-a00a-59f3d5be287d",
              "parentUUID": "54c6831d-a3ab-46b8-b250-b3c64de75d7f",
              "isHook": false,
              "skipped": false
            }
          ],
          "suites": [],
          "passes": [
            "4efd5989-13fd-415e-a00a-59f3d5be287d"
          ],
          "failures": [],
          "pending": [],
          "skipped": [],
          "duration": 0,
          "root": false,
          "rootEmpty": false,
          "_timeout": 2000
        },
        {
          "uuid": "8354a87a-020b-4415-a149-846ff4e8fdad",
          "title": "Check hover VHDL",
          "fullFile": "/home/runner/work/colibri2/colibri2/tests/utils/number.spec.ts",
          "file": "/tests/utils/number.spec.ts",
          "beforeHooks": [],
          "afterHooks": [],
          "tests": [
            {
              "title": "Binary unsigned",
              "fullTitle": "Check hover VHDL Binary unsigned",
              "timedOut": false,
              "duration": 1,
              "state": "passed",
              "speed": "fast",
              "pass": true,
              "fail": false,
              "pending": false,
              "context": null,
              "code": "const code_dummy = '\"0011\"';\nconst expected_number = {\n    signed_n: 0,\n    unsigned_n: 3,\n    is_multi: false,\n    is_ok: true\n};\nconst current_number = (0, numbers_1.hdl_hover)(code_dummy, lang);\n(0, assert_1.deepEqual)(current_number, expected_number);",
              "err": {},
              "uuid": "cc6f9b84-ab54-4828-9f70-8ac92e060fd0",
              "parentUUID": "8354a87a-020b-4415-a149-846ff4e8fdad",
              "isHook": false,
              "skipped": false
            },
            {
              "title": "Binary unsigned or signed",
              "fullTitle": "Check hover VHDL Binary unsigned or signed",
              "timedOut": false,
              "duration": 0,
              "state": "passed",
              "speed": "fast",
              "pass": true,
              "fail": false,
              "pending": false,
              "context": null,
              "code": "const code_dummy = '\"1101\"';\nconst expected_number = {\n    signed_n: -3,\n    unsigned_n: 13,\n    is_multi: true,\n    is_ok: true\n};\nconst current_number = (0, numbers_1.hdl_hover)(code_dummy, lang);\n(0, assert_1.deepEqual)(current_number, expected_number);",
              "err": {},
              "uuid": "1540eaff-d649-4690-a479-db21169381de",
              "parentUUID": "8354a87a-020b-4415-a149-846ff4e8fdad",
              "isHook": false,
              "skipped": false
            },
            {
              "title": "Binary unsigned or signed with separator",
              "fullTitle": "Check hover VHDL Binary unsigned or signed with separator",
              "timedOut": false,
              "duration": 2,
              "state": "passed",
              "speed": "fast",
              "pass": true,
              "fail": false,
              "pending": false,
              "context": null,
              "code": "const code_dummy = '\"1_10_0\"';\nconst expected_number = {\n    signed_n: -4,\n    unsigned_n: 12,\n    is_multi: true,\n    is_ok: true\n};\nconst current_number = (0, numbers_1.hdl_hover)(code_dummy, lang);\n(0, assert_1.deepEqual)(current_number, expected_number);",
              "err": {},
              "uuid": "33288b5e-15c1-4914-bf60-7a2c954c477a",
              "parentUUID": "8354a87a-020b-4415-a149-846ff4e8fdad",
              "isHook": false,
              "skipped": false
            },
            {
              "title": "Hexadeximal unsigned",
              "fullTitle": "Check hover VHDL Hexadeximal unsigned",
              "timedOut": false,
              "duration": 0,
              "state": "passed",
              "speed": "fast",
              "pass": true,
              "fail": false,
              "pending": false,
              "context": null,
              "code": "const code_dummy = 'x\"0aB0\"';\nconst expected_number = {\n    signed_n: 0,\n    unsigned_n: 2736,\n    is_multi: false,\n    is_ok: true\n};\nconst current_number = (0, numbers_1.hdl_hover)(code_dummy, lang);\n(0, assert_1.deepEqual)(current_number, expected_number);",
              "err": {},
              "uuid": "bf31b484-135e-4bd4-94aa-ada560a8be0a",
              "parentUUID": "8354a87a-020b-4415-a149-846ff4e8fdad",
              "isHook": false,
              "skipped": false
            },
            {
              "title": "Hexadeximal unsigned or signed",
              "fullTitle": "Check hover VHDL Hexadeximal unsigned or signed",
              "timedOut": false,
              "duration": 0,
              "state": "passed",
              "speed": "fast",
              "pass": true,
              "fail": false,
              "pending": false,
              "context": null,
              "code": "const code_dummy = 'x\"aaB0\"';\nconst expected_number = {\n    signed_n: -21840,\n    unsigned_n: 43696,\n    is_multi: true,\n    is_ok: true\n};\nconst current_number = (0, numbers_1.hdl_hover)(code_dummy, lang);\n(0, assert_1.deepEqual)(current_number, expected_number);",
              "err": {},
              "uuid": "eb1c8c7c-c17d-4809-83c3-355767170aa9",
              "parentUUID": "8354a87a-020b-4415-a149-846ff4e8fdad",
              "isHook": false,
              "skipped": false
            },
            {
              "title": "Hexadeximal unsigned or signed with separator",
              "fullTitle": "Check hover VHDL Hexadeximal unsigned or signed with separator",
              "timedOut": false,
              "duration": 0,
              "state": "passed",
              "speed": "fast",
              "pass": true,
              "fail": false,
              "pending": false,
              "context": null,
              "code": "const code_dummy = 'x\"a_a_b0\"';\nconst expected_number = {\n    signed_n: -21840,\n    unsigned_n: 43696,\n    is_multi: true,\n    is_ok: true\n};\nconst current_number = (0, numbers_1.hdl_hover)(code_dummy, lang);\n(0, assert_1.deepEqual)(current_number, expected_number);",
              "err": {},
              "uuid": "911fdf74-d954-4028-8ef2-e95b56d10651",
              "parentUUID": "8354a87a-020b-4415-a149-846ff4e8fdad",
              "isHook": false,
              "skipped": false
            },
            {
              "title": "Octal unsigned",
              "fullTitle": "Check hover VHDL Octal unsigned",
              "timedOut": false,
              "duration": 1,
              "state": "passed",
              "speed": "fast",
              "pass": true,
              "fail": false,
              "pending": false,
              "context": null,
              "code": "const code_dummy = 'o\"0175\"';\nconst expected_number = {\n    signed_n: 0,\n    unsigned_n: 125,\n    is_multi: false,\n    is_ok: true\n};\nconst current_number = (0, numbers_1.hdl_hover)(code_dummy, lang);\n(0, assert_1.deepEqual)(current_number, expected_number);",
              "err": {},
              "uuid": "e816d506-4a2d-4729-a79b-f37afef21a40",
              "parentUUID": "8354a87a-020b-4415-a149-846ff4e8fdad",
              "isHook": false,
              "skipped": false
            },
            {
              "title": "Octal unsigned or signed",
              "fullTitle": "Check hover VHDL Octal unsigned or signed",
              "timedOut": false,
              "duration": 0,
              "state": "passed",
              "speed": "fast",
              "pass": true,
              "fail": false,
              "pending": false,
              "context": null,
              "code": "const code_dummy = 'O\"232\"';\nconst expected_number = {\n    signed_n: -102,\n    unsigned_n: 154,\n    is_multi: true,\n    is_ok: true\n};\nconst current_number = (0, numbers_1.hdl_hover)(code_dummy, lang);\n(0, assert_1.deepEqual)(current_number, expected_number);",
              "err": {},
              "uuid": "1f89b140-5bee-4556-a31a-e92b7a405743",
              "parentUUID": "8354a87a-020b-4415-a149-846ff4e8fdad",
              "isHook": false,
              "skipped": false
            },
            {
              "title": "Octal unsigned or signed with separator",
              "fullTitle": "Check hover VHDL Octal unsigned or signed with separator",
              "timedOut": false,
              "duration": 0,
              "state": "passed",
              "speed": "fast",
              "pass": true,
              "fail": false,
              "pending": false,
              "context": null,
              "code": "const code_dummy = 'o\"2_3_2\"';\nconst expected_number = {\n    signed_n: -102,\n    unsigned_n: 154,\n    is_multi: true,\n    is_ok: true\n};\nconst current_number = (0, numbers_1.hdl_hover)(code_dummy, lang);\n(0, assert_1.deepEqual)(current_number, expected_number);",
              "err": {},
              "uuid": "6bb2c113-73f5-4fb7-b0b4-cd594523ed4e",
              "parentUUID": "8354a87a-020b-4415-a149-846ff4e8fdad",
              "isHook": false,
              "skipped": false
            }
          ],
          "suites": [],
          "passes": [
            "cc6f9b84-ab54-4828-9f70-8ac92e060fd0",
            "1540eaff-d649-4690-a479-db21169381de",
            "33288b5e-15c1-4914-bf60-7a2c954c477a",
            "bf31b484-135e-4bd4-94aa-ada560a8be0a",
            "eb1c8c7c-c17d-4809-83c3-355767170aa9",
            "911fdf74-d954-4028-8ef2-e95b56d10651",
            "e816d506-4a2d-4729-a79b-f37afef21a40",
            "1f89b140-5bee-4556-a31a-e92b7a405743",
            "6bb2c113-73f5-4fb7-b0b4-cd594523ed4e"
          ],
          "failures": [],
          "pending": [],
          "skipped": [],
          "duration": 4,
          "root": false,
          "rootEmpty": false,
          "_timeout": 2000
        },
        {
          "uuid": "499f9b7b-06d6-4564-8455-f4c64f1fe00d",
          "title": "Check hover Verilog",
          "fullFile": "/home/runner/work/colibri2/colibri2/tests/utils/number.spec.ts",
          "file": "/tests/utils/number.spec.ts",
          "beforeHooks": [],
          "afterHooks": [],
          "tests": [
            {
              "title": "Binary unsigned",
              "fullTitle": "Check hover Verilog Binary unsigned",
              "timedOut": false,
              "duration": 0,
              "state": "passed",
              "speed": "fast",
              "pass": true,
              "fail": false,
              "pending": false,
              "context": null,
              "code": "const code_dummy = \"4'b0011'\";\nconst expected_number = {\n    signed_n: 0,\n    unsigned_n: 3,\n    is_multi: false,\n    is_ok: true\n};\nconst current_number = (0, numbers_1.hdl_hover)(code_dummy, lang);\n(0, assert_1.deepEqual)(current_number, expected_number);",
              "err": {},
              "uuid": "f2f9a710-757b-40eb-bae6-dce1154d0e1d",
              "parentUUID": "499f9b7b-06d6-4564-8455-f4c64f1fe00d",
              "isHook": false,
              "skipped": false
            },
            {
              "title": "Binary unsigned or signed",
              "fullTitle": "Check hover Verilog Binary unsigned or signed",
              "timedOut": false,
              "duration": 0,
              "state": "passed",
              "speed": "fast",
              "pass": true,
              "fail": false,
              "pending": false,
              "context": null,
              "code": "const code_dummy = \"4'b1101'\";\nconst expected_number = {\n    signed_n: -3,\n    unsigned_n: 13,\n    is_multi: true,\n    is_ok: true\n};\nconst current_number = (0, numbers_1.hdl_hover)(code_dummy, lang);\n(0, assert_1.deepEqual)(current_number, expected_number);",
              "err": {},
              "uuid": "d6975a14-0748-43b7-843a-c98010fc8667",
              "parentUUID": "499f9b7b-06d6-4564-8455-f4c64f1fe00d",
              "isHook": false,
              "skipped": false
            },
            {
              "title": "Binary unsigned or signed with separator",
              "fullTitle": "Check hover Verilog Binary unsigned or signed with separator",
              "timedOut": false,
              "duration": 0,
              "state": "passed",
              "speed": "fast",
              "pass": true,
              "fail": false,
              "pending": false,
              "context": null,
              "code": "const code_dummy = \"4'b1_10_0'\";\nconst expected_number = {\n    signed_n: -4,\n    unsigned_n: 12,\n    is_multi: true,\n    is_ok: true\n};\nconst current_number = (0, numbers_1.hdl_hover)(code_dummy, lang);\n(0, assert_1.deepEqual)(current_number, expected_number);",
              "err": {},
              "uuid": "a11e0b8d-08cf-4e91-afe4-7bc55540e72c",
              "parentUUID": "499f9b7b-06d6-4564-8455-f4c64f1fe00d",
              "isHook": false,
              "skipped": false
            },
            {
              "title": "Hexadeximal unsigned",
              "fullTitle": "Check hover Verilog Hexadeximal unsigned",
              "timedOut": false,
              "duration": 0,
              "state": "passed",
              "speed": "fast",
              "pass": true,
              "fail": false,
              "pending": false,
              "context": null,
              "code": "const code_dummy = \"4'h0aB0'\";\nconst expected_number = {\n    signed_n: 0,\n    unsigned_n: 2736,\n    is_multi: false,\n    is_ok: true\n};\nconst current_number = (0, numbers_1.hdl_hover)(code_dummy, lang);\n(0, assert_1.deepEqual)(current_number, expected_number);",
              "err": {},
              "uuid": "3ae074af-c846-469d-b277-10dc6c338238",
              "parentUUID": "499f9b7b-06d6-4564-8455-f4c64f1fe00d",
              "isHook": false,
              "skipped": false
            },
            {
              "title": "Hexadeximal unsigned or signed",
              "fullTitle": "Check hover Verilog Hexadeximal unsigned or signed",
              "timedOut": false,
              "duration": 0,
              "state": "passed",
              "speed": "fast",
              "pass": true,
              "fail": false,
              "pending": false,
              "context": null,
              "code": "const code_dummy = \"4'haaB0'\";\nconst expected_number = {\n    signed_n: -21840,\n    unsigned_n: 43696,\n    is_multi: true,\n    is_ok: true\n};\nconst current_number = (0, numbers_1.hdl_hover)(code_dummy, lang);\n(0, assert_1.deepEqual)(current_number, expected_number);",
              "err": {},
              "uuid": "08fdc0c9-77cb-4ae4-b810-1351072afd62",
              "parentUUID": "499f9b7b-06d6-4564-8455-f4c64f1fe00d",
              "isHook": false,
              "skipped": false
            },
            {
              "title": "Hexadeximal unsigned or signed with separator",
              "fullTitle": "Check hover Verilog Hexadeximal unsigned or signed with separator",
              "timedOut": false,
              "duration": 0,
              "state": "passed",
              "speed": "fast",
              "pass": true,
              "fail": false,
              "pending": false,
              "context": null,
              "code": "const code_dummy = \"4'ha_a_b0'\";\nconst expected_number = {\n    signed_n: -21840,\n    unsigned_n: 43696,\n    is_multi: true,\n    is_ok: true\n};\nconst current_number = (0, numbers_1.hdl_hover)(code_dummy, lang);\n(0, assert_1.deepEqual)(current_number, expected_number);",
              "err": {},
              "uuid": "790ce26a-ea43-4515-9267-27ef39f9542d",
              "parentUUID": "499f9b7b-06d6-4564-8455-f4c64f1fe00d",
              "isHook": false,
              "skipped": false
            },
            {
              "title": "Octal unsigned",
              "fullTitle": "Check hover Verilog Octal unsigned",
              "timedOut": false,
              "duration": 0,
              "state": "passed",
              "speed": "fast",
              "pass": true,
              "fail": false,
              "pending": false,
              "context": null,
              "code": "const code_dummy = \"4'o0175'\";\nconst expected_number = {\n    signed_n: 0,\n    unsigned_n: 125,\n    is_multi: false,\n    is_ok: true\n};\nconst current_number = (0, numbers_1.hdl_hover)(code_dummy, lang);\n(0, assert_1.deepEqual)(current_number, expected_number);",
              "err": {},
              "uuid": "0f6b5630-b76a-42c1-9172-4ba6e626bd3b",
              "parentUUID": "499f9b7b-06d6-4564-8455-f4c64f1fe00d",
              "isHook": false,
              "skipped": false
            },
            {
              "title": "Octal unsigned or signed",
              "fullTitle": "Check hover Verilog Octal unsigned or signed",
              "timedOut": false,
              "duration": 0,
              "state": "passed",
              "speed": "fast",
              "pass": true,
              "fail": false,
              "pending": false,
              "context": null,
              "code": "const code_dummy = \"4'o232'\";\nconst expected_number = {\n    signed_n: -102,\n    unsigned_n: 154,\n    is_multi: true,\n    is_ok: true\n};\nconst current_number = (0, numbers_1.hdl_hover)(code_dummy, lang);\n(0, assert_1.deepEqual)(current_number, expected_number);",
              "err": {},
              "uuid": "2154e83f-9fe7-4a92-a55f-d912cce104b0",
              "parentUUID": "499f9b7b-06d6-4564-8455-f4c64f1fe00d",
              "isHook": false,
              "skipped": false
            },
            {
              "title": "Octal unsigned or signed with separator",
              "fullTitle": "Check hover Verilog Octal unsigned or signed with separator",
              "timedOut": false,
              "duration": 0,
              "state": "passed",
              "speed": "fast",
              "pass": true,
              "fail": false,
              "pending": false,
              "context": null,
              "code": "const code_dummy = \"4'o2_3_2'\";\nconst expected_number = {\n    signed_n: -102,\n    unsigned_n: 154,\n    is_multi: true,\n    is_ok: true\n};\nconst current_number = (0, numbers_1.hdl_hover)(code_dummy, lang);\n(0, assert_1.deepEqual)(current_number, expected_number);",
              "err": {},
              "uuid": "b14beeed-7575-466a-97eb-38975d4301c4",
              "parentUUID": "499f9b7b-06d6-4564-8455-f4c64f1fe00d",
              "isHook": false,
              "skipped": false
            }
          ],
          "suites": [],
          "passes": [
            "f2f9a710-757b-40eb-bae6-dce1154d0e1d",
            "d6975a14-0748-43b7-843a-c98010fc8667",
            "a11e0b8d-08cf-4e91-afe4-7bc55540e72c",
            "3ae074af-c846-469d-b277-10dc6c338238",
            "08fdc0c9-77cb-4ae4-b810-1351072afd62",
            "790ce26a-ea43-4515-9267-27ef39f9542d",
            "0f6b5630-b76a-42c1-9172-4ba6e626bd3b",
            "2154e83f-9fe7-4a92-a55f-d912cce104b0",
            "b14beeed-7575-466a-97eb-38975d4301c4"
          ],
          "failures": [],
          "pending": [],
          "skipped": [],
          "duration": 0,
          "root": false,
          "rootEmpty": false,
          "_timeout": 2000
        }
      ],
      "passes": [],
      "failures": [],
      "pending": [],
      "skipped": [
        "985005c6-e0f2-4138-a132-bd77783e8fc5",
        "04ec3b83-be3e-4612-949a-54791a4cf8b2"
      ],
      "duration": 0,
      "root": true,
      "rootEmpty": false,
      "_timeout": 2000
    }
  ],
  "meta": {
    "mocha": {
      "version": "9.2.2"
    },
    "mochawesome": {
      "options": {
        "quiet": false,
        "reportFilename": "mochawesome",
        "saveHtml": true,
        "saveJson": true,
        "consoleReporter": "spec",
        "useInlineDiffs": false,
        "code": true
      },
      "version": "7.1.3"
    },
    "marge": {
      "options": {
        "id": "default"
      },
      "version": "6.2.0"
    }
  }
}