{
  "stats": {
    "suites": 56,
    "tests": 195,
    "passes": 191,
    "pending": 4,
    "failures": 0,
    "start": "2022-08-13T19:53:43.835Z",
    "end": "2022-08-13T19:54:01.542Z",
    "duration": 17707,
    "testsRegistered": 197,
    "passPercent": 98.96373056994818,
    "pendingPercent": 2.030456852791878,
    "other": 0,
    "hasOther": false,
    "skipped": 2,
    "hasSkipped": true
  },
  "results": [
    {
      "uuid": "78ad2ee6-d876-49bd-890d-5319d69e8ff3",
      "title": "",
      "fullFile": "",
      "file": "",
      "beforeHooks": [],
      "afterHooks": [],
      "tests": [
        {
          "title": "Get top level VHDL",
          "fullTitle": "Get top level VHDL",
          "timedOut": false,
          "duration": 0,
          "state": null,
          "speed": null,
          "pass": false,
          "fail": false,
          "pending": false,
          "context": null,
          "code": "const code_dummy = `\nlibrary ieee;\nuse ieee.std_logic_1164.all;\nuse ieee.numeric_std.all;\nentity test_entity_name is\ngeneric (\n    a : integer;\n    b : unsigned;\n    c : signed;\n    d : std_logic;\n    e : std_logic_vector;\n    f : std_logic_vector(5 downto 0)\n  );\nport(\n  g : in std_logic;\n  h : out std_logic;\n  i : inout std_logic\n);\nend test_entity_name;  \narchitecture e_arch of test_entity_name is\nbegin \nend e_arch;\n`;\nconst expected = 'test_entity_name';\nconst current = await hdl_utils.get_toplevel(code_dummy, general_1.HDL_LANG.VHDL);\n(0, assert_1.equal)(current, expected);",
          "err": {},
          "uuid": "0a77f33d-d217-4e08-84cd-c7eaf29dcff2",
          "parentUUID": "78ad2ee6-d876-49bd-890d-5319d69e8ff3",
          "isHook": false,
          "skipped": true
        },
        {
          "title": "Get top level Verilog",
          "fullTitle": "Get top level Verilog",
          "timedOut": false,
          "duration": 0,
          "state": null,
          "speed": null,
          "pass": false,
          "fail": false,
          "pending": false,
          "context": null,
          "code": "const code_dummy = `\nmodule test_entity_name2 \n    #(\n        parameter a=8,\n        parameter b=9,\n        parameter c=10, d=11\n    )\n    (\n        input e,\n        output f,\n        input reg g,\n        input wire h,\n        input reg [7:0] i, j,\n        input wire [9:0] k,\n        output wire [9:0] l\n    );  \n\n    function [7:0] sum;  \n        input [7:0] a, b;  \n        begin  \n            sum = a + b;  \n        end  \n    endfunction\n\n    wire m;\n    wire n, p;\n    reg [1:0] q;\n\n    localparam r = 2;\n\n    always @(posedge a) begin : label_0\n    end\n\n    always_comb begin\n    end\n\n    always_ff begin : label_1\n    end\n\n    always_latch begin\n    end\n\n    test_entity_name \n    #(\n      .a(a ),\n      .b(b ),\n      .c(c ),\n      .d (d )\n    )\n    test_entity_name_dut (\n      .e (e ),\n      .f (f ),\n      .g (g ),\n      .h (h ),\n      .i (i ),\n      .j (j ),\n      .k (k ),\n      .l  ( l)\n    );\n  \nendmodule\n`;\nconst expected = 'test_entity_name2';\nconst current = await hdl_utils.get_toplevel(code_dummy, general_1.HDL_LANG.VERILOG);\n(0, assert_1.equal)(current, expected);",
          "err": {},
          "uuid": "15a20cf6-d0ea-4833-acc6-0605ea0ee841",
          "parentUUID": "78ad2ee6-d876-49bd-890d-5319d69e8ff3",
          "isHook": false,
          "skipped": true
        }
      ],
      "suites": [
        {
          "uuid": "c024a6c4-539a-49fa-a8d5-8439b540b3d4",
          "title": "Check diagram generator",
          "fullFile": "D:\\a\\colibri2\\colibri2\\tests\\documenter\\diagram.spec.ts",
          "file": "\\tests\\documenter\\diagram.spec.ts",
          "beforeHooks": [],
          "afterHooks": [],
          "tests": [
            {
              "title": "With ports and generics and color",
              "fullTitle": "Check diagram generator With ports and generics and color",
              "timedOut": false,
              "duration": 373,
              "state": "passed",
              "speed": "slow",
              "pass": true,
              "fail": false,
              "pending": false,
              "context": null,
              "code": "const test_index = 0;\nconst OPT = {\n    blackandwhite: false\n};\nconst hdl_element = new common_hdl.Hdl_element(general_1.HDL_LANG.VHDL, common_hdl.TYPE_HDL_ELEMENT.ENTITY);\n// Ports\nhdl_element.add_port(port_input);\nhdl_element.add_port(port_output);\n// Generics\nhdl_element.add_generic(generic_0);\nhdl_element.add_generic(generic_1);\nconst svg_diagram = diagram.diagram_generator(hdl_element, OPT);\nconst file_o = paht_lib.join(C_OUTPUT_BASE_PATH, `output_${test_index}.svg`);\nfs.writeFileSync(file_o, svg_diagram);\ncheck_test(test_index);",
              "err": {},
              "uuid": "02d748ca-499e-49fc-b807-d1b49ecf468a",
              "parentUUID": "c024a6c4-539a-49fa-a8d5-8439b540b3d4",
              "isHook": false,
              "skipped": false
            },
            {
              "title": "Only ports and color",
              "fullTitle": "Check diagram generator Only ports and color",
              "timedOut": false,
              "duration": 24,
              "state": "passed",
              "speed": "fast",
              "pass": true,
              "fail": false,
              "pending": false,
              "context": null,
              "code": "const test_index = 1;\nconst OPT = {\n    blackandwhite: false\n};\nconst hdl_element = new common_hdl.Hdl_element(general_1.HDL_LANG.VHDL, common_hdl.TYPE_HDL_ELEMENT.ENTITY);\n// Ports\nhdl_element.add_port(port_input);\nhdl_element.add_port(port_output);\nconst svg_diagram = diagram.diagram_generator(hdl_element, OPT);\nconst file_o = paht_lib.join(C_OUTPUT_BASE_PATH, `output_${test_index}.svg`);\nfs.writeFileSync(file_o, svg_diagram);\ncheck_test(test_index);",
              "err": {},
              "uuid": "451e37d5-6bb5-4096-8e43-593353779d25",
              "parentUUID": "c024a6c4-539a-49fa-a8d5-8439b540b3d4",
              "isHook": false,
              "skipped": false
            },
            {
              "title": "Only generics and color",
              "fullTitle": "Check diagram generator Only generics and color",
              "timedOut": false,
              "duration": 17,
              "state": "passed",
              "speed": "fast",
              "pass": true,
              "fail": false,
              "pending": false,
              "context": null,
              "code": "const test_index = 2;\nconst OPT = {\n    blackandwhite: false\n};\nconst hdl_element = new common_hdl.Hdl_element(general_1.HDL_LANG.VHDL, common_hdl.TYPE_HDL_ELEMENT.ENTITY);\n// Generics\nhdl_element.add_generic(generic_0);\nhdl_element.add_generic(generic_1);\nconst svg_diagram = diagram.diagram_generator(hdl_element, OPT);\nconst file_o = paht_lib.join(C_OUTPUT_BASE_PATH, `output_${test_index}.svg`);\nfs.writeFileSync(file_o, svg_diagram);\ncheck_test(test_index);",
              "err": {},
              "uuid": "4456b4fc-2eeb-4b38-9484-b24a940fb26f",
              "parentUUID": "c024a6c4-539a-49fa-a8d5-8439b540b3d4",
              "isHook": false,
              "skipped": false
            },
            {
              "title": "Empty and color",
              "fullTitle": "Check diagram generator Empty and color",
              "timedOut": false,
              "duration": 2,
              "state": "passed",
              "speed": "fast",
              "pass": true,
              "fail": false,
              "pending": false,
              "context": null,
              "code": "const test_index = 3;\nconst OPT = {\n    blackandwhite: false\n};\nconst hdl_element = new common_hdl.Hdl_element(general_1.HDL_LANG.VHDL, common_hdl.TYPE_HDL_ELEMENT.ENTITY);\nconst svg_diagram = diagram.diagram_generator(hdl_element, OPT);\nconst file_o = paht_lib.join(C_OUTPUT_BASE_PATH, `output_${test_index}.svg`);\nfs.writeFileSync(file_o, svg_diagram);\ncheck_test(test_index);",
              "err": {},
              "uuid": "3573c5fe-0710-469c-9ae0-ffbddd1a6cb0",
              "parentUUID": "c024a6c4-539a-49fa-a8d5-8439b540b3d4",
              "isHook": false,
              "skipped": false
            },
            {
              "title": "With ports and generics and black and white",
              "fullTitle": "Check diagram generator With ports and generics and black and white",
              "timedOut": false,
              "duration": 8,
              "state": "passed",
              "speed": "fast",
              "pass": true,
              "fail": false,
              "pending": false,
              "context": null,
              "code": "const test_index = 4;\nconst OPT = {\n    blackandwhite: true\n};\nconst hdl_element = new common_hdl.Hdl_element(general_1.HDL_LANG.VHDL, common_hdl.TYPE_HDL_ELEMENT.ENTITY);\n// Ports\nhdl_element.add_port(port_input);\nhdl_element.add_port(port_output);\n// Generics\nhdl_element.add_generic(generic_0);\nhdl_element.add_generic(generic_1);\nconst svg_diagram = diagram.diagram_generator(hdl_element, OPT);\nconst file_o = paht_lib.join(C_OUTPUT_BASE_PATH, `output_${test_index}.svg`);\nfs.writeFileSync(file_o, svg_diagram);\ncheck_test(test_index);",
              "err": {},
              "uuid": "f708a4f9-840c-4171-acd3-7fa2e8510104",
              "parentUUID": "c024a6c4-539a-49fa-a8d5-8439b540b3d4",
              "isHook": false,
              "skipped": false
            }
          ],
          "suites": [],
          "passes": [
            "02d748ca-499e-49fc-b807-d1b49ecf468a",
            "451e37d5-6bb5-4096-8e43-593353779d25",
            "4456b4fc-2eeb-4b38-9484-b24a940fb26f",
            "3573c5fe-0710-469c-9ae0-ffbddd1a6cb0",
            "f708a4f9-840c-4171-acd3-7fa2e8510104"
          ],
          "failures": [],
          "pending": [],
          "skipped": [],
          "duration": 424,
          "root": false,
          "rootEmpty": false,
          "_timeout": 2000
        },
        {
          "uuid": "fd1967b7-b2c0-4890-a176-d23a87e712fa",
          "title": "Check documenter creator with html",
          "fullFile": "D:\\a\\colibri2\\colibri2\\tests\\documenter\\documenter.spec.ts",
          "file": "\\tests\\documenter\\documenter.spec.ts",
          "beforeHooks": [],
          "afterHooks": [],
          "tests": [
            {
              "title": "Entity VHDL",
              "fullTitle": "Check documenter creator with html Entity VHDL",
              "timedOut": false,
              "duration": 1041,
              "state": "passed",
              "speed": "slow",
              "pass": true,
              "fail": false,
              "pending": false,
              "context": null,
              "code": "const hdl_lang = general_1.HDL_LANG.VHDL;\nconst hdl_type = 'entity';\nawait run(hdl_type, hdl_lang, output_type_inst);",
              "err": {},
              "uuid": "1cc8fcab-889e-4333-93aa-656832f30300",
              "parentUUID": "fd1967b7-b2c0-4890-a176-d23a87e712fa",
              "isHook": false,
              "skipped": false
            },
            {
              "title": "Package VHDL",
              "fullTitle": "Check documenter creator with html Package VHDL",
              "timedOut": false,
              "duration": 426,
              "state": "passed",
              "speed": "slow",
              "pass": true,
              "fail": false,
              "pending": false,
              "context": null,
              "code": "const hdl_lang = general_1.HDL_LANG.VHDL;\nconst hdl_type = 'package';\nawait run(hdl_type, hdl_lang, output_type_inst);",
              "err": {},
              "uuid": "62173a87-553c-45c9-9a55-67cda58a7b42",
              "parentUUID": "fd1967b7-b2c0-4890-a176-d23a87e712fa",
              "isHook": false,
              "skipped": false
            },
            {
              "title": "Module Verilog",
              "fullTitle": "Check documenter creator with html Module Verilog",
              "timedOut": false,
              "duration": 1157,
              "state": "passed",
              "speed": "slow",
              "pass": true,
              "fail": false,
              "pending": false,
              "context": null,
              "code": "const hdl_lang = general_1.HDL_LANG.VERILOG;\nconst hdl_type = 'entity';\nawait run(hdl_type, hdl_lang, output_type_inst);",
              "err": {},
              "uuid": "9c1b7915-3c6a-4dec-899d-4200fc2cc2ac",
              "parentUUID": "fd1967b7-b2c0-4890-a176-d23a87e712fa",
              "isHook": false,
              "skipped": false
            },
            {
              "title": "Package SystemVerilog",
              "fullTitle": "Check documenter creator with html Package SystemVerilog",
              "timedOut": false,
              "duration": 362,
              "state": "passed",
              "speed": "slow",
              "pass": true,
              "fail": false,
              "pending": false,
              "context": null,
              "code": "const hdl_lang = general_1.HDL_LANG.SYSTEMVERILOG;\nconst hdl_type = 'package';\nawait run(hdl_type, hdl_lang, output_type_inst);",
              "err": {},
              "uuid": "a395b07a-9f83-42c4-a563-25d07b85f209",
              "parentUUID": "fd1967b7-b2c0-4890-a176-d23a87e712fa",
              "isHook": false,
              "skipped": false
            },
            {
              "title": "Interface SystemVerilog",
              "fullTitle": "Check documenter creator with html Interface SystemVerilog",
              "timedOut": false,
              "duration": 282,
              "state": "passed",
              "speed": "slow",
              "pass": true,
              "fail": false,
              "pending": false,
              "context": null,
              "code": "const hdl_lang = general_1.HDL_LANG.SYSTEMVERILOG;\nconst hdl_type = 'interface';\nawait run(hdl_type, hdl_lang, output_type_inst);",
              "err": {},
              "uuid": "b2e59719-c081-49af-93ed-5dc31c0c1a50",
              "parentUUID": "fd1967b7-b2c0-4890-a176-d23a87e712fa",
              "isHook": false,
              "skipped": false
            }
          ],
          "suites": [],
          "passes": [
            "1cc8fcab-889e-4333-93aa-656832f30300",
            "62173a87-553c-45c9-9a55-67cda58a7b42",
            "9c1b7915-3c6a-4dec-899d-4200fc2cc2ac",
            "a395b07a-9f83-42c4-a563-25d07b85f209",
            "b2e59719-c081-49af-93ed-5dc31c0c1a50"
          ],
          "failures": [],
          "pending": [],
          "skipped": [],
          "duration": 3268,
          "root": false,
          "rootEmpty": false,
          "_timeout": 5000
        },
        {
          "uuid": "ff03474c-3ad8-4c36-bdec-552e0842f2d9",
          "title": "Check documenter creator with markdown",
          "fullFile": "D:\\a\\colibri2\\colibri2\\tests\\documenter\\documenter.spec.ts",
          "file": "\\tests\\documenter\\documenter.spec.ts",
          "beforeHooks": [],
          "afterHooks": [],
          "tests": [
            {
              "title": "Entity VHDL",
              "fullTitle": "Check documenter creator with markdown Entity VHDL",
              "timedOut": false,
              "duration": 361,
              "state": "passed",
              "speed": "slow",
              "pass": true,
              "fail": false,
              "pending": false,
              "context": null,
              "code": "const hdl_lang = general_1.HDL_LANG.VHDL;\nconst hdl_type = 'entity';\nawait run(hdl_type, hdl_lang, output_type_inst);",
              "err": {},
              "uuid": "0ca4688c-49ba-4d6a-8815-5d598873ab52",
              "parentUUID": "ff03474c-3ad8-4c36-bdec-552e0842f2d9",
              "isHook": false,
              "skipped": false
            },
            {
              "title": "Package VHDL",
              "fullTitle": "Check documenter creator with markdown Package VHDL",
              "timedOut": false,
              "duration": 277,
              "state": "passed",
              "speed": "slow",
              "pass": true,
              "fail": false,
              "pending": false,
              "context": null,
              "code": "const hdl_lang = general_1.HDL_LANG.VHDL;\nconst hdl_type = 'package';\nawait run(hdl_type, hdl_lang, output_type_inst);",
              "err": {},
              "uuid": "3861e73d-638f-46e4-861d-69a2396c9460",
              "parentUUID": "ff03474c-3ad8-4c36-bdec-552e0842f2d9",
              "isHook": false,
              "skipped": false
            },
            {
              "title": "Module Verilog",
              "fullTitle": "Check documenter creator with markdown Module Verilog",
              "timedOut": false,
              "duration": 661,
              "state": "passed",
              "speed": "slow",
              "pass": true,
              "fail": false,
              "pending": false,
              "context": null,
              "code": "const hdl_lang = general_1.HDL_LANG.VERILOG;\nconst hdl_type = 'entity';\nawait run(hdl_type, hdl_lang, output_type_inst);",
              "err": {},
              "uuid": "4c35f5eb-e3f7-402b-932c-ea2ad354084d",
              "parentUUID": "ff03474c-3ad8-4c36-bdec-552e0842f2d9",
              "isHook": false,
              "skipped": false
            },
            {
              "title": "Package SystemVerilog",
              "fullTitle": "Check documenter creator with markdown Package SystemVerilog",
              "timedOut": false,
              "duration": 291,
              "state": "passed",
              "speed": "slow",
              "pass": true,
              "fail": false,
              "pending": false,
              "context": null,
              "code": "const hdl_lang = general_1.HDL_LANG.SYSTEMVERILOG;\nconst hdl_type = 'package';\nawait run(hdl_type, hdl_lang, output_type_inst);",
              "err": {},
              "uuid": "73bb186c-8ed6-4bb9-a0f5-3718b7363942",
              "parentUUID": "ff03474c-3ad8-4c36-bdec-552e0842f2d9",
              "isHook": false,
              "skipped": false
            },
            {
              "title": "Interface SystemVerilog",
              "fullTitle": "Check documenter creator with markdown Interface SystemVerilog",
              "timedOut": false,
              "duration": 352,
              "state": "passed",
              "speed": "slow",
              "pass": true,
              "fail": false,
              "pending": false,
              "context": null,
              "code": "const hdl_lang = general_1.HDL_LANG.SYSTEMVERILOG;\nconst hdl_type = 'interface';\nawait run(hdl_type, hdl_lang, output_type_inst);",
              "err": {},
              "uuid": "d81ed2d7-3b48-4bde-b7f8-7c1243e8ba1a",
              "parentUUID": "ff03474c-3ad8-4c36-bdec-552e0842f2d9",
              "isHook": false,
              "skipped": false
            }
          ],
          "suites": [],
          "passes": [
            "0ca4688c-49ba-4d6a-8815-5d598873ab52",
            "3861e73d-638f-46e4-861d-69a2396c9460",
            "4c35f5eb-e3f7-402b-932c-ea2ad354084d",
            "73bb186c-8ed6-4bb9-a0f5-3718b7363942",
            "d81ed2d7-3b48-4bde-b7f8-7c1243e8ba1a"
          ],
          "failures": [],
          "pending": [],
          "skipped": [],
          "duration": 1942,
          "root": false,
          "rootEmpty": false,
          "_timeout": 5000
        },
        {
          "uuid": "368a07a6-488b-4700-876e-20ad14e84f1b",
          "title": "Test Doxygen elements single line and only 1 element in the description.",
          "fullFile": "D:\\a\\colibri2\\colibri2\\tests\\documenter\\doxygen.spec.ts",
          "file": "\\tests\\documenter\\doxygen.spec.ts",
          "beforeHooks": [],
          "afterHooks": [],
          "tests": [
            {
              "title": "Testing author",
              "fullTitle": "Test Doxygen elements single line and only 1 element in the description. Testing author",
              "timedOut": false,
              "duration": 0,
              "state": "passed",
              "speed": "fast",
              "pass": true,
              "fail": false,
              "pending": false,
              "context": null,
              "code": "const result = (0, doxygen_parser_1.parse_doxygen)(element.input);\n(0, assert_1.equal)(result.element_list[0].description, element.output);",
              "err": {},
              "uuid": "d94d11cb-ef0e-4b08-b0f1-45b8075ab79b",
              "parentUUID": "368a07a6-488b-4700-876e-20ad14e84f1b",
              "isHook": false,
              "skipped": false
            },
            {
              "title": "Testing version",
              "fullTitle": "Test Doxygen elements single line and only 1 element in the description. Testing version",
              "timedOut": false,
              "duration": 0,
              "state": "passed",
              "speed": "fast",
              "pass": true,
              "fail": false,
              "pending": false,
              "context": null,
              "code": "const result = (0, doxygen_parser_1.parse_doxygen)(element.input);\n(0, assert_1.equal)(result.element_list[0].description, element.output);",
              "err": {},
              "uuid": "35d572dd-cdd4-42e9-b785-71d6dd1a3763",
              "parentUUID": "368a07a6-488b-4700-876e-20ad14e84f1b",
              "isHook": false,
              "skipped": false
            },
            {
              "title": "Testing project",
              "fullTitle": "Test Doxygen elements single line and only 1 element in the description. Testing project",
              "timedOut": false,
              "duration": 1,
              "state": "passed",
              "speed": "fast",
              "pass": true,
              "fail": false,
              "pending": false,
              "context": null,
              "code": "const result = (0, doxygen_parser_1.parse_doxygen)(element.input);\n(0, assert_1.equal)(result.element_list[0].description, element.output);",
              "err": {},
              "uuid": "af7e553d-8554-4199-bfe0-17b87ef636ab",
              "parentUUID": "368a07a6-488b-4700-876e-20ad14e84f1b",
              "isHook": false,
              "skipped": false
            },
            {
              "title": "Testing copyright",
              "fullTitle": "Test Doxygen elements single line and only 1 element in the description. Testing copyright",
              "timedOut": false,
              "duration": 0,
              "state": "passed",
              "speed": "fast",
              "pass": true,
              "fail": false,
              "pending": false,
              "context": null,
              "code": "const result = (0, doxygen_parser_1.parse_doxygen)(element.input);\n(0, assert_1.equal)(result.element_list[0].description, element.output);",
              "err": {},
              "uuid": "3677b343-f4fe-4690-ab4b-c73876628ab6",
              "parentUUID": "368a07a6-488b-4700-876e-20ad14e84f1b",
              "isHook": false,
              "skipped": false
            },
            {
              "title": "Testing brief",
              "fullTitle": "Test Doxygen elements single line and only 1 element in the description. Testing brief",
              "timedOut": false,
              "duration": 0,
              "state": "passed",
              "speed": "fast",
              "pass": true,
              "fail": false,
              "pending": false,
              "context": null,
              "code": "const result = (0, doxygen_parser_1.parse_doxygen)(element.input);\n(0, assert_1.equal)(result.element_list[0].description, element.output);",
              "err": {},
              "uuid": "5ea2da2d-7950-49cc-8283-3c8408969da1",
              "parentUUID": "368a07a6-488b-4700-876e-20ad14e84f1b",
              "isHook": false,
              "skipped": false
            },
            {
              "title": "Testing details",
              "fullTitle": "Test Doxygen elements single line and only 1 element in the description. Testing details",
              "timedOut": false,
              "duration": 0,
              "state": "passed",
              "speed": "fast",
              "pass": true,
              "fail": false,
              "pending": false,
              "context": null,
              "code": "const result = (0, doxygen_parser_1.parse_doxygen)(element.input);\n(0, assert_1.equal)(result.element_list[0].description, element.output);",
              "err": {},
              "uuid": "c1333ae0-f865-40a3-aaf8-eea21e0fb637",
              "parentUUID": "368a07a6-488b-4700-876e-20ad14e84f1b",
              "isHook": false,
              "skipped": false
            },
            {
              "title": "Testing custom_section_begin",
              "fullTitle": "Test Doxygen elements single line and only 1 element in the description. Testing custom_section_begin",
              "timedOut": false,
              "duration": 0,
              "state": "passed",
              "speed": "fast",
              "pass": true,
              "fail": false,
              "pending": false,
              "context": null,
              "code": "const result = (0, doxygen_parser_1.parse_doxygen)(element.input);\n(0, assert_1.equal)(result.element_list[0].description, element.output);",
              "err": {},
              "uuid": "c3bfd035-5c86-412f-bd81-ece4d1be54bd",
              "parentUUID": "368a07a6-488b-4700-876e-20ad14e84f1b",
              "isHook": false,
              "skipped": false
            },
            {
              "title": "Testing custom_section_end",
              "fullTitle": "Test Doxygen elements single line and only 1 element in the description. Testing custom_section_end",
              "timedOut": false,
              "duration": 0,
              "state": "passed",
              "speed": "fast",
              "pass": true,
              "fail": false,
              "pending": false,
              "context": null,
              "code": "const result = (0, doxygen_parser_1.parse_doxygen)(element.input);\n(0, assert_1.equal)(result.element_list[0].description, element.output);",
              "err": {},
              "uuid": "d0268180-edb6-44c0-ad2e-f93d03f7ecef",
              "parentUUID": "368a07a6-488b-4700-876e-20ad14e84f1b",
              "isHook": false,
              "skipped": false
            }
          ],
          "suites": [],
          "passes": [
            "d94d11cb-ef0e-4b08-b0f1-45b8075ab79b",
            "35d572dd-cdd4-42e9-b785-71d6dd1a3763",
            "af7e553d-8554-4199-bfe0-17b87ef636ab",
            "3677b343-f4fe-4690-ab4b-c73876628ab6",
            "5ea2da2d-7950-49cc-8283-3c8408969da1",
            "c1333ae0-f865-40a3-aaf8-eea21e0fb637",
            "c3bfd035-5c86-412f-bd81-ece4d1be54bd",
            "d0268180-edb6-44c0-ad2e-f93d03f7ecef"
          ],
          "failures": [],
          "pending": [],
          "skipped": [],
          "duration": 1,
          "root": false,
          "rootEmpty": false,
          "_timeout": 2000
        },
        {
          "uuid": "634c65be-02e1-4535-b63c-8aa5daf2d583",
          "title": "Test Doxygen elements multi line and only 1 element in the description.",
          "fullFile": "D:\\a\\colibri2\\colibri2\\tests\\documenter\\doxygen.spec.ts",
          "file": "\\tests\\documenter\\doxygen.spec.ts",
          "beforeHooks": [],
          "afterHooks": [],
          "tests": [
            {
              "title": "Testing author",
              "fullTitle": "Test Doxygen elements multi line and only 1 element in the description. Testing author",
              "timedOut": false,
              "duration": 0,
              "state": "passed",
              "speed": "fast",
              "pass": true,
              "fail": false,
              "pending": false,
              "context": null,
              "code": "const result = (0, doxygen_parser_1.parse_doxygen)(element.input);\n(0, assert_1.equal)(result.element_list[0].description, element.output);",
              "err": {},
              "uuid": "aca8bcb6-4347-4376-9d46-515933c2fcbc",
              "parentUUID": "634c65be-02e1-4535-b63c-8aa5daf2d583",
              "isHook": false,
              "skipped": false
            },
            {
              "title": "Testing version",
              "fullTitle": "Test Doxygen elements multi line and only 1 element in the description. Testing version",
              "timedOut": false,
              "duration": 0,
              "state": "passed",
              "speed": "fast",
              "pass": true,
              "fail": false,
              "pending": false,
              "context": null,
              "code": "const result = (0, doxygen_parser_1.parse_doxygen)(element.input);\n(0, assert_1.equal)(result.element_list[0].description, element.output);",
              "err": {},
              "uuid": "ccb8ad2d-5b39-4d47-8201-0d012b4a1644",
              "parentUUID": "634c65be-02e1-4535-b63c-8aa5daf2d583",
              "isHook": false,
              "skipped": false
            },
            {
              "title": "Testing project",
              "fullTitle": "Test Doxygen elements multi line and only 1 element in the description. Testing project",
              "timedOut": false,
              "duration": 0,
              "state": "passed",
              "speed": "fast",
              "pass": true,
              "fail": false,
              "pending": false,
              "context": null,
              "code": "const result = (0, doxygen_parser_1.parse_doxygen)(element.input);\n(0, assert_1.equal)(result.element_list[0].description, element.output);",
              "err": {},
              "uuid": "43018208-7272-4eb4-841d-9d5fde45374b",
              "parentUUID": "634c65be-02e1-4535-b63c-8aa5daf2d583",
              "isHook": false,
              "skipped": false
            },
            {
              "title": "Testing copyright",
              "fullTitle": "Test Doxygen elements multi line and only 1 element in the description. Testing copyright",
              "timedOut": false,
              "duration": 0,
              "state": "passed",
              "speed": "fast",
              "pass": true,
              "fail": false,
              "pending": false,
              "context": null,
              "code": "const result = (0, doxygen_parser_1.parse_doxygen)(element.input);\n(0, assert_1.equal)(result.element_list[0].description, element.output);",
              "err": {},
              "uuid": "5a411308-d329-4a15-8533-65c15ff05ba7",
              "parentUUID": "634c65be-02e1-4535-b63c-8aa5daf2d583",
              "isHook": false,
              "skipped": false
            },
            {
              "title": "Testing brief",
              "fullTitle": "Test Doxygen elements multi line and only 1 element in the description. Testing brief",
              "timedOut": false,
              "duration": 0,
              "state": "passed",
              "speed": "fast",
              "pass": true,
              "fail": false,
              "pending": false,
              "context": null,
              "code": "const result = (0, doxygen_parser_1.parse_doxygen)(element.input);\n(0, assert_1.equal)(result.element_list[0].description, element.output);",
              "err": {},
              "uuid": "c4609fc7-d62c-4e4a-a7f4-634628d58d2c",
              "parentUUID": "634c65be-02e1-4535-b63c-8aa5daf2d583",
              "isHook": false,
              "skipped": false
            },
            {
              "title": "Testing details",
              "fullTitle": "Test Doxygen elements multi line and only 1 element in the description. Testing details",
              "timedOut": false,
              "duration": 0,
              "state": "passed",
              "speed": "fast",
              "pass": true,
              "fail": false,
              "pending": false,
              "context": null,
              "code": "const result = (0, doxygen_parser_1.parse_doxygen)(element.input);\n(0, assert_1.equal)(result.element_list[0].description, element.output);",
              "err": {},
              "uuid": "b9265d02-bda2-40a5-90cc-b82fe7e3943c",
              "parentUUID": "634c65be-02e1-4535-b63c-8aa5daf2d583",
              "isHook": false,
              "skipped": false
            },
            {
              "title": "Testing custom_section_begin",
              "fullTitle": "Test Doxygen elements multi line and only 1 element in the description. Testing custom_section_begin",
              "timedOut": false,
              "duration": 0,
              "state": "passed",
              "speed": "fast",
              "pass": true,
              "fail": false,
              "pending": false,
              "context": null,
              "code": "const result = (0, doxygen_parser_1.parse_doxygen)(element.input);\n(0, assert_1.equal)(result.element_list[0].description, element.output);",
              "err": {},
              "uuid": "ca6e72de-adb9-4131-8d2e-f0ae0f1c9c93",
              "parentUUID": "634c65be-02e1-4535-b63c-8aa5daf2d583",
              "isHook": false,
              "skipped": false
            },
            {
              "title": "Testing custom_section_end",
              "fullTitle": "Test Doxygen elements multi line and only 1 element in the description. Testing custom_section_end",
              "timedOut": false,
              "duration": 0,
              "state": "passed",
              "speed": "fast",
              "pass": true,
              "fail": false,
              "pending": false,
              "context": null,
              "code": "const result = (0, doxygen_parser_1.parse_doxygen)(element.input);\n(0, assert_1.equal)(result.element_list[0].description, element.output);",
              "err": {},
              "uuid": "df83b632-bcf8-423c-84fe-29a9b2ed9799",
              "parentUUID": "634c65be-02e1-4535-b63c-8aa5daf2d583",
              "isHook": false,
              "skipped": false
            }
          ],
          "suites": [],
          "passes": [
            "aca8bcb6-4347-4376-9d46-515933c2fcbc",
            "ccb8ad2d-5b39-4d47-8201-0d012b4a1644",
            "43018208-7272-4eb4-841d-9d5fde45374b",
            "5a411308-d329-4a15-8533-65c15ff05ba7",
            "c4609fc7-d62c-4e4a-a7f4-634628d58d2c",
            "b9265d02-bda2-40a5-90cc-b82fe7e3943c",
            "ca6e72de-adb9-4131-8d2e-f0ae0f1c9c93",
            "df83b632-bcf8-423c-84fe-29a9b2ed9799"
          ],
          "failures": [],
          "pending": [],
          "skipped": [],
          "duration": 0,
          "root": false,
          "rootEmpty": false,
          "_timeout": 2000
        },
        {
          "uuid": "6ebdf85f-8396-4478-b847-8a032f0545ad",
          "title": "Check sections creator with html",
          "fullFile": "D:\\a\\colibri2\\colibri2\\tests\\documenter\\section_creator.spec.ts",
          "file": "\\tests\\documenter\\section_creator.spec.ts",
          "beforeHooks": [],
          "afterHooks": [],
          "tests": [
            {
              "title": "Title section",
              "fullTitle": "Check sections creator with html Title section",
              "timedOut": false,
              "duration": 2,
              "state": "passed",
              "speed": "fast",
              "pass": true,
              "fail": false,
              "pending": false,
              "context": null,
              "code": "const section_name = \"title\";\nconst section = creator.get_title_section(hdl_element, configuration);\nsave_output(section, section_name, configuration.output_type);\ncheck(section_name, configuration.output_type, false);",
              "err": {},
              "uuid": "3a423503-718e-4e19-ab08-6b5ed05faaa2",
              "parentUUID": "6ebdf85f-8396-4478-b847-8a032f0545ad",
              "isHook": false,
              "skipped": false
            },
            {
              "title": "Input section",
              "fullTitle": "Check sections creator with html Input section",
              "timedOut": false,
              "duration": 1,
              "state": "passed",
              "speed": "fast",
              "pass": true,
              "fail": false,
              "pending": false,
              "context": null,
              "code": "const section_name = \"input\";\nconst file_path = \"/example/of/sample.vhd\";\nconst section = creator.get_input_section(file_path, configuration);\nsave_output(section, section_name, configuration.output_type);\ncheck(section_name, configuration.output_type, false);",
              "err": {},
              "uuid": "0ef5c5e4-6894-4f7d-a9ea-1741aae59d16",
              "parentUUID": "6ebdf85f-8396-4478-b847-8a032f0545ad",
              "isHook": false,
              "skipped": false
            },
            {
              "title": "Info section",
              "fullTitle": "Check sections creator with html Info section",
              "timedOut": false,
              "duration": 1,
              "state": "passed",
              "speed": "fast",
              "pass": true,
              "fail": false,
              "pending": false,
              "context": null,
              "code": "const section_name = \"info\";\nconst section = creator.get_info_section(hdl_element, configuration);\nsave_output(section, section_name, configuration.output_type);\ncheck(section_name, configuration.output_type, false);",
              "err": {},
              "uuid": "3f905ab5-5fe7-4d2c-9a9a-aab87dca7a5f",
              "parentUUID": "6ebdf85f-8396-4478-b847-8a032f0545ad",
              "isHook": false,
              "skipped": false
            },
            {
              "title": "Diagram section",
              "fullTitle": "Check sections creator with html Diagram section",
              "timedOut": false,
              "duration": 1,
              "state": "pending",
              "speed": null,
              "pass": false,
              "fail": false,
              "pending": true,
              "context": null,
              "code": "this.skip();\nconst section_name = \"diagram\";\nconst svg_path = paht_lib.join(C_OUTPUT_BASE_PATH, 'input_path.svg');\nconst section = creator.get_diagram_section(hdl_element, configuration, svg_path);\nsave_output(section, section_name, configuration.output_type);\ncheck(section_name, configuration.output_type, true);",
              "err": {},
              "uuid": "39381188-03ce-4d7f-820a-38b45944ce29",
              "parentUUID": "6ebdf85f-8396-4478-b847-8a032f0545ad",
              "isHook": false,
              "skipped": false
            },
            {
              "title": "Custom begin section",
              "fullTitle": "Check sections creator with html Custom begin section",
              "timedOut": false,
              "duration": 168,
              "state": "passed",
              "speed": "slow",
              "pass": true,
              "fail": false,
              "pending": false,
              "context": null,
              "code": "const section_name = \"custom_section_begin\";\nconst input_path = paht_lib.join(__dirname, 'section_creator', 'helpers', 'input_path.vhd');\nconst section = creator.get_custom_section('custom_section_begin', hdl_element, configuration, input_path);\nsave_output(section, section_name, configuration.output_type);\ncheck(section_name, configuration.output_type, false);",
              "err": {},
              "uuid": "5d9e9491-571a-4729-bb27-0d9f77ee4513",
              "parentUUID": "6ebdf85f-8396-4478-b847-8a032f0545ad",
              "isHook": false,
              "skipped": false
            },
            {
              "title": "Custom end section",
              "fullTitle": "Check sections creator with html Custom end section",
              "timedOut": false,
              "duration": 1,
              "state": "passed",
              "speed": "fast",
              "pass": true,
              "fail": false,
              "pending": false,
              "context": null,
              "code": "const section_name = \"custom_section_end\";\nconst input_path = paht_lib.join(__dirname, 'section_creator', 'helpers', 'input_path.vhd');\nconst section = creator.get_custom_section('custom_section_end', hdl_element, configuration, input_path);\nsave_output(section, section_name, configuration.output_type);\ncheck(section_name, configuration.output_type, false);",
              "err": {},
              "uuid": "c03f0c6a-e517-469e-8c72-722ebf448bb2",
              "parentUUID": "6ebdf85f-8396-4478-b847-8a032f0545ad",
              "isHook": false,
              "skipped": false
            },
            {
              "title": "Description section",
              "fullTitle": "Check sections creator with html Description section",
              "timedOut": false,
              "duration": 6,
              "state": "passed",
              "speed": "fast",
              "pass": true,
              "fail": false,
              "pending": false,
              "context": null,
              "code": "if (configuration.output_type === common_documenter.doc_output_type.MARKDOWN) {\n    this.skip();\n}\nconst section_name = \"description\";\nconst section = creator.get_description_section(hdl_element, configuration, C_OUTPUT_BASE_PATH);\nsave_output(section, section_name, configuration.output_type);\ncheck(section_name, configuration.output_type, false);",
              "err": {},
              "uuid": "edf59cc2-9620-471b-bfbc-7ca834691c8e",
              "parentUUID": "6ebdf85f-8396-4478-b847-8a032f0545ad",
              "isHook": false,
              "skipped": false
            },
            {
              "title": "Port section",
              "fullTitle": "Check sections creator with html Port section",
              "timedOut": false,
              "duration": 2,
              "state": "passed",
              "speed": "fast",
              "pass": true,
              "fail": false,
              "pending": false,
              "context": null,
              "code": "const section_name = \"port\";\nconst section = creator.get_in_out_section(hdl_element, configuration);\nsave_output(section, section_name, configuration.output_type);\ncheck(section_name, configuration.output_type, false);",
              "err": {},
              "uuid": "65700ce2-fc3c-4984-883e-2873727fd305",
              "parentUUID": "6ebdf85f-8396-4478-b847-8a032f0545ad",
              "isHook": false,
              "skipped": false
            },
            {
              "title": "Signal-constant section",
              "fullTitle": "Check sections creator with html Signal-constant section",
              "timedOut": false,
              "duration": 2,
              "state": "passed",
              "speed": "fast",
              "pass": true,
              "fail": false,
              "pending": false,
              "context": null,
              "code": "const section_name = \"signal_constant\";\nconst section = creator.get_signal_constant_section(hdl_element, configuration);\nsave_output(section, section_name, configuration.output_type);\ncheck(section_name, configuration.output_type, false);",
              "err": {},
              "uuid": "5dd3a709-8704-45a3-9d7a-07e7c1878d06",
              "parentUUID": "6ebdf85f-8396-4478-b847-8a032f0545ad",
              "isHook": false,
              "skipped": false
            },
            {
              "title": "Process section",
              "fullTitle": "Check sections creator with html Process section",
              "timedOut": false,
              "duration": 2,
              "state": "passed",
              "speed": "fast",
              "pass": true,
              "fail": false,
              "pending": false,
              "context": null,
              "code": "const section_name = \"process\";\nconst section = creator.get_process_section(hdl_element, configuration);\nsave_output(section, section_name, configuration.output_type);\ncheck(section_name, configuration.output_type, false);",
              "err": {},
              "uuid": "2eb10cdc-8ded-4024-af86-dddd4ca42372",
              "parentUUID": "6ebdf85f-8396-4478-b847-8a032f0545ad",
              "isHook": false,
              "skipped": false
            },
            {
              "title": "Function section",
              "fullTitle": "Check sections creator with html Function section",
              "timedOut": false,
              "duration": 3,
              "state": "passed",
              "speed": "fast",
              "pass": true,
              "fail": false,
              "pending": false,
              "context": null,
              "code": "const section_name = \"function\";\nconst section = creator.get_function_section(hdl_element, configuration);\nsave_output(section, section_name, configuration.output_type);\ncheck(section_name, configuration.output_type, false);",
              "err": {},
              "uuid": "501cd86e-f224-4909-ae15-534a99c58718",
              "parentUUID": "6ebdf85f-8396-4478-b847-8a032f0545ad",
              "isHook": false,
              "skipped": false
            },
            {
              "title": "Instantiation section",
              "fullTitle": "Check sections creator with html Instantiation section",
              "timedOut": false,
              "duration": 1,
              "state": "passed",
              "speed": "fast",
              "pass": true,
              "fail": false,
              "pending": false,
              "context": null,
              "code": "const section_name = \"instantiation\";\nconst section = creator.get_instantiation_section(hdl_element, configuration);\nsave_output(section, section_name, configuration.output_type);\ncheck(section_name, configuration.output_type, false);",
              "err": {},
              "uuid": "80eb79a9-32c1-4afe-9a52-c970db72c8da",
              "parentUUID": "6ebdf85f-8396-4478-b847-8a032f0545ad",
              "isHook": false,
              "skipped": false
            }
          ],
          "suites": [],
          "passes": [
            "3a423503-718e-4e19-ab08-6b5ed05faaa2",
            "0ef5c5e4-6894-4f7d-a9ea-1741aae59d16",
            "3f905ab5-5fe7-4d2c-9a9a-aab87dca7a5f",
            "5d9e9491-571a-4729-bb27-0d9f77ee4513",
            "c03f0c6a-e517-469e-8c72-722ebf448bb2",
            "edf59cc2-9620-471b-bfbc-7ca834691c8e",
            "65700ce2-fc3c-4984-883e-2873727fd305",
            "5dd3a709-8704-45a3-9d7a-07e7c1878d06",
            "2eb10cdc-8ded-4024-af86-dddd4ca42372",
            "501cd86e-f224-4909-ae15-534a99c58718",
            "80eb79a9-32c1-4afe-9a52-c970db72c8da"
          ],
          "failures": [],
          "pending": [
            "39381188-03ce-4d7f-820a-38b45944ce29"
          ],
          "skipped": [],
          "duration": 190,
          "root": false,
          "rootEmpty": false,
          "_timeout": 2000
        },
        {
          "uuid": "3099c175-e77b-4459-9f7d-dfe9a8a62cda",
          "title": "Check sections creator with markdown",
          "fullFile": "D:\\a\\colibri2\\colibri2\\tests\\documenter\\section_creator.spec.ts",
          "file": "\\tests\\documenter\\section_creator.spec.ts",
          "beforeHooks": [],
          "afterHooks": [],
          "tests": [
            {
              "title": "Title section",
              "fullTitle": "Check sections creator with markdown Title section",
              "timedOut": false,
              "duration": 0,
              "state": "passed",
              "speed": "fast",
              "pass": true,
              "fail": false,
              "pending": false,
              "context": null,
              "code": "const section_name = \"title\";\nconst section = creator.get_title_section(hdl_element, configuration);\nsave_output(section, section_name, configuration.output_type);\ncheck(section_name, configuration.output_type, false);",
              "err": {},
              "uuid": "15abd053-1241-4c4c-9ec0-2953b80ea379",
              "parentUUID": "3099c175-e77b-4459-9f7d-dfe9a8a62cda",
              "isHook": false,
              "skipped": false
            },
            {
              "title": "Input section",
              "fullTitle": "Check sections creator with markdown Input section",
              "timedOut": false,
              "duration": 1,
              "state": "passed",
              "speed": "fast",
              "pass": true,
              "fail": false,
              "pending": false,
              "context": null,
              "code": "const section_name = \"input\";\nconst file_path = \"/example/of/sample.vhd\";\nconst section = creator.get_input_section(file_path, configuration);\nsave_output(section, section_name, configuration.output_type);\ncheck(section_name, configuration.output_type, false);",
              "err": {},
              "uuid": "4515f251-9a99-459b-98d6-76e04bf7ee61",
              "parentUUID": "3099c175-e77b-4459-9f7d-dfe9a8a62cda",
              "isHook": false,
              "skipped": false
            },
            {
              "title": "Info section",
              "fullTitle": "Check sections creator with markdown Info section",
              "timedOut": false,
              "duration": 1,
              "state": "passed",
              "speed": "fast",
              "pass": true,
              "fail": false,
              "pending": false,
              "context": null,
              "code": "const section_name = \"info\";\nconst section = creator.get_info_section(hdl_element, configuration);\nsave_output(section, section_name, configuration.output_type);\ncheck(section_name, configuration.output_type, false);",
              "err": {},
              "uuid": "8f1c9f1d-1e8c-4219-8f29-b272e6e13142",
              "parentUUID": "3099c175-e77b-4459-9f7d-dfe9a8a62cda",
              "isHook": false,
              "skipped": false
            },
            {
              "title": "Diagram section",
              "fullTitle": "Check sections creator with markdown Diagram section",
              "timedOut": false,
              "duration": 0,
              "state": "pending",
              "speed": null,
              "pass": false,
              "fail": false,
              "pending": true,
              "context": null,
              "code": "this.skip();\nconst section_name = \"diagram\";\nconst svg_path = paht_lib.join(C_OUTPUT_BASE_PATH, 'input_path.svg');\nconst section = creator.get_diagram_section(hdl_element, configuration, svg_path);\nsave_output(section, section_name, configuration.output_type);\ncheck(section_name, configuration.output_type, true);",
              "err": {},
              "uuid": "d3be4c3a-f63f-47e9-b986-54b293467dd3",
              "parentUUID": "3099c175-e77b-4459-9f7d-dfe9a8a62cda",
              "isHook": false,
              "skipped": false
            },
            {
              "title": "Custom begin section",
              "fullTitle": "Check sections creator with markdown Custom begin section",
              "timedOut": false,
              "duration": 1,
              "state": "passed",
              "speed": "fast",
              "pass": true,
              "fail": false,
              "pending": false,
              "context": null,
              "code": "const section_name = \"custom_section_begin\";\nconst input_path = paht_lib.join(__dirname, 'section_creator', 'helpers', 'input_path.vhd');\nconst section = creator.get_custom_section('custom_section_begin', hdl_element, configuration, input_path);\nsave_output(section, section_name, configuration.output_type);\ncheck(section_name, configuration.output_type, false);",
              "err": {},
              "uuid": "b1b4a2f0-c87e-4e0a-896a-15b276aa8dfe",
              "parentUUID": "3099c175-e77b-4459-9f7d-dfe9a8a62cda",
              "isHook": false,
              "skipped": false
            },
            {
              "title": "Custom end section",
              "fullTitle": "Check sections creator with markdown Custom end section",
              "timedOut": false,
              "duration": 0,
              "state": "passed",
              "speed": "fast",
              "pass": true,
              "fail": false,
              "pending": false,
              "context": null,
              "code": "const section_name = \"custom_section_end\";\nconst input_path = paht_lib.join(__dirname, 'section_creator', 'helpers', 'input_path.vhd');\nconst section = creator.get_custom_section('custom_section_end', hdl_element, configuration, input_path);\nsave_output(section, section_name, configuration.output_type);\ncheck(section_name, configuration.output_type, false);",
              "err": {},
              "uuid": "8c7e9bb5-fb62-4f98-a379-2d9ebe07d083",
              "parentUUID": "3099c175-e77b-4459-9f7d-dfe9a8a62cda",
              "isHook": false,
              "skipped": false
            },
            {
              "title": "Description section",
              "fullTitle": "Check sections creator with markdown Description section",
              "timedOut": false,
              "duration": 0,
              "state": "pending",
              "speed": null,
              "pass": false,
              "fail": false,
              "pending": true,
              "context": null,
              "code": "if (configuration.output_type === common_documenter.doc_output_type.MARKDOWN) {\n    this.skip();\n}\nconst section_name = \"description\";\nconst section = creator.get_description_section(hdl_element, configuration, C_OUTPUT_BASE_PATH);\nsave_output(section, section_name, configuration.output_type);\ncheck(section_name, configuration.output_type, false);",
              "err": {},
              "uuid": "749301ce-28ac-4d06-98cd-f97c471330f8",
              "parentUUID": "3099c175-e77b-4459-9f7d-dfe9a8a62cda",
              "isHook": false,
              "skipped": false
            },
            {
              "title": "Port section",
              "fullTitle": "Check sections creator with markdown Port section",
              "timedOut": false,
              "duration": 1,
              "state": "passed",
              "speed": "fast",
              "pass": true,
              "fail": false,
              "pending": false,
              "context": null,
              "code": "const section_name = \"port\";\nconst section = creator.get_in_out_section(hdl_element, configuration);\nsave_output(section, section_name, configuration.output_type);\ncheck(section_name, configuration.output_type, false);",
              "err": {},
              "uuid": "7741a36b-6f4c-403d-898b-5bd71327c000",
              "parentUUID": "3099c175-e77b-4459-9f7d-dfe9a8a62cda",
              "isHook": false,
              "skipped": false
            },
            {
              "title": "Signal-constant section",
              "fullTitle": "Check sections creator with markdown Signal-constant section",
              "timedOut": false,
              "duration": 3,
              "state": "passed",
              "speed": "fast",
              "pass": true,
              "fail": false,
              "pending": false,
              "context": null,
              "code": "const section_name = \"signal_constant\";\nconst section = creator.get_signal_constant_section(hdl_element, configuration);\nsave_output(section, section_name, configuration.output_type);\ncheck(section_name, configuration.output_type, false);",
              "err": {},
              "uuid": "af280072-e930-4f2c-9721-204d24ba1984",
              "parentUUID": "3099c175-e77b-4459-9f7d-dfe9a8a62cda",
              "isHook": false,
              "skipped": false
            },
            {
              "title": "Process section",
              "fullTitle": "Check sections creator with markdown Process section",
              "timedOut": false,
              "duration": 1,
              "state": "passed",
              "speed": "fast",
              "pass": true,
              "fail": false,
              "pending": false,
              "context": null,
              "code": "const section_name = \"process\";\nconst section = creator.get_process_section(hdl_element, configuration);\nsave_output(section, section_name, configuration.output_type);\ncheck(section_name, configuration.output_type, false);",
              "err": {},
              "uuid": "6cc234f5-92bc-483a-a6f0-d43a1b6d3290",
              "parentUUID": "3099c175-e77b-4459-9f7d-dfe9a8a62cda",
              "isHook": false,
              "skipped": false
            },
            {
              "title": "Function section",
              "fullTitle": "Check sections creator with markdown Function section",
              "timedOut": false,
              "duration": 1,
              "state": "passed",
              "speed": "fast",
              "pass": true,
              "fail": false,
              "pending": false,
              "context": null,
              "code": "const section_name = \"function\";\nconst section = creator.get_function_section(hdl_element, configuration);\nsave_output(section, section_name, configuration.output_type);\ncheck(section_name, configuration.output_type, false);",
              "err": {},
              "uuid": "4b07f5bc-471d-4415-ac8c-756ccc5bafbe",
              "parentUUID": "3099c175-e77b-4459-9f7d-dfe9a8a62cda",
              "isHook": false,
              "skipped": false
            },
            {
              "title": "Instantiation section",
              "fullTitle": "Check sections creator with markdown Instantiation section",
              "timedOut": false,
              "duration": 1,
              "state": "passed",
              "speed": "fast",
              "pass": true,
              "fail": false,
              "pending": false,
              "context": null,
              "code": "const section_name = \"instantiation\";\nconst section = creator.get_instantiation_section(hdl_element, configuration);\nsave_output(section, section_name, configuration.output_type);\ncheck(section_name, configuration.output_type, false);",
              "err": {},
              "uuid": "5e06c33b-0f73-40f2-8c60-4cf979da51aa",
              "parentUUID": "3099c175-e77b-4459-9f7d-dfe9a8a62cda",
              "isHook": false,
              "skipped": false
            }
          ],
          "suites": [],
          "passes": [
            "15abd053-1241-4c4c-9ec0-2953b80ea379",
            "4515f251-9a99-459b-98d6-76e04bf7ee61",
            "8f1c9f1d-1e8c-4219-8f29-b272e6e13142",
            "b1b4a2f0-c87e-4e0a-896a-15b276aa8dfe",
            "8c7e9bb5-fb62-4f98-a379-2d9ebe07d083",
            "7741a36b-6f4c-403d-898b-5bd71327c000",
            "af280072-e930-4f2c-9721-204d24ba1984",
            "6cc234f5-92bc-483a-a6f0-d43a1b6d3290",
            "4b07f5bc-471d-4415-ac8c-756ccc5bafbe",
            "5e06c33b-0f73-40f2-8c60-4cf979da51aa"
          ],
          "failures": [],
          "pending": [
            "d3be4c3a-f63f-47e9-b986-54b293467dd3",
            "749301ce-28ac-4d06-98cd-f97c471330f8"
          ],
          "skipped": [],
          "duration": 10,
          "root": false,
          "rootEmpty": false,
          "_timeout": 2000
        },
        {
          "uuid": "f43a9faa-4a14-42fc-accb-a992843ec674",
          "title": "Check standalone VHDL formatter",
          "fullFile": "D:\\a\\colibri2\\colibri2\\tests\\formatter\\formatter.spec.ts",
          "file": "\\tests\\formatter\\formatter.spec.ts",
          "beforeHooks": [],
          "afterHooks": [],
          "tests": [
            {
              "title": "Check align comments true, indentation and keyworks lowercase",
              "fullTitle": "Check standalone VHDL formatter Check align comments true, indentation and keyworks lowercase",
              "timedOut": false,
              "duration": 35,
              "state": "passed",
              "speed": "fast",
              "pass": true,
              "fail": false,
              "pending": false,
              "context": null,
              "code": "const test_index = 0;\nconst options = {\n    remove_comments: false,\n    remove_asserts: false,\n    remove_report: false,\n    check_alias: false,\n    align_comments: true,\n    sign_align_settings: {\n        is_regional: true,\n        is_all: true,\n        mode: common.ALIGN_MODE.LOCAL,\n        keyWords: [\"FUNCTION\", \"IMPURE FUNCTION\", \"GENERIC\", \"PORT\", \"PROCEDURE\"]\n    },\n    keyword_case: common.LETTER_CASE.LOWERCASE,\n    type_name_case: common.LETTER_CASE.LOWERCASE,\n    indentation: \"    \",\n    new_line_settings: {\n        new_line_after: [\";\", \"then\"],\n        no_new_line_after: []\n    },\n    end_of_line: \"\\n\"\n};\nawait format_and_check(formatter_name, language, test_index, options);",
              "err": {},
              "uuid": "32202ecb-f605-4656-8a3e-407bf5870567",
              "parentUUID": "f43a9faa-4a14-42fc-accb-a992843ec674",
              "isHook": false,
              "skipped": false
            },
            {
              "title": "Check align comments false, indentation and keyworks uppercase",
              "fullTitle": "Check standalone VHDL formatter Check align comments false, indentation and keyworks uppercase",
              "timedOut": false,
              "duration": 6,
              "state": "passed",
              "speed": "fast",
              "pass": true,
              "fail": false,
              "pending": false,
              "context": null,
              "code": "const test_index = 1;\nconst options = {\n    remove_comments: false,\n    remove_asserts: false,\n    remove_report: false,\n    check_alias: false,\n    align_comments: false,\n    sign_align_settings: {\n        is_regional: true,\n        is_all: true,\n        mode: common.ALIGN_MODE.LOCAL,\n        keyWords: [\"FUNCTION\", \"IMPURE FUNCTION\", \"GENERIC\", \"PORT\", \"PROCEDURE\"]\n    },\n    keyword_case: common.LETTER_CASE.UPPERCASE,\n    type_name_case: common.LETTER_CASE.UPPERCASE,\n    indentation: \"      \",\n    new_line_settings: {\n        new_line_after: [\";\", \"then\"],\n        no_new_line_after: []\n    },\n    end_of_line: \"\\n\"\n};\nawait format_and_check(formatter_name, language, test_index, options);",
              "err": {},
              "uuid": "1e3feffd-df31-4dfd-9dfe-c80660ff2748",
              "parentUUID": "f43a9faa-4a14-42fc-accb-a992843ec674",
              "isHook": false,
              "skipped": false
            }
          ],
          "suites": [],
          "passes": [
            "32202ecb-f605-4656-8a3e-407bf5870567",
            "1e3feffd-df31-4dfd-9dfe-c80660ff2748"
          ],
          "failures": [],
          "pending": [],
          "skipped": [],
          "duration": 41,
          "root": false,
          "rootEmpty": false,
          "_timeout": 2000
        },
        {
          "uuid": "55703953-bde0-4b33-8815-c88134c4bc49",
          "title": "Check istyle formatter",
          "fullFile": "D:\\a\\colibri2\\colibri2\\tests\\formatter\\formatter.spec.ts",
          "file": "\\tests\\formatter\\formatter.spec.ts",
          "beforeHooks": [],
          "afterHooks": [],
          "tests": [
            {
              "title": "Check ansi with indent = 2",
              "fullTitle": "Check istyle formatter Check ansi with indent = 2",
              "timedOut": false,
              "duration": 92,
              "state": "passed",
              "speed": "slow",
              "pass": true,
              "fail": false,
              "pending": false,
              "context": null,
              "code": "const test_index = index;\nconst options = { style: style_inst, indent_size: 2 };\nawait format_and_check(formatter_name, language, test_index, options);",
              "err": {},
              "uuid": "92f2eaa7-59b7-44d6-b417-93de61390870",
              "parentUUID": "55703953-bde0-4b33-8815-c88134c4bc49",
              "isHook": false,
              "skipped": false
            },
            {
              "title": "Check kr with indent = 2",
              "fullTitle": "Check istyle formatter Check kr with indent = 2",
              "timedOut": false,
              "duration": 32,
              "state": "passed",
              "speed": "fast",
              "pass": true,
              "fail": false,
              "pending": false,
              "context": null,
              "code": "const test_index = index;\nconst options = { style: style_inst, indent_size: 2 };\nawait format_and_check(formatter_name, language, test_index, options);",
              "err": {},
              "uuid": "001caa92-5389-407f-ac83-56c453538d87",
              "parentUUID": "55703953-bde0-4b33-8815-c88134c4bc49",
              "isHook": false,
              "skipped": false
            },
            {
              "title": "Check gnu with indent = 2",
              "fullTitle": "Check istyle formatter Check gnu with indent = 2",
              "timedOut": false,
              "duration": 32,
              "state": "passed",
              "speed": "fast",
              "pass": true,
              "fail": false,
              "pending": false,
              "context": null,
              "code": "const test_index = index;\nconst options = { style: style_inst, indent_size: 2 };\nawait format_and_check(formatter_name, language, test_index, options);",
              "err": {},
              "uuid": "b8bc4e31-9eb6-42c9-847d-3f3a1e793b55",
              "parentUUID": "55703953-bde0-4b33-8815-c88134c4bc49",
              "isHook": false,
              "skipped": false
            },
            {
              "title": "Check onlyindent with indent = 2",
              "fullTitle": "Check istyle formatter Check onlyindent with indent = 2",
              "timedOut": false,
              "duration": 18,
              "state": "passed",
              "speed": "fast",
              "pass": true,
              "fail": false,
              "pending": false,
              "context": null,
              "code": "const test_index = index;\nconst options = { style: style_inst, indent_size: 2 };\nawait format_and_check(formatter_name, language, test_index, options);",
              "err": {},
              "uuid": "5fdac5b6-b0ca-4d19-bd1d-d0cdd2d128cd",
              "parentUUID": "55703953-bde0-4b33-8815-c88134c4bc49",
              "isHook": false,
              "skipped": false
            },
            {
              "title": "Check ansi with indent = 6",
              "fullTitle": "Check istyle formatter Check ansi with indent = 6",
              "timedOut": false,
              "duration": 38,
              "state": "passed",
              "speed": "medium",
              "pass": true,
              "fail": false,
              "pending": false,
              "context": null,
              "code": "const test_index = index + style_list.length;\nconst options = { style: style_inst, indent_size: 6 };\nawait format_and_check(formatter_name, language, test_index, options);",
              "err": {},
              "uuid": "ace2265e-03a5-46b1-a787-b5d2fa5756ec",
              "parentUUID": "55703953-bde0-4b33-8815-c88134c4bc49",
              "isHook": false,
              "skipped": false
            },
            {
              "title": "Check kr with indent = 6",
              "fullTitle": "Check istyle formatter Check kr with indent = 6",
              "timedOut": false,
              "duration": 19,
              "state": "passed",
              "speed": "fast",
              "pass": true,
              "fail": false,
              "pending": false,
              "context": null,
              "code": "const test_index = index + style_list.length;\nconst options = { style: style_inst, indent_size: 6 };\nawait format_and_check(formatter_name, language, test_index, options);",
              "err": {},
              "uuid": "b93c176c-176b-47ee-8556-7cd6936fbc78",
              "parentUUID": "55703953-bde0-4b33-8815-c88134c4bc49",
              "isHook": false,
              "skipped": false
            },
            {
              "title": "Check gnu with indent = 6",
              "fullTitle": "Check istyle formatter Check gnu with indent = 6",
              "timedOut": false,
              "duration": 25,
              "state": "passed",
              "speed": "fast",
              "pass": true,
              "fail": false,
              "pending": false,
              "context": null,
              "code": "const test_index = index + style_list.length;\nconst options = { style: style_inst, indent_size: 6 };\nawait format_and_check(formatter_name, language, test_index, options);",
              "err": {},
              "uuid": "88780401-7a0a-4a58-aace-2184758b523e",
              "parentUUID": "55703953-bde0-4b33-8815-c88134c4bc49",
              "isHook": false,
              "skipped": false
            },
            {
              "title": "Check onlyindent with indent = 6",
              "fullTitle": "Check istyle formatter Check onlyindent with indent = 6",
              "timedOut": false,
              "duration": 18,
              "state": "passed",
              "speed": "fast",
              "pass": true,
              "fail": false,
              "pending": false,
              "context": null,
              "code": "const test_index = index + style_list.length;\nconst options = { style: style_inst, indent_size: 6 };\nawait format_and_check(formatter_name, language, test_index, options);",
              "err": {},
              "uuid": "0cc3f1bf-de61-48f8-960b-f7f2ee292a2b",
              "parentUUID": "55703953-bde0-4b33-8815-c88134c4bc49",
              "isHook": false,
              "skipped": false
            }
          ],
          "suites": [],
          "passes": [
            "92f2eaa7-59b7-44d6-b417-93de61390870",
            "001caa92-5389-407f-ac83-56c453538d87",
            "b8bc4e31-9eb6-42c9-847d-3f3a1e793b55",
            "5fdac5b6-b0ca-4d19-bd1d-d0cdd2d128cd",
            "ace2265e-03a5-46b1-a787-b5d2fa5756ec",
            "b93c176c-176b-47ee-8556-7cd6936fbc78",
            "88780401-7a0a-4a58-aace-2184758b523e",
            "0cc3f1bf-de61-48f8-960b-f7f2ee292a2b"
          ],
          "failures": [],
          "pending": [],
          "skipped": [],
          "duration": 274,
          "root": false,
          "rootEmpty": false,
          "_timeout": 2000
        },
        {
          "uuid": "8a45bc13-7546-4075-9e6f-74cf66a3815a",
          "title": "Check s3sv formatter",
          "fullFile": "D:\\a\\colibri2\\colibri2\\tests\\formatter\\formatter.spec.ts",
          "file": "\\tests\\formatter\\formatter.spec.ts",
          "beforeHooks": [],
          "afterHooks": [],
          "tests": [
            {
              "title": "Check config 0",
              "fullTitle": "Check s3sv formatter Check config 0",
              "timedOut": false,
              "duration": 1852,
              "state": "passed",
              "speed": "slow",
              "pass": true,
              "fail": false,
              "pending": false,
              "context": null,
              "code": "const test_index = 0;\nconst options = {\n    python3_path: \"\",\n    use_tabs: false,\n    indent_size: 2,\n    one_bind_per_line: true,\n    one_decl_per_line: true\n};\nawait format_and_check(formatter_name, language, test_index, options);",
              "err": {},
              "uuid": "ce562b9a-f96a-47b3-a6a2-32870558b1cc",
              "parentUUID": "8a45bc13-7546-4075-9e6f-74cf66a3815a",
              "isHook": false,
              "skipped": false
            },
            {
              "title": "Check config 1",
              "fullTitle": "Check s3sv formatter Check config 1",
              "timedOut": false,
              "duration": 190,
              "state": "passed",
              "speed": "slow",
              "pass": true,
              "fail": false,
              "pending": false,
              "context": null,
              "code": "const test_index = 1;\nconst options = {\n    python3_path: \"\",\n    use_tabs: true,\n    indent_size: 4,\n    one_bind_per_line: true,\n    one_decl_per_line: true\n};\nawait format_and_check(formatter_name, language, test_index, options);",
              "err": {},
              "uuid": "8dc8e590-3cd3-45d4-b19d-9af09c15061f",
              "parentUUID": "8a45bc13-7546-4075-9e6f-74cf66a3815a",
              "isHook": false,
              "skipped": false
            },
            {
              "title": "Check config 2 and bad python3 path",
              "fullTitle": "Check s3sv formatter Check config 2 and bad python3 path",
              "timedOut": false,
              "duration": 205,
              "state": "passed",
              "speed": "slow",
              "pass": true,
              "fail": false,
              "pending": false,
              "context": null,
              "code": "const test_index = 2;\nconst options = {\n    python3_path: \"asdf\",\n    use_tabs: true,\n    indent_size: 2,\n    one_bind_per_line: false,\n    one_decl_per_line: true\n};\nawait format_and_check(formatter_name, language, test_index, options);",
              "err": {},
              "uuid": "40855923-d412-4f5b-9441-e4d86f5b0bc1",
              "parentUUID": "8a45bc13-7546-4075-9e6f-74cf66a3815a",
              "isHook": false,
              "skipped": false
            }
          ],
          "suites": [],
          "passes": [
            "ce562b9a-f96a-47b3-a6a2-32870558b1cc",
            "8dc8e590-3cd3-45d4-b19d-9af09c15061f",
            "40855923-d412-4f5b-9441-e4d86f5b0bc1"
          ],
          "failures": [],
          "pending": [],
          "skipped": [],
          "duration": 2247,
          "root": false,
          "rootEmpty": false,
          "_timeout": 5000
        },
        {
          "uuid": "5f2405d4-d813-4a4d-9d61-b4f3e02804c2",
          "title": "Check FSM for vhdl",
          "fullFile": "D:\\a\\colibri2\\colibri2\\tests\\parser\\fsm.spec.ts",
          "file": "\\tests\\parser\\fsm.spec.ts",
          "beforeHooks": [],
          "afterHooks": [],
          "tests": [
            {
              "title": "Normal",
              "fullTitle": "Check FSM for vhdl Normal",
              "timedOut": false,
              "duration": 116,
              "state": "passed",
              "speed": "slow",
              "pass": true,
              "fail": false,
              "pending": false,
              "context": null,
              "code": "const test_index = 0;\nawait parse_fsm(lang_inst, test_index);\ncheck_test(test_index, lang_inst);",
              "err": {},
              "uuid": "99bcc33b-d186-416e-b9de-e6d0473d0ee3",
              "parentUUID": "5f2405d4-d813-4a4d-9d61-b4f3e02804c2",
              "isHook": false,
              "skipped": false
            }
          ],
          "suites": [],
          "passes": [
            "99bcc33b-d186-416e-b9de-e6d0473d0ee3"
          ],
          "failures": [],
          "pending": [],
          "skipped": [],
          "duration": 116,
          "root": false,
          "rootEmpty": false,
          "_timeout": 2000
        },
        {
          "uuid": "44749c93-7c47-416d-b495-d4be7c53305d",
          "title": "Check FSM for verilog",
          "fullFile": "D:\\a\\colibri2\\colibri2\\tests\\parser\\fsm.spec.ts",
          "file": "\\tests\\parser\\fsm.spec.ts",
          "beforeHooks": [],
          "afterHooks": [],
          "tests": [
            {
              "title": "Normal",
              "fullTitle": "Check FSM for verilog Normal",
              "timedOut": false,
              "duration": 374,
              "state": "passed",
              "speed": "slow",
              "pass": true,
              "fail": false,
              "pending": false,
              "context": null,
              "code": "const test_index = 0;\nawait parse_fsm(lang_inst, test_index);\ncheck_test(test_index, lang_inst);",
              "err": {},
              "uuid": "b34623d7-c6af-4a62-a567-c8a0cd34a161",
              "parentUUID": "44749c93-7c47-416d-b495-d4be7c53305d",
              "isHook": false,
              "skipped": false
            }
          ],
          "suites": [],
          "passes": [
            "b34623d7-c6af-4a62-a567-c8a0cd34a161"
          ],
          "failures": [],
          "pending": [],
          "skipped": [],
          "duration": 374,
          "root": false,
          "rootEmpty": false,
          "_timeout": 2000
        },
        {
          "uuid": "13e66ce5-0da2-4695-9196-43a017998b2a",
          "title": "Check entity Verilog",
          "fullFile": "D:\\a\\colibri2\\colibri2\\tests\\parser\\parser_verilog_entity.spec.ts",
          "file": "\\tests\\parser\\parser_verilog_entity.spec.ts",
          "beforeHooks": [],
          "afterHooks": [],
          "tests": [],
          "suites": [
            {
              "uuid": "c4e74a52-2c94-4757-91f6-59e930871a3a",
              "title": "Check entity.",
              "fullFile": "D:\\a\\colibri2\\colibri2\\tests\\parser\\parser_verilog_entity.spec.ts",
              "file": "\\tests\\parser\\parser_verilog_entity.spec.ts",
              "beforeHooks": [
                {
                  "title": "\"before all\" hook in \"Check entity.\"",
                  "fullTitle": "Check entity Verilog Check entity. \"before all\" hook in \"Check entity.\"",
                  "timedOut": false,
                  "duration": 223,
                  "state": null,
                  "speed": null,
                  "pass": false,
                  "fail": false,
                  "pending": false,
                  "context": null,
                  "code": "result = await parse();",
                  "err": {},
                  "uuid": "e9423998-97cc-4957-8f21-47fd1c71f8bc",
                  "parentUUID": "c4e74a52-2c94-4757-91f6-59e930871a3a",
                  "isHook": true,
                  "skipped": false
                }
              ],
              "afterHooks": [],
              "tests": [
                {
                  "title": "Check name",
                  "fullTitle": "Check entity Verilog Check entity. Check name",
                  "timedOut": false,
                  "duration": 0,
                  "state": "passed",
                  "speed": "fast",
                  "pass": true,
                  "fail": false,
                  "pending": false,
                  "context": null,
                  "code": "(0, assert_1.equal)(result.name, 'test_entity_name');",
                  "err": {},
                  "uuid": "30c0afc3-6a7a-49ef-9b02-c7fe866c8f73",
                  "parentUUID": "c4e74a52-2c94-4757-91f6-59e930871a3a",
                  "isHook": false,
                  "skipped": false
                },
                {
                  "title": "Check type is entity",
                  "fullTitle": "Check entity Verilog Check entity. Check type is entity",
                  "timedOut": false,
                  "duration": 0,
                  "state": "passed",
                  "speed": "fast",
                  "pass": true,
                  "fail": false,
                  "pending": false,
                  "context": null,
                  "code": "(0, assert_1.equal)(result.get_hdl_type(), common.TYPE_HDL_ELEMENT.ENTITY);",
                  "err": {},
                  "uuid": "f529b809-d225-46f7-9c40-e40894f3e21f",
                  "parentUUID": "c4e74a52-2c94-4757-91f6-59e930871a3a",
                  "isHook": false,
                  "skipped": false
                }
              ],
              "suites": [],
              "passes": [
                "30c0afc3-6a7a-49ef-9b02-c7fe866c8f73",
                "f529b809-d225-46f7-9c40-e40894f3e21f"
              ],
[...]
              "err": {},
              "uuid": "a950d372-324f-4499-8a32-b230ed7e802a",
              "parentUUID": "42ce21cd-05b1-42d9-92ec-70b7966e0b6f",
              "isHook": false,
              "skipped": false
            }
          ],
          "suites": [],
          "passes": [
            "a950d372-324f-4499-8a32-b230ed7e802a"
          ],
          "failures": [],
          "pending": [],
          "skipped": [],
          "duration": 0,
          "root": false,
          "rootEmpty": false,
          "_timeout": 2000
        },
        {
          "uuid": "270abb34-e38f-4251-a9b6-43d403b23c55",
          "title": "Check hover VHDL",
          "fullFile": "D:\\a\\colibri2\\colibri2\\tests\\utils\\number.spec.ts",
          "file": "\\tests\\utils\\number.spec.ts",
          "beforeHooks": [],
          "afterHooks": [],
          "tests": [
            {
              "title": "Binary unsigned",
              "fullTitle": "Check hover VHDL Binary unsigned",
              "timedOut": false,
              "duration": 1,
              "state": "passed",
              "speed": "fast",
              "pass": true,
              "fail": false,
              "pending": false,
              "context": null,
              "code": "const code_dummy = '\"0011\"';\nconst expected_number = {\n    signed_n: 0,\n    unsigned_n: 3,\n    is_multi: false,\n    is_ok: true\n};\nconst current_number = (0, numbers_1.hdl_hover)(code_dummy, lang);\n(0, assert_1.deepEqual)(current_number, expected_number);",
              "err": {},
              "uuid": "ead424da-c573-4019-9d3b-97038404a971",
              "parentUUID": "270abb34-e38f-4251-a9b6-43d403b23c55",
              "isHook": false,
              "skipped": false
            },
            {
              "title": "Binary unsigned or signed",
              "fullTitle": "Check hover VHDL Binary unsigned or signed",
              "timedOut": false,
              "duration": 1,
              "state": "passed",
              "speed": "fast",
              "pass": true,
              "fail": false,
              "pending": false,
              "context": null,
              "code": "const code_dummy = '\"1101\"';\nconst expected_number = {\n    signed_n: -3,\n    unsigned_n: 13,\n    is_multi: true,\n    is_ok: true\n};\nconst current_number = (0, numbers_1.hdl_hover)(code_dummy, lang);\n(0, assert_1.deepEqual)(current_number, expected_number);",
              "err": {},
              "uuid": "3cf7d5e4-ef52-466b-84b6-59ed66af4914",
              "parentUUID": "270abb34-e38f-4251-a9b6-43d403b23c55",
              "isHook": false,
              "skipped": false
            },
            {
              "title": "Binary unsigned or signed with separator",
              "fullTitle": "Check hover VHDL Binary unsigned or signed with separator",
              "timedOut": false,
              "duration": 0,
              "state": "passed",
              "speed": "fast",
              "pass": true,
              "fail": false,
              "pending": false,
              "context": null,
              "code": "const code_dummy = '\"1_10_0\"';\nconst expected_number = {\n    signed_n: -4,\n    unsigned_n: 12,\n    is_multi: true,\n    is_ok: true\n};\nconst current_number = (0, numbers_1.hdl_hover)(code_dummy, lang);\n(0, assert_1.deepEqual)(current_number, expected_number);",
              "err": {},
              "uuid": "1169d7ea-581d-47a7-8add-d76f3445173c",
              "parentUUID": "270abb34-e38f-4251-a9b6-43d403b23c55",
              "isHook": false,
              "skipped": false
            },
            {
              "title": "Hexadeximal unsigned",
              "fullTitle": "Check hover VHDL Hexadeximal unsigned",
              "timedOut": false,
              "duration": 0,
              "state": "passed",
              "speed": "fast",
              "pass": true,
              "fail": false,
              "pending": false,
              "context": null,
              "code": "const code_dummy = 'x\"0aB0\"';\nconst expected_number = {\n    signed_n: 0,\n    unsigned_n: 2736,\n    is_multi: false,\n    is_ok: true\n};\nconst current_number = (0, numbers_1.hdl_hover)(code_dummy, lang);\n(0, assert_1.deepEqual)(current_number, expected_number);",
              "err": {},
              "uuid": "9f4c70c8-9c45-48e3-b072-b5002edbb528",
              "parentUUID": "270abb34-e38f-4251-a9b6-43d403b23c55",
              "isHook": false,
              "skipped": false
            },
            {
              "title": "Hexadeximal unsigned or signed",
              "fullTitle": "Check hover VHDL Hexadeximal unsigned or signed",
              "timedOut": false,
              "duration": 1,
              "state": "passed",
              "speed": "fast",
              "pass": true,
              "fail": false,
              "pending": false,
              "context": null,
              "code": "const code_dummy = 'x\"aaB0\"';\nconst expected_number = {\n    signed_n: -21840,\n    unsigned_n: 43696,\n    is_multi: true,\n    is_ok: true\n};\nconst current_number = (0, numbers_1.hdl_hover)(code_dummy, lang);\n(0, assert_1.deepEqual)(current_number, expected_number);",
              "err": {},
              "uuid": "3ad9ef7e-b1ee-478c-8286-b1cc2138dd0b",
              "parentUUID": "270abb34-e38f-4251-a9b6-43d403b23c55",
              "isHook": false,
              "skipped": false
            },
            {
              "title": "Hexadeximal unsigned or signed with separator",
              "fullTitle": "Check hover VHDL Hexadeximal unsigned or signed with separator",
              "timedOut": false,
              "duration": 0,
              "state": "passed",
              "speed": "fast",
              "pass": true,
              "fail": false,
              "pending": false,
              "context": null,
              "code": "const code_dummy = 'x\"a_a_b0\"';\nconst expected_number = {\n    signed_n: -21840,\n    unsigned_n: 43696,\n    is_multi: true,\n    is_ok: true\n};\nconst current_number = (0, numbers_1.hdl_hover)(code_dummy, lang);\n(0, assert_1.deepEqual)(current_number, expected_number);",
              "err": {},
              "uuid": "a06129a8-f342-4900-a241-88f325aa49af",
              "parentUUID": "270abb34-e38f-4251-a9b6-43d403b23c55",
              "isHook": false,
              "skipped": false
            },
            {
              "title": "Octal unsigned",
              "fullTitle": "Check hover VHDL Octal unsigned",
              "timedOut": false,
              "duration": 0,
              "state": "passed",
              "speed": "fast",
              "pass": true,
              "fail": false,
              "pending": false,
              "context": null,
              "code": "const code_dummy = 'o\"0175\"';\nconst expected_number = {\n    signed_n: 0,\n    unsigned_n: 125,\n    is_multi: false,\n    is_ok: true\n};\nconst current_number = (0, numbers_1.hdl_hover)(code_dummy, lang);\n(0, assert_1.deepEqual)(current_number, expected_number);",
              "err": {},
              "uuid": "0d6eb267-9411-497d-914f-84ddbf6ab64c",
              "parentUUID": "270abb34-e38f-4251-a9b6-43d403b23c55",
              "isHook": false,
              "skipped": false
            },
            {
              "title": "Octal unsigned or signed",
              "fullTitle": "Check hover VHDL Octal unsigned or signed",
              "timedOut": false,
              "duration": 1,
              "state": "passed",
              "speed": "fast",
              "pass": true,
              "fail": false,
              "pending": false,
              "context": null,
              "code": "const code_dummy = 'O\"232\"';\nconst expected_number = {\n    signed_n: -102,\n    unsigned_n: 154,\n    is_multi: true,\n    is_ok: true\n};\nconst current_number = (0, numbers_1.hdl_hover)(code_dummy, lang);\n(0, assert_1.deepEqual)(current_number, expected_number);",
              "err": {},
              "uuid": "3a326e76-8c89-4220-b899-09c12e31b9e1",
              "parentUUID": "270abb34-e38f-4251-a9b6-43d403b23c55",
              "isHook": false,
              "skipped": false
            },
            {
              "title": "Octal unsigned or signed with separator",
              "fullTitle": "Check hover VHDL Octal unsigned or signed with separator",
              "timedOut": false,
              "duration": 0,
              "state": "passed",
              "speed": "fast",
              "pass": true,
              "fail": false,
              "pending": false,
              "context": null,
              "code": "const code_dummy = 'o\"2_3_2\"';\nconst expected_number = {\n    signed_n: -102,\n    unsigned_n: 154,\n    is_multi: true,\n    is_ok: true\n};\nconst current_number = (0, numbers_1.hdl_hover)(code_dummy, lang);\n(0, assert_1.deepEqual)(current_number, expected_number);",
              "err": {},
              "uuid": "9b2ab452-b2cb-4f8f-8ab0-5eb56688e4b4",
              "parentUUID": "270abb34-e38f-4251-a9b6-43d403b23c55",
              "isHook": false,
              "skipped": false
            }
          ],
          "suites": [],
          "passes": [
            "ead424da-c573-4019-9d3b-97038404a971",
            "3cf7d5e4-ef52-466b-84b6-59ed66af4914",
            "1169d7ea-581d-47a7-8add-d76f3445173c",
            "9f4c70c8-9c45-48e3-b072-b5002edbb528",
            "3ad9ef7e-b1ee-478c-8286-b1cc2138dd0b",
            "a06129a8-f342-4900-a241-88f325aa49af",
            "0d6eb267-9411-497d-914f-84ddbf6ab64c",
            "3a326e76-8c89-4220-b899-09c12e31b9e1",
            "9b2ab452-b2cb-4f8f-8ab0-5eb56688e4b4"
          ],
          "failures": [],
          "pending": [],
          "skipped": [],
          "duration": 4,
          "root": false,
          "rootEmpty": false,
          "_timeout": 2000
        },
        {
          "uuid": "3921bb18-dda5-4392-aeb1-09e413dc2849",
          "title": "Check hover Verilog",
          "fullFile": "D:\\a\\colibri2\\colibri2\\tests\\utils\\number.spec.ts",
          "file": "\\tests\\utils\\number.spec.ts",
          "beforeHooks": [],
          "afterHooks": [],
          "tests": [
            {
              "title": "Binary unsigned",
              "fullTitle": "Check hover Verilog Binary unsigned",
              "timedOut": false,
              "duration": 1,
              "state": "passed",
              "speed": "fast",
              "pass": true,
              "fail": false,
              "pending": false,
              "context": null,
              "code": "const code_dummy = \"4'b0011'\";\nconst expected_number = {\n    signed_n: 0,\n    unsigned_n: 3,\n    is_multi: false,\n    is_ok: true\n};\nconst current_number = (0, numbers_1.hdl_hover)(code_dummy, lang);\n(0, assert_1.deepEqual)(current_number, expected_number);",
              "err": {},
              "uuid": "d689a470-5740-4452-a38a-34e430230338",
              "parentUUID": "3921bb18-dda5-4392-aeb1-09e413dc2849",
              "isHook": false,
              "skipped": false
            },
            {
              "title": "Binary unsigned or signed",
              "fullTitle": "Check hover Verilog Binary unsigned or signed",
              "timedOut": false,
              "duration": 0,
              "state": "passed",
              "speed": "fast",
              "pass": true,
              "fail": false,
              "pending": false,
              "context": null,
              "code": "const code_dummy = \"4'b1101'\";\nconst expected_number = {\n    signed_n: -3,\n    unsigned_n: 13,\n    is_multi: true,\n    is_ok: true\n};\nconst current_number = (0, numbers_1.hdl_hover)(code_dummy, lang);\n(0, assert_1.deepEqual)(current_number, expected_number);",
              "err": {},
              "uuid": "36385ffe-f575-4a09-991b-0d821abd3a60",
              "parentUUID": "3921bb18-dda5-4392-aeb1-09e413dc2849",
              "isHook": false,
              "skipped": false
            },
            {
              "title": "Binary unsigned or signed with separator",
              "fullTitle": "Check hover Verilog Binary unsigned or signed with separator",
              "timedOut": false,
              "duration": 1,
              "state": "passed",
              "speed": "fast",
              "pass": true,
              "fail": false,
              "pending": false,
              "context": null,
              "code": "const code_dummy = \"4'b1_10_0'\";\nconst expected_number = {\n    signed_n: -4,\n    unsigned_n: 12,\n    is_multi: true,\n    is_ok: true\n};\nconst current_number = (0, numbers_1.hdl_hover)(code_dummy, lang);\n(0, assert_1.deepEqual)(current_number, expected_number);",
              "err": {},
              "uuid": "cdb700ca-765c-443a-a8d3-95880a184b95",
              "parentUUID": "3921bb18-dda5-4392-aeb1-09e413dc2849",
              "isHook": false,
              "skipped": false
            },
            {
              "title": "Hexadeximal unsigned",
              "fullTitle": "Check hover Verilog Hexadeximal unsigned",
              "timedOut": false,
              "duration": 0,
              "state": "passed",
              "speed": "fast",
              "pass": true,
              "fail": false,
              "pending": false,
              "context": null,
              "code": "const code_dummy = \"4'h0aB0'\";\nconst expected_number = {\n    signed_n: 0,\n    unsigned_n: 2736,\n    is_multi: false,\n    is_ok: true\n};\nconst current_number = (0, numbers_1.hdl_hover)(code_dummy, lang);\n(0, assert_1.deepEqual)(current_number, expected_number);",
              "err": {},
              "uuid": "07ab7bbc-0fbb-4b9e-aa05-5b56d5f24665",
              "parentUUID": "3921bb18-dda5-4392-aeb1-09e413dc2849",
              "isHook": false,
              "skipped": false
            },
            {
              "title": "Hexadeximal unsigned or signed",
              "fullTitle": "Check hover Verilog Hexadeximal unsigned or signed",
              "timedOut": false,
              "duration": 0,
              "state": "passed",
              "speed": "fast",
              "pass": true,
              "fail": false,
              "pending": false,
              "context": null,
              "code": "const code_dummy = \"4'haaB0'\";\nconst expected_number = {\n    signed_n: -21840,\n    unsigned_n: 43696,\n    is_multi: true,\n    is_ok: true\n};\nconst current_number = (0, numbers_1.hdl_hover)(code_dummy, lang);\n(0, assert_1.deepEqual)(current_number, expected_number);",
              "err": {},
              "uuid": "d95eafce-d002-4308-ae02-bac222c22d9d",
              "parentUUID": "3921bb18-dda5-4392-aeb1-09e413dc2849",
              "isHook": false,
              "skipped": false
            },
            {
              "title": "Hexadeximal unsigned or signed with separator",
              "fullTitle": "Check hover Verilog Hexadeximal unsigned or signed with separator",
              "timedOut": false,
              "duration": 0,
              "state": "passed",
              "speed": "fast",
              "pass": true,
              "fail": false,
              "pending": false,
              "context": null,
              "code": "const code_dummy = \"4'ha_a_b0'\";\nconst expected_number = {\n    signed_n: -21840,\n    unsigned_n: 43696,\n    is_multi: true,\n    is_ok: true\n};\nconst current_number = (0, numbers_1.hdl_hover)(code_dummy, lang);\n(0, assert_1.deepEqual)(current_number, expected_number);",
              "err": {},
              "uuid": "ba935242-0de4-4342-b959-0f1eb377666a",
              "parentUUID": "3921bb18-dda5-4392-aeb1-09e413dc2849",
              "isHook": false,
              "skipped": false
            },
            {
              "title": "Octal unsigned",
              "fullTitle": "Check hover Verilog Octal unsigned",
              "timedOut": false,
              "duration": 0,
              "state": "passed",
              "speed": "fast",
              "pass": true,
              "fail": false,
              "pending": false,
              "context": null,
              "code": "const code_dummy = \"4'o0175'\";\nconst expected_number = {\n    signed_n: 0,\n    unsigned_n: 125,\n    is_multi: false,\n    is_ok: true\n};\nconst current_number = (0, numbers_1.hdl_hover)(code_dummy, lang);\n(0, assert_1.deepEqual)(current_number, expected_number);",
              "err": {},
              "uuid": "c54ee73f-37bc-484b-a9a6-8a5dca405c44",
              "parentUUID": "3921bb18-dda5-4392-aeb1-09e413dc2849",
              "isHook": false,
              "skipped": false
            },
            {
              "title": "Octal unsigned or signed",
              "fullTitle": "Check hover Verilog Octal unsigned or signed",
              "timedOut": false,
              "duration": 0,
              "state": "passed",
              "speed": "fast",
              "pass": true,
              "fail": false,
              "pending": false,
              "context": null,
              "code": "const code_dummy = \"4'o232'\";\nconst expected_number = {\n    signed_n: -102,\n    unsigned_n: 154,\n    is_multi: true,\n    is_ok: true\n};\nconst current_number = (0, numbers_1.hdl_hover)(code_dummy, lang);\n(0, assert_1.deepEqual)(current_number, expected_number);",
              "err": {},
              "uuid": "fac9eb00-d53a-41fa-91f3-45fdff7a484f",
              "parentUUID": "3921bb18-dda5-4392-aeb1-09e413dc2849",
              "isHook": false,
              "skipped": false
            },
            {
              "title": "Octal unsigned or signed with separator",
              "fullTitle": "Check hover Verilog Octal unsigned or signed with separator",
              "timedOut": false,
              "duration": 0,
              "state": "passed",
              "speed": "fast",
              "pass": true,
              "fail": false,
              "pending": false,
              "context": null,
              "code": "const code_dummy = \"4'o2_3_2'\";\nconst expected_number = {\n    signed_n: -102,\n    unsigned_n: 154,\n    is_multi: true,\n    is_ok: true\n};\nconst current_number = (0, numbers_1.hdl_hover)(code_dummy, lang);\n(0, assert_1.deepEqual)(current_number, expected_number);",
              "err": {},
              "uuid": "314b1220-3033-448f-935c-8327c1eb4e55",
              "parentUUID": "3921bb18-dda5-4392-aeb1-09e413dc2849",
              "isHook": false,
              "skipped": false
            }
          ],
          "suites": [],
          "passes": [
            "d689a470-5740-4452-a38a-34e430230338",
            "36385ffe-f575-4a09-991b-0d821abd3a60",
            "cdb700ca-765c-443a-a8d3-95880a184b95",
            "07ab7bbc-0fbb-4b9e-aa05-5b56d5f24665",
            "d95eafce-d002-4308-ae02-bac222c22d9d",
            "ba935242-0de4-4342-b959-0f1eb377666a",
            "c54ee73f-37bc-484b-a9a6-8a5dca405c44",
            "fac9eb00-d53a-41fa-91f3-45fdff7a484f",
            "314b1220-3033-448f-935c-8327c1eb4e55"
          ],
          "failures": [],
          "pending": [],
          "skipped": [],
          "duration": 2,
          "root": false,
          "rootEmpty": false,
          "_timeout": 2000
        }
      ],
      "passes": [],
      "failures": [],
      "pending": [],
      "skipped": [
        "0a77f33d-d217-4e08-84cd-c7eaf29dcff2",
        "15a20cf6-d0ea-4833-acc6-0605ea0ee841"
      ],
      "duration": 0,
      "root": true,
      "rootEmpty": false,
      "_timeout": 2000
    }
  ],
  "meta": {
    "mocha": {
      "version": "9.2.2"
    },
    "mochawesome": {
      "options": {
        "quiet": false,
        "reportFilename": "mochawesome",
        "saveHtml": true,
        "saveJson": true,
        "consoleReporter": "spec",
        "useInlineDiffs": false,
        "code": true
      },
      "version": "7.1.3"
    },
    "marge": {
      "options": {
        "id": "default"
      },
      "version": "6.2.0"
    }
  }
}