{
  "stats": {
    "suites": 58,
    "tests": 197,
    "passes": 192,
    "pending": 5,
    "failures": 0,
    "start": "2022-09-05T16:27:01.508Z",
    "end": "2022-09-05T16:27:17.380Z",
    "duration": 15872,
    "testsRegistered": 199,
    "passPercent": 98.96907216494846,
    "pendingPercent": 2.512562814070352,
    "other": 0,
    "hasOther": false,
    "skipped": 2,
    "hasSkipped": true
  },
  "results": [
    {
      "uuid": "85551fd7-7ac6-41ab-b8de-da102b6547d7",
      "title": "",
      "fullFile": "",
      "file": "",
      "beforeHooks": [],
      "afterHooks": [],
      "tests": [
        {
          "title": "Get top level VHDL",
          "fullTitle": "Get top level VHDL",
          "timedOut": false,
          "duration": 0,
          "state": null,
          "speed": null,
          "pass": false,
          "fail": false,
          "pending": false,
          "context": null,
          "code": "const code_dummy = `\nlibrary ieee;\nuse ieee.std_logic_1164.all;\nuse ieee.numeric_std.all;\nentity test_entity_name is\ngeneric (\n    a : integer;\n    b : unsigned;\n    c : signed;\n    d : std_logic;\n    e : std_logic_vector;\n    f : std_logic_vector(5 downto 0)\n  );\nport(\n  g : in std_logic;\n  h : out std_logic;\n  i : inout std_logic\n);\nend test_entity_name;  \narchitecture e_arch of test_entity_name is\nbegin \nend e_arch;\n`;\nconst expected = 'test_entity_name';\nconst current = await hdl_utils.get_toplevel(code_dummy, general_1.HDL_LANG.VHDL);\n(0, assert_1.equal)(current, expected);",
          "err": {},
          "uuid": "85c9f99c-e86b-4acc-8319-617259df07c3",
          "parentUUID": "85551fd7-7ac6-41ab-b8de-da102b6547d7",
          "isHook": false,
          "skipped": true
        },
        {
          "title": "Get top level Verilog",
          "fullTitle": "Get top level Verilog",
          "timedOut": false,
          "duration": 0,
          "state": null,
          "speed": null,
          "pass": false,
          "fail": false,
          "pending": false,
          "context": null,
          "code": "const code_dummy = `\nmodule test_entity_name2 \n    #(\n        parameter a=8,\n        parameter b=9,\n        parameter c=10, d=11\n    )\n    (\n        input e,\n        output f,\n        input reg g,\n        input wire h,\n        input reg [7:0] i, j,\n        input wire [9:0] k,\n        output wire [9:0] l\n    );  \n\n    function [7:0] sum;  \n        input [7:0] a, b;  \n        begin  \n            sum = a + b;  \n        end  \n    endfunction\n\n    wire m;\n    wire n, p;\n    reg [1:0] q;\n\n    localparam r = 2;\n\n    always @(posedge a) begin : label_0\n    end\n\n    always_comb begin\n    end\n\n    always_ff begin : label_1\n    end\n\n    always_latch begin\n    end\n\n    test_entity_name \n    #(\n      .a(a ),\n      .b(b ),\n      .c(c ),\n      .d (d )\n    )\n    test_entity_name_dut (\n      .e (e ),\n      .f (f ),\n      .g (g ),\n      .h (h ),\n      .i (i ),\n      .j (j ),\n      .k (k ),\n      .l  ( l)\n    );\n  \nendmodule\n`;\nconst expected = 'test_entity_name2';\nconst current = await hdl_utils.get_toplevel(code_dummy, general_1.HDL_LANG.VERILOG);\n(0, assert_1.equal)(current, expected);",
          "err": {},
          "uuid": "786cf8a3-7b1c-467f-9bb5-a6bc70a75f1a",
          "parentUUID": "85551fd7-7ac6-41ab-b8de-da102b6547d7",
          "isHook": false,
          "skipped": true
        }
      ],
      "suites": [
        {
          "uuid": "1437fcc7-20e7-4df1-be3d-3dce1cf08108",
          "title": "teroshdl:linter",
          "fullFile": "/home/runner/work/colibri2/colibri2/tests/command/linter/linter.spec.ts",
          "file": "/tests/command/linter/linter.spec.ts",
          "beforeHooks": [],
          "afterHooks": [],
          "tests": [
            {
              "title": "Check linter",
              "fullTitle": "teroshdl:linter Check linter",
              "timedOut": false,
              "duration": 0,
              "state": "pending",
              "speed": null,
              "pass": false,
              "fail": false,
              "pending": true,
              "context": null,
              "code": "",
              "err": {},
              "uuid": "a0df336d-2bb2-4b9c-97fb-983f6adaa2c7",
              "parentUUID": "1437fcc7-20e7-4df1-be3d-3dce1cf08108",
              "isHook": false,
              "skipped": false
            }
          ],
          "suites": [],
          "passes": [],
          "failures": [],
          "pending": [
            "a0df336d-2bb2-4b9c-97fb-983f6adaa2c7"
          ],
          "skipped": [],
          "duration": 0,
          "root": false,
          "rootEmpty": false,
          "_timeout": 2000
        },
        {
          "uuid": "55efb27c-56dc-47f9-b59d-ad14b12c9023",
          "title": "teroshdl:template",
          "fullFile": "/home/runner/work/colibri2/colibri2/tests/command/template/template.spec.ts",
          "file": "/tests/command/template/template.spec.ts",
          "beforeHooks": [],
          "afterHooks": [],
          "tests": [
            {
              "title": "Check template",
              "fullTitle": "teroshdl:template Check template",
              "timedOut": false,
              "duration": 1400,
              "state": "passed",
              "speed": "slow",
              "pass": true,
              "fail": false,
              "pending": false,
              "context": null,
              "code": "if (context.timeout)\n    this.timeout(context.timeout);\nreturn run.call(this);",
              "err": {},
              "uuid": "2301f00a-79b0-4c3c-896d-181139174f64",
              "parentUUID": "55efb27c-56dc-47f9-b59d-ad14b12c9023",
              "isHook": false,
              "skipped": false
            }
          ],
          "suites": [],
          "passes": [
            "2301f00a-79b0-4c3c-896d-181139174f64"
          ],
          "failures": [],
          "pending": [],
          "skipped": [],
          "duration": 1400,
          "root": false,
          "rootEmpty": false,
          "_timeout": 2000
        },
        {
          "uuid": "82a7dda5-fa11-4581-8eb0-334c6a4cc6e8",
          "title": "Check diagram generator",
          "fullFile": "/home/runner/work/colibri2/colibri2/tests/documenter/diagram.spec.ts",
          "file": "/tests/documenter/diagram.spec.ts",
          "beforeHooks": [],
          "afterHooks": [],
          "tests": [
            {
              "title": "With ports and generics and color",
              "fullTitle": "Check diagram generator With ports and generics and color",
              "timedOut": false,
              "duration": 252,
              "state": "passed",
              "speed": "slow",
              "pass": true,
              "fail": false,
              "pending": false,
              "context": null,
              "code": "const test_index = 0;\nconst OPT = {\n    blackandwhite: false\n};\nconst hdl_element = new common_hdl.Hdl_element(general_1.HDL_LANG.VHDL, common_hdl.TYPE_HDL_ELEMENT.ENTITY);\n// Ports\nhdl_element.add_port(port_input);\nhdl_element.add_port(port_output);\n// Generics\nhdl_element.add_generic(generic_0);\nhdl_element.add_generic(generic_1);\nconst svg_diagram = diagram.diagram_generator(hdl_element, OPT);\nconst file_o = paht_lib.join(C_OUTPUT_BASE_PATH, `output_${test_index}.svg`);\nfs.writeFileSync(file_o, svg_diagram);\ncheck_test(test_index);",
              "err": {},
              "uuid": "5ec2abfb-0ce3-459c-bc84-6864a419180d",
              "parentUUID": "82a7dda5-fa11-4581-8eb0-334c6a4cc6e8",
              "isHook": false,
              "skipped": false
            },
            {
              "title": "Only ports and color",
              "fullTitle": "Check diagram generator Only ports and color",
              "timedOut": false,
              "duration": 8,
              "state": "passed",
              "speed": "fast",
              "pass": true,
              "fail": false,
              "pending": false,
              "context": null,
              "code": "const test_index = 1;\nconst OPT = {\n    blackandwhite: false\n};\nconst hdl_element = new common_hdl.Hdl_element(general_1.HDL_LANG.VHDL, common_hdl.TYPE_HDL_ELEMENT.ENTITY);\n// Ports\nhdl_element.add_port(port_input);\nhdl_element.add_port(port_output);\nconst svg_diagram = diagram.diagram_generator(hdl_element, OPT);\nconst file_o = paht_lib.join(C_OUTPUT_BASE_PATH, `output_${test_index}.svg`);\nfs.writeFileSync(file_o, svg_diagram);\ncheck_test(test_index);",
              "err": {},
              "uuid": "ba767297-5c10-438c-a59a-326abe49301e",
              "parentUUID": "82a7dda5-fa11-4581-8eb0-334c6a4cc6e8",
              "isHook": false,
              "skipped": false
            },
            {
              "title": "Only generics and color",
              "fullTitle": "Check diagram generator Only generics and color",
              "timedOut": false,
              "duration": 7,
              "state": "passed",
              "speed": "fast",
              "pass": true,
              "fail": false,
              "pending": false,
              "context": null,
              "code": "const test_index = 2;\nconst OPT = {\n    blackandwhite: false\n};\nconst hdl_element = new common_hdl.Hdl_element(general_1.HDL_LANG.VHDL, common_hdl.TYPE_HDL_ELEMENT.ENTITY);\n// Generics\nhdl_element.add_generic(generic_0);\nhdl_element.add_generic(generic_1);\nconst svg_diagram = diagram.diagram_generator(hdl_element, OPT);\nconst file_o = paht_lib.join(C_OUTPUT_BASE_PATH, `output_${test_index}.svg`);\nfs.writeFileSync(file_o, svg_diagram);\ncheck_test(test_index);",
              "err": {},
              "uuid": "e053e843-1f44-43d3-8f25-72968eba0ff8",
              "parentUUID": "82a7dda5-fa11-4581-8eb0-334c6a4cc6e8",
              "isHook": false,
              "skipped": false
            },
            {
              "title": "Empty and color",
              "fullTitle": "Check diagram generator Empty and color",
              "timedOut": false,
              "duration": 3,
              "state": "passed",
              "speed": "fast",
              "pass": true,
              "fail": false,
              "pending": false,
              "context": null,
              "code": "const test_index = 3;\nconst OPT = {\n    blackandwhite: false\n};\nconst hdl_element = new common_hdl.Hdl_element(general_1.HDL_LANG.VHDL, common_hdl.TYPE_HDL_ELEMENT.ENTITY);\nconst svg_diagram = diagram.diagram_generator(hdl_element, OPT);\nconst file_o = paht_lib.join(C_OUTPUT_BASE_PATH, `output_${test_index}.svg`);\nfs.writeFileSync(file_o, svg_diagram);\ncheck_test(test_index);",
              "err": {},
              "uuid": "26fb320e-415f-4c9c-9624-9d2488e2efc9",
              "parentUUID": "82a7dda5-fa11-4581-8eb0-334c6a4cc6e8",
              "isHook": false,
              "skipped": false
            },
            {
              "title": "With ports and generics and black and white",
              "fullTitle": "Check diagram generator With ports and generics and black and white",
              "timedOut": false,
              "duration": 9,
              "state": "passed",
              "speed": "fast",
              "pass": true,
              "fail": false,
              "pending": false,
              "context": null,
              "code": "const test_index = 4;\nconst OPT = {\n    blackandwhite: true\n};\nconst hdl_element = new common_hdl.Hdl_element(general_1.HDL_LANG.VHDL, common_hdl.TYPE_HDL_ELEMENT.ENTITY);\n// Ports\nhdl_element.add_port(port_input);\nhdl_element.add_port(port_output);\n// Generics\nhdl_element.add_generic(generic_0);\nhdl_element.add_generic(generic_1);\nconst svg_diagram = diagram.diagram_generator(hdl_element, OPT);\nconst file_o = paht_lib.join(C_OUTPUT_BASE_PATH, `output_${test_index}.svg`);\nfs.writeFileSync(file_o, svg_diagram);\ncheck_test(test_index);",
              "err": {},
              "uuid": "1c0278d2-04f8-4beb-b46f-2f75cd7742b4",
              "parentUUID": "82a7dda5-fa11-4581-8eb0-334c6a4cc6e8",
              "isHook": false,
              "skipped": false
            }
          ],
          "suites": [],
          "passes": [
            "5ec2abfb-0ce3-459c-bc84-6864a419180d",
            "ba767297-5c10-438c-a59a-326abe49301e",
            "e053e843-1f44-43d3-8f25-72968eba0ff8",
            "26fb320e-415f-4c9c-9624-9d2488e2efc9",
            "1c0278d2-04f8-4beb-b46f-2f75cd7742b4"
          ],
          "failures": [],
          "pending": [],
          "skipped": [],
          "duration": 279,
          "root": false,
          "rootEmpty": false,
          "_timeout": 2000
        },
        {
          "uuid": "5857e28b-8e34-41e7-bee4-23561213de65",
          "title": "Check documenter creator with html",
          "fullFile": "/home/runner/work/colibri2/colibri2/tests/documenter/documenter.spec.ts",
          "file": "/tests/documenter/documenter.spec.ts",
          "beforeHooks": [],
          "afterHooks": [],
          "tests": [
            {
              "title": "Entity VHDL",
              "fullTitle": "Check documenter creator with html Entity VHDL",
              "timedOut": false,
              "duration": 534,
              "state": "passed",
              "speed": "slow",
              "pass": true,
              "fail": false,
              "pending": false,
              "context": null,
              "code": "const hdl_lang = general_1.HDL_LANG.VHDL;\nconst hdl_type = 'entity';\nawait run(hdl_type, hdl_lang, output_type_inst);",
              "err": {},
              "uuid": "d6aa40c5-be63-41b4-a285-fdfdc4de2964",
              "parentUUID": "5857e28b-8e34-41e7-bee4-23561213de65",
              "isHook": false,
              "skipped": false
            },
            {
              "title": "Package VHDL",
              "fullTitle": "Check documenter creator with html Package VHDL",
              "timedOut": false,
              "duration": 404,
              "state": "passed",
              "speed": "slow",
              "pass": true,
              "fail": false,
              "pending": false,
              "context": null,
              "code": "const hdl_lang = general_1.HDL_LANG.VHDL;\nconst hdl_type = 'package';\nawait run(hdl_type, hdl_lang, output_type_inst);",
              "err": {},
              "uuid": "3449f941-9b45-404f-81ab-697f3a664d03",
              "parentUUID": "5857e28b-8e34-41e7-bee4-23561213de65",
              "isHook": false,
              "skipped": false
            },
            {
              "title": "Module Verilog",
              "fullTitle": "Check documenter creator with html Module Verilog",
              "timedOut": false,
              "duration": 1037,
              "state": "passed",
              "speed": "slow",
              "pass": true,
              "fail": false,
              "pending": false,
              "context": null,
              "code": "const hdl_lang = general_1.HDL_LANG.VERILOG;\nconst hdl_type = 'entity';\nawait run(hdl_type, hdl_lang, output_type_inst);",
              "err": {},
              "uuid": "f92d7585-b008-478f-9bdc-34bfa416a8ff",
              "parentUUID": "5857e28b-8e34-41e7-bee4-23561213de65",
              "isHook": false,
              "skipped": false
            },
            {
              "title": "Package SystemVerilog",
              "fullTitle": "Check documenter creator with html Package SystemVerilog",
              "timedOut": false,
              "duration": 303,
              "state": "passed",
              "speed": "slow",
              "pass": true,
              "fail": false,
              "pending": false,
              "context": null,
              "code": "const hdl_lang = general_1.HDL_LANG.SYSTEMVERILOG;\nconst hdl_type = 'package';\nawait run(hdl_type, hdl_lang, output_type_inst);",
              "err": {},
              "uuid": "1ff4835c-12ec-4fab-86d7-f3484b0138f3",
              "parentUUID": "5857e28b-8e34-41e7-bee4-23561213de65",
              "isHook": false,
              "skipped": false
            },
            {
              "title": "Interface SystemVerilog",
              "fullTitle": "Check documenter creator with html Interface SystemVerilog",
              "timedOut": false,
              "duration": 348,
              "state": "passed",
              "speed": "slow",
              "pass": true,
              "fail": false,
              "pending": false,
              "context": null,
              "code": "const hdl_lang = general_1.HDL_LANG.SYSTEMVERILOG;\nconst hdl_type = 'interface';\nawait run(hdl_type, hdl_lang, output_type_inst);",
              "err": {},
              "uuid": "69a13051-662c-4e48-a239-1413b1706e07",
              "parentUUID": "5857e28b-8e34-41e7-bee4-23561213de65",
              "isHook": false,
              "skipped": false
            }
          ],
          "suites": [],
          "passes": [
            "d6aa40c5-be63-41b4-a285-fdfdc4de2964",
            "3449f941-9b45-404f-81ab-697f3a664d03",
            "f92d7585-b008-478f-9bdc-34bfa416a8ff",
            "1ff4835c-12ec-4fab-86d7-f3484b0138f3",
            "69a13051-662c-4e48-a239-1413b1706e07"
          ],
          "failures": [],
          "pending": [],
          "skipped": [],
          "duration": 2626,
          "root": false,
          "rootEmpty": false,
          "_timeout": 2000
        },
        {
          "uuid": "8457789b-7064-4138-a437-8beecdc18a3b",
          "title": "Check documenter creator with markdown",
          "fullFile": "/home/runner/work/colibri2/colibri2/tests/documenter/documenter.spec.ts",
          "file": "/tests/documenter/documenter.spec.ts",
          "beforeHooks": [],
          "afterHooks": [],
          "tests": [
            {
              "title": "Entity VHDL",
              "fullTitle": "Check documenter creator with markdown Entity VHDL",
              "timedOut": false,
              "duration": 340,
              "state": "passed",
              "speed": "slow",
              "pass": true,
              "fail": false,
              "pending": false,
              "context": null,
              "code": "const hdl_lang = general_1.HDL_LANG.VHDL;\nconst hdl_type = 'entity';\nawait run(hdl_type, hdl_lang, output_type_inst);",
              "err": {},
              "uuid": "87a3c31f-b776-4dd8-a0d1-239802bef8c4",
              "parentUUID": "8457789b-7064-4138-a437-8beecdc18a3b",
              "isHook": false,
              "skipped": false
            },
            {
              "title": "Package VHDL",
              "fullTitle": "Check documenter creator with markdown Package VHDL",
              "timedOut": false,
              "duration": 266,
              "state": "passed",
              "speed": "slow",
              "pass": true,
              "fail": false,
              "pending": false,
              "context": null,
              "code": "const hdl_lang = general_1.HDL_LANG.VHDL;\nconst hdl_type = 'package';\nawait run(hdl_type, hdl_lang, output_type_inst);",
              "err": {},
              "uuid": "d5b48aa5-6039-4eda-9721-0c6f9b08eb55",
              "parentUUID": "8457789b-7064-4138-a437-8beecdc18a3b",
              "isHook": false,
              "skipped": false
            },
            {
              "title": "Module Verilog",
              "fullTitle": "Check documenter creator with markdown Module Verilog",
              "timedOut": false,
              "duration": 510,
              "state": "passed",
              "speed": "slow",
              "pass": true,
              "fail": false,
              "pending": false,
              "context": null,
              "code": "const hdl_lang = general_1.HDL_LANG.VERILOG;\nconst hdl_type = 'entity';\nawait run(hdl_type, hdl_lang, output_type_inst);",
              "err": {},
              "uuid": "1f50092b-ffe2-4a9f-abc6-637cd34476b9",
              "parentUUID": "8457789b-7064-4138-a437-8beecdc18a3b",
              "isHook": false,
              "skipped": false
            },
            {
              "title": "Package SystemVerilog",
              "fullTitle": "Check documenter creator with markdown Package SystemVerilog",
              "timedOut": false,
              "duration": 231,
              "state": "passed",
              "speed": "slow",
              "pass": true,
              "fail": false,
              "pending": false,
              "context": null,
              "code": "const hdl_lang = general_1.HDL_LANG.SYSTEMVERILOG;\nconst hdl_type = 'package';\nawait run(hdl_type, hdl_lang, output_type_inst);",
              "err": {},
              "uuid": "a6f185c4-8804-4236-a6f4-361a91556d86",
              "parentUUID": "8457789b-7064-4138-a437-8beecdc18a3b",
              "isHook": false,
              "skipped": false
            },
            {
              "title": "Interface SystemVerilog",
              "fullTitle": "Check documenter creator with markdown Interface SystemVerilog",
              "timedOut": false,
              "duration": 314,
              "state": "passed",
              "speed": "slow",
              "pass": true,
              "fail": false,
              "pending": false,
              "context": null,
              "code": "const hdl_lang = general_1.HDL_LANG.SYSTEMVERILOG;\nconst hdl_type = 'interface';\nawait run(hdl_type, hdl_lang, output_type_inst);",
              "err": {},
              "uuid": "182e10e8-5e50-4c08-988b-600f8c5402b5",
              "parentUUID": "8457789b-7064-4138-a437-8beecdc18a3b",
              "isHook": false,
              "skipped": false
            }
          ],
          "suites": [],
          "passes": [
            "87a3c31f-b776-4dd8-a0d1-239802bef8c4",
            "d5b48aa5-6039-4eda-9721-0c6f9b08eb55",
            "1f50092b-ffe2-4a9f-abc6-637cd34476b9",
            "a6f185c4-8804-4236-a6f4-361a91556d86",
            "182e10e8-5e50-4c08-988b-600f8c5402b5"
          ],
          "failures": [],
          "pending": [],
          "skipped": [],
          "duration": 1661,
          "root": false,
          "rootEmpty": false,
          "_timeout": 2000
        },
        {
          "uuid": "026ad700-646b-4b4b-9a45-f828ce3d01e6",
          "title": "Test Doxygen elements single line and only 1 element in the description.",
          "fullFile": "/home/runner/work/colibri2/colibri2/tests/documenter/doxygen.spec.ts",
          "file": "/tests/documenter/doxygen.spec.ts",
          "beforeHooks": [],
          "afterHooks": [],
          "tests": [
            {
              "title": "Testing author",
              "fullTitle": "Test Doxygen elements single line and only 1 element in the description. Testing author",
              "timedOut": false,
              "duration": 0,
              "state": "passed",
              "speed": "fast",
              "pass": true,
              "fail": false,
              "pending": false,
              "context": null,
              "code": "const result = (0, doxygen_parser_1.parse_doxygen)(element.input);\n(0, assert_1.equal)(result.element_list[0].description, element.output);",
              "err": {},
              "uuid": "0ae986c7-5163-4af0-8913-3c0d9999f42f",
              "parentUUID": "026ad700-646b-4b4b-9a45-f828ce3d01e6",
              "isHook": false,
              "skipped": false
            },
            {
              "title": "Testing version",
              "fullTitle": "Test Doxygen elements single line and only 1 element in the description. Testing version",
              "timedOut": false,
              "duration": 0,
              "state": "passed",
              "speed": "fast",
              "pass": true,
              "fail": false,
              "pending": false,
              "context": null,
              "code": "const result = (0, doxygen_parser_1.parse_doxygen)(element.input);\n(0, assert_1.equal)(result.element_list[0].description, element.output);",
              "err": {},
              "uuid": "53a08757-3d8a-4e77-9b45-89ef99a78fb4",
              "parentUUID": "026ad700-646b-4b4b-9a45-f828ce3d01e6",
              "isHook": false,
              "skipped": false
            },
            {
              "title": "Testing project",
              "fullTitle": "Test Doxygen elements single line and only 1 element in the description. Testing project",
              "timedOut": false,
              "duration": 0,
              "state": "passed",
              "speed": "fast",
              "pass": true,
              "fail": false,
              "pending": false,
              "context": null,
              "code": "const result = (0, doxygen_parser_1.parse_doxygen)(element.input);\n(0, assert_1.equal)(result.element_list[0].description, element.output);",
              "err": {},
              "uuid": "f3c529d8-e5ff-4567-b273-f28560144335",
              "parentUUID": "026ad700-646b-4b4b-9a45-f828ce3d01e6",
              "isHook": false,
              "skipped": false
            },
            {
              "title": "Testing copyright",
              "fullTitle": "Test Doxygen elements single line and only 1 element in the description. Testing copyright",
              "timedOut": false,
              "duration": 0,
              "state": "passed",
              "speed": "fast",
              "pass": true,
              "fail": false,
              "pending": false,
              "context": null,
              "code": "const result = (0, doxygen_parser_1.parse_doxygen)(element.input);\n(0, assert_1.equal)(result.element_list[0].description, element.output);",
              "err": {},
              "uuid": "ee247c5b-653a-48c4-97cc-d99e1a70de25",
              "parentUUID": "026ad700-646b-4b4b-9a45-f828ce3d01e6",
              "isHook": false,
              "skipped": false
            },
            {
              "title": "Testing brief",
              "fullTitle": "Test Doxygen elements single line and only 1 element in the description. Testing brief",
              "timedOut": false,
              "duration": 0,
              "state": "passed",
              "speed": "fast",
              "pass": true,
              "fail": false,
              "pending": false,
              "context": null,
              "code": "const result = (0, doxygen_parser_1.parse_doxygen)(element.input);\n(0, assert_1.equal)(result.element_list[0].description, element.output);",
              "err": {},
              "uuid": "c7343735-a2b7-4977-863b-e9c93d6d291a",
              "parentUUID": "026ad700-646b-4b4b-9a45-f828ce3d01e6",
              "isHook": false,
              "skipped": false
            },
            {
              "title": "Testing details",
              "fullTitle": "Test Doxygen elements single line and only 1 element in the description. Testing details",
              "timedOut": false,
              "duration": 0,
              "state": "passed",
              "speed": "fast",
              "pass": true,
              "fail": false,
              "pending": false,
              "context": null,
              "code": "const result = (0, doxygen_parser_1.parse_doxygen)(element.input);\n(0, assert_1.equal)(result.element_list[0].description, element.output);",
              "err": {},
              "uuid": "e9d1ec8c-8a5e-47d0-97b0-0280896361b4",
              "parentUUID": "026ad700-646b-4b4b-9a45-f828ce3d01e6",
              "isHook": false,
              "skipped": false
            },
            {
              "title": "Testing custom_section_begin",
              "fullTitle": "Test Doxygen elements single line and only 1 element in the description. Testing custom_section_begin",
              "timedOut": false,
              "duration": 0,
              "state": "passed",
              "speed": "fast",
              "pass": true,
              "fail": false,
              "pending": false,
              "context": null,
              "code": "const result = (0, doxygen_parser_1.parse_doxygen)(element.input);\n(0, assert_1.equal)(result.element_list[0].description, element.output);",
              "err": {},
              "uuid": "5b8b9e13-be24-4bb2-907c-004149072b22",
              "parentUUID": "026ad700-646b-4b4b-9a45-f828ce3d01e6",
              "isHook": false,
              "skipped": false
            },
            {
              "title": "Testing custom_section_end",
              "fullTitle": "Test Doxygen elements single line and only 1 element in the description. Testing custom_section_end",
              "timedOut": false,
              "duration": 0,
              "state": "passed",
              "speed": "fast",
              "pass": true,
              "fail": false,
              "pending": false,
              "context": null,
              "code": "const result = (0, doxygen_parser_1.parse_doxygen)(element.input);\n(0, assert_1.equal)(result.element_list[0].description, element.output);",
              "err": {},
              "uuid": "9e47fa33-a692-455c-bc5e-b9a6ce971e05",
              "parentUUID": "026ad700-646b-4b4b-9a45-f828ce3d01e6",
              "isHook": false,
              "skipped": false
            }
          ],
          "suites": [],
          "passes": [
            "0ae986c7-5163-4af0-8913-3c0d9999f42f",
            "53a08757-3d8a-4e77-9b45-89ef99a78fb4",
            "f3c529d8-e5ff-4567-b273-f28560144335",
            "ee247c5b-653a-48c4-97cc-d99e1a70de25",
            "c7343735-a2b7-4977-863b-e9c93d6d291a",
            "e9d1ec8c-8a5e-47d0-97b0-0280896361b4",
            "5b8b9e13-be24-4bb2-907c-004149072b22",
            "9e47fa33-a692-455c-bc5e-b9a6ce971e05"
          ],
          "failures": [],
          "pending": [],
          "skipped": [],
          "duration": 0,
          "root": false,
          "rootEmpty": false,
          "_timeout": 2000
        },
        {
          "uuid": "077ce9b3-04e3-4cdb-85c4-29eb6a7cdd78",
          "title": "Test Doxygen elements multi line and only 1 element in the description.",
          "fullFile": "/home/runner/work/colibri2/colibri2/tests/documenter/doxygen.spec.ts",
          "file": "/tests/documenter/doxygen.spec.ts",
          "beforeHooks": [],
          "afterHooks": [],
          "tests": [
            {
              "title": "Testing author",
              "fullTitle": "Test Doxygen elements multi line and only 1 element in the description. Testing author",
              "timedOut": false,
              "duration": 0,
              "state": "passed",
              "speed": "fast",
              "pass": true,
              "fail": false,
              "pending": false,
              "context": null,
              "code": "const result = (0, doxygen_parser_1.parse_doxygen)(element.input);\n(0, assert_1.equal)(result.element_list[0].description, element.output);",
              "err": {},
              "uuid": "16c40912-511d-4df0-80f7-4e41b582d850",
              "parentUUID": "077ce9b3-04e3-4cdb-85c4-29eb6a7cdd78",
              "isHook": false,
              "skipped": false
            },
            {
              "title": "Testing version",
              "fullTitle": "Test Doxygen elements multi line and only 1 element in the description. Testing version",
              "timedOut": false,
              "duration": 0,
              "state": "passed",
              "speed": "fast",
              "pass": true,
              "fail": false,
              "pending": false,
              "context": null,
              "code": "const result = (0, doxygen_parser_1.parse_doxygen)(element.input);\n(0, assert_1.equal)(result.element_list[0].description, element.output);",
              "err": {},
              "uuid": "e576d32d-39db-431c-9ca3-de727be0e490",
              "parentUUID": "077ce9b3-04e3-4cdb-85c4-29eb6a7cdd78",
              "isHook": false,
              "skipped": false
            },
            {
              "title": "Testing project",
              "fullTitle": "Test Doxygen elements multi line and only 1 element in the description. Testing project",
              "timedOut": false,
              "duration": 0,
              "state": "passed",
              "speed": "fast",
              "pass": true,
              "fail": false,
              "pending": false,
              "context": null,
              "code": "const result = (0, doxygen_parser_1.parse_doxygen)(element.input);\n(0, assert_1.equal)(result.element_list[0].description, element.output);",
              "err": {},
              "uuid": "f9a0ddd1-cb16-4bc6-8064-4a21bc9eda18",
              "parentUUID": "077ce9b3-04e3-4cdb-85c4-29eb6a7cdd78",
              "isHook": false,
              "skipped": false
            },
            {
              "title": "Testing copyright",
              "fullTitle": "Test Doxygen elements multi line and only 1 element in the description. Testing copyright",
              "timedOut": false,
              "duration": 0,
              "state": "passed",
              "speed": "fast",
              "pass": true,
              "fail": false,
              "pending": false,
              "context": null,
              "code": "const result = (0, doxygen_parser_1.parse_doxygen)(element.input);\n(0, assert_1.equal)(result.element_list[0].description, element.output);",
              "err": {},
              "uuid": "f7b45729-da9e-4d84-9bb1-b8b33a6b943e",
              "parentUUID": "077ce9b3-04e3-4cdb-85c4-29eb6a7cdd78",
              "isHook": false,
              "skipped": false
            },
            {
              "title": "Testing brief",
              "fullTitle": "Test Doxygen elements multi line and only 1 element in the description. Testing brief",
              "timedOut": false,
              "duration": 0,
              "state": "passed",
              "speed": "fast",
              "pass": true,
              "fail": false,
              "pending": false,
              "context": null,
              "code": "const result = (0, doxygen_parser_1.parse_doxygen)(element.input);\n(0, assert_1.equal)(result.element_list[0].description, element.output);",
              "err": {},
              "uuid": "7918e002-0c87-4ccc-8cbf-068cba5958df",
              "parentUUID": "077ce9b3-04e3-4cdb-85c4-29eb6a7cdd78",
              "isHook": false,
              "skipped": false
            },
            {
              "title": "Testing details",
              "fullTitle": "Test Doxygen elements multi line and only 1 element in the description. Testing details",
              "timedOut": false,
              "duration": 0,
              "state": "passed",
              "speed": "fast",
              "pass": true,
              "fail": false,
              "pending": false,
              "context": null,
              "code": "const result = (0, doxygen_parser_1.parse_doxygen)(element.input);\n(0, assert_1.equal)(result.element_list[0].description, element.output);",
              "err": {},
              "uuid": "2b4f5f2f-4fc7-4abc-8deb-08a48040f02e",
              "parentUUID": "077ce9b3-04e3-4cdb-85c4-29eb6a7cdd78",
              "isHook": false,
              "skipped": false
            },
            {
              "title": "Testing custom_section_begin",
              "fullTitle": "Test Doxygen elements multi line and only 1 element in the description. Testing custom_section_begin",
              "timedOut": false,
              "duration": 0,
              "state": "passed",
              "speed": "fast",
              "pass": true,
              "fail": false,
              "pending": false,
              "context": null,
              "code": "const result = (0, doxygen_parser_1.parse_doxygen)(element.input);\n(0, assert_1.equal)(result.element_list[0].description, element.output);",
              "err": {},
              "uuid": "d3399dea-189a-4bef-b155-21646f40177d",
              "parentUUID": "077ce9b3-04e3-4cdb-85c4-29eb6a7cdd78",
              "isHook": false,
              "skipped": false
            },
            {
              "title": "Testing custom_section_end",
              "fullTitle": "Test Doxygen elements multi line and only 1 element in the description. Testing custom_section_end",
              "timedOut": false,
              "duration": 0,
              "state": "passed",
              "speed": "fast",
              "pass": true,
              "fail": false,
              "pending": false,
              "context": null,
              "code": "const result = (0, doxygen_parser_1.parse_doxygen)(element.input);\n(0, assert_1.equal)(result.element_list[0].description, element.output);",
              "err": {},
              "uuid": "ebb43f63-47c9-4915-8d0b-53159d798fb7",
              "parentUUID": "077ce9b3-04e3-4cdb-85c4-29eb6a7cdd78",
              "isHook": false,
              "skipped": false
            }
          ],
          "suites": [],
          "passes": [
            "16c40912-511d-4df0-80f7-4e41b582d850",
            "e576d32d-39db-431c-9ca3-de727be0e490",
            "f9a0ddd1-cb16-4bc6-8064-4a21bc9eda18",
            "f7b45729-da9e-4d84-9bb1-b8b33a6b943e",
            "7918e002-0c87-4ccc-8cbf-068cba5958df",
            "2b4f5f2f-4fc7-4abc-8deb-08a48040f02e",
            "d3399dea-189a-4bef-b155-21646f40177d",
            "ebb43f63-47c9-4915-8d0b-53159d798fb7"
          ],
          "failures": [],
          "pending": [],
          "skipped": [],
          "duration": 0,
          "root": false,
          "rootEmpty": false,
          "_timeout": 2000
        },
        {
          "uuid": "840d0930-ba66-4254-95be-cd3026dcd597",
          "title": "Check sections creator with html",
          "fullFile": "/home/runner/work/colibri2/colibri2/tests/documenter/section_creator.spec.ts",
          "file": "/tests/documenter/section_creator.spec.ts",
          "beforeHooks": [],
          "afterHooks": [],
          "tests": [
            {
              "title": "Title section",
              "fullTitle": "Check sections creator with html Title section",
              "timedOut": false,
              "duration": 0,
              "state": "passed",
              "speed": "fast",
              "pass": true,
              "fail": false,
              "pending": false,
              "context": null,
              "code": "const section_name = \"title\";\nconst section = creator.get_title_section(hdl_element, configuration);\nsave_output(section, section_name, configuration.output_type);\ncheck(section_name, configuration.output_type, false);",
              "err": {},
              "uuid": "69f1b72f-f4ed-407f-85db-b26e5dd0f6d4",
              "parentUUID": "840d0930-ba66-4254-95be-cd3026dcd597",
              "isHook": false,
              "skipped": false
            },
            {
              "title": "Input section",
              "fullTitle": "Check sections creator with html Input section",
              "timedOut": false,
              "duration": 1,
              "state": "passed",
              "speed": "fast",
              "pass": true,
              "fail": false,
              "pending": false,
              "context": null,
              "code": "const section_name = \"input\";\nconst file_path = \"/example/of/sample.vhd\";\nconst section = creator.get_input_section(file_path, configuration);\nsave_output(section, section_name, configuration.output_type);\ncheck(section_name, configuration.output_type, false);",
              "err": {},
              "uuid": "9e1ae73b-c9d1-44ec-b74f-508e69f51472",
              "parentUUID": "840d0930-ba66-4254-95be-cd3026dcd597",
              "isHook": false,
              "skipped": false
            },
            {
              "title": "Info section",
              "fullTitle": "Check sections creator with html Info section",
              "timedOut": false,
              "duration": 1,
              "state": "passed",
              "speed": "fast",
              "pass": true,
              "fail": false,
              "pending": false,
              "context": null,
              "code": "const section_name = \"info\";\nconst section = creator.get_info_section(hdl_element, configuration);\nsave_output(section, section_name, configuration.output_type);\ncheck(section_name, configuration.output_type, false);",
              "err": {},
              "uuid": "ca7c3a45-f78f-46d2-b72d-8e2635857141",
              "parentUUID": "840d0930-ba66-4254-95be-cd3026dcd597",
              "isHook": false,
              "skipped": false
            },
            {
              "title": "Diagram section",
              "fullTitle": "Check sections creator with html Diagram section",
              "timedOut": false,
              "duration": 0,
              "state": "pending",
              "speed": null,
              "pass": false,
              "fail": false,
              "pending": true,
              "context": null,
              "code": "this.skip();\nconst section_name = \"diagram\";\nconst svg_path = paht_lib.join(C_OUTPUT_BASE_PATH, 'input_path.svg');\nconst section = creator.get_diagram_section(hdl_element, configuration, svg_path);\nsave_output(section, section_name, configuration.output_type);\ncheck(section_name, configuration.output_type, true);",
              "err": {},
              "uuid": "54423028-f718-41a1-ae9f-b45e9d427243",
              "parentUUID": "840d0930-ba66-4254-95be-cd3026dcd597",
              "isHook": false,
              "skipped": false
            },
            {
              "title": "Custom begin section",
              "fullTitle": "Check sections creator with html Custom begin section",
              "timedOut": false,
              "duration": 105,
              "state": "passed",
              "speed": "slow",
              "pass": true,
              "fail": false,
              "pending": false,
              "context": null,
              "code": "const section_name = \"custom_section_begin\";\nconst input_path = paht_lib.join(__dirname, 'section_creator', 'helpers', 'input_path.vhd');\nconst section = creator.get_custom_section('custom_section_begin', hdl_element, configuration, input_path);\nsave_output(section, section_name, configuration.output_type);\ncheck(section_name, configuration.output_type, false);",
              "err": {},
              "uuid": "40a52f99-57eb-4990-ab36-599b2a46adfe",
              "parentUUID": "840d0930-ba66-4254-95be-cd3026dcd597",
              "isHook": false,
              "skipped": false
            },
            {
              "title": "Custom end section",
              "fullTitle": "Check sections creator with html Custom end section",
              "timedOut": false,
              "duration": 1,
              "state": "passed",
              "speed": "fast",
              "pass": true,
              "fail": false,
              "pending": false,
              "context": null,
              "code": "const section_name = \"custom_section_end\";\nconst input_path = paht_lib.join(__dirname, 'section_creator', 'helpers', 'input_path.vhd');\nconst section = creator.get_custom_section('custom_section_end', hdl_element, configuration, input_path);\nsave_output(section, section_name, configuration.output_type);\ncheck(section_name, configuration.output_type, false);",
              "err": {},
              "uuid": "fa1c35f8-5833-40ff-8dee-25ac4cfc13f2",
              "parentUUID": "840d0930-ba66-4254-95be-cd3026dcd597",
              "isHook": false,
              "skipped": false
            },
            {
              "title": "Description section",
              "fullTitle": "Check sections creator with html Description section",
              "timedOut": false,
              "duration": 5,
              "state": "passed",
              "speed": "fast",
              "pass": true,
              "fail": false,
              "pending": false,
              "context": null,
              "code": "if (configuration.output_type === common_documenter.doc_output_type.MARKDOWN) {\n    this.skip();\n}\nconst section_name = \"description\";\nconst section = creator.get_description_section(hdl_element, configuration, C_OUTPUT_BASE_PATH);\nsave_output(section, section_name, configuration.output_type);\ncheck(section_name, configuration.output_type, false);",
              "err": {},
              "uuid": "caaf4846-cb73-4eac-baa3-82ba28cd9bba",
              "parentUUID": "840d0930-ba66-4254-95be-cd3026dcd597",
              "isHook": false,
              "skipped": false
            },
            {
              "title": "Port section",
              "fullTitle": "Check sections creator with html Port section",
              "timedOut": false,
              "duration": 2,
              "state": "passed",
              "speed": "fast",
              "pass": true,
              "fail": false,
              "pending": false,
              "context": null,
              "code": "const section_name = \"port\";\nconst section = creator.get_in_out_section(hdl_element, configuration);\nsave_output(section, section_name, configuration.output_type);\ncheck(section_name, configuration.output_type, false);",
              "err": {},
              "uuid": "e692f91e-8216-4c12-842a-9c00edb4d338",
              "parentUUID": "840d0930-ba66-4254-95be-cd3026dcd597",
              "isHook": false,
              "skipped": false
            },
            {
              "title": "Signal-constant section",
              "fullTitle": "Check sections creator with html Signal-constant section",
              "timedOut": false,
              "duration": 1,
              "state": "passed",
              "speed": "fast",
              "pass": true,
              "fail": false,
              "pending": false,
              "context": null,
              "code": "const section_name = \"signal_constant\";\nconst section = creator.get_signal_constant_section(hdl_element, configuration);\nsave_output(section, section_name, configuration.output_type);\ncheck(section_name, configuration.output_type, false);",
              "err": {},
              "uuid": "4ea503bd-c238-4ecf-9029-ba95cbc520cf",
              "parentUUID": "840d0930-ba66-4254-95be-cd3026dcd597",
              "isHook": false,
              "skipped": false
            },
            {
              "title": "Process section",
              "fullTitle": "Check sections creator with html Process section",
              "timedOut": false,
              "duration": 1,
              "state": "passed",
              "speed": "fast",
              "pass": true,
              "fail": false,
              "pending": false,
              "context": null,
              "code": "const section_name = \"process\";\nconst section = creator.get_process_section(hdl_element, configuration);\nsave_output(section, section_name, configuration.output_type);\ncheck(section_name, configuration.output_type, false);",
              "err": {},
              "uuid": "49068623-37fd-4741-9745-e87338e591d2",
              "parentUUID": "840d0930-ba66-4254-95be-cd3026dcd597",
              "isHook": false,
              "skipped": false
            },
            {
              "title": "Function section",
              "fullTitle": "Check sections creator with html Function section",
              "timedOut": false,
              "duration": 1,
              "state": "passed",
              "speed": "fast",
              "pass": true,
              "fail": false,
              "pending": false,
              "context": null,
              "code": "const section_name = \"function\";\nconst section = creator.get_function_section(hdl_element, configuration);\nsave_output(section, section_name, configuration.output_type);\ncheck(section_name, configuration.output_type, false);",
              "err": {},
              "uuid": "7eab1620-ec00-43c7-a276-a74308c677ca",
              "parentUUID": "840d0930-ba66-4254-95be-cd3026dcd597",
              "isHook": false,
              "skipped": false
            },
            {
              "title": "Instantiation section",
              "fullTitle": "Check sections creator with html Instantiation section",
              "timedOut": false,
              "duration": 1,
              "state": "passed",
              "speed": "fast",
              "pass": true,
              "fail": false,
              "pending": false,
              "context": null,
              "code": "const section_name = \"instantiation\";\nconst section = creator.get_instantiation_section(hdl_element, configuration);\nsave_output(section, section_name, configuration.output_type);\ncheck(section_name, configuration.output_type, false);",
              "err": {},
              "uuid": "2ea44b91-7b46-49ed-adf7-5eb4e3b67a69",
              "parentUUID": "840d0930-ba66-4254-95be-cd3026dcd597",
              "isHook": false,
              "skipped": false
            }
          ],
          "suites": [],
          "passes": [
            "69f1b72f-f4ed-407f-85db-b26e5dd0f6d4",
            "9e1ae73b-c9d1-44ec-b74f-508e69f51472",
            "ca7c3a45-f78f-46d2-b72d-8e2635857141",
            "40a52f99-57eb-4990-ab36-599b2a46adfe",
            "fa1c35f8-5833-40ff-8dee-25ac4cfc13f2",
            "caaf4846-cb73-4eac-baa3-82ba28cd9bba",
            "e692f91e-8216-4c12-842a-9c00edb4d338",
            "4ea503bd-c238-4ecf-9029-ba95cbc520cf",
            "49068623-37fd-4741-9745-e87338e591d2",
            "7eab1620-ec00-43c7-a276-a74308c677ca",
            "2ea44b91-7b46-49ed-adf7-5eb4e3b67a69"
          ],
          "failures": [],
          "pending": [
            "54423028-f718-41a1-ae9f-b45e9d427243"
          ],
          "skipped": [],
          "duration": 119,
          "root": false,
          "rootEmpty": false,
          "_timeout": 2000
        },
        {
          "uuid": "12b517e6-2916-432e-8eac-bb117ff4b889",
          "title": "Check sections creator with markdown",
          "fullFile": "/home/runner/work/colibri2/colibri2/tests/documenter/section_creator.spec.ts",
          "file": "/tests/documenter/section_creator.spec.ts",
          "beforeHooks": [],
          "afterHooks": [],
          "tests": [
            {
              "title": "Title section",
              "fullTitle": "Check sections creator with markdown Title section",
              "timedOut": false,
              "duration": 0,
              "state": "passed",
              "speed": "fast",
              "pass": true,
              "fail": false,
              "pending": false,
              "context": null,
              "code": "const section_name = \"title\";\nconst section = creator.get_title_section(hdl_element, configuration);\nsave_output(section, section_name, configuration.output_type);\ncheck(section_name, configuration.output_type, false);",
              "err": {},
              "uuid": "245a123e-b781-4c43-8cd1-6a952c94cac2",
              "parentUUID": "12b517e6-2916-432e-8eac-bb117ff4b889",
              "isHook": false,
              "skipped": false
            },
            {
              "title": "Input section",
              "fullTitle": "Check sections creator with markdown Input section",
              "timedOut": false,
              "duration": 0,
              "state": "passed",
              "speed": "fast",
              "pass": true,
              "fail": false,
              "pending": false,
              "context": null,
              "code": "const section_name = \"input\";\nconst file_path = \"/example/of/sample.vhd\";\nconst section = creator.get_input_section(file_path, configuration);\nsave_output(section, section_name, configuration.output_type);\ncheck(section_name, configuration.output_type, false);",
              "err": {},
              "uuid": "cc8d893d-65bc-46c2-ba5e-515c1a81f16e",
              "parentUUID": "12b517e6-2916-432e-8eac-bb117ff4b889",
              "isHook": false,
              "skipped": false
            },
            {
              "title": "Info section",
              "fullTitle": "Check sections creator with markdown Info section",
              "timedOut": false,
              "duration": 0,
              "state": "passed",
              "speed": "fast",
              "pass": true,
              "fail": false,
              "pending": false,
              "context": null,
              "code": "const section_name = \"info\";\nconst section = creator.get_info_section(hdl_element, configuration);\nsave_output(section, section_name, configuration.output_type);\ncheck(section_name, configuration.output_type, false);",
              "err": {},
              "uuid": "d246e941-573e-4903-a989-7096bbba9684",
              "parentUUID": "12b517e6-2916-432e-8eac-bb117ff4b889",
              "isHook": false,
              "skipped": false
            },
            {
              "title": "Diagram section",
              "fullTitle": "Check sections creator with markdown Diagram section",
              "timedOut": false,
              "duration": 0,
              "state": "pending",
              "speed": null,
              "pass": false,
              "fail": false,
              "pending": true,
              "context": null,
              "code": "this.skip();\nconst section_name = \"diagram\";\nconst svg_path = paht_lib.join(C_OUTPUT_BASE_PATH, 'input_path.svg');\nconst section = creator.get_diagram_section(hdl_element, configuration, svg_path);\nsave_output(section, section_name, configuration.output_type);\ncheck(section_name, configuration.output_type, true);",
              "err": {},
              "uuid": "7f0880e9-1262-4fa3-97e7-2ff4959cabae",
              "parentUUID": "12b517e6-2916-432e-8eac-bb117ff4b889",
              "isHook": false,
              "skipped": false
            },
            {
              "title": "Custom begin section",
              "fullTitle": "Check sections creator with markdown Custom begin section",
              "timedOut": false,
              "duration": 1,
              "state": "passed",
              "speed": "fast",
              "pass": true,
              "fail": false,
              "pending": false,
              "context": null,
              "code": "const section_name = \"custom_section_begin\";\nconst input_path = paht_lib.join(__dirname, 'section_creator', 'helpers', 'input_path.vhd');\nconst section = creator.get_custom_section('custom_section_begin', hdl_element, configuration, input_path);\nsave_output(section, section_name, configuration.output_type);\ncheck(section_name, configuration.output_type, false);",
              "err": {},
              "uuid": "76c86d5c-d111-4b56-b25a-773ad6038aef",
              "parentUUID": "12b517e6-2916-432e-8eac-bb117ff4b889",
              "isHook": false,
              "skipped": false
            },
            {
              "title": "Custom end section",
              "fullTitle": "Check sections creator with markdown Custom end section",
              "timedOut": false,
              "duration": 0,
              "state": "passed",
              "speed": "fast",
              "pass": true,
              "fail": false,
              "pending": false,
              "context": null,
              "code": "const section_name = \"custom_section_end\";\nconst input_path = paht_lib.join(__dirname, 'section_creator', 'helpers', 'input_path.vhd');\nconst section = creator.get_custom_section('custom_section_end', hdl_element, configuration, input_path);\nsave_output(section, section_name, configuration.output_type);\ncheck(section_name, configuration.output_type, false);",
              "err": {},
              "uuid": "954c5167-a621-41a8-b1c4-5709eccf438c",
              "parentUUID": "12b517e6-2916-432e-8eac-bb117ff4b889",
              "isHook": false,
              "skipped": false
            },
            {
              "title": "Description section",
              "fullTitle": "Check sections creator with markdown Description section",
              "timedOut": false,
              "duration": 0,
              "state": "pending",
              "speed": null,
              "pass": false,
              "fail": false,
              "pending": true,
              "context": null,
              "code": "if (configuration.output_type === common_documenter.doc_output_type.MARKDOWN) {\n    this.skip();\n}\nconst section_name = \"description\";\nconst section = creator.get_description_section(hdl_element, configuration, C_OUTPUT_BASE_PATH);\nsave_output(section, section_name, configuration.output_type);\ncheck(section_name, configuration.output_type, false);",
              "err": {},
              "uuid": "9ca8790b-5aac-4136-bdcc-93af6420503e",
              "parentUUID": "12b517e6-2916-432e-8eac-bb117ff4b889",
              "isHook": false,
              "skipped": false
            },
            {
              "title": "Port section",
              "fullTitle": "Check sections creator with markdown Port section",
              "timedOut": false,
              "duration": 0,
              "state": "passed",
              "speed": "fast",
              "pass": true,
              "fail": false,
              "pending": false,
              "context": null,
              "code": "const section_name = \"port\";\nconst section = creator.get_in_out_section(hdl_element, configuration);\nsave_output(section, section_name, configuration.output_type);\ncheck(section_name, configuration.output_type, false);",
              "err": {},
              "uuid": "c4fa6e92-fc13-4366-bb2c-f60ccb55c22e",
              "parentUUID": "12b517e6-2916-432e-8eac-bb117ff4b889",
              "isHook": false,
              "skipped": false
            },
            {
              "title": "Signal-constant section",
              "fullTitle": "Check sections creator with markdown Signal-constant section",
              "timedOut": false,
              "duration": 1,
              "state": "passed",
              "speed": "fast",
              "pass": true,
              "fail": false,
              "pending": false,
              "context": null,
              "code": "const section_name = \"signal_constant\";\nconst section = creator.get_signal_constant_section(hdl_element, configuration);\nsave_output(section, section_name, configuration.output_type);\ncheck(section_name, configuration.output_type, false);",
              "err": {},
              "uuid": "bda19e63-d834-49e6-9f8e-7dc16abbd2ef",
              "parentUUID": "12b517e6-2916-432e-8eac-bb117ff4b889",
              "isHook": false,
              "skipped": false
            },
            {
              "title": "Process section",
              "fullTitle": "Check sections creator with markdown Process section",
              "timedOut": false,
              "duration": 1,
              "state": "passed",
              "speed": "fast",
              "pass": true,
              "fail": false,
              "pending": false,
              "context": null,
              "code": "const section_name = \"process\";\nconst section = creator.get_process_section(hdl_element, configuration);\nsave_output(section, section_name, configuration.output_type);\ncheck(section_name, configuration.output_type, false);",
              "err": {},
              "uuid": "8eb021c9-c5d0-4412-8999-523a0166831c",
              "parentUUID": "12b517e6-2916-432e-8eac-bb117ff4b889",
              "isHook": false,
              "skipped": false
            },
            {
              "title": "Function section",
              "fullTitle": "Check sections creator with markdown Function section",
              "timedOut": false,
              "duration": 1,
              "state": "passed",
              "speed": "fast",
              "pass": true,
              "fail": false,
              "pending": false,
              "context": null,
              "code": "const section_name = \"function\";\nconst section = creator.get_function_section(hdl_element, configuration);\nsave_output(section, section_name, configuration.output_type);\ncheck(section_name, configuration.output_type, false);",
              "err": {},
              "uuid": "8182e49c-f846-4b6b-9a93-d3b4ff5f5545",
              "parentUUID": "12b517e6-2916-432e-8eac-bb117ff4b889",
              "isHook": false,
              "skipped": false
            },
            {
              "title": "Instantiation section",
              "fullTitle": "Check sections creator with markdown Instantiation section",
              "timedOut": false,
              "duration": 1,
              "state": "passed",
              "speed": "fast",
              "pass": true,
              "fail": false,
              "pending": false,
              "context": null,
              "code": "const section_name = \"instantiation\";\nconst section = creator.get_instantiation_section(hdl_element, configuration);\nsave_output(section, section_name, configuration.output_type);\ncheck(section_name, configuration.output_type, false);",
              "err": {},
              "uuid": "127c7079-6c86-4270-bfed-4c7465c64ab1",
              "parentUUID": "12b517e6-2916-432e-8eac-bb117ff4b889",
              "isHook": false,
              "skipped": false
            }
          ],
          "suites": [],
          "passes": [
            "245a123e-b781-4c43-8cd1-6a952c94cac2",
            "cc8d893d-65bc-46c2-ba5e-515c1a81f16e",
            "d246e941-573e-4903-a989-7096bbba9684",
            "76c86d5c-d111-4b56-b25a-773ad6038aef",
            "954c5167-a621-41a8-b1c4-5709eccf438c",
            "c4fa6e92-fc13-4366-bb2c-f60ccb55c22e",
            "bda19e63-d834-49e6-9f8e-7dc16abbd2ef",
            "8eb021c9-c5d0-4412-8999-523a0166831c",
            "8182e49c-f846-4b6b-9a93-d3b4ff5f5545",
            "127c7079-6c86-4270-bfed-4c7465c64ab1"
          ],
          "failures": [],
          "pending": [
            "7f0880e9-1262-4fa3-97e7-2ff4959cabae",
            "9ca8790b-5aac-4136-bdcc-93af6420503e"
          ],
          "skipped": [],
          "duration": 5,
          "root": false,
          "rootEmpty": false,
          "_timeout": 2000
        },
        {
          "uuid": "5567671f-e671-4c99-907a-ff3b66de7cbe",
          "title": "Check standalone VHDL formatter",
          "fullFile": "/home/runner/work/colibri2/colibri2/tests/formatter/formatter.spec.ts",
          "file": "/tests/formatter/formatter.spec.ts",
          "beforeHooks": [],
          "afterHooks": [],
          "tests": [
            {
              "title": "Check align comments true, indentation and keyworks lowercase",
              "fullTitle": "Check standalone VHDL formatter Check align comments true, indentation and keyworks lowercase",
              "timedOut": false,
              "duration": 27,
              "state": "passed",
              "speed": "fast",
              "pass": true,
              "fail": false,
              "pending": false,
              "context": null,
              "code": "const test_index = 0;\nconst options = {\n    remove_comments: false,\n    remove_asserts: false,\n    remove_report: false,\n    check_alias: false,\n    align_comments: true,\n    sign_align_settings: {\n        is_regional: true,\n        is_all: true,\n        mode: common.ALIGN_MODE.LOCAL,\n        keyWords: [\"FUNCTION\", \"IMPURE FUNCTION\", \"GENERIC\", \"PORT\", \"PROCEDURE\"]\n    },\n    keyword_case: common.LETTER_CASE.LOWERCASE,\n    type_name_case: common.LETTER_CASE.LOWERCASE,\n    indentation: \"    \",\n    new_line_settings: {\n        new_line_after: [\";\", \"then\"],\n        no_new_line_after: []\n    },\n    end_of_line: \"\\n\"\n};\nawait format_and_check(formatter_name, language, test_index, options);",
              "err": {},
              "uuid": "f2da239a-db49-440e-b9cd-7340fa8e9906",
              "parentUUID": "5567671f-e671-4c99-907a-ff3b66de7cbe",
              "isHook": false,
              "skipped": false
            },
            {
              "title": "Check align comments false, indentation and keyworks uppercase",
              "fullTitle": "Check standalone VHDL formatter Check align comments false, indentation and keyworks uppercase",
              "timedOut": false,
              "duration": 4,
              "state": "passed",
              "speed": "fast",
              "pass": true,
              "fail": false,
              "pending": false,
              "context": null,
              "code": "const test_index = 1;\nconst options = {\n    remove_comments: false,\n    remove_asserts: false,\n    remove_report: false,\n    check_alias: false,\n    align_comments: false,\n    sign_align_settings: {\n        is_regional: true,\n        is_all: true,\n        mode: common.ALIGN_MODE.LOCAL,\n        keyWords: [\"FUNCTION\", \"IMPURE FUNCTION\", \"GENERIC\", \"PORT\", \"PROCEDURE\"]\n    },\n    keyword_case: common.LETTER_CASE.UPPERCASE,\n    type_name_case: common.LETTER_CASE.UPPERCASE,\n    indentation: \"      \",\n    new_line_settings: {\n        new_line_after: [\";\", \"then\"],\n        no_new_line_after: []\n    },\n    end_of_line: \"\\n\"\n};\nawait format_and_check(formatter_name, language, test_index, options);",
              "err": {},
              "uuid": "fdd8769b-0600-4d76-bfdc-4f32a542c6f5",
              "parentUUID": "5567671f-e671-4c99-907a-ff3b66de7cbe",
              "isHook": false,
              "skipped": false
            }
          ],
          "suites": [],
          "passes": [
            "f2da239a-db49-440e-b9cd-7340fa8e9906",
            "fdd8769b-0600-4d76-bfdc-4f32a542c6f5"
          ],
          "failures": [],
          "pending": [],
          "skipped": [],
          "duration": 31,
          "root": false,
          "rootEmpty": false,
          "_timeout": 2000
        },
        {
          "uuid": "5e025c08-c8fb-40ed-b814-a5c40d80e493",
          "title": "Check istyle formatter",
          "fullFile": "/home/runner/work/colibri2/colibri2/tests/formatter/formatter.spec.ts",
          "file": "/tests/formatter/formatter.spec.ts",
          "beforeHooks": [],
          "afterHooks": [],
          "tests": [
            {
              "title": "Check ansi with indent = 2",
              "fullTitle": "Check istyle formatter Check ansi with indent = 2",
              "timedOut": false,
              "duration": 24,
              "state": "passed",
              "speed": "fast",
              "pass": true,
              "fail": false,
              "pending": false,
              "context": null,
              "code": "const test_index = index;\nconst options = { style: style_inst, indent_size: 2 };\nawait format_and_check(formatter_name, language, test_index, options);",
              "err": {},
              "uuid": "6ba581d9-415c-47ce-b920-86d857f148fb",
              "parentUUID": "5e025c08-c8fb-40ed-b814-a5c40d80e493",
              "isHook": false,
              "skipped": false
            },
            {
              "title": "Check kr with indent = 2",
              "fullTitle": "Check istyle formatter Check kr with indent = 2",
              "timedOut": false,
              "duration": 15,
              "state": "passed",
              "speed": "fast",
              "pass": true,
              "fail": false,
              "pending": false,
              "context": null,
              "code": "const test_index = index;\nconst options = { style: style_inst, indent_size: 2 };\nawait format_and_check(formatter_name, language, test_index, options);",
              "err": {},
              "uuid": "c14abf4d-8a6f-4760-a722-0c01b3221ad8",
              "parentUUID": "5e025c08-c8fb-40ed-b814-a5c40d80e493",
              "isHook": false,
              "skipped": false
            },
            {
              "title": "Check gnu with indent = 2",
              "fullTitle": "Check istyle formatter Check gnu with indent = 2",
              "timedOut": false,
              "duration": 15,
              "state": "passed",
              "speed": "fast",
              "pass": true,
              "fail": false,
              "pending": false,
              "context": null,
              "code": "const test_index = index;\nconst options = { style: style_inst, indent_size: 2 };\nawait format_and_check(formatter_name, language, test_index, options);",
              "err": {},
              "uuid": "e97d7b59-6f41-48d4-be16-bb0f3abf699f",
              "parentUUID": "5e025c08-c8fb-40ed-b814-a5c40d80e493",
              "isHook": false,
              "skipped": false
            },
            {
              "title": "Check onlyindent with indent = 2",
              "fullTitle": "Check istyle formatter Check onlyindent with indent = 2",
              "timedOut": false,
              "duration": 13,
              "state": "passed",
              "speed": "fast",
              "pass": true,
              "fail": false,
              "pending": false,
              "context": null,
              "code": "const test_index = index;\nconst options = { style: style_inst, indent_size: 2 };\nawait format_and_check(formatter_name, language, test_index, options);",
              "err": {},
              "uuid": "e3f0a112-efbe-4a9a-8d1b-b9bab2c6fca1",
              "parentUUID": "5e025c08-c8fb-40ed-b814-a5c40d80e493",
              "isHook": false,
              "skipped": false
            },
            {
              "title": "Check ansi with indent = 6",
              "fullTitle": "Check istyle formatter Check ansi with indent = 6",
              "timedOut": false,
              "duration": 13,
              "state": "passed",
              "speed": "fast",
              "pass": true,
              "fail": false,
              "pending": false,
              "context": null,
              "code": "const test_index = index + style_list.length;\nconst options = { style: style_inst, indent_size: 6 };\nawait format_and_check(formatter_name, language, test_index, options);",
              "err": {},
              "uuid": "5ad134ae-65dc-4ab5-b696-08b0a2c6e0dd",
              "parentUUID": "5e025c08-c8fb-40ed-b814-a5c40d80e493",
              "isHook": false,
              "skipped": false
            },
            {
              "title": "Check kr with indent = 6",
              "fullTitle": "Check istyle formatter Check kr with indent = 6",
              "timedOut": false,
              "duration": 13,
              "state": "passed",
              "speed": "fast",
              "pass": true,
              "fail": false,
              "pending": false,
              "context": null,
              "code": "const test_index = index + style_list.length;\nconst options = { style: style_inst, indent_size: 6 };\nawait format_and_check(formatter_name, language, test_index, options);",
              "err": {},
              "uuid": "e659d69a-d02f-47af-97bf-b5f038f9233f",
              "parentUUID": "5e025c08-c8fb-40ed-b814-a5c40d80e493",
              "isHook": false,
              "skipped": false
            },
            {
              "title": "Check gnu with indent = 6",
              "fullTitle": "Check istyle formatter Check gnu with indent = 6",
              "timedOut": false,
              "duration": 13,
              "state": "passed",
              "speed": "fast",
              "pass": true,
              "fail": false,
              "pending": false,
              "context": null,
              "code": "const test_index = index + style_list.length;\nconst options = { style: style_inst, indent_size: 6 };\nawait format_and_check(formatter_name, language, test_index, options);",
              "err": {},
              "uuid": "539564d0-671a-4bc4-9777-069a3d65cb19",
              "parentUUID": "5e025c08-c8fb-40ed-b814-a5c40d80e493",
              "isHook": false,
              "skipped": false
            },
            {
              "title": "Check onlyindent with indent = 6",
              "fullTitle": "Check istyle formatter Check onlyindent with indent = 6",
              "timedOut": false,
              "duration": 13,
              "state": "passed",
              "speed": "fast",
              "pass": true,
              "fail": false,
              "pending": false,
              "context": null,
              "code": "const test_index = index + style_list.length;\nconst options = { style: style_inst, indent_size: 6 };\nawait format_and_check(formatter_name, language, test_index, options);",
              "err": {},
              "uuid": "7ce30179-cdcc-4913-a6e6-f466e8a2fabe",
              "parentUUID": "5e025c08-c8fb-40ed-b814-a5c40d80e493",
              "isHook": false,
              "skipped": false
            }
          ],
          "suites": [],
          "passes": [
            "6ba581d9-415c-47ce-b920-86d857f148fb",
            "c14abf4d-8a6f-4760-a722-0c01b3221ad8",
            "e97d7b59-6f41-48d4-be16-bb0f3abf699f",
            "e3f0a112-efbe-4a9a-8d1b-b9bab2c6fca1",
            "5ad134ae-65dc-4ab5-b696-08b0a2c6e0dd",
            "e659d69a-d02f-47af-97bf-b5f038f9233f",
            "539564d0-671a-4bc4-9777-069a3d65cb19",
            "7ce30179-cdcc-4913-a6e6-f466e8a2fabe"
          ],
          "failures": [],
          "pending": [],
          "skipped": [],
          "duration": 119,
          "root": false,
          "rootEmpty": false,
          "_timeout": 2000
        },
        {
          "uuid": "817f028d-6896-451e-b018-2656518986f7",
          "title": "Check s3sv formatter",
          "fullFile": "/home/runner/work/colibri2/colibri2/tests/formatter/formatter.spec.ts",
          "file": "/tests/formatter/formatter.spec.ts",
          "beforeHooks": [],
          "afterHooks": [],
          "tests": [
            {
              "title": "Check config 0",
              "fullTitle": "Check s3sv formatter Check config 0",
              "timedOut": false,
              "duration": 188,
              "state": "passed",
              "speed": "slow",
              "pass": true,
              "fail": false,
              "pending": false,
              "context": null,
              "code": "const test_index = 0;\nconst options = {\n    python3_path: \"\",\n    use_tabs: false,\n    indent_size: 2,\n    one_bind_per_line: true,\n    one_decl_per_line: true\n};\nawait format_and_check(formatter_name, language, test_index, options);",
              "err": {},
              "uuid": "db14e92f-8630-4ab7-b7bc-ccb09c85dae4",
              "parentUUID": "817f028d-6896-451e-b018-2656518986f7",
              "isHook": false,
              "skipped": false
            },
            {
              "title": "Check config 1",
              "fullTitle": "Check s3sv formatter Check config 1",
              "timedOut": false,
              "duration": 156,
              "state": "passed",
              "speed": "slow",
              "pass": true,
              "fail": false,
              "pending": false,
              "context": null,
              "code": "const test_index = 1;\nconst options = {\n    python3_path: \"\",\n    use_tabs: true,\n    indent_size: 4,\n    one_bind_per_line: true,\n    one_decl_per_line: true\n};\nawait format_and_check(formatter_name, language, test_index, options);",
              "err": {},
              "uuid": "f698491e-3f7a-4fec-89e0-e07935c10f33",
              "parentUUID": "817f028d-6896-451e-b018-2656518986f7",
              "isHook": false,
              "skipped": false
            },
            {
              "title": "Check config 2 and bad python3 path",
              "fullTitle": "Check s3sv formatter Check config 2 and bad python3 path",
              "timedOut": false,
              "duration": 157,
              "state": "passed",
              "speed": "slow",
              "pass": true,
              "fail": false,
              "pending": false,
              "context": null,
              "code": "const test_index = 2;\nconst options = {\n    python3_path: \"asdf\",\n    use_tabs: true,\n    indent_size: 2,\n    one_bind_per_line: false,\n    one_decl_per_line: true\n};\nawait format_and_check(formatter_name, language, test_index, options);",
              "err": {},
              "uuid": "564db670-f22e-4139-9987-5d1571634b51",
              "parentUUID": "817f028d-6896-451e-b018-2656518986f7",
              "isHook": false,
              "skipped": false
            }
          ],
          "suites": [],
          "passes": [
            "db14e92f-8630-4ab7-b7bc-ccb09c85dae4",
            "f698491e-3f7a-4fec-89e0-e07935c10f33",
            "564db670-f22e-4139-9987-5d1571634b51"
          ],
          "failures": [],
          "pending": [],
          "skipped": [],
          "duration": 501,
          "root": false,
          "rootEmpty": false,
          "_timeout": 2000
        },
        {
          "uuid": "27f32585-43d1-4c98-8b52-94f69dbb209c",
          "title": "Check FSM for vhdl",
          "fullFile": "/home/runner/work/colibri2/colibri2/tests/parser/fsm.spec.ts",
          "file": "/tests/parser/fsm.spec.ts",
          "beforeHooks": [],
          "afterHooks": [],
          "tests": [
            {
              "title": "Normal",
              "fullTitle": "Check FSM for vhdl Normal",
              "timedOut": false,
              "duration": 113,
              "state": "passed",
              "speed": "slow",
              "pass": true,
              "fail": false,
              "pending": false,
              "context": null,
              "code": "const test_index = 0;\nawait parse_fsm(lang_inst, test_index);\ncheck_test(test_index, lang_inst);",
              "err": {},
              "uuid": "1bb1bf37-c790-498a-9240-cfc358fbd7d1",
              "parentUUID": "27f32585-43d1-4c98-8b52-94f69dbb209c",
              "isHook": false,
              "skipped": false
            }
          ],
          "suites": [],
          "passes": [
            "1bb1bf37-c790-498a-9240-cfc358fbd7d1"
          ],
          "failures": [],
          "pending": [],
          "skipped": [],
          "duration": 113,
          "root": false,
          "rootEmpty": false,
          "_timeout": 2000
        },
        {
          "uuid": "18c1cde4-a8f8-4868-bba5-87bc995dc253",
          "title": "Check FSM for verilog",
          "fullFile": "/home/runner/work/colibri2/colibri2/tests/parser/fsm.spec.ts",
          "file": "/tests/parser/fsm.spec.ts",
          "beforeHooks": [],
          "afterHooks": [],
          "tests": [
            {
              "title": "Normal",
              "fullTitle": "Check FSM for verilog Normal",
              "timedOut": false,
              "duration": 395,
              "state": "passed",
              "speed": "slow",
              "pass": true,
              "fail": false,
              "pending": false,
              "context": null,
              "code": "const test_index = 0;\nawait parse_fsm(lang_inst, test_index);\ncheck_test(test_index, lang_inst);",
              "err": {},
              "uuid": "2b469227-56d6-4911-a743-78b82a807318",
              "parentUUID": "18c1cde4-a8f8-4868-bba5-87bc995dc253",
              "isHook": false,
              "skipped": false
            }
          ],
          "suites": [],
          "passes": [
            "2b469227-56d6-4911-a743-78b82a807318"
          ],
          "failures": [],
          "pending": [],
          "skipped": [],
          "duration": 395,
          "root": false,
          "rootEmpty": false,
          "_timeout": 2000
        },
        {
          "uuid": "2a28e8aa-72ca-4ece-bf17-b36980620e62",
          "title": "Check entity Verilog",
          "fullFile": "/home/runner/work/colibri2/colibri2/tests/parser/parser_verilog_entity.spec.ts",
          "file": "/tests/parser/parser_verilog_entity.spec.ts",
          "beforeHooks": [],
          "afterHooks": [],
          "tests": [],
          "suites": [
            {
              "uuid": "042c4cbb-7ee4-4cf5-a84f-b4106b8246bc",
              "title": "Check entity.",
              "fullFile": "/home/runner/work/colibri2/colibri2/tests/parser/parser_verilog_entity.spec.ts",
[...]
              "err": {},
              "uuid": "6e2fad5c-2064-4127-8373-bc58b0706b6a",
              "parentUUID": "aff96f97-c7c3-4324-924d-e9b5f07e75f9",
              "isHook": false,
              "skipped": false
            }
          ],
          "suites": [],
          "passes": [
            "6e2fad5c-2064-4127-8373-bc58b0706b6a"
          ],
          "failures": [],
          "pending": [],
          "skipped": [],
          "duration": 0,
          "root": false,
          "rootEmpty": false,
          "_timeout": 2000
        },
        {
          "uuid": "8a30f07e-5c36-4e80-adb6-71c7949ad69f",
          "title": "Check hover VHDL",
          "fullFile": "/home/runner/work/colibri2/colibri2/tests/utils/number.spec.ts",
          "file": "/tests/utils/number.spec.ts",
          "beforeHooks": [],
          "afterHooks": [],
          "tests": [
            {
              "title": "Binary unsigned",
              "fullTitle": "Check hover VHDL Binary unsigned",
              "timedOut": false,
              "duration": 1,
              "state": "passed",
              "speed": "fast",
              "pass": true,
              "fail": false,
              "pending": false,
              "context": null,
              "code": "const code_dummy = '\"0011\"';\nconst expected_number = {\n    signed_n: 0,\n    unsigned_n: 3,\n    is_multi: false,\n    is_ok: true\n};\nconst current_number = (0, numbers_1.hdl_hover)(code_dummy, lang);\n(0, assert_1.deepEqual)(current_number, expected_number);",
              "err": {},
              "uuid": "079595d0-c1ec-4377-aced-72a137bebec6",
              "parentUUID": "8a30f07e-5c36-4e80-adb6-71c7949ad69f",
              "isHook": false,
              "skipped": false
            },
            {
              "title": "Binary unsigned or signed",
              "fullTitle": "Check hover VHDL Binary unsigned or signed",
              "timedOut": false,
              "duration": 0,
              "state": "passed",
              "speed": "fast",
              "pass": true,
              "fail": false,
              "pending": false,
              "context": null,
              "code": "const code_dummy = '\"1101\"';\nconst expected_number = {\n    signed_n: -3,\n    unsigned_n: 13,\n    is_multi: true,\n    is_ok: true\n};\nconst current_number = (0, numbers_1.hdl_hover)(code_dummy, lang);\n(0, assert_1.deepEqual)(current_number, expected_number);",
              "err": {},
              "uuid": "6e79bb5d-a649-4b77-b7ac-0dc5b3ec6f94",
              "parentUUID": "8a30f07e-5c36-4e80-adb6-71c7949ad69f",
              "isHook": false,
              "skipped": false
            },
            {
              "title": "Binary unsigned or signed with separator",
              "fullTitle": "Check hover VHDL Binary unsigned or signed with separator",
              "timedOut": false,
              "duration": 0,
              "state": "passed",
              "speed": "fast",
              "pass": true,
              "fail": false,
              "pending": false,
              "context": null,
              "code": "const code_dummy = '\"1_10_0\"';\nconst expected_number = {\n    signed_n: -4,\n    unsigned_n: 12,\n    is_multi: true,\n    is_ok: true\n};\nconst current_number = (0, numbers_1.hdl_hover)(code_dummy, lang);\n(0, assert_1.deepEqual)(current_number, expected_number);",
              "err": {},
              "uuid": "11f5ddff-3abc-4a19-bea2-05daf1962b09",
              "parentUUID": "8a30f07e-5c36-4e80-adb6-71c7949ad69f",
              "isHook": false,
              "skipped": false
            },
            {
              "title": "Hexadeximal unsigned",
              "fullTitle": "Check hover VHDL Hexadeximal unsigned",
              "timedOut": false,
              "duration": 0,
              "state": "passed",
              "speed": "fast",
              "pass": true,
              "fail": false,
              "pending": false,
              "context": null,
              "code": "const code_dummy = 'x\"0aB0\"';\nconst expected_number = {\n    signed_n: 0,\n    unsigned_n: 2736,\n    is_multi: false,\n    is_ok: true\n};\nconst current_number = (0, numbers_1.hdl_hover)(code_dummy, lang);\n(0, assert_1.deepEqual)(current_number, expected_number);",
              "err": {},
              "uuid": "d3591631-e98c-4402-a4a3-1a161bb6d29f",
              "parentUUID": "8a30f07e-5c36-4e80-adb6-71c7949ad69f",
              "isHook": false,
              "skipped": false
            },
            {
              "title": "Hexadeximal unsigned or signed",
              "fullTitle": "Check hover VHDL Hexadeximal unsigned or signed",
              "timedOut": false,
              "duration": 1,
              "state": "passed",
              "speed": "fast",
              "pass": true,
              "fail": false,
              "pending": false,
              "context": null,
              "code": "const code_dummy = 'x\"aaB0\"';\nconst expected_number = {\n    signed_n: -21840,\n    unsigned_n: 43696,\n    is_multi: true,\n    is_ok: true\n};\nconst current_number = (0, numbers_1.hdl_hover)(code_dummy, lang);\n(0, assert_1.deepEqual)(current_number, expected_number);",
              "err": {},
              "uuid": "39be67cb-3b7e-4969-a195-3606b3ee1e12",
              "parentUUID": "8a30f07e-5c36-4e80-adb6-71c7949ad69f",
              "isHook": false,
              "skipped": false
            },
            {
              "title": "Hexadeximal unsigned or signed with separator",
              "fullTitle": "Check hover VHDL Hexadeximal unsigned or signed with separator",
              "timedOut": false,
              "duration": 0,
              "state": "passed",
              "speed": "fast",
              "pass": true,
              "fail": false,
              "pending": false,
              "context": null,
              "code": "const code_dummy = 'x\"a_a_b0\"';\nconst expected_number = {\n    signed_n: -21840,\n    unsigned_n: 43696,\n    is_multi: true,\n    is_ok: true\n};\nconst current_number = (0, numbers_1.hdl_hover)(code_dummy, lang);\n(0, assert_1.deepEqual)(current_number, expected_number);",
              "err": {},
              "uuid": "005d955d-4ece-43f6-b762-fb4e6e09a2b1",
              "parentUUID": "8a30f07e-5c36-4e80-adb6-71c7949ad69f",
              "isHook": false,
              "skipped": false
            },
            {
              "title": "Octal unsigned",
              "fullTitle": "Check hover VHDL Octal unsigned",
              "timedOut": false,
              "duration": 0,
              "state": "passed",
              "speed": "fast",
              "pass": true,
              "fail": false,
              "pending": false,
              "context": null,
              "code": "const code_dummy = 'o\"0175\"';\nconst expected_number = {\n    signed_n: 0,\n    unsigned_n: 125,\n    is_multi: false,\n    is_ok: true\n};\nconst current_number = (0, numbers_1.hdl_hover)(code_dummy, lang);\n(0, assert_1.deepEqual)(current_number, expected_number);",
              "err": {},
              "uuid": "a6f43024-f2be-4115-aba1-f428c6a1d1b4",
              "parentUUID": "8a30f07e-5c36-4e80-adb6-71c7949ad69f",
              "isHook": false,
              "skipped": false
            },
            {
              "title": "Octal unsigned or signed",
              "fullTitle": "Check hover VHDL Octal unsigned or signed",
              "timedOut": false,
              "duration": 0,
              "state": "passed",
              "speed": "fast",
              "pass": true,
              "fail": false,
              "pending": false,
              "context": null,
              "code": "const code_dummy = 'O\"232\"';\nconst expected_number = {\n    signed_n: -102,\n    unsigned_n: 154,\n    is_multi: true,\n    is_ok: true\n};\nconst current_number = (0, numbers_1.hdl_hover)(code_dummy, lang);\n(0, assert_1.deepEqual)(current_number, expected_number);",
              "err": {},
              "uuid": "d4b1365a-7977-4cf2-a367-ca7a29a7de5b",
              "parentUUID": "8a30f07e-5c36-4e80-adb6-71c7949ad69f",
              "isHook": false,
              "skipped": false
            },
            {
              "title": "Octal unsigned or signed with separator",
              "fullTitle": "Check hover VHDL Octal unsigned or signed with separator",
              "timedOut": false,
              "duration": 0,
              "state": "passed",
              "speed": "fast",
              "pass": true,
              "fail": false,
              "pending": false,
              "context": null,
              "code": "const code_dummy = 'o\"2_3_2\"';\nconst expected_number = {\n    signed_n: -102,\n    unsigned_n: 154,\n    is_multi: true,\n    is_ok: true\n};\nconst current_number = (0, numbers_1.hdl_hover)(code_dummy, lang);\n(0, assert_1.deepEqual)(current_number, expected_number);",
              "err": {},
              "uuid": "71cc072b-4786-4348-8ce1-b2d9a758c86e",
              "parentUUID": "8a30f07e-5c36-4e80-adb6-71c7949ad69f",
              "isHook": false,
              "skipped": false
            }
          ],
          "suites": [],
          "passes": [
            "079595d0-c1ec-4377-aced-72a137bebec6",
            "6e79bb5d-a649-4b77-b7ac-0dc5b3ec6f94",
            "11f5ddff-3abc-4a19-bea2-05daf1962b09",
            "d3591631-e98c-4402-a4a3-1a161bb6d29f",
            "39be67cb-3b7e-4969-a195-3606b3ee1e12",
            "005d955d-4ece-43f6-b762-fb4e6e09a2b1",
            "a6f43024-f2be-4115-aba1-f428c6a1d1b4",
            "d4b1365a-7977-4cf2-a367-ca7a29a7de5b",
            "71cc072b-4786-4348-8ce1-b2d9a758c86e"
          ],
          "failures": [],
          "pending": [],
          "skipped": [],
          "duration": 2,
          "root": false,
          "rootEmpty": false,
          "_timeout": 2000
        },
        {
          "uuid": "092c5a11-c3cf-41f3-843f-f9a0c6af76b7",
          "title": "Check hover Verilog",
          "fullFile": "/home/runner/work/colibri2/colibri2/tests/utils/number.spec.ts",
          "file": "/tests/utils/number.spec.ts",
          "beforeHooks": [],
          "afterHooks": [],
          "tests": [
            {
              "title": "Binary unsigned",
              "fullTitle": "Check hover Verilog Binary unsigned",
              "timedOut": false,
              "duration": 0,
              "state": "passed",
              "speed": "fast",
              "pass": true,
              "fail": false,
              "pending": false,
              "context": null,
              "code": "const code_dummy = \"4'b0011'\";\nconst expected_number = {\n    signed_n: 0,\n    unsigned_n: 3,\n    is_multi: false,\n    is_ok: true\n};\nconst current_number = (0, numbers_1.hdl_hover)(code_dummy, lang);\n(0, assert_1.deepEqual)(current_number, expected_number);",
              "err": {},
              "uuid": "6827d664-78cf-4927-9841-c38d125d56c8",
              "parentUUID": "092c5a11-c3cf-41f3-843f-f9a0c6af76b7",
              "isHook": false,
              "skipped": false
            },
            {
              "title": "Binary unsigned or signed",
              "fullTitle": "Check hover Verilog Binary unsigned or signed",
              "timedOut": false,
              "duration": 1,
              "state": "passed",
              "speed": "fast",
              "pass": true,
              "fail": false,
              "pending": false,
              "context": null,
              "code": "const code_dummy = \"4'b1101'\";\nconst expected_number = {\n    signed_n: -3,\n    unsigned_n: 13,\n    is_multi: true,\n    is_ok: true\n};\nconst current_number = (0, numbers_1.hdl_hover)(code_dummy, lang);\n(0, assert_1.deepEqual)(current_number, expected_number);",
              "err": {},
              "uuid": "bcecf48b-21e1-40f5-b97a-41367fe1632b",
              "parentUUID": "092c5a11-c3cf-41f3-843f-f9a0c6af76b7",
              "isHook": false,
              "skipped": false
            },
            {
              "title": "Binary unsigned or signed with separator",
              "fullTitle": "Check hover Verilog Binary unsigned or signed with separator",
              "timedOut": false,
              "duration": 0,
              "state": "passed",
              "speed": "fast",
              "pass": true,
              "fail": false,
              "pending": false,
              "context": null,
              "code": "const code_dummy = \"4'b1_10_0'\";\nconst expected_number = {\n    signed_n: -4,\n    unsigned_n: 12,\n    is_multi: true,\n    is_ok: true\n};\nconst current_number = (0, numbers_1.hdl_hover)(code_dummy, lang);\n(0, assert_1.deepEqual)(current_number, expected_number);",
              "err": {},
              "uuid": "5751cebc-eefd-40c8-9d45-b34b476fb610",
              "parentUUID": "092c5a11-c3cf-41f3-843f-f9a0c6af76b7",
              "isHook": false,
              "skipped": false
            },
            {
              "title": "Hexadeximal unsigned",
              "fullTitle": "Check hover Verilog Hexadeximal unsigned",
              "timedOut": false,
              "duration": 0,
              "state": "passed",
              "speed": "fast",
              "pass": true,
              "fail": false,
              "pending": false,
              "context": null,
              "code": "const code_dummy = \"4'h0aB0'\";\nconst expected_number = {\n    signed_n: 0,\n    unsigned_n: 2736,\n    is_multi: false,\n    is_ok: true\n};\nconst current_number = (0, numbers_1.hdl_hover)(code_dummy, lang);\n(0, assert_1.deepEqual)(current_number, expected_number);",
              "err": {},
              "uuid": "b60e7ea5-05d9-4fbb-a1c6-2ff1c49f2e0b",
              "parentUUID": "092c5a11-c3cf-41f3-843f-f9a0c6af76b7",
              "isHook": false,
              "skipped": false
            },
            {
              "title": "Hexadeximal unsigned or signed",
              "fullTitle": "Check hover Verilog Hexadeximal unsigned or signed",
              "timedOut": false,
              "duration": 0,
              "state": "passed",
              "speed": "fast",
              "pass": true,
              "fail": false,
              "pending": false,
              "context": null,
              "code": "const code_dummy = \"4'haaB0'\";\nconst expected_number = {\n    signed_n: -21840,\n    unsigned_n: 43696,\n    is_multi: true,\n    is_ok: true\n};\nconst current_number = (0, numbers_1.hdl_hover)(code_dummy, lang);\n(0, assert_1.deepEqual)(current_number, expected_number);",
              "err": {},
              "uuid": "296694d6-7afb-4a28-93cb-c7dd28b6ca20",
              "parentUUID": "092c5a11-c3cf-41f3-843f-f9a0c6af76b7",
              "isHook": false,
              "skipped": false
            },
            {
              "title": "Hexadeximal unsigned or signed with separator",
              "fullTitle": "Check hover Verilog Hexadeximal unsigned or signed with separator",
              "timedOut": false,
              "duration": 0,
              "state": "passed",
              "speed": "fast",
              "pass": true,
              "fail": false,
              "pending": false,
              "context": null,
              "code": "const code_dummy = \"4'ha_a_b0'\";\nconst expected_number = {\n    signed_n: -21840,\n    unsigned_n: 43696,\n    is_multi: true,\n    is_ok: true\n};\nconst current_number = (0, numbers_1.hdl_hover)(code_dummy, lang);\n(0, assert_1.deepEqual)(current_number, expected_number);",
              "err": {},
              "uuid": "7c8b35ce-33d7-4df1-8659-7650a56011c3",
              "parentUUID": "092c5a11-c3cf-41f3-843f-f9a0c6af76b7",
              "isHook": false,
              "skipped": false
            },
            {
              "title": "Octal unsigned",
              "fullTitle": "Check hover Verilog Octal unsigned",
              "timedOut": false,
              "duration": 0,
              "state": "passed",
              "speed": "fast",
              "pass": true,
              "fail": false,
              "pending": false,
              "context": null,
              "code": "const code_dummy = \"4'o0175'\";\nconst expected_number = {\n    signed_n: 0,\n    unsigned_n: 125,\n    is_multi: false,\n    is_ok: true\n};\nconst current_number = (0, numbers_1.hdl_hover)(code_dummy, lang);\n(0, assert_1.deepEqual)(current_number, expected_number);",
              "err": {},
              "uuid": "a2c55ea5-1767-4ef1-8478-81c0341412f8",
              "parentUUID": "092c5a11-c3cf-41f3-843f-f9a0c6af76b7",
              "isHook": false,
              "skipped": false
            },
            {
              "title": "Octal unsigned or signed",
              "fullTitle": "Check hover Verilog Octal unsigned or signed",
              "timedOut": false,
              "duration": 1,
              "state": "passed",
              "speed": "fast",
              "pass": true,
              "fail": false,
              "pending": false,
              "context": null,
              "code": "const code_dummy = \"4'o232'\";\nconst expected_number = {\n    signed_n: -102,\n    unsigned_n: 154,\n    is_multi: true,\n    is_ok: true\n};\nconst current_number = (0, numbers_1.hdl_hover)(code_dummy, lang);\n(0, assert_1.deepEqual)(current_number, expected_number);",
              "err": {},
              "uuid": "186a3dbf-f53a-469c-9163-055afd4c821a",
              "parentUUID": "092c5a11-c3cf-41f3-843f-f9a0c6af76b7",
              "isHook": false,
              "skipped": false
            },
            {
              "title": "Octal unsigned or signed with separator",
              "fullTitle": "Check hover Verilog Octal unsigned or signed with separator",
              "timedOut": false,
              "duration": 0,
              "state": "passed",
              "speed": "fast",
              "pass": true,
              "fail": false,
              "pending": false,
              "context": null,
              "code": "const code_dummy = \"4'o2_3_2'\";\nconst expected_number = {\n    signed_n: -102,\n    unsigned_n: 154,\n    is_multi: true,\n    is_ok: true\n};\nconst current_number = (0, numbers_1.hdl_hover)(code_dummy, lang);\n(0, assert_1.deepEqual)(current_number, expected_number);",
              "err": {},
              "uuid": "9e687de7-bf5b-4849-aee8-e2f03c24bc28",
              "parentUUID": "092c5a11-c3cf-41f3-843f-f9a0c6af76b7",
              "isHook": false,
              "skipped": false
            }
          ],
          "suites": [],
          "passes": [
            "6827d664-78cf-4927-9841-c38d125d56c8",
            "bcecf48b-21e1-40f5-b97a-41367fe1632b",
            "5751cebc-eefd-40c8-9d45-b34b476fb610",
            "b60e7ea5-05d9-4fbb-a1c6-2ff1c49f2e0b",
            "296694d6-7afb-4a28-93cb-c7dd28b6ca20",
            "7c8b35ce-33d7-4df1-8659-7650a56011c3",
            "a2c55ea5-1767-4ef1-8478-81c0341412f8",
            "186a3dbf-f53a-469c-9163-055afd4c821a",
            "9e687de7-bf5b-4849-aee8-e2f03c24bc28"
          ],
          "failures": [],
          "pending": [],
          "skipped": [],
          "duration": 2,
          "root": false,
          "rootEmpty": false,
          "_timeout": 2000
        }
      ],
      "passes": [],
      "failures": [],
      "pending": [],
      "skipped": [
        "85c9f99c-e86b-4acc-8319-617259df07c3",
        "786cf8a3-7b1c-467f-9bb5-a6bc70a75f1a"
      ],
      "duration": 0,
      "root": true,
      "rootEmpty": false,
      "_timeout": 2000
    }
  ],
  "meta": {
    "mocha": {
      "version": "9.2.2"
    },
    "mochawesome": {
      "options": {
        "quiet": false,
        "reportFilename": "mochawesome",
        "saveHtml": true,
        "saveJson": true,
        "consoleReporter": "spec",
        "useInlineDiffs": false,
        "code": true
      },
      "version": "7.1.3"
    },
    "marge": {
      "options": {
        "id": "default"
      },
      "version": "6.2.0"
    }
  }
}